<?xml version="1.0" encoding="UTF-8"?>
<robot generator="Rebot 4.1.2 (Python 3.10.0 on win32)" generated="20220113 12:31:31.478" rpa="false" schemaversion="2">
<suite id="s1" name="Tests" source="C:\GravidadeZERO\getgeeks\project\tests">
<suite id="s1-s1" name="AttempBeGeek" source="C:\GravidadeZERO\getgeeks\project\tests\AttempBeGeek.robot">
<kw name="Start Session For Attempt Be Geek" type="SETUP">
<kw name="Factory User" library="Users">
<var>${user}</var>
<arg>attempt_be_geek</arg>
<msg timestamp="20220113 12:30:49.346" level="INFO">${user} = {'name': 'Dio', 'lastname': 'Linux', 'email': 'dio@linux.com', 'password': 'pwd123', 'geek_profile': {'whats': '11999999999', 'desc': 'Seu computador está lento? Reiniciando do nada? Talvez seja um ví...</msg>
<status status="PASS" starttime="20220113 12:30:49.345" endtime="20220113 12:30:49.346"/>
</kw>
<kw name="Start Session" library="Base">
<kw name="New Browser" library="Browser">
<arg>chromium</arg>
<arg>headless=True</arg>
<arg>slowMo=00:00:00</arg>
<tag>BrowserControl</tag>
<tag>Setter</tag>
<doc>Create a new playwright Browser with specified options.</doc>
<msg timestamp="20220113 12:30:49.347" level="INFO">{"browser": "chromium", "headless": true, "handleSIGINT": true, "handleSIGTERM": true, "handleSIGHUP": true, "timeout": 30000.0, "devtools": false, "slowMo": 0.0, "tracesDir": "C:\\GravidadeZERO\\getgeeks\\project\\pabot_results\\0\\browser\\traces\\25f7c238-ec40-4918-8de8-e49f33d25a07"}</msg>
<msg timestamp="20220113 12:30:50.604" level="INFO">Successfully created browser with options: {"browser":"chromium","headless":true,"handleSIGINT":true,"handleSIGTERM":true,"handleSIGHUP":true,"timeout":30000,"devtools":false,"slowMo":0,"tracesDir":"C:\\GravidadeZERO\\getgeeks\\project\\pabot_results\\0\\browser\\traces\\25f7c238-ec40-4918-8de8-e49f33d25a07"}</msg>
<status status="PASS" starttime="20220113 12:30:49.346" endtime="20220113 12:30:50.604"/>
</kw>
<kw name="New Page" library="Browser">
<arg>${BASE_URL}</arg>
<tag>BrowserControl</tag>
<tag>Setter</tag>
<doc>Open a new Page. A Page is the Playwright equivalent to a tab.
See `Browser, Context and Page` for more information about Page concept.
Returns a stable identifier for the created page.</doc>
<msg timestamp="20220113 12:30:55.171" level="INFO">Successfully initialized new page object and opened url: https://getgeeks-renato.herokuapp.com</msg>
<msg timestamp="20220113 12:30:55.171" level="INFO">No context was open. New context was automatically opened when this page is created.</msg>
<status status="PASS" starttime="20220113 12:30:50.604" endtime="20220113 12:30:55.171"/>
</kw>
<kw name="Set Viewport Size" library="Browser">
<arg>1280</arg>
<arg>768</arg>
<tag>BrowserControl</tag>
<tag>Setter</tag>
<doc>Sets current Pages viewport size to specified dimensions.</doc>
<msg timestamp="20220113 12:30:55.177" level="INFO">Set viewport size to: [object Object]</msg>
<status status="PASS" starttime="20220113 12:30:55.172" endtime="20220113 12:30:55.177"/>
</kw>
<status status="PASS" starttime="20220113 12:30:49.346" endtime="20220113 12:30:55.178"/>
</kw>
<kw name="Do Login" library="Helpers">
<arg>${user}</arg>
<kw name="Go To Login Page" library="AuthActions">
<kw name="Go To" library="Browser">
<arg>${BASE_URL}</arg>
<tag>BrowserControl</tag>
<tag>Setter</tag>
<doc>Navigates to the given ``url``.</doc>
<msg timestamp="20220113 12:30:55.710" level="INFO">Successfully opened URL https://getgeeks-renato.herokuapp.com</msg>
<status status="PASS" starttime="20220113 12:30:55.179" endtime="20220113 12:30:55.710"/>
</kw>
<kw name="Wait For Elements State" library="Browser">
<arg>css=.login-form</arg>
<arg>visible</arg>
<arg>5</arg>
<tag>PageContent</tag>
<tag>Wait</tag>
<doc>Waits for the element found by ``selector`` to satisfy state option.</doc>
<msg timestamp="20220113 12:30:55.730" level="INFO">Waited for Element with selector css=.login-form at state visible</msg>
<status status="PASS" starttime="20220113 12:30:55.710" endtime="20220113 12:30:55.730"/>
</kw>
<status status="PASS" starttime="20220113 12:30:55.178" endtime="20220113 12:30:55.730"/>
</kw>
<kw name="Fill Credentials" library="AuthActions">
<arg>${user}</arg>
<kw name="Fill Text" library="Browser">
<arg>${INPUT_EMAIL}</arg>
<arg>${user}[email]</arg>
<tag>PageContent</tag>
<tag>Setter</tag>
<doc>Clears and fills the given ``txt`` into the text field found by ``selector``.</doc>
<msg timestamp="20220113 12:30:55.731" level="INFO">Fills the text 'dio@linux.com' in the given field.</msg>
<status status="PASS" starttime="20220113 12:30:55.731" endtime="20220113 12:30:55.745"/>
</kw>
<kw name="Fill Text" library="Browser">
<arg>${INPUT_PASS}</arg>
<arg>${user}[password]</arg>
<tag>PageContent</tag>
<tag>Setter</tag>
<doc>Clears and fills the given ``txt`` into the text field found by ``selector``.</doc>
<msg timestamp="20220113 12:30:55.746" level="INFO">Fills the text 'pwd123' in the given field.</msg>
<status status="PASS" starttime="20220113 12:30:55.745" endtime="20220113 12:30:55.756"/>
</kw>
<status status="PASS" starttime="20220113 12:30:55.730" endtime="20220113 12:30:55.756"/>
</kw>
<kw name="Submit Credentials" library="AuthActions">
<kw name="Click" library="Browser">
<arg>css=.submit-button &gt;&gt; text=Entrar</arg>
<tag>PageContent</tag>
<tag>Setter</tag>
<doc>Simulates mouse click on the element found by ``selector``.</doc>
<status status="PASS" starttime="20220113 12:30:55.757" endtime="20220113 12:30:55.810"/>
</kw>
<status status="PASS" starttime="20220113 12:30:55.756" endtime="20220113 12:30:55.811"/>
</kw>
<kw name="User Should Be Logged In" library="AuthActions">
<arg>${user}</arg>
<kw name="Set Variable" library="BuiltIn">
<var>${element}</var>
<arg>css=a[href="/profile"]</arg>
<doc>Returns the given values which can then be assigned to a variables.</doc>
<msg timestamp="20220113 12:30:55.812" level="INFO">${element} = css=a[href="/profile"]</msg>
<status status="PASS" starttime="20220113 12:30:55.811" endtime="20220113 12:30:55.812"/>
</kw>
<kw name="Set Variable" library="BuiltIn">
<var>${expected_fullname}</var>
<arg>${user}[name] ${user}[lastname]</arg>
<doc>Returns the given values which can then be assigned to a variables.</doc>
<msg timestamp="20220113 12:30:55.812" level="INFO">${expected_fullname} = Dio Linux</msg>
<status status="PASS" starttime="20220113 12:30:55.812" endtime="20220113 12:30:55.812"/>
</kw>
<kw name="Wait For Elements State" library="Browser">
<arg>${element}</arg>
<arg>visible</arg>
<arg>5</arg>
<tag>PageContent</tag>
<tag>Wait</tag>
<doc>Waits for the element found by ``selector`` to satisfy state option.</doc>
<msg timestamp="20220113 12:31:00.962" level="INFO" html="true">&lt;/td&gt;&lt;/tr&gt;&lt;tr&gt;&lt;td colspan="3"&gt;&lt;a href="browser/screenshot/fail-screenshot-1.png"&gt;&lt;img src="browser/screenshot/fail-screenshot-1.png" width="800px"&gt;&lt;/a&gt;</msg>
<msg timestamp="20220113 12:31:00.967" level="FAIL">TimeoutError: locator.waitFor: Timeout 5000ms exceeded.
=========================== logs ===========================
waiting for selector "css=a[href="/profile"]" to be visible
============================================================</msg>
<status status="FAIL" starttime="20220113 12:30:55.812" endtime="20220113 12:31:00.967"/>
</kw>
<kw name="Get Text" library="Browser">
<arg>${element}</arg>
<arg>equal</arg>
<arg>${expected_fullname}</arg>
<tag>Assertion</tag>
<tag>Getter</tag>
<tag>PageContent</tag>
<doc>Returns text attribute of the element found by ``selector``.</doc>
<status status="NOT RUN" starttime="20220113 12:31:00.968" endtime="20220113 12:31:00.968"/>
</kw>
<status status="FAIL" starttime="20220113 12:30:55.811" endtime="20220113 12:31:00.968"/>
</kw>
<status status="FAIL" starttime="20220113 12:30:55.178" endtime="20220113 12:31:00.969"/>
</kw>
<kw name="Go To Geek Form" library="GeekActions">
<status status="NOT RUN" starttime="20220113 12:31:00.969" endtime="20220113 12:31:00.969"/>
</kw>
<status status="FAIL" starttime="20220113 12:30:49.344" endtime="20220113 12:31:00.969"/>
</kw>
<test id="s1-s1-t1" name="Short desc">
<status status="FAIL" starttime="20220113 12:31:00.969" endtime="20220113 12:31:00.972">Parent suite setup failed:
TimeoutError: locator.waitFor: Timeout 5000ms exceeded.
=========================== logs ===========================
waiting for selector "css=a[href="/profile"]" to be visible
============================================================</status>
</test>
<test id="s1-s1-t2" name="Long desc">
<status status="FAIL" starttime="20220113 12:31:00.974" endtime="20220113 12:31:00.976">Parent suite setup failed:
TimeoutError: locator.waitFor: Timeout 5000ms exceeded.
=========================== logs ===========================
waiting for selector "css=a[href="/profile"]" to be visible
============================================================</status>
</test>
<test id="s1-s1-t3" name="Empty desc">
<status status="FAIL" starttime="20220113 12:31:00.978" endtime="20220113 12:31:00.981">Parent suite setup failed:
TimeoutError: locator.waitFor: Timeout 5000ms exceeded.
=========================== logs ===========================
waiting for selector "css=a[href="/profile"]" to be visible
============================================================</status>
</test>
<test id="s1-s1-t4" name="Whats only DDD">
<status status="FAIL" starttime="20220113 12:31:00.983" endtime="20220113 12:31:00.985">Parent suite setup failed:
TimeoutError: locator.waitFor: Timeout 5000ms exceeded.
=========================== logs ===========================
waiting for selector "css=a[href="/profile"]" to be visible
============================================================</status>
</test>
<test id="s1-s1-t5" name="Whats only number">
<status status="FAIL" starttime="20220113 12:31:00.987" endtime="20220113 12:31:00.989">Parent suite setup failed:
TimeoutError: locator.waitFor: Timeout 5000ms exceeded.
=========================== logs ===========================
waiting for selector "css=a[href="/profile"]" to be visible
============================================================</status>
</test>
<test id="s1-s1-t6" name="Empty whats">
<status status="FAIL" starttime="20220113 12:31:00.991" endtime="20220113 12:31:00.993">Parent suite setup failed:
TimeoutError: locator.waitFor: Timeout 5000ms exceeded.
=========================== logs ===========================
waiting for selector "css=a[href="/profile"]" to be visible
============================================================</status>
</test>
<test id="s1-s1-t7" name="Cost letter">
<status status="FAIL" starttime="20220113 12:31:00.995" endtime="20220113 12:31:00.997">Parent suite setup failed:
TimeoutError: locator.waitFor: Timeout 5000ms exceeded.
=========================== logs ===========================
waiting for selector "css=a[href="/profile"]" to be visible
============================================================</status>
</test>
<test id="s1-s1-t8" name="Cost alpha">
<status status="FAIL" starttime="20220113 12:31:00.999" endtime="20220113 12:31:01.001">Parent suite setup failed:
TimeoutError: locator.waitFor: Timeout 5000ms exceeded.
=========================== logs ===========================
waiting for selector "css=a[href="/profile"]" to be visible
============================================================</status>
</test>
<test id="s1-s1-t9" name="Cost special">
<status status="FAIL" starttime="20220113 12:31:01.002" endtime="20220113 12:31:01.004">Parent suite setup failed:
TimeoutError: locator.waitFor: Timeout 5000ms exceeded.
=========================== logs ===========================
waiting for selector "css=a[href="/profile"]" to be visible
============================================================</status>
</test>
<test id="s1-s1-t10" name="Empty costa">
<status status="FAIL" starttime="20220113 12:31:01.005" endtime="20220113 12:31:01.007">Parent suite setup failed:
TimeoutError: locator.waitFor: Timeout 5000ms exceeded.
=========================== logs ===========================
waiting for selector "css=a[href="/profile"]" to be visible
============================================================</status>
</test>
<doc>Attempt BeGeek test suite</doc>
<status status="FAIL" starttime="20220113 12:30:47.657" endtime="20220113 12:31:01.009">Suite setup failed:
TimeoutError: locator.waitFor: Timeout 5000ms exceeded.
=========================== logs ===========================
waiting for selector "css=a[href="/profile"]" to be visible
============================================================</status>
</suite>
<suite id="s1-s2" name="BeGeek" source="C:\GravidadeZERO\getgeeks\project\tests\BeGeek.robot">
<test id="s1-s2-t1" name="Be a Geek">
<kw name="Start Session" library="Base" type="SETUP">
<kw name="New Browser" library="Browser">
<arg>chromium</arg>
<arg>headless=True</arg>
<arg>slowMo=00:00:00</arg>
<tag>BrowserControl</tag>
<tag>Setter</tag>
<doc>Create a new playwright Browser with specified options.</doc>
<msg timestamp="20220113 12:30:49.347" level="INFO">{"browser": "chromium", "headless": true, "handleSIGINT": true, "handleSIGTERM": true, "handleSIGHUP": true, "timeout": 30000.0, "devtools": false, "slowMo": 0.0, "tracesDir": "C:\\GravidadeZERO\\getgeeks\\project\\pabot_results\\1\\browser\\traces\\0d3999f5-1a4d-4659-8492-2c201f99f394"}</msg>
<msg timestamp="20220113 12:30:50.574" level="INFO">Successfully created browser with options: {"browser":"chromium","headless":true,"handleSIGINT":true,"handleSIGTERM":true,"handleSIGHUP":true,"timeout":30000,"devtools":false,"slowMo":0,"tracesDir":"C:\\GravidadeZERO\\getgeeks\\project\\pabot_results\\1\\browser\\traces\\0d3999f5-1a4d-4659-8492-2c201f99f394"}</msg>
<status status="PASS" starttime="20220113 12:30:49.347" endtime="20220113 12:30:50.574"/>
</kw>
<kw name="New Page" library="Browser">
<arg>${BASE_URL}</arg>
<tag>BrowserControl</tag>
<tag>Setter</tag>
<doc>Open a new Page. A Page is the Playwright equivalent to a tab.
See `Browser, Context and Page` for more information about Page concept.
Returns a stable identifier for the created page.</doc>
<msg timestamp="20220113 12:30:55.425" level="INFO">Successfully initialized new page object and opened url: https://getgeeks-renato.herokuapp.com</msg>
<msg timestamp="20220113 12:30:55.425" level="INFO">No context was open. New context was automatically opened when this page is created.</msg>
<status status="PASS" starttime="20220113 12:30:50.574" endtime="20220113 12:30:55.425"/>
</kw>
<kw name="Set Viewport Size" library="Browser">
<arg>1280</arg>
<arg>768</arg>
<tag>BrowserControl</tag>
<tag>Setter</tag>
<doc>Sets current Pages viewport size to specified dimensions.</doc>
<msg timestamp="20220113 12:30:55.429" level="INFO">Set viewport size to: [object Object]</msg>
<status status="PASS" starttime="20220113 12:30:55.426" endtime="20220113 12:30:55.429"/>
</kw>
<status status="PASS" starttime="20220113 12:30:49.346" endtime="20220113 12:30:55.429"/>
</kw>
<kw name="Factory User" library="Users">
<var>${user}</var>
<arg>be_geek</arg>
<msg timestamp="20220113 12:30:55.430" level="INFO">${user} = {'name': 'Kim', 'lastname': 'Dotcom', 'email': 'kim@dot.com', 'password': 'pwd123', 'geek_profile': {'whats': '11999999999', 'desc': 'Seu computador está lento? Reiniciando do nada? Talvez seja um vír...</msg>
<status status="PASS" starttime="20220113 12:30:55.429" endtime="20220113 12:30:55.430"/>
</kw>
<kw name="Do Login" library="Helpers">
<arg>${user}</arg>
<kw name="Go To Login Page" library="AuthActions">
<kw name="Go To" library="Browser">
<arg>${BASE_URL}</arg>
<tag>BrowserControl</tag>
<tag>Setter</tag>
<doc>Navigates to the given ``url``.</doc>
<msg timestamp="20220113 12:30:55.971" level="INFO">Successfully opened URL https://getgeeks-renato.herokuapp.com</msg>
<status status="PASS" starttime="20220113 12:30:55.431" endtime="20220113 12:30:55.971"/>
</kw>
<kw name="Wait For Elements State" library="Browser">
<arg>css=.login-form</arg>
<arg>visible</arg>
<arg>5</arg>
<tag>PageContent</tag>
<tag>Wait</tag>
<doc>Waits for the element found by ``selector`` to satisfy state option.</doc>
<msg timestamp="20220113 12:30:55.989" level="INFO">Waited for Element with selector css=.login-form at state visible</msg>
<status status="PASS" starttime="20220113 12:30:55.971" endtime="20220113 12:30:55.989"/>
</kw>
<status status="PASS" starttime="20220113 12:30:55.430" endtime="20220113 12:30:55.989"/>
</kw>
<kw name="Fill Credentials" library="AuthActions">
<arg>${user}</arg>
<kw name="Fill Text" library="Browser">
<arg>${INPUT_EMAIL}</arg>
<arg>${user}[email]</arg>
<tag>PageContent</tag>
<tag>Setter</tag>
<doc>Clears and fills the given ``txt`` into the text field found by ``selector``.</doc>
<msg timestamp="20220113 12:30:55.990" level="INFO">Fills the text 'kim@dot.com' in the given field.</msg>
<status status="PASS" starttime="20220113 12:30:55.990" endtime="20220113 12:30:56.006"/>
</kw>
<kw name="Fill Text" library="Browser">
<arg>${INPUT_PASS}</arg>
<arg>${user}[password]</arg>
<tag>PageContent</tag>
<tag>Setter</tag>
<doc>Clears and fills the given ``txt`` into the text field found by ``selector``.</doc>
<msg timestamp="20220113 12:30:56.007" level="INFO">Fills the text 'pwd123' in the given field.</msg>
<status status="PASS" starttime="20220113 12:30:56.006" endtime="20220113 12:30:56.016"/>
</kw>
<status status="PASS" starttime="20220113 12:30:55.989" endtime="20220113 12:30:56.016"/>
</kw>
<kw name="Submit Credentials" library="AuthActions">
<kw name="Click" library="Browser">
<arg>css=.submit-button &gt;&gt; text=Entrar</arg>
<tag>PageContent</tag>
<tag>Setter</tag>
<doc>Simulates mouse click on the element found by ``selector``.</doc>
<status status="PASS" starttime="20220113 12:30:56.017" endtime="20220113 12:30:56.059"/>
</kw>
<status status="PASS" starttime="20220113 12:30:56.017" endtime="20220113 12:30:56.060"/>
</kw>
<kw name="User Should Be Logged In" library="AuthActions">
<arg>${user}</arg>
<kw name="Set Variable" library="BuiltIn">
<var>${element}</var>
<arg>css=a[href="/profile"]</arg>
<doc>Returns the given values which can then be assigned to a variables.</doc>
<msg timestamp="20220113 12:30:56.060" level="INFO">${element} = css=a[href="/profile"]</msg>
<status status="PASS" starttime="20220113 12:30:56.060" endtime="20220113 12:30:56.060"/>
</kw>
<kw name="Set Variable" library="BuiltIn">
<var>${expected_fullname}</var>
<arg>${user}[name] ${user}[lastname]</arg>
<doc>Returns the given values which can then be assigned to a variables.</doc>
<msg timestamp="20220113 12:30:56.061" level="INFO">${expected_fullname} = Kim Dotcom</msg>
<status status="PASS" starttime="20220113 12:30:56.061" endtime="20220113 12:30:56.061"/>
</kw>
<kw name="Wait For Elements State" library="Browser">
<arg>${element}</arg>
<arg>visible</arg>
<arg>5</arg>
<tag>PageContent</tag>
<tag>Wait</tag>
<doc>Waits for the element found by ``selector`` to satisfy state option.</doc>
<msg timestamp="20220113 12:31:01.197" level="INFO" html="true">&lt;/td&gt;&lt;/tr&gt;&lt;tr&gt;&lt;td colspan="3"&gt;&lt;a href="browser/screenshot/fail-screenshot-1.png"&gt;&lt;img src="browser/screenshot/fail-screenshot-1.png" width="800px"&gt;&lt;/a&gt;</msg>
<msg timestamp="20220113 12:31:01.199" level="FAIL">TimeoutError: locator.waitFor: Timeout 5000ms exceeded.
=========================== logs ===========================
waiting for selector "css=a[href="/profile"]" to be visible
============================================================</msg>
<status status="FAIL" starttime="20220113 12:30:56.061" endtime="20220113 12:31:01.199"/>
</kw>
<kw name="Get Text" library="Browser">
<arg>${element}</arg>
<arg>equal</arg>
<arg>${expected_fullname}</arg>
<tag>Assertion</tag>
<tag>Getter</tag>
<tag>PageContent</tag>
<doc>Returns text attribute of the element found by ``selector``.</doc>
<status status="NOT RUN" starttime="20220113 12:31:01.200" endtime="20220113 12:31:01.200"/>
</kw>
<status status="FAIL" starttime="20220113 12:30:56.060" endtime="20220113 12:31:01.200"/>
</kw>
<status status="FAIL" starttime="20220113 12:30:55.430" endtime="20220113 12:31:01.200"/>
</kw>
<kw name="Go To Geek Form" library="GeekActions">
<status status="NOT RUN" starttime="20220113 12:31:01.201" endtime="20220113 12:31:01.201"/>
</kw>
<kw name="Fill Geek Form" library="GeekActions">
<arg>${user}[geek_profile]</arg>
<status status="NOT RUN" starttime="20220113 12:31:01.201" endtime="20220113 12:31:01.201"/>
</kw>
<kw name="Submit Geek Form" library="GeekActions">
<status status="NOT RUN" starttime="20220113 12:31:01.201" endtime="20220113 12:31:01.201"/>
</kw>
<kw name="Geek Form Should Be Success" library="GeekActions">
<status status="NOT RUN" starttime="20220113 12:31:01.201" endtime="20220113 12:31:01.201"/>
</kw>
<kw name="Finish Session" library="Base" type="TEARDOWN">
<kw name="Take Screenshot" library="Browser">
<arg>fullPage=True</arg>
<tag>PageContent</tag>
<doc>Takes a screenshot of the current window or element and saves it to disk.</doc>
<msg timestamp="20220113 12:31:01.353" level="INFO" html="true">&lt;/td&gt;&lt;/tr&gt;&lt;tr&gt;&lt;td colspan="3"&gt;&lt;a href="browser/screenshot/robotframework-browser-screenshot-1.png"&gt;&lt;img src="browser/screenshot/robotframework-browser-screenshot-1.png" width="800px"&gt;&lt;/a&gt;</msg>
<status status="PASS" starttime="20220113 12:31:01.202" endtime="20220113 12:31:01.353"/>
</kw>
<status status="PASS" starttime="20220113 12:31:01.201" endtime="20220113 12:31:01.353"/>
</kw>
<tag>smoke</tag>
<status status="FAIL" starttime="20220113 12:30:49.344" endtime="20220113 12:31:01.353">TimeoutError: locator.waitFor: Timeout 5000ms exceeded.
=========================== logs ===========================
waiting for selector "css=a[href="/profile"]" to be visible
============================================================</status>
</test>
<doc>BeGeek test suite</doc>
<status status="FAIL" starttime="20220113 12:30:47.657" endtime="20220113 12:31:01.372"/>
</suite>
<suite id="s1-s3" name="Login" source="C:\GravidadeZERO\getgeeks\project\tests\Login.robot">
<test id="s1-s3-t1" name="User Login">
<kw name="Start Session" library="Base" type="SETUP">
<kw name="New Browser" library="Browser">
<arg>chromium</arg>
<arg>headless=True</arg>
<arg>slowMo=00:00:00</arg>
<tag>BrowserControl</tag>
<tag>Setter</tag>
<doc>Create a new playwright Browser with specified options.</doc>
<msg timestamp="20220113 12:30:49.347" level="INFO">{"browser": "chromium", "headless": true, "handleSIGINT": true, "handleSIGTERM": true, "handleSIGHUP": true, "timeout": 30000.0, "devtools": false, "slowMo": 0.0, "tracesDir": "C:\\GravidadeZERO\\getgeeks\\project\\pabot_results\\2\\browser\\traces\\9ae8d3e0-2304-40d1-9fe4-7c253d916964"}</msg>
<msg timestamp="20220113 12:30:50.386" level="INFO">Successfully created browser with options: {"browser":"chromium","headless":true,"handleSIGINT":true,"handleSIGTERM":true,"handleSIGHUP":true,"timeout":30000,"devtools":false,"slowMo":0,"tracesDir":"C:\\GravidadeZERO\\getgeeks\\project\\pabot_results\\2\\browser\\traces\\9ae8d3e0-2304-40d1-9fe4-7c253d916964"}</msg>
<status status="PASS" starttime="20220113 12:30:49.347" endtime="20220113 12:30:50.386"/>
</kw>
<kw name="New Page" library="Browser">
<arg>${BASE_URL}</arg>
<tag>BrowserControl</tag>
<tag>Setter</tag>
<doc>Open a new Page. A Page is the Playwright equivalent to a tab.
See `Browser, Context and Page` for more information about Page concept.
Returns a stable identifier for the created page.</doc>
<msg timestamp="20220113 12:30:55.336" level="INFO">Successfully initialized new page object and opened url: https://getgeeks-renato.herokuapp.com</msg>
<msg timestamp="20220113 12:30:55.336" level="INFO">No context was open. New context was automatically opened when this page is created.</msg>
<status status="PASS" starttime="20220113 12:30:50.387" endtime="20220113 12:30:55.336"/>
</kw>
<kw name="Set Viewport Size" library="Browser">
<arg>1280</arg>
<arg>768</arg>
<tag>BrowserControl</tag>
<tag>Setter</tag>
<doc>Sets current Pages viewport size to specified dimensions.</doc>
<msg timestamp="20220113 12:30:55.340" level="INFO">Set viewport size to: [object Object]</msg>
<status status="PASS" starttime="20220113 12:30:55.336" endtime="20220113 12:30:55.340"/>
</kw>
<status status="PASS" starttime="20220113 12:30:49.346" endtime="20220113 12:30:55.340"/>
</kw>
<kw name="Factory User" library="Users">
<var>${user}</var>
<arg>login</arg>
<msg timestamp="20220113 12:30:55.341" level="INFO">${user} = {'name': 'Fernando', 'lastname': 'Papito', 'email': 'papito@hotmail.com', 'password': 'pwd123'}</msg>
<status status="PASS" starttime="20220113 12:30:55.340" endtime="20220113 12:30:55.341"/>
</kw>
<kw name="Go To Login Page" library="AuthActions">
<kw name="Go To" library="Browser">
<arg>${BASE_URL}</arg>
<tag>BrowserControl</tag>
<tag>Setter</tag>
<doc>Navigates to the given ``url``.</doc>
<msg timestamp="20220113 12:30:55.873" level="INFO">Successfully opened URL https://getgeeks-renato.herokuapp.com</msg>
<status status="PASS" starttime="20220113 12:30:55.341" endtime="20220113 12:30:55.873"/>
</kw>
<kw name="Wait For Elements State" library="Browser">
<arg>css=.login-form</arg>
<arg>visible</arg>
<arg>5</arg>
<tag>PageContent</tag>
<tag>Wait</tag>
<doc>Waits for the element found by ``selector`` to satisfy state option.</doc>
<msg timestamp="20220113 12:30:55.891" level="INFO">Waited for Element with selector css=.login-form at state visible</msg>
<status status="PASS" starttime="20220113 12:30:55.874" endtime="20220113 12:30:55.892"/>
</kw>
<status status="PASS" starttime="20220113 12:30:55.341" endtime="20220113 12:30:55.892"/>
</kw>
<kw name="Fill Credentials" library="AuthActions">
<arg>${user}</arg>
<kw name="Fill Text" library="Browser">
<arg>${INPUT_EMAIL}</arg>
<arg>${user}[email]</arg>
<tag>PageContent</tag>
<tag>Setter</tag>
<doc>Clears and fills the given ``txt`` into the text field found by ``selector``.</doc>
<msg timestamp="20220113 12:30:55.893" level="INFO">Fills the text 'papito@hotmail.com' in the given field.</msg>
<status status="PASS" starttime="20220113 12:30:55.892" endtime="20220113 12:30:55.907"/>
</kw>
<kw name="Fill Text" library="Browser">
<arg>${INPUT_PASS}</arg>
<arg>${user}[password]</arg>
<tag>PageContent</tag>
<tag>Setter</tag>
<doc>Clears and fills the given ``txt`` into the text field found by ``selector``.</doc>
<msg timestamp="20220113 12:30:55.908" level="INFO">Fills the text 'pwd123' in the given field.</msg>
<status status="PASS" starttime="20220113 12:30:55.907" endtime="20220113 12:30:55.916"/>
</kw>
<status status="PASS" starttime="20220113 12:30:55.892" endtime="20220113 12:30:55.916"/>
</kw>
<kw name="Submit Credentials" library="AuthActions">
<kw name="Click" library="Browser">
<arg>css=.submit-button &gt;&gt; text=Entrar</arg>
<tag>PageContent</tag>
<tag>Setter</tag>
<doc>Simulates mouse click on the element found by ``selector``.</doc>
<status status="PASS" starttime="20220113 12:30:55.917" endtime="20220113 12:30:55.958"/>
</kw>
<status status="PASS" starttime="20220113 12:30:55.917" endtime="20220113 12:30:55.958"/>
</kw>
<kw name="User Should Be Logged In" library="AuthActions">
<arg>${user}</arg>
<kw name="Set Variable" library="BuiltIn">
<var>${element}</var>
<arg>css=a[href="/profile"]</arg>
<doc>Returns the given values which can then be assigned to a variables.</doc>
<msg timestamp="20220113 12:30:55.959" level="INFO">${element} = css=a[href="/profile"]</msg>
<status status="PASS" starttime="20220113 12:30:55.959" endtime="20220113 12:30:55.959"/>
</kw>
<kw name="Set Variable" library="BuiltIn">
<var>${expected_fullname}</var>
<arg>${user}[name] ${user}[lastname]</arg>
<doc>Returns the given values which can then be assigned to a variables.</doc>
<msg timestamp="20220113 12:30:55.960" level="INFO">${expected_fullname} = Fernando Papito</msg>
<status status="PASS" starttime="20220113 12:30:55.959" endtime="20220113 12:30:55.960"/>
</kw>
<kw name="Wait For Elements State" library="Browser">
<arg>${element}</arg>
<arg>visible</arg>
<arg>5</arg>
<tag>PageContent</tag>
<tag>Wait</tag>
<doc>Waits for the element found by ``selector`` to satisfy state option.</doc>
<msg timestamp="20220113 12:31:01.118" level="INFO" html="true">&lt;/td&gt;&lt;/tr&gt;&lt;tr&gt;&lt;td colspan="3"&gt;&lt;a href="browser/screenshot/fail-screenshot-1.png"&gt;&lt;img src="browser/screenshot/fail-screenshot-1.png" width="800px"&gt;&lt;/a&gt;</msg>
<msg timestamp="20220113 12:31:01.120" level="FAIL">TimeoutError: locator.waitFor: Timeout 5000ms exceeded.
=========================== logs ===========================
waiting for selector "css=a[href="/profile"]" to be visible
============================================================</msg>
<status status="FAIL" starttime="20220113 12:30:55.960" endtime="20220113 12:31:01.120"/>
</kw>
<kw name="Get Text" library="Browser">
<arg>${element}</arg>
<arg>equal</arg>
<arg>${expected_fullname}</arg>
<tag>Assertion</tag>
<tag>Getter</tag>
<tag>PageContent</tag>
<doc>Returns text attribute of the element found by ``selector``.</doc>
<status status="NOT RUN" starttime="20220113 12:31:01.120" endtime="20220113 12:31:01.121"/>
</kw>
<status status="FAIL" starttime="20220113 12:30:55.958" endtime="20220113 12:31:01.121"/>
</kw>
<kw name="Finish Session" library="Base" type="TEARDOWN">
<kw name="Take Screenshot" library="Browser">
<arg>fullPage=True</arg>
<tag>PageContent</tag>
<doc>Takes a screenshot of the current window or element and saves it to disk.</doc>
<msg timestamp="20220113 12:31:01.246" level="INFO" html="true">&lt;/td&gt;&lt;/tr&gt;&lt;tr&gt;&lt;td colspan="3"&gt;&lt;a href="browser/screenshot/robotframework-browser-screenshot-1.png"&gt;&lt;img src="browser/screenshot/robotframework-browser-screenshot-1.png" width="800px"&gt;&lt;/a&gt;</msg>
<status status="PASS" starttime="20220113 12:31:01.121" endtime="20220113 12:31:01.246"/>
</kw>
<status status="PASS" starttime="20220113 12:31:01.121" endtime="20220113 12:31:01.247"/>
</kw>
<tag>smoke</tag>
<status status="FAIL" starttime="20220113 12:30:49.344" endtime="20220113 12:31:01.247">TimeoutError: locator.waitFor: Timeout 5000ms exceeded.
=========================== logs ===========================
waiting for selector "css=a[href="/profile"]" to be visible
============================================================</status>
</test>
<test id="s1-s3-t2" name="Incorrect Pass">
<kw name="Start Session" library="Base" type="SETUP">
<kw name="New Browser" library="Browser">
<arg>chromium</arg>
<arg>headless=True</arg>
<arg>slowMo=00:00:00</arg>
<tag>BrowserControl</tag>
<tag>Setter</tag>
<doc>Create a new playwright Browser with specified options.</doc>
<msg timestamp="20220113 12:31:01.266" level="INFO">{"browser": "chromium", "headless": true, "handleSIGINT": true, "handleSIGTERM": true, "handleSIGHUP": true, "timeout": 30000.0, "devtools": false, "slowMo": 0.0, "tracesDir": "C:\\GravidadeZERO\\getgeeks\\project\\pabot_results\\2\\browser\\traces\\a3f65082-c497-4076-a6de-4a178c9e7c90"}</msg>
<msg timestamp="20220113 12:31:01.940" level="INFO">Successfully created browser with options: {"browser":"chromium","headless":true,"handleSIGINT":true,"handleSIGTERM":true,"handleSIGHUP":true,"timeout":30000,"devtools":false,"slowMo":0,"tracesDir":"C:\\GravidadeZERO\\getgeeks\\project\\pabot_results\\2\\browser\\traces\\a3f65082-c497-4076-a6de-4a178c9e7c90"}</msg>
<status status="PASS" starttime="20220113 12:31:01.266" endtime="20220113 12:31:01.940"/>
</kw>
<kw name="New Page" library="Browser">
<arg>${BASE_URL}</arg>
<tag>BrowserControl</tag>
<tag>Setter</tag>
<doc>Open a new Page. A Page is the Playwright equivalent to a tab.
See `Browser, Context and Page` for more information about Page concept.
Returns a stable identifier for the created page.</doc>
<msg timestamp="20220113 12:31:04.105" level="INFO">Successfully initialized new page object and opened url: https://getgeeks-renato.herokuapp.com</msg>
<msg timestamp="20220113 12:31:04.105" level="INFO">No context was open. New context was automatically opened when this page is created.</msg>
<status status="PASS" starttime="20220113 12:31:01.941" endtime="20220113 12:31:04.105"/>
</kw>
<kw name="Set Viewport Size" library="Browser">
<arg>1280</arg>
<arg>768</arg>
<tag>BrowserControl</tag>
<tag>Setter</tag>
<doc>Sets current Pages viewport size to specified dimensions.</doc>
<msg timestamp="20220113 12:31:04.108" level="INFO">Set viewport size to: [object Object]</msg>
<status status="PASS" starttime="20220113 12:31:04.106" endtime="20220113 12:31:04.108"/>
</kw>
<status status="PASS" starttime="20220113 12:31:01.265" endtime="20220113 12:31:04.109"/>
</kw>
<kw name="Create Dictionary" library="BuiltIn">
<var>${user}</var>
<arg>email=renato@hotmail.com</arg>
<arg>password=abc123</arg>
<doc>Creates and returns a dictionary based on the given ``items``.</doc>
<msg timestamp="20220113 12:31:04.109" level="INFO">${user} = {'email': 'renato@hotmail.com', 'password': 'abc123'}</msg>
<status status="PASS" starttime="20220113 12:31:04.109" endtime="20220113 12:31:04.109"/>
</kw>
<kw name="Go To Login Page" library="AuthActions">
<kw name="Go To" library="Browser">
<arg>${BASE_URL}</arg>
<tag>BrowserControl</tag>
<tag>Setter</tag>
<doc>Navigates to the given ``url``.</doc>
<msg timestamp="20220113 12:31:04.640" level="INFO">Successfully opened URL https://getgeeks-renato.herokuapp.com</msg>
<status status="PASS" starttime="20220113 12:31:04.110" endtime="20220113 12:31:04.640"/>
</kw>
<kw name="Wait For Elements State" library="Browser">
<arg>css=.login-form</arg>
<arg>visible</arg>
<arg>5</arg>
<tag>PageContent</tag>
<tag>Wait</tag>
<doc>Waits for the element found by ``selector`` to satisfy state option.</doc>
<msg timestamp="20220113 12:31:04.651" level="INFO">Waited for Element with selector css=.login-form at state visible</msg>
<status status="PASS" starttime="20220113 12:31:04.640" endtime="20220113 12:31:04.651"/>
</kw>
<status status="PASS" starttime="20220113 12:31:04.109" endtime="20220113 12:31:04.652"/>
</kw>
<kw name="Fill Credentials" library="AuthActions">
<arg>${user}</arg>
<kw name="Fill Text" library="Browser">
<arg>${INPUT_EMAIL}</arg>
<arg>${user}[email]</arg>
<tag>PageContent</tag>
<tag>Setter</tag>
<doc>Clears and fills the given ``txt`` into the text field found by ``selector``.</doc>
<msg timestamp="20220113 12:31:04.652" level="INFO">Fills the text 'renato@hotmail.com' in the given field.</msg>
<status status="PASS" starttime="20220113 12:31:04.652" endtime="20220113 12:31:04.663"/>
</kw>
<kw name="Fill Text" library="Browser">
<arg>${INPUT_PASS}</arg>
<arg>${user}[password]</arg>
<tag>PageContent</tag>
<tag>Setter</tag>
<doc>Clears and fills the given ``txt`` into the text field found by ``selector``.</doc>
<msg timestamp="20220113 12:31:04.664" level="INFO">Fills the text 'abc123' in the given field.</msg>
<status status="PASS" starttime="20220113 12:31:04.663" endtime="20220113 12:31:04.674"/>
</kw>
<status status="PASS" starttime="20220113 12:31:04.652" endtime="20220113 12:31:04.675"/>
</kw>
<kw name="Submit Credentials" library="AuthActions">
<kw name="Click" library="Browser">
<arg>css=.submit-button &gt;&gt; text=Entrar</arg>
<tag>PageContent</tag>
<tag>Setter</tag>
<doc>Simulates mouse click on the element found by ``selector``.</doc>
<status status="PASS" starttime="20220113 12:31:04.675" endtime="20220113 12:31:04.723"/>
</kw>
<status status="PASS" starttime="20220113 12:31:04.675" endtime="20220113 12:31:04.723"/>
</kw>
<kw name="Modal Content Should Be" library="_SharedActions">
<arg>Usuário e/ou senha inválidos.</arg>
<kw name="Set Variable" library="BuiltIn">
<var>${title}</var>
<arg>css=.swal2-title</arg>
<doc>Returns the given values which can then be assigned to a variables.</doc>
<msg timestamp="20220113 12:31:04.724" level="INFO">${title} = css=.swal2-title</msg>
<status status="PASS" starttime="20220113 12:31:04.724" endtime="20220113 12:31:04.724"/>
</kw>
<kw name="Set Variable" library="BuiltIn">
<var>${content}</var>
<arg>css=.swal2-html-container</arg>
<doc>Returns the given values which can then be assigned to a variables.</doc>
<msg timestamp="20220113 12:31:04.724" level="INFO">${content} = css=.swal2-html-container</msg>
<status status="PASS" starttime="20220113 12:31:04.724" endtime="20220113 12:31:04.724"/>
</kw>
<kw name="Wait For Elements State" library="Browser">
<arg>${title}</arg>
<arg>visible</arg>
<arg>5</arg>
<tag>PageContent</tag>
<tag>Wait</tag>
<doc>Waits for the element found by ``selector`` to satisfy state option.</doc>
<msg timestamp="20220113 12:31:09.861" level="INFO" html="true">&lt;/td&gt;&lt;/tr&gt;&lt;tr&gt;&lt;td colspan="3"&gt;&lt;a href="browser/screenshot/fail-screenshot-2.png"&gt;&lt;img src="browser/screenshot/fail-screenshot-2.png" width="800px"&gt;&lt;/a&gt;</msg>
<msg timestamp="20220113 12:31:09.862" level="FAIL">TimeoutError: locator.waitFor: Timeout 5000ms exceeded.
=========================== logs ===========================
waiting for selector "css=.swal2-title" to be visible
============================================================</msg>
<status status="FAIL" starttime="20220113 12:31:04.724" endtime="20220113 12:31:09.862"/>
</kw>
<kw name="Get Text" library="Browser">
<arg>${title}</arg>
<arg>equal</arg>
<arg>Oops...</arg>
<tag>Assertion</tag>
<tag>Getter</tag>
<tag>PageContent</tag>
<doc>Returns text attribute of the element found by ``selector``.</doc>
<status status="NOT RUN" starttime="20220113 12:31:09.862" endtime="20220113 12:31:09.862"/>
</kw>
<kw name="Wait For Elements State" library="Browser">
<arg>${content}</arg>
<arg>visible</arg>
<arg>5</arg>
<tag>PageContent</tag>
<tag>Wait</tag>
<doc>Waits for the element found by ``selector`` to satisfy state option.</doc>
<status status="NOT RUN" starttime="20220113 12:31:09.862" endtime="20220113 12:31:09.863"/>
</kw>
<kw name="Get Text" library="Browser">
<arg>${content}</arg>
<arg>equal</arg>
<arg>${expected_text}</arg>
<tag>Assertion</tag>
<tag>Getter</tag>
<tag>PageContent</tag>
<doc>Returns text attribute of the element found by ``selector``.</doc>
<status status="NOT RUN" starttime="20220113 12:31:09.863" endtime="20220113 12:31:09.863"/>
</kw>
<status status="FAIL" starttime="20220113 12:31:04.723" endtime="20220113 12:31:09.863"/>
</kw>
<kw name="Finish Session" library="Base" type="TEARDOWN">
<kw name="Take Screenshot" library="Browser">
<arg>fullPage=True</arg>
<tag>PageContent</tag>
<doc>Takes a screenshot of the current window or element and saves it to disk.</doc>
<msg timestamp="20220113 12:31:09.978" level="INFO" html="true">&lt;/td&gt;&lt;/tr&gt;&lt;tr&gt;&lt;td colspan="3"&gt;&lt;a href="browser/screenshot/robotframework-browser-screenshot-2.png"&gt;&lt;img src="browser/screenshot/robotframework-browser-screenshot-2.png" width="800px"&gt;&lt;/a&gt;</msg>
<status status="PASS" starttime="20220113 12:31:09.864" endtime="20220113 12:31:09.978"/>
</kw>
<status status="PASS" starttime="20220113 12:31:09.863" endtime="20220113 12:31:09.978"/>
</kw>
<tag>inv_pass</tag>
<status status="FAIL" starttime="20220113 12:31:01.264" endtime="20220113 12:31:09.978">TimeoutError: locator.waitFor: Timeout 5000ms exceeded.
=========================== logs ===========================
waiting for selector "css=.swal2-title" to be visible
============================================================</status>
</test>
<test id="s1-s3-t3" name="User not found">
<kw name="Start Session" library="Base" type="SETUP">
<kw name="New Browser" library="Browser">
<arg>chromium</arg>
<arg>headless=True</arg>
<arg>slowMo=00:00:00</arg>
<tag>BrowserControl</tag>
<tag>Setter</tag>
<doc>Create a new playwright Browser with specified options.</doc>
<msg timestamp="20220113 12:31:09.992" level="INFO">{"browser": "chromium", "headless": true, "handleSIGINT": true, "handleSIGTERM": true, "handleSIGHUP": true, "timeout": 30000.0, "devtools": false, "slowMo": 0.0, "tracesDir": "C:\\GravidadeZERO\\getgeeks\\project\\pabot_results\\2\\browser\\traces\\a098a7f8-bc2e-405c-be22-d6156bbdc233"}</msg>
<msg timestamp="20220113 12:31:10.589" level="INFO">Successfully created browser with options: {"browser":"chromium","headless":true,"handleSIGINT":true,"handleSIGTERM":true,"handleSIGHUP":true,"timeout":30000,"devtools":false,"slowMo":0,"tracesDir":"C:\\GravidadeZERO\\getgeeks\\project\\pabot_results\\2\\browser\\traces\\a098a7f8-bc2e-405c-be22-d6156bbdc233"}</msg>
<status status="PASS" starttime="20220113 12:31:09.991" endtime="20220113 12:31:10.589"/>
</kw>
<kw name="New Page" library="Browser">
<arg>${BASE_URL}</arg>
<tag>BrowserControl</tag>
<tag>Setter</tag>
<doc>Open a new Page. A Page is the Playwright equivalent to a tab.
See `Browser, Context and Page` for more information about Page concept.
Returns a stable identifier for the created page.</doc>
<msg timestamp="20220113 12:31:12.924" level="INFO">Successfully initialized new page object and opened url: https://getgeeks-renato.herokuapp.com</msg>
<msg timestamp="20220113 12:31:12.924" level="INFO">No context was open. New context was automatically opened when this page is created.</msg>
<status status="PASS" starttime="20220113 12:31:10.589" endtime="20220113 12:31:12.924"/>
</kw>
<kw name="Set Viewport Size" library="Browser">
<arg>1280</arg>
<arg>768</arg>
<tag>BrowserControl</tag>
<tag>Setter</tag>
<doc>Sets current Pages viewport size to specified dimensions.</doc>
<msg timestamp="20220113 12:31:12.929" level="INFO">Set viewport size to: [object Object]</msg>
<status status="PASS" starttime="20220113 12:31:12.924" endtime="20220113 12:31:12.929"/>
</kw>
<status status="PASS" starttime="20220113 12:31:09.991" endtime="20220113 12:31:12.929"/>
</kw>
<kw name="Create Dictionary" library="BuiltIn">
<var>${user}</var>
<arg>email=renato@404.net</arg>
<arg>password=abc123</arg>
<doc>Creates and returns a dictionary based on the given ``items``.</doc>
<msg timestamp="20220113 12:31:12.930" level="INFO">${user} = {'email': 'renato@404.net', 'password': 'abc123'}</msg>
<status status="PASS" starttime="20220113 12:31:12.930" endtime="20220113 12:31:12.930"/>
</kw>
<kw name="Go To Login Page" library="AuthActions">
<kw name="Go To" library="Browser">
<arg>${BASE_URL}</arg>
<tag>BrowserControl</tag>
<tag>Setter</tag>
<doc>Navigates to the given ``url``.</doc>
<msg timestamp="20220113 12:31:13.462" level="INFO">Successfully opened URL https://getgeeks-renato.herokuapp.com</msg>
<status status="PASS" starttime="20220113 12:31:12.930" endtime="20220113 12:31:13.463"/>
</kw>
<kw name="Wait For Elements State" library="Browser">
<arg>css=.login-form</arg>
<arg>visible</arg>
<arg>5</arg>
<tag>PageContent</tag>
<tag>Wait</tag>
<doc>Waits for the element found by ``selector`` to satisfy state option.</doc>
<msg timestamp="20220113 12:31:13.475" level="INFO">Waited for Element with selector css=.login-form at state visible</msg>
<status status="PASS" starttime="20220113 12:31:13.463" endtime="20220113 12:31:13.475"/>
</kw>
<status status="PASS" starttime="20220113 12:31:12.930" endtime="20220113 12:31:13.475"/>
</kw>
<kw name="Fill Credentials" library="AuthActions">
<arg>${user}</arg>
<kw name="Fill Text" library="Browser">
<arg>${INPUT_EMAIL}</arg>
<arg>${user}[email]</arg>
<tag>PageContent</tag>
<tag>Setter</tag>
<doc>Clears and fills the given ``txt`` into the text field found by ``selector``.</doc>
<msg timestamp="20220113 12:31:13.476" level="INFO">Fills the text 'renato@404.net' in the given field.</msg>
<status status="PASS" starttime="20220113 12:31:13.476" endtime="20220113 12:31:13.486"/>
</kw>
<kw name="Fill Text" library="Browser">
<arg>${INPUT_PASS}</arg>
<arg>${user}[password]</arg>
<tag>PageContent</tag>
<tag>Setter</tag>
<doc>Clears and fills the given ``txt`` into the text field found by ``selector``.</doc>
<msg timestamp="20220113 12:31:13.487" level="INFO">Fills the text 'abc123' in the given field.</msg>
<status status="PASS" starttime="20220113 12:31:13.487" endtime="20220113 12:31:13.500"/>
</kw>
<status status="PASS" starttime="20220113 12:31:13.475" endtime="20220113 12:31:13.500"/>
</kw>
<kw name="Submit Credentials" library="AuthActions">
<kw name="Click" library="Browser">
<arg>css=.submit-button &gt;&gt; text=Entrar</arg>
<tag>PageContent</tag>
<tag>Setter</tag>
<doc>Simulates mouse click on the element found by ``selector``.</doc>
<status status="PASS" starttime="20220113 12:31:13.500" endtime="20220113 12:31:13.541"/>
</kw>
<status status="PASS" starttime="20220113 12:31:13.500" endtime="20220113 12:31:13.541"/>
</kw>
<kw name="Modal Content Should Be" library="_SharedActions">
<arg>Usuário e/ou senha inválidos.</arg>
<kw name="Set Variable" library="BuiltIn">
<var>${title}</var>
<arg>css=.swal2-title</arg>
<doc>Returns the given values which can then be assigned to a variables.</doc>
<msg timestamp="20220113 12:31:13.542" level="INFO">${title} = css=.swal2-title</msg>
<status status="PASS" starttime="20220113 12:31:13.541" endtime="20220113 12:31:13.542"/>
</kw>
<kw name="Set Variable" library="BuiltIn">
<var>${content}</var>
<arg>css=.swal2-html-container</arg>
<doc>Returns the given values which can then be assigned to a variables.</doc>
<msg timestamp="20220113 12:31:13.542" level="INFO">${content} = css=.swal2-html-container</msg>
<status status="PASS" starttime="20220113 12:31:13.542" endtime="20220113 12:31:13.542"/>
</kw>
<kw name="Wait For Elements State" library="Browser">
<arg>${title}</arg>
<arg>visible</arg>
<arg>5</arg>
<tag>PageContent</tag>
<tag>Wait</tag>
<doc>Waits for the element found by ``selector`` to satisfy state option.</doc>
<msg timestamp="20220113 12:31:15.660" level="INFO">Waited for Element with selector css=.swal2-title at state visible</msg>
<status status="PASS" starttime="20220113 12:31:13.542" endtime="20220113 12:31:15.660"/>
</kw>
<kw name="Get Text" library="Browser">
<arg>${title}</arg>
<arg>equal</arg>
<arg>Oops...</arg>
<tag>Assertion</tag>
<tag>Getter</tag>
<tag>PageContent</tag>
<doc>Returns text attribute of the element found by ``selector``.</doc>
<status status="PASS" starttime="20220113 12:31:15.660" endtime="20220113 12:31:15.671"/>
</kw>
<kw name="Wait For Elements State" library="Browser">
<arg>${content}</arg>
<arg>visible</arg>
<arg>5</arg>
<tag>PageContent</tag>
<tag>Wait</tag>
<doc>Waits for the element found by ``selector`` to satisfy state option.</doc>
<msg timestamp="20220113 12:31:15.675" level="INFO">Waited for Element with selector css=.swal2-html-container at state visible</msg>
<status status="PASS" starttime="20220113 12:31:15.671" endtime="20220113 12:31:15.675"/>
</kw>
<kw name="Get Text" library="Browser">
<arg>${content}</arg>
<arg>equal</arg>
<arg>${expected_text}</arg>
<tag>Assertion</tag>
<tag>Getter</tag>
<tag>PageContent</tag>
<doc>Returns text attribute of the element found by ``selector``.</doc>
<status status="PASS" starttime="20220113 12:31:15.676" endtime="20220113 12:31:15.684"/>
</kw>
<status status="PASS" starttime="20220113 12:31:13.541" endtime="20220113 12:31:15.684"/>
</kw>
<kw name="Finish Session" library="Base" type="TEARDOWN">
<kw name="Take Screenshot" library="Browser">
<arg>fullPage=True</arg>
<tag>PageContent</tag>
<doc>Takes a screenshot of the current window or element and saves it to disk.</doc>
<msg timestamp="20220113 12:31:15.806" level="INFO" html="true">&lt;/td&gt;&lt;/tr&gt;&lt;tr&gt;&lt;td colspan="3"&gt;&lt;a href="browser/screenshot/robotframework-browser-screenshot-3.png"&gt;&lt;img src="browser/screenshot/robotframework-browser-screenshot-3.png" width="800px"&gt;&lt;/a&gt;</msg>
<status status="PASS" starttime="20220113 12:31:15.685" endtime="20220113 12:31:15.806"/>
</kw>
<status status="PASS" starttime="20220113 12:31:15.685" endtime="20220113 12:31:15.806"/>
</kw>
<tag>user_404</tag>
<status status="PASS" starttime="20220113 12:31:09.989" endtime="20220113 12:31:15.806"/>
</test>
<test id="s1-s3-t4" name="Incorrect Email">
<kw name="Start Session" library="Base" type="SETUP">
<kw name="New Browser" library="Browser">
<arg>chromium</arg>
<arg>headless=True</arg>
<arg>slowMo=00:00:00</arg>
<tag>BrowserControl</tag>
<tag>Setter</tag>
<doc>Create a new playwright Browser with specified options.</doc>
<msg timestamp="20220113 12:31:15.819" level="INFO">{"browser": "chromium", "headless": true, "handleSIGINT": true, "handleSIGTERM": true, "handleSIGHUP": true, "timeout": 30000.0, "devtools": false, "slowMo": 0.0, "tracesDir": "C:\\GravidadeZERO\\getgeeks\\project\\pabot_results\\2\\browser\\traces\\fd96486f-98b0-4c6d-ad33-09ce39975967"}</msg>
<msg timestamp="20220113 12:31:16.439" level="INFO">Successfully created browser with options: {"browser":"chromium","headless":true,"handleSIGINT":true,"handleSIGTERM":true,"handleSIGHUP":true,"timeout":30000,"devtools":false,"slowMo":0,"tracesDir":"C:\\GravidadeZERO\\getgeeks\\project\\pabot_results\\2\\browser\\traces\\fd96486f-98b0-4c6d-ad33-09ce39975967"}</msg>
<status status="PASS" starttime="20220113 12:31:15.818" endtime="20220113 12:31:16.440"/>
</kw>
<kw name="New Page" library="Browser">
<arg>${BASE_URL}</arg>
<tag>BrowserControl</tag>
<tag>Setter</tag>
<doc>Open a new Page. A Page is the Playwright equivalent to a tab.
See `Browser, Context and Page` for more information about Page concept.
Returns a stable identifier for the created page.</doc>
<msg timestamp="20220113 12:31:18.590" level="INFO">Successfully initialized new page object and opened url: https://getgeeks-renato.herokuapp.com</msg>
<msg timestamp="20220113 12:31:18.591" level="INFO">No context was open. New context was automatically opened when this page is created.</msg>
<status status="PASS" starttime="20220113 12:31:16.440" endtime="20220113 12:31:18.591"/>
</kw>
<kw name="Set Viewport Size" library="Browser">
<arg>1280</arg>
<arg>768</arg>
<tag>BrowserControl</tag>
<tag>Setter</tag>
<doc>Sets current Pages viewport size to specified dimensions.</doc>
<msg timestamp="20220113 12:31:18.594" level="INFO">Set viewport size to: [object Object]</msg>
<status status="PASS" starttime="20220113 12:31:18.591" endtime="20220113 12:31:18.594"/>
</kw>
<status status="PASS" starttime="20220113 12:31:15.818" endtime="20220113 12:31:18.594"/>
</kw>
<kw name="Create Dictionary" library="BuiltIn">
<var>${user}</var>
<arg>email=renato.com.br</arg>
<arg>password=abc123</arg>
<doc>Creates and returns a dictionary based on the given ``items``.</doc>
<msg timestamp="20220113 12:31:18.594" level="INFO">${user} = {'email': 'renato.com.br', 'password': 'abc123'}</msg>
<status status="PASS" starttime="20220113 12:31:18.594" endtime="20220113 12:31:18.594"/>
</kw>
<kw name="Go To Login Page" library="AuthActions">
<kw name="Go To" library="Browser">
<arg>${BASE_URL}</arg>
<tag>BrowserControl</tag>
<tag>Setter</tag>
<doc>Navigates to the given ``url``.</doc>
<msg timestamp="20220113 12:31:19.127" level="INFO">Successfully opened URL https://getgeeks-renato.herokuapp.com</msg>
<status status="PASS" starttime="20220113 12:31:18.595" endtime="20220113 12:31:19.127"/>
</kw>
<kw name="Wait For Elements State" library="Browser">
<arg>css=.login-form</arg>
<arg>visible</arg>
<arg>5</arg>
<tag>PageContent</tag>
<tag>Wait</tag>
<doc>Waits for the element found by ``selector`` to satisfy state option.</doc>
<msg timestamp="20220113 12:31:19.142" level="INFO">Waited for Element with selector css=.login-form at state visible</msg>
<status status="PASS" starttime="20220113 12:31:19.127" endtime="20220113 12:31:19.142"/>
</kw>
<status status="PASS" starttime="20220113 12:31:18.594" endtime="20220113 12:31:19.142"/>
</kw>
<kw name="Fill Credentials" library="AuthActions">
<arg>${user}</arg>
<kw name="Fill Text" library="Browser">
<arg>${INPUT_EMAIL}</arg>
<arg>${user}[email]</arg>
<tag>PageContent</tag>
<tag>Setter</tag>
<doc>Clears and fills the given ``txt`` into the text field found by ``selector``.</doc>
<msg timestamp="20220113 12:31:19.143" level="INFO">Fills the text 'renato.com.br' in the given field.</msg>
<status status="PASS" starttime="20220113 12:31:19.143" endtime="20220113 12:31:19.153"/>
</kw>
<kw name="Fill Text" library="Browser">
<arg>${INPUT_PASS}</arg>
<arg>${user}[password]</arg>
<tag>PageContent</tag>
<tag>Setter</tag>
<doc>Clears and fills the given ``txt`` into the text field found by ``selector``.</doc>
<msg timestamp="20220113 12:31:19.154" level="INFO">Fills the text 'abc123' in the given field.</msg>
<status status="PASS" starttime="20220113 12:31:19.153" endtime="20220113 12:31:19.161"/>
</kw>
<status status="PASS" starttime="20220113 12:31:19.142" endtime="20220113 12:31:19.162"/>
</kw>
<kw name="Submit Credentials" library="AuthActions">
<kw name="Click" library="Browser">
<arg>css=.submit-button &gt;&gt; text=Entrar</arg>
<tag>PageContent</tag>
<tag>Setter</tag>
<doc>Simulates mouse click on the element found by ``selector``.</doc>
<status status="PASS" starttime="20220113 12:31:19.162" endtime="20220113 12:31:19.202"/>
</kw>
<status status="PASS" starttime="20220113 12:31:19.162" endtime="20220113 12:31:19.203"/>
</kw>
<kw name="Should Be Type Email" library="AuthActions">
<kw name="Get Property" library="Browser">
<arg>${INPUT_EMAIL}</arg>
<arg>type</arg>
<arg>equal</arg>
<arg>email</arg>
<tag>Assertion</tag>
<tag>Getter</tag>
<tag>PageContent</tag>
<doc>Returns the ``property`` of the element found by ``selector``.</doc>
<status status="PASS" starttime="20220113 12:31:19.203" endtime="20220113 12:31:19.213"/>
</kw>
<status status="PASS" starttime="20220113 12:31:19.203" endtime="20220113 12:31:19.213"/>
</kw>
<kw name="Finish Session" library="Base" type="TEARDOWN">
<kw name="Take Screenshot" library="Browser">
<arg>fullPage=True</arg>
<tag>PageContent</tag>
<doc>Takes a screenshot of the current window or element and saves it to disk.</doc>
<msg timestamp="20220113 12:31:19.351" level="INFO" html="true">&lt;/td&gt;&lt;/tr&gt;&lt;tr&gt;&lt;td colspan="3"&gt;&lt;a href="browser/screenshot/robotframework-browser-screenshot-4.png"&gt;&lt;img src="browser/screenshot/robotframework-browser-screenshot-4.png" width="800px"&gt;&lt;/a&gt;</msg>
<status status="PASS" starttime="20220113 12:31:19.214" endtime="20220113 12:31:19.351"/>
</kw>
<status status="PASS" starttime="20220113 12:31:19.213" endtime="20220113 12:31:19.351"/>
</kw>
<tag>inv_email</tag>
<status status="PASS" starttime="20220113 12:31:15.816" endtime="20220113 12:31:19.351"/>
</test>
<test id="s1-s3-t5" name="Validating empty field email">
<kw name="Start Session" library="Base" type="SETUP">
<kw name="New Browser" library="Browser">
<arg>chromium</arg>
<arg>headless=True</arg>
<arg>slowMo=00:00:00</arg>
<tag>BrowserControl</tag>
<tag>Setter</tag>
<doc>Create a new playwright Browser with specified options.</doc>
<msg timestamp="20220113 12:31:19.365" level="INFO">{"browser": "chromium", "headless": true, "handleSIGINT": true, "handleSIGTERM": true, "handleSIGHUP": true, "timeout": 30000.0, "devtools": false, "slowMo": 0.0, "tracesDir": "C:\\GravidadeZERO\\getgeeks\\project\\pabot_results\\2\\browser\\traces\\7272cff5-9484-4efb-9f12-78883d086f39"}</msg>
<msg timestamp="20220113 12:31:19.903" level="INFO">Successfully created browser with options: {"browser":"chromium","headless":true,"handleSIGINT":true,"handleSIGTERM":true,"handleSIGHUP":true,"timeout":30000,"devtools":false,"slowMo":0,"tracesDir":"C:\\GravidadeZERO\\getgeeks\\project\\pabot_results\\2\\browser\\traces\\7272cff5-9484-4efb-9f12-78883d086f39"}</msg>
<status status="PASS" starttime="20220113 12:31:19.364" endtime="20220113 12:31:19.903"/>
</kw>
<kw name="New Page" library="Browser">
<arg>${BASE_URL}</arg>
<tag>BrowserControl</tag>
<tag>Setter</tag>
<doc>Open a new Page. A Page is the Playwright equivalent to a tab.
See `Browser, Context and Page` for more information about Page concept.
Returns a stable identifier for the created page.</doc>
<msg timestamp="20220113 12:31:22.187" level="INFO">Successfully initialized new page object and opened url: https://getgeeks-renato.herokuapp.com</msg>
<msg timestamp="20220113 12:31:22.188" level="INFO">No context was open. New context was automatically opened when this page is created.</msg>
<status status="PASS" starttime="20220113 12:31:19.904" endtime="20220113 12:31:22.188"/>
</kw>
<kw name="Set Viewport Size" library="Browser">
<arg>1280</arg>
<arg>768</arg>
<tag>BrowserControl</tag>
<tag>Setter</tag>
<doc>Sets current Pages viewport size to specified dimensions.</doc>
<msg timestamp="20220113 12:31:22.190" level="INFO">Set viewport size to: [object Object]</msg>
<status status="PASS" starttime="20220113 12:31:22.188" endtime="20220113 12:31:22.191"/>
</kw>
<status status="PASS" starttime="20220113 12:31:19.363" endtime="20220113 12:31:22.191"/>
</kw>
<kw name="Create Dictionary" library="BuiltIn">
<var>${user}</var>
<arg>email=${EMPTY}</arg>
<arg>password=123456</arg>
<doc>Creates and returns a dictionary based on the given ``items``.</doc>
<msg timestamp="20220113 12:31:22.192" level="INFO">${user} = {'email': '', 'password': '123456'}</msg>
<status status="PASS" starttime="20220113 12:31:22.191" endtime="20220113 12:31:22.192"/>
</kw>
<kw name="Go To Login Page" library="AuthActions">
<kw name="Go To" library="Browser">
<arg>${BASE_URL}</arg>
<tag>BrowserControl</tag>
<tag>Setter</tag>
<doc>Navigates to the given ``url``.</doc>
<msg timestamp="20220113 12:31:22.720" level="INFO">Successfully opened URL https://getgeeks-renato.herokuapp.com</msg>
<status status="PASS" starttime="20220113 12:31:22.192" endtime="20220113 12:31:22.720"/>
</kw>
<kw name="Wait For Elements State" library="Browser">
<arg>css=.login-form</arg>
<arg>visible</arg>
<arg>5</arg>
<tag>PageContent</tag>
<tag>Wait</tag>
<doc>Waits for the element found by ``selector`` to satisfy state option.</doc>
<msg timestamp="20220113 12:31:22.732" level="INFO">Waited for Element with selector css=.login-form at state visible</msg>
<status status="PASS" starttime="20220113 12:31:22.720" endtime="20220113 12:31:22.732"/>
</kw>
<status status="PASS" starttime="20220113 12:31:22.192" endtime="20220113 12:31:22.732"/>
</kw>
<kw name="Fill Credentials" library="AuthActions">
<arg>${user}</arg>
<kw name="Fill Text" library="Browser">
<arg>${INPUT_EMAIL}</arg>
<arg>${user}[email]</arg>
<tag>PageContent</tag>
<tag>Setter</tag>
<doc>Clears and fills the given ``txt`` into the text field found by ``selector``.</doc>
<msg timestamp="20220113 12:31:22.733" level="INFO">Fills the text '' in the given field.</msg>
<status status="PASS" starttime="20220113 12:31:22.733" endtime="20220113 12:31:22.741"/>
</kw>
<kw name="Fill Text" library="Browser">
<arg>${INPUT_PASS}</arg>
<arg>${user}[password]</arg>
<tag>PageContent</tag>
<tag>Setter</tag>
<doc>Clears and fills the given ``txt`` into the text field found by ``selector``.</doc>
<msg timestamp="20220113 12:31:22.742" level="INFO">Fills the text '123456' in the given field.</msg>
<status status="PASS" starttime="20220113 12:31:22.741" endtime="20220113 12:31:22.750"/>
</kw>
<status status="PASS" starttime="20220113 12:31:22.732" endtime="20220113 12:31:22.750"/>
</kw>
<kw name="Submit Credentials" library="AuthActions">
<kw name="Click" library="Browser">
<arg>css=.submit-button &gt;&gt; text=Entrar</arg>
<tag>PageContent</tag>
<tag>Setter</tag>
<doc>Simulates mouse click on the element found by ``selector``.</doc>
<status status="PASS" starttime="20220113 12:31:22.751" endtime="20220113 12:31:22.787"/>
</kw>
<status status="PASS" starttime="20220113 12:31:22.751" endtime="20220113 12:31:22.787"/>
</kw>
<kw name="Alert Span Should Be" library="_SharedActions">
<arg>E-mail obrigatório</arg>
<kw name="Wait For Elements State" library="Browser">
<arg>css=span[class=error] &gt;&gt; text=${expected_notice}</arg>
<arg>visible</arg>
<arg>5</arg>
<tag>PageContent</tag>
<tag>Wait</tag>
<doc>Waits for the element found by ``selector`` to satisfy state option.</doc>
<msg timestamp="20220113 12:31:22.792" level="INFO">Waited for Element with selector css=span[class=error] &gt;&gt; text=E-mail obrigatório at state visible</msg>
<status status="PASS" starttime="20220113 12:31:22.787" endtime="20220113 12:31:22.792"/>
</kw>
<status status="PASS" starttime="20220113 12:31:22.787" endtime="20220113 12:31:22.792"/>
</kw>
<kw name="Finish Session" library="Base" type="TEARDOWN">
<kw name="Take Screenshot" library="Browser">
<arg>fullPage=True</arg>
<tag>PageContent</tag>
<doc>Takes a screenshot of the current window or element and saves it to disk.</doc>
<msg timestamp="20220113 12:31:22.929" level="INFO" html="true">&lt;/td&gt;&lt;/tr&gt;&lt;tr&gt;&lt;td colspan="3"&gt;&lt;a href="browser/screenshot/robotframework-browser-screenshot-5.png"&gt;&lt;img src="browser/screenshot/robotframework-browser-screenshot-5.png" width="800px"&gt;&lt;/a&gt;</msg>
<status status="PASS" starttime="20220113 12:31:22.792" endtime="20220113 12:31:22.929"/>
</kw>
<status status="PASS" starttime="20220113 12:31:22.792" endtime="20220113 12:31:22.929"/>
</kw>
<tag>empty</tag>
<status status="PASS" starttime="20220113 12:31:19.362" endtime="20220113 12:31:22.929"/>
</test>
<test id="s1-s3-t6" name="Validating empty field password">
<kw name="Start Session" library="Base" type="SETUP">
<kw name="New Browser" library="Browser">
<arg>chromium</arg>
<arg>headless=True</arg>
<arg>slowMo=00:00:00</arg>
<tag>BrowserControl</tag>
<tag>Setter</tag>
<doc>Create a new playwright Browser with specified options.</doc>
<msg timestamp="20220113 12:31:22.941" level="INFO">{"browser": "chromium", "headless": true, "handleSIGINT": true, "handleSIGTERM": true, "handleSIGHUP": true, "timeout": 30000.0, "devtools": false, "slowMo": 0.0, "tracesDir": "C:\\GravidadeZERO\\getgeeks\\project\\pabot_results\\2\\browser\\traces\\f67c3718-797e-473b-8722-3e0c181e7220"}</msg>
<msg timestamp="20220113 12:31:23.479" level="INFO">Successfully created browser with options: {"browser":"chromium","headless":true,"handleSIGINT":true,"handleSIGTERM":true,"handleSIGHUP":true,"timeout":30000,"devtools":false,"slowMo":0,"tracesDir":"C:\\GravidadeZERO\\getgeeks\\project\\pabot_results\\2\\browser\\traces\\f67c3718-797e-473b-8722-3e0c181e7220"}</msg>
<status status="PASS" starttime="20220113 12:31:22.940" endtime="20220113 12:31:23.479"/>
</kw>
<kw name="New Page" library="Browser">
<arg>${BASE_URL}</arg>
<tag>BrowserControl</tag>
<tag>Setter</tag>
<doc>Open a new Page. A Page is the Playwright equivalent to a tab.
See `Browser, Context and Page` for more information about Page concept.
Returns a stable identifier for the created page.</doc>
<msg timestamp="20220113 12:31:25.763" level="INFO">Successfully initialized new page object and opened url: https://getgeeks-renato.herokuapp.com</msg>
<msg timestamp="20220113 12:31:25.763" level="INFO">No context was open. New context was automatically opened when this page is created.</msg>
<status status="PASS" starttime="20220113 12:31:23.479" endtime="20220113 12:31:25.763"/>
</kw>
<kw name="Set Viewport Size" library="Browser">
<arg>1280</arg>
<arg>768</arg>
<tag>BrowserControl</tag>
<tag>Setter</tag>
<doc>Sets current Pages viewport size to specified dimensions.</doc>
<msg timestamp="20220113 12:31:25.766" level="INFO">Set viewport size to: [object Object]</msg>
<status status="PASS" starttime="20220113 12:31:25.763" endtime="20220113 12:31:25.766"/>
</kw>
<status status="PASS" starttime="20220113 12:31:22.940" endtime="20220113 12:31:25.766"/>
</kw>
<kw name="Create Dictionary" library="BuiltIn">
<var>${user}</var>
<arg>email=renatoreis@live.com</arg>
<arg>password=${EMPTY}</arg>
<doc>Creates and returns a dictionary based on the given ``items``.</doc>
<msg timestamp="20220113 12:31:25.767" level="INFO">${user} = {'email': 'renatoreis@live.com', 'password': ''}</msg>
<status status="PASS" starttime="20220113 12:31:25.767" endtime="20220113 12:31:25.767"/>
</kw>
<kw name="Go To Login Page" library="AuthActions">
<kw name="Go To" library="Browser">
<arg>${BASE_URL}</arg>
<tag>BrowserControl</tag>
<tag>Setter</tag>
<doc>Navigates to the given ``url``.</doc>
<msg timestamp="20220113 12:31:26.301" level="INFO">Successfully opened URL https://getgeeks-renato.herokuapp.com</msg>
<status status="PASS" starttime="20220113 12:31:25.768" endtime="20220113 12:31:26.301"/>
</kw>
<kw name="Wait For Elements State" library="Browser">
<arg>css=.login-form</arg>
<arg>visible</arg>
<arg>5</arg>
<tag>PageContent</tag>
<tag>Wait</tag>
<doc>Waits for the element found by ``selector`` to satisfy state option.</doc>
<msg timestamp="20220113 12:31:26.312" level="INFO">Waited for Element with selector css=.login-form at state visible</msg>
<status status="PASS" starttime="20220113 12:31:26.301" endtime="20220113 12:31:26.313"/>
</kw>
<status status="PASS" starttime="20220113 12:31:25.767" endtime="20220113 12:31:26.313"/>
</kw>
<kw name="Fill Credentials" library="AuthActions">
<arg>${user}</arg>
<kw name="Fill Text" library="Browser">
<arg>${INPUT_EMAIL}</arg>
<arg>${user}[email]</arg>
<tag>PageContent</tag>
<tag>Setter</tag>
<doc>Clears and fills the given ``txt`` into the text field found by ``selector``.</doc>
<msg timestamp="20220113 12:31:26.314" level="INFO">Fills the text 'renatoreis@live.com' in the given field.</msg>
<status status="PASS" starttime="20220113 12:31:26.313" endtime="20220113 12:31:26.323"/>
</kw>
<kw name="Fill Text" library="Browser">
<arg>${INPUT_PASS}</arg>
<arg>${user}[password]</arg>
<tag>PageContent</tag>
<tag>Setter</tag>
<doc>Clears and fills the given ``txt`` into the text field found by ``selector``.</doc>
<msg timestamp="20220113 12:31:26.324" level="INFO">Fills the text '' in the given field.</msg>
<status status="PASS" starttime="20220113 12:31:26.323" endtime="20220113 12:31:26.330"/>
</kw>
<status status="PASS" starttime="20220113 12:31:26.313" endtime="20220113 12:31:26.331"/>
</kw>
<kw name="Submit Credentials" library="AuthActions">
<kw name="Click" library="Browser">
<arg>css=.submit-button &gt;&gt; text=Entrar</arg>
<tag>PageContent</tag>
<tag>Setter</tag>
<doc>Simulates mouse click on the element found by ``selector``.</doc>
<status status="PASS" starttime="20220113 12:31:26.331" endtime="20220113 12:31:26.373"/>
</kw>
<status status="PASS" starttime="20220113 12:31:26.331" endtime="20220113 12:31:26.373"/>
</kw>
<kw name="Alert Span Should Be" library="_SharedActions">
<arg>Senha obrigatória</arg>
<kw name="Wait For Elements State" library="Browser">
<arg>css=span[class=error] &gt;&gt; text=${expected_notice}</arg>
<arg>visible</arg>
<arg>5</arg>
<tag>PageContent</tag>
<tag>Wait</tag>
<doc>Waits for the element found by ``selector`` to satisfy state option.</doc>
<msg timestamp="20220113 12:31:26.378" level="INFO">Waited for Element with selector css=span[class=error] &gt;&gt; text=Senha obrigatória at state visible</msg>
<status status="PASS" starttime="20220113 12:31:26.374" endtime="20220113 12:31:26.379"/>
</kw>
<status status="PASS" starttime="20220113 12:31:26.373" endtime="20220113 12:31:26.379"/>
</kw>
<kw name="Finish Session" library="Base" type="TEARDOWN">
<kw name="Take Screenshot" library="Browser">
<arg>fullPage=True</arg>
<tag>PageContent</tag>
<doc>Takes a screenshot of the current window or element and saves it to disk.</doc>
<msg timestamp="20220113 12:31:26.512" level="INFO" html="true">&lt;/td&gt;&lt;/tr&gt;&lt;tr&gt;&lt;td colspan="3"&gt;&lt;a href="browser/screenshot/robotframework-browser-screenshot-6.png"&gt;&lt;img src="browser/screenshot/robotframework-browser-screenshot-6.png" width="800px"&gt;&lt;/a&gt;</msg>
<status status="PASS" starttime="20220113 12:31:26.379" endtime="20220113 12:31:26.512"/>
</kw>
<status status="PASS" starttime="20220113 12:31:26.379" endtime="20220113 12:31:26.513"/>
</kw>
<tag>empty</tag>
<status status="PASS" starttime="20220113 12:31:22.939" endtime="20220113 12:31:26.513"/>
</test>
<test id="s1-s3-t7" name="Validating empty fields">
<kw name="Start Session" library="Base" type="SETUP">
<kw name="New Browser" library="Browser">
<arg>chromium</arg>
<arg>headless=True</arg>
<arg>slowMo=00:00:00</arg>
<tag>BrowserControl</tag>
<tag>Setter</tag>
<doc>Create a new playwright Browser with specified options.</doc>
<msg timestamp="20220113 12:31:26.527" level="INFO">{"browser": "chromium", "headless": true, "handleSIGINT": true, "handleSIGTERM": true, "handleSIGHUP": true, "timeout": 30000.0, "devtools": false, "slowMo": 0.0, "tracesDir": "C:\\GravidadeZERO\\getgeeks\\project\\pabot_results\\2\\browser\\traces\\9a55d994-76f6-459d-b213-9ade6cf33f7f"}</msg>
<msg timestamp="20220113 12:31:27.058" level="INFO">Successfully created browser with options: {"browser":"chromium","headless":true,"handleSIGINT":true,"handleSIGTERM":true,"handleSIGHUP":true,"timeout":30000,"devtools":false,"slowMo":0,"tracesDir":"C:\\GravidadeZERO\\getgeeks\\project\\pabot_results\\2\\browser\\traces\\9a55d994-76f6-459d-b213-9ade6cf33f7f"}</msg>
<status status="PASS" starttime="20220113 12:31:26.527" endtime="20220113 12:31:27.058"/>
</kw>
<kw name="New Page" library="Browser">
<arg>${BASE_URL}</arg>
<tag>BrowserControl</tag>
<tag>Setter</tag>
<doc>Open a new Page. A Page is the Playwright equivalent to a tab.
See `Browser, Context and Page` for more information about Page concept.
Returns a stable identifier for the created page.</doc>
<msg timestamp="20220113 12:31:29.335" level="INFO">Successfully initialized new page object and opened url: https://getgeeks-renato.herokuapp.com</msg>
<msg timestamp="20220113 12:31:29.335" level="INFO">No context was open. New context was automatically opened when this page is created.</msg>
<status status="PASS" starttime="20220113 12:31:27.058" endtime="20220113 12:31:29.335"/>
</kw>
<kw name="Set Viewport Size" library="Browser">
<arg>1280</arg>
<arg>768</arg>
<tag>BrowserControl</tag>
<tag>Setter</tag>
<doc>Sets current Pages viewport size to specified dimensions.</doc>
<msg timestamp="20220113 12:31:29.337" level="INFO">Set viewport size to: [object Object]</msg>
<status status="PASS" starttime="20220113 12:31:29.335" endtime="20220113 12:31:29.337"/>
</kw>
<status status="PASS" starttime="20220113 12:31:26.526" endtime="20220113 12:31:29.337"/>
</kw>
<kw name="Create List" library="BuiltIn">
<var>${expected_alerts}</var>
<arg>E-mail obrigatório</arg>
<arg>Senha obrigatória</arg>
<doc>Returns a list containing given items.</doc>
<msg timestamp="20220113 12:31:29.338" level="INFO">${expected_alerts} = ['E-mail obrigatório', 'Senha obrigatória']</msg>
<status status="PASS" starttime="20220113 12:31:29.338" endtime="20220113 12:31:29.338"/>
</kw>
<kw name="Go To Login Page" library="AuthActions">
<kw name="Go To" library="Browser">
<arg>${BASE_URL}</arg>
<tag>BrowserControl</tag>
<tag>Setter</tag>
<doc>Navigates to the given ``url``.</doc>
<msg timestamp="20220113 12:31:29.882" level="INFO">Successfully opened URL https://getgeeks-renato.herokuapp.com</msg>
<status status="PASS" starttime="20220113 12:31:29.338" endtime="20220113 12:31:29.882"/>
</kw>
<kw name="Wait For Elements State" library="Browser">
<arg>css=.login-form</arg>
<arg>visible</arg>
<arg>5</arg>
<tag>PageContent</tag>
<tag>Wait</tag>
<doc>Waits for the element found by ``selector`` to satisfy state option.</doc>
<msg timestamp="20220113 12:31:29.896" level="INFO">Waited for Element with selector css=.login-form at state visible</msg>
<status status="PASS" starttime="20220113 12:31:29.882" endtime="20220113 12:31:29.897"/>
</kw>
<status status="PASS" starttime="20220113 12:31:29.338" endtime="20220113 12:31:29.897"/>
</kw>
<kw name="Submit Credentials" library="AuthActions">
<kw name="Click" library="Browser">
<arg>css=.submit-button &gt;&gt; text=Entrar</arg>
<tag>PageContent</tag>
<tag>Setter</tag>
<doc>Simulates mouse click on the element found by ``selector``.</doc>
<status status="PASS" starttime="20220113 12:31:29.897" endtime="20220113 12:31:29.937"/>
</kw>
<status status="PASS" starttime="20220113 12:31:29.897" endtime="20220113 12:31:29.937"/>
</kw>
<kw name="Alert Spans Should Be" library="_SharedActions">
<arg>${expected_alerts}</arg>
<kw name="Create List" library="BuiltIn">
<var>@{got_alerts}</var>
<doc>Returns a list containing given items.</doc>
<msg timestamp="20220113 12:31:29.938" level="INFO">@{got_alerts} = [ ]</msg>
<status status="PASS" starttime="20220113 12:31:29.938" endtime="20220113 12:31:29.938"/>
</kw>
<kw name="Get Elements" library="Browser">
<var>${spans}</var>
<arg>xpath=//span[@class="error"]</arg>
<tag>Getter</tag>
<tag>PageContent</tag>
<doc>Returns a reference to playwright element handle for all matched elements by ``selector``.</doc>
<msg timestamp="20220113 12:31:29.946" level="INFO">Found 2 Locators successfully.</msg>
<msg timestamp="20220113 12:31:29.946" level="INFO">${spans} = ['element=ef687c92-f48c-4c48-aee7-7e4ad55bfe9f', 'element=b51a4aa4-4aa7-413b-9188-4d563078490a']</msg>
<status status="PASS" starttime="20220113 12:31:29.938" endtime="20220113 12:31:29.946"/>
</kw>
<for flavor="IN">
<var>${span}</var>
<value>@{spans}</value>
<iter>
<var name="${span}">element=ef687c92-f48c-4c48-aee7-7e4ad55bfe9f</var>
<kw name="Get Text" library="Browser">
<var>${text}</var>
<arg>${span}</arg>
<tag>Assertion</tag>
<tag>Getter</tag>
<tag>PageContent</tag>
<doc>Returns text attribute of the element found by ``selector``.</doc>
<msg timestamp="20220113 12:31:29.954" level="INFO">${text} = E-mail obrigatório</msg>
<status status="PASS" starttime="20220113 12:31:29.947" endtime="20220113 12:31:29.954"/>
</kw>
<kw name="Append To List" library="Collections">
<arg>${got_alerts}</arg>
<arg>${text}</arg>
<doc>Adds ``values`` to the end of ``list``.</doc>
<status status="PASS" starttime="20220113 12:31:29.954" endtime="20220113 12:31:29.954"/>
</kw>
<status status="PASS" starttime="20220113 12:31:29.947" endtime="20220113 12:31:29.954"/>
</iter>
<iter>
<var name="${span}">element=b51a4aa4-4aa7-413b-9188-4d563078490a</var>
<kw name="Get Text" library="Browser">
<var>${text}</var>
<arg>${span}</arg>
<tag>Assertion</tag>
<tag>Getter</tag>
<tag>PageContent</tag>
<doc>Returns text attribute of the element found by ``selector``.</doc>
<msg timestamp="20220113 12:31:29.961" level="INFO">${text} = Senha obrigatória</msg>
<status status="PASS" starttime="20220113 12:31:29.954" endtime="20220113 12:31:29.961"/>
</kw>
<kw name="Append To List" library="Collections">
<arg>${got_alerts}</arg>
<arg>${text}</arg>
<doc>Adds ``values`` to the end of ``list``.</doc>
<status status="PASS" starttime="20220113 12:31:29.961" endtime="20220113 12:31:29.962"/>
</kw>
<status status="PASS" starttime="20220113 12:31:29.954" endtime="20220113 12:31:29.962"/>
</iter>
<status status="PASS" starttime="20220113 12:31:29.946" endtime="20220113 12:31:29.962"/>
</for>
<kw name="Lists Should Be Equal" library="Collections">
<arg>${expected_alerts}</arg>
<arg>${got_alerts}</arg>
<doc>Fails if given lists are unequal.</doc>
<status status="PASS" starttime="20220113 12:31:29.962" endtime="20220113 12:31:29.962"/>
</kw>
<status status="PASS" starttime="20220113 12:31:29.937" endtime="20220113 12:31:29.962"/>
</kw>
<kw name="Finish Session" library="Base" type="TEARDOWN">
<kw name="Take Screenshot" library="Browser">
<arg>fullPage=True</arg>
<tag>PageContent</tag>
<doc>Takes a screenshot of the current window or element and saves it to disk.</doc>
<msg timestamp="20220113 12:31:30.097" level="INFO" html="true">&lt;/td&gt;&lt;/tr&gt;&lt;tr&gt;&lt;td colspan="3"&gt;&lt;a href="browser/screenshot/robotframework-browser-screenshot-7.png"&gt;&lt;img src="browser/screenshot/robotframework-browser-screenshot-7.png" width="800px"&gt;&lt;/a&gt;</msg>
<status status="PASS" starttime="20220113 12:31:29.963" endtime="20220113 12:31:30.097"/>
</kw>
<status status="PASS" starttime="20220113 12:31:29.962" endtime="20220113 12:31:30.097"/>
</kw>
<tag>empty</tag>
<status status="PASS" starttime="20220113 12:31:26.525" endtime="20220113 12:31:30.097"/>
</test>
<doc>Login test suite</doc>
<status status="FAIL" starttime="20220113 12:30:47.657" endtime="20220113 12:31:30.108"/>
</suite>
<suite id="s1-s4" name="Signup" source="C:\GravidadeZERO\getgeeks\project\tests\Signup.robot">
<test id="s1-s4-t1" name="Register a new user">
<kw name="Start Session" library="Base" type="SETUP">
<kw name="New Browser" library="Browser">
<arg>chromium</arg>
<arg>headless=True</arg>
<arg>slowMo=00:00:00</arg>
<tag>BrowserControl</tag>
<tag>Setter</tag>
<doc>Create a new playwright Browser with specified options.</doc>
<msg timestamp="20220113 12:30:49.348" level="INFO">{"browser": "chromium", "headless": true, "handleSIGINT": true, "handleSIGTERM": true, "handleSIGHUP": true, "timeout": 30000.0, "devtools": false, "slowMo": 0.0, "tracesDir": "C:\\GravidadeZERO\\getgeeks\\project\\pabot_results\\3\\browser\\traces\\5dcd270a-e5ac-42fd-9cfd-57f11538a28a"}</msg>
<msg timestamp="20220113 12:30:50.526" level="INFO">Successfully created browser with options: {"browser":"chromium","headless":true,"handleSIGINT":true,"handleSIGTERM":true,"handleSIGHUP":true,"timeout":30000,"devtools":false,"slowMo":0,"tracesDir":"C:\\GravidadeZERO\\getgeeks\\project\\pabot_results\\3\\browser\\traces\\5dcd270a-e5ac-42fd-9cfd-57f11538a28a"}</msg>
<status status="PASS" starttime="20220113 12:30:49.347" endtime="20220113 12:30:50.526"/>
</kw>
<kw name="New Page" library="Browser">
<arg>${BASE_URL}</arg>
<tag>BrowserControl</tag>
<tag>Setter</tag>
<doc>Open a new Page. A Page is the Playwright equivalent to a tab.
See `Browser, Context and Page` for more information about Page concept.
Returns a stable identifier for the created page.</doc>
<msg timestamp="20220113 12:30:55.178" level="INFO">Successfully initialized new page object and opened url: https://getgeeks-renato.herokuapp.com</msg>
<msg timestamp="20220113 12:30:55.178" level="INFO">No context was open. New context was automatically opened when this page is created.</msg>
<status status="PASS" starttime="20220113 12:30:50.527" endtime="20220113 12:30:55.178"/>
</kw>
<kw name="Set Viewport Size" library="Browser">
<arg>1280</arg>
<arg>768</arg>
<tag>BrowserControl</tag>
<tag>Setter</tag>
<doc>Sets current Pages viewport size to specified dimensions.</doc>
<msg timestamp="20220113 12:30:55.186" level="INFO">Set viewport size to: [object Object]</msg>
<status status="PASS" starttime="20220113 12:30:55.179" endtime="20220113 12:30:55.186"/>
</kw>
<status status="PASS" starttime="20220113 12:30:49.347" endtime="20220113 12:30:55.187"/>
</kw>
<kw name="Factory User" library="Users">
<var>${user}</var>
<arg>faker</arg>
<msg timestamp="20220113 12:30:55.188" level="INFO">${user} = {'name': 'Daniel', 'lastname': 'Hardy', 'email': 'ryan10@gmail.com', 'password': 'pwd123'}</msg>
<status status="PASS" starttime="20220113 12:30:55.187" endtime="20220113 12:30:55.188"/>
</kw>
<kw name="Go To Signup Form" library="SignupActions">
<kw name="Go To" library="Browser">
<arg>${BASE_URL}/signup</arg>
<tag>BrowserControl</tag>
<tag>Setter</tag>
<doc>Navigates to the given ``url``.</doc>
<msg timestamp="20220113 12:30:56.059" level="INFO">Successfully opened URL https://getgeeks-renato.herokuapp.com/signup</msg>
<status status="PASS" starttime="20220113 12:30:55.188" endtime="20220113 12:30:56.059"/>
</kw>
<kw name="Wait For Elements State" library="Browser">
<arg>css=.signup-form</arg>
<arg>visible</arg>
<arg>5</arg>
<tag>PageContent</tag>
<tag>Wait</tag>
<doc>Waits for the element found by ``selector`` to satisfy state option.</doc>
<msg timestamp="20220113 12:30:56.077" level="INFO">Waited for Element with selector css=.signup-form at state visible</msg>
<status status="PASS" starttime="20220113 12:30:56.059" endtime="20220113 12:30:56.077"/>
</kw>
<status status="PASS" starttime="20220113 12:30:55.188" endtime="20220113 12:30:56.078"/>
</kw>
<kw name="Fill Signup Form" library="SignupActions">
<arg>${user}</arg>
<kw name="Fill Text" library="Browser">
<arg>id=name</arg>
<arg>${user}[name]</arg>
<tag>PageContent</tag>
<tag>Setter</tag>
[...]
</kw>
<kw name="Wait For Elements State" library="Browser">
<arg>css=.signup-form</arg>
<arg>visible</arg>
<arg>5</arg>
<tag>PageContent</tag>
<tag>Wait</tag>
<doc>Waits for the element found by ``selector`` to satisfy state option.</doc>
<msg timestamp="20220113 12:31:29.036" level="INFO">Waited for Element with selector css=.signup-form at state visible</msg>
<status status="PASS" starttime="20220113 12:31:29.030" endtime="20220113 12:31:29.036"/>
</kw>
<status status="PASS" starttime="20220113 12:31:28.508" endtime="20220113 12:31:29.036"/>
</kw>
<kw name="Fill Signup Form" library="SignupActions">
<arg>${user}</arg>
<kw name="Fill Text" library="Browser">
<arg>id=name</arg>
<arg>${user}[name]</arg>
<tag>PageContent</tag>
<tag>Setter</tag>
<doc>Clears and fills the given ``txt`` into the text field found by ``selector``.</doc>
<msg timestamp="20220113 12:31:29.037" level="INFO">Fills the text 'Renato' in the given field.</msg>
<status status="PASS" starttime="20220113 12:31:29.037" endtime="20220113 12:31:29.044"/>
</kw>
<kw name="Fill Text" library="Browser">
<arg>id=lastname</arg>
<arg>${user}[lastname]</arg>
<tag>PageContent</tag>
<tag>Setter</tag>
<doc>Clears and fills the given ``txt`` into the text field found by ``selector``.</doc>
<msg timestamp="20220113 12:31:29.045" level="INFO">Fills the text 'Reis' in the given field.</msg>
<status status="PASS" starttime="20220113 12:31:29.044" endtime="20220113 12:31:29.052"/>
</kw>
<kw name="Fill Text" library="Browser">
<arg>id=email</arg>
<arg>${user}[email]</arg>
<tag>PageContent</tag>
<tag>Setter</tag>
<doc>Clears and fills the given ``txt`` into the text field found by ``selector``.</doc>
<msg timestamp="20220113 12:31:29.052" level="INFO">Fills the text 'renato@reis.com.br' in the given field.</msg>
<status status="PASS" starttime="20220113 12:31:29.052" endtime="20220113 12:31:29.059"/>
</kw>
<kw name="Fill Text" library="Browser">
<arg>id=password</arg>
<arg>${user}[password]</arg>
<tag>PageContent</tag>
<tag>Setter</tag>
<doc>Clears and fills the given ``txt`` into the text field found by ``selector``.</doc>
<msg timestamp="20220113 12:31:29.060" level="INFO">Fills the text 'ab3c' in the given field.</msg>
<status status="PASS" starttime="20220113 12:31:29.059" endtime="20220113 12:31:29.067"/>
</kw>
<status status="PASS" starttime="20220113 12:31:29.036" endtime="20220113 12:31:29.067"/>
</kw>
<kw name="Submit Signup Form" library="SignupActions">
<kw name="Click" library="Browser">
<arg>css=.submit-button &gt;&gt; text=Cadastrar</arg>
<tag>PageContent</tag>
<tag>Setter</tag>
<doc>Simulates mouse click on the element found by ``selector``.</doc>
<status status="PASS" starttime="20220113 12:31:29.067" endtime="20220113 12:31:29.099"/>
</kw>
<status status="PASS" starttime="20220113 12:31:29.067" endtime="20220113 12:31:29.099"/>
</kw>
<kw name="Alert Span Should Be" library="_SharedActions">
<arg>Informe uma senha com pelo menos 6 caracteres</arg>
<kw name="Wait For Elements State" library="Browser">
<arg>css=span[class=error] &gt;&gt; text=${expected_notice}</arg>
<arg>visible</arg>
<arg>5</arg>
<tag>PageContent</tag>
<tag>Wait</tag>
<doc>Waits for the element found by ``selector`` to satisfy state option.</doc>
<msg timestamp="20220113 12:31:29.103" level="INFO">Waited for Element with selector css=span[class=error] &gt;&gt; text=Informe uma senha com pelo menos 6 caracteres at state visible</msg>
<status status="PASS" starttime="20220113 12:31:29.100" endtime="20220113 12:31:29.103"/>
</kw>
<status status="PASS" starttime="20220113 12:31:29.099" endtime="20220113 12:31:29.103"/>
</kw>
<status status="PASS" starttime="20220113 12:31:28.507" endtime="20220113 12:31:29.103"/>
</kw>
<kw name="Signup With Short Pass">
<arg>a23bc</arg>
<kw name="Create Dictionary" library="BuiltIn">
<var>${user}</var>
<arg>name=Renato</arg>
<arg>lastname=Reis</arg>
<arg>email=renato@reis.com.br</arg>
<arg>password=${short_pass}</arg>
<doc>Creates and returns a dictionary based on the given ``items``.</doc>
<msg timestamp="20220113 12:31:29.104" level="INFO">${user} = {'name': 'Renato', 'lastname': 'Reis', 'email': 'renato@reis.com.br', 'password': 'a23bc'}</msg>
<status status="PASS" starttime="20220113 12:31:29.104" endtime="20220113 12:31:29.104"/>
</kw>
<kw name="Go To Signup Form" library="SignupActions">
<kw name="Go To" library="Browser">
<arg>${BASE_URL}/signup</arg>
<tag>BrowserControl</tag>
<tag>Setter</tag>
<doc>Navigates to the given ``url``.</doc>
<msg timestamp="20220113 12:31:29.625" level="INFO">Successfully opened URL https://getgeeks-renato.herokuapp.com/signup</msg>
<status status="PASS" starttime="20220113 12:31:29.105" endtime="20220113 12:31:29.626"/>
</kw>
<kw name="Wait For Elements State" library="Browser">
<arg>css=.signup-form</arg>
<arg>visible</arg>
<arg>5</arg>
<tag>PageContent</tag>
<tag>Wait</tag>
<doc>Waits for the element found by ``selector`` to satisfy state option.</doc>
<msg timestamp="20220113 12:31:29.633" level="INFO">Waited for Element with selector css=.signup-form at state visible</msg>
<status status="PASS" starttime="20220113 12:31:29.626" endtime="20220113 12:31:29.633"/>
</kw>
<status status="PASS" starttime="20220113 12:31:29.104" endtime="20220113 12:31:29.633"/>
</kw>
<kw name="Fill Signup Form" library="SignupActions">
<arg>${user}</arg>
<kw name="Fill Text" library="Browser">
<arg>id=name</arg>
<arg>${user}[name]</arg>
<tag>PageContent</tag>
<tag>Setter</tag>
<doc>Clears and fills the given ``txt`` into the text field found by ``selector``.</doc>
<msg timestamp="20220113 12:31:29.634" level="INFO">Fills the text 'Renato' in the given field.</msg>
<status status="PASS" starttime="20220113 12:31:29.633" endtime="20220113 12:31:29.641"/>
</kw>
<kw name="Fill Text" library="Browser">
<arg>id=lastname</arg>
<arg>${user}[lastname]</arg>
<tag>PageContent</tag>
<tag>Setter</tag>
<doc>Clears and fills the given ``txt`` into the text field found by ``selector``.</doc>
<msg timestamp="20220113 12:31:29.642" level="INFO">Fills the text 'Reis' in the given field.</msg>
<status status="PASS" starttime="20220113 12:31:29.641" endtime="20220113 12:31:29.648"/>
</kw>
<kw name="Fill Text" library="Browser">
<arg>id=email</arg>
<arg>${user}[email]</arg>
<tag>PageContent</tag>
<tag>Setter</tag>
<doc>Clears and fills the given ``txt`` into the text field found by ``selector``.</doc>
<msg timestamp="20220113 12:31:29.649" level="INFO">Fills the text 'renato@reis.com.br' in the given field.</msg>
<status status="PASS" starttime="20220113 12:31:29.649" endtime="20220113 12:31:29.655"/>
</kw>
<kw name="Fill Text" library="Browser">
<arg>id=password</arg>
<arg>${user}[password]</arg>
<tag>PageContent</tag>
<tag>Setter</tag>
<doc>Clears and fills the given ``txt`` into the text field found by ``selector``.</doc>
<msg timestamp="20220113 12:31:29.656" level="INFO">Fills the text 'a23bc' in the given field.</msg>
<status status="PASS" starttime="20220113 12:31:29.655" endtime="20220113 12:31:29.662"/>
</kw>
<status status="PASS" starttime="20220113 12:31:29.633" endtime="20220113 12:31:29.662"/>
</kw>
<kw name="Submit Signup Form" library="SignupActions">
<kw name="Click" library="Browser">
<arg>css=.submit-button &gt;&gt; text=Cadastrar</arg>
<tag>PageContent</tag>
<tag>Setter</tag>
<doc>Simulates mouse click on the element found by ``selector``.</doc>
<status status="PASS" starttime="20220113 12:31:29.663" endtime="20220113 12:31:29.700"/>
</kw>
<status status="PASS" starttime="20220113 12:31:29.663" endtime="20220113 12:31:29.701"/>
</kw>
<kw name="Alert Span Should Be" library="_SharedActions">
<arg>Informe uma senha com pelo menos 6 caracteres</arg>
<kw name="Wait For Elements State" library="Browser">
<arg>css=span[class=error] &gt;&gt; text=${expected_notice}</arg>
<arg>visible</arg>
<arg>5</arg>
<tag>PageContent</tag>
<tag>Wait</tag>
<doc>Waits for the element found by ``selector`` to satisfy state option.</doc>
<msg timestamp="20220113 12:31:29.706" level="INFO">Waited for Element with selector css=span[class=error] &gt;&gt; text=Informe uma senha com pelo menos 6 caracteres at state visible</msg>
<status status="PASS" starttime="20220113 12:31:29.701" endtime="20220113 12:31:29.707"/>
</kw>
<status status="PASS" starttime="20220113 12:31:29.701" endtime="20220113 12:31:29.707"/>
</kw>
<status status="PASS" starttime="20220113 12:31:29.104" endtime="20220113 12:31:29.707"/>
</kw>
<kw name="Signup With Short Pass">
<arg>-1</arg>
<kw name="Create Dictionary" library="BuiltIn">
<var>${user}</var>
<arg>name=Renato</arg>
<arg>lastname=Reis</arg>
<arg>email=renato@reis.com.br</arg>
<arg>password=${short_pass}</arg>
<doc>Creates and returns a dictionary based on the given ``items``.</doc>
<msg timestamp="20220113 12:31:29.708" level="INFO">${user} = {'name': 'Renato', 'lastname': 'Reis', 'email': 'renato@reis.com.br', 'password': '-1'}</msg>
<status status="PASS" starttime="20220113 12:31:29.708" endtime="20220113 12:31:29.708"/>
</kw>
<kw name="Go To Signup Form" library="SignupActions">
<kw name="Go To" library="Browser">
<arg>${BASE_URL}/signup</arg>
<tag>BrowserControl</tag>
<tag>Setter</tag>
<doc>Navigates to the given ``url``.</doc>
<msg timestamp="20220113 12:31:30.233" level="INFO">Successfully opened URL https://getgeeks-renato.herokuapp.com/signup</msg>
<status status="PASS" starttime="20220113 12:31:29.709" endtime="20220113 12:31:30.234"/>
</kw>
<kw name="Wait For Elements State" library="Browser">
<arg>css=.signup-form</arg>
<arg>visible</arg>
<arg>5</arg>
<tag>PageContent</tag>
<tag>Wait</tag>
<doc>Waits for the element found by ``selector`` to satisfy state option.</doc>
<msg timestamp="20220113 12:31:30.245" level="INFO">Waited for Element with selector css=.signup-form at state visible</msg>
<status status="PASS" starttime="20220113 12:31:30.234" endtime="20220113 12:31:30.246"/>
</kw>
<status status="PASS" starttime="20220113 12:31:29.709" endtime="20220113 12:31:30.246"/>
</kw>
<kw name="Fill Signup Form" library="SignupActions">
<arg>${user}</arg>
<kw name="Fill Text" library="Browser">
<arg>id=name</arg>
<arg>${user}[name]</arg>
<tag>PageContent</tag>
<tag>Setter</tag>
<doc>Clears and fills the given ``txt`` into the text field found by ``selector``.</doc>
<msg timestamp="20220113 12:31:30.247" level="INFO">Fills the text 'Renato' in the given field.</msg>
<status status="PASS" starttime="20220113 12:31:30.247" endtime="20220113 12:31:30.255"/>
</kw>
<kw name="Fill Text" library="Browser">
<arg>id=lastname</arg>
<arg>${user}[lastname]</arg>
<tag>PageContent</tag>
<tag>Setter</tag>
<doc>Clears and fills the given ``txt`` into the text field found by ``selector``.</doc>
<msg timestamp="20220113 12:31:30.256" level="INFO">Fills the text 'Reis' in the given field.</msg>
<status status="PASS" starttime="20220113 12:31:30.255" endtime="20220113 12:31:30.265"/>
</kw>
<kw name="Fill Text" library="Browser">
<arg>id=email</arg>
<arg>${user}[email]</arg>
<tag>PageContent</tag>
<tag>Setter</tag>
<doc>Clears and fills the given ``txt`` into the text field found by ``selector``.</doc>
<msg timestamp="20220113 12:31:30.265" level="INFO">Fills the text 'renato@reis.com.br' in the given field.</msg>
<status status="PASS" starttime="20220113 12:31:30.265" endtime="20220113 12:31:30.272"/>
</kw>
<kw name="Fill Text" library="Browser">
<arg>id=password</arg>
<arg>${user}[password]</arg>
<tag>PageContent</tag>
<tag>Setter</tag>
<doc>Clears and fills the given ``txt`` into the text field found by ``selector``.</doc>
<msg timestamp="20220113 12:31:30.272" level="INFO">Fills the text '-1' in the given field.</msg>
<status status="PASS" starttime="20220113 12:31:30.272" endtime="20220113 12:31:30.281"/>
</kw>
<status status="PASS" starttime="20220113 12:31:30.246" endtime="20220113 12:31:30.281"/>
</kw>
<kw name="Submit Signup Form" library="SignupActions">
<kw name="Click" library="Browser">
<arg>css=.submit-button &gt;&gt; text=Cadastrar</arg>
<tag>PageContent</tag>
<tag>Setter</tag>
<doc>Simulates mouse click on the element found by ``selector``.</doc>
<status status="PASS" starttime="20220113 12:31:30.281" endtime="20220113 12:31:30.317"/>
</kw>
<status status="PASS" starttime="20220113 12:31:30.281" endtime="20220113 12:31:30.317"/>
</kw>
<kw name="Alert Span Should Be" library="_SharedActions">
<arg>Informe uma senha com pelo menos 6 caracteres</arg>
<kw name="Wait For Elements State" library="Browser">
<arg>css=span[class=error] &gt;&gt; text=${expected_notice}</arg>
<arg>visible</arg>
<arg>5</arg>
<tag>PageContent</tag>
<tag>Wait</tag>
<doc>Waits for the element found by ``selector`` to satisfy state option.</doc>
<msg timestamp="20220113 12:31:30.322" level="INFO">Waited for Element with selector css=span[class=error] &gt;&gt; text=Informe uma senha com pelo menos 6 caracteres at state visible</msg>
<status status="PASS" starttime="20220113 12:31:30.318" endtime="20220113 12:31:30.322"/>
</kw>
<status status="PASS" starttime="20220113 12:31:30.317" endtime="20220113 12:31:30.323"/>
</kw>
<status status="PASS" starttime="20220113 12:31:29.707" endtime="20220113 12:31:30.323"/>
</kw>
<kw name="Signup With Short Pass">
<arg>abc#1</arg>
<kw name="Create Dictionary" library="BuiltIn">
<var>${user}</var>
<arg>name=Renato</arg>
<arg>lastname=Reis</arg>
<arg>email=renato@reis.com.br</arg>
<arg>password=${short_pass}</arg>
<doc>Creates and returns a dictionary based on the given ``items``.</doc>
<msg timestamp="20220113 12:31:30.323" level="INFO">${user} = {'name': 'Renato', 'lastname': 'Reis', 'email': 'renato@reis.com.br', 'password': 'abc#1'}</msg>
<status status="PASS" starttime="20220113 12:31:30.323" endtime="20220113 12:31:30.324"/>
</kw>
<kw name="Go To Signup Form" library="SignupActions">
<kw name="Go To" library="Browser">
<arg>${BASE_URL}/signup</arg>
<tag>BrowserControl</tag>
<tag>Setter</tag>
<doc>Navigates to the given ``url``.</doc>
<msg timestamp="20220113 12:31:30.848" level="INFO">Successfully opened URL https://getgeeks-renato.herokuapp.com/signup</msg>
<status status="PASS" starttime="20220113 12:31:30.324" endtime="20220113 12:31:30.848"/>
</kw>
<kw name="Wait For Elements State" library="Browser">
<arg>css=.signup-form</arg>
<arg>visible</arg>
<arg>5</arg>
<tag>PageContent</tag>
<tag>Wait</tag>
<doc>Waits for the element found by ``selector`` to satisfy state option.</doc>
<msg timestamp="20220113 12:31:30.854" level="INFO">Waited for Element with selector css=.signup-form at state visible</msg>
<status status="PASS" starttime="20220113 12:31:30.848" endtime="20220113 12:31:30.854"/>
</kw>
<status status="PASS" starttime="20220113 12:31:30.324" endtime="20220113 12:31:30.854"/>
</kw>
<kw name="Fill Signup Form" library="SignupActions">
<arg>${user}</arg>
<kw name="Fill Text" library="Browser">
<arg>id=name</arg>
<arg>${user}[name]</arg>
<tag>PageContent</tag>
<tag>Setter</tag>
<doc>Clears and fills the given ``txt`` into the text field found by ``selector``.</doc>
<msg timestamp="20220113 12:31:30.855" level="INFO">Fills the text 'Renato' in the given field.</msg>
<status status="PASS" starttime="20220113 12:31:30.854" endtime="20220113 12:31:30.862"/>
</kw>
<kw name="Fill Text" library="Browser">
<arg>id=lastname</arg>
<arg>${user}[lastname]</arg>
<tag>PageContent</tag>
<tag>Setter</tag>
<doc>Clears and fills the given ``txt`` into the text field found by ``selector``.</doc>
<msg timestamp="20220113 12:31:30.863" level="INFO">Fills the text 'Reis' in the given field.</msg>
<status status="PASS" starttime="20220113 12:31:30.863" endtime="20220113 12:31:30.869"/>
</kw>
<kw name="Fill Text" library="Browser">
<arg>id=email</arg>
<arg>${user}[email]</arg>
<tag>PageContent</tag>
<tag>Setter</tag>
<doc>Clears and fills the given ``txt`` into the text field found by ``selector``.</doc>
<msg timestamp="20220113 12:31:30.870" level="INFO">Fills the text 'renato@reis.com.br' in the given field.</msg>
<status status="PASS" starttime="20220113 12:31:30.870" endtime="20220113 12:31:30.876"/>
</kw>
<kw name="Fill Text" library="Browser">
<arg>id=password</arg>
<arg>${user}[password]</arg>
<tag>PageContent</tag>
<tag>Setter</tag>
<doc>Clears and fills the given ``txt`` into the text field found by ``selector``.</doc>
<msg timestamp="20220113 12:31:30.877" level="INFO">Fills the text 'abc#1' in the given field.</msg>
<status status="PASS" starttime="20220113 12:31:30.876" endtime="20220113 12:31:30.883"/>
</kw>
<status status="PASS" starttime="20220113 12:31:30.854" endtime="20220113 12:31:30.883"/>
</kw>
<kw name="Submit Signup Form" library="SignupActions">
<kw name="Click" library="Browser">
<arg>css=.submit-button &gt;&gt; text=Cadastrar</arg>
<tag>PageContent</tag>
<tag>Setter</tag>
<doc>Simulates mouse click on the element found by ``selector``.</doc>
<status status="PASS" starttime="20220113 12:31:30.884" endtime="20220113 12:31:30.918"/>
</kw>
<status status="PASS" starttime="20220113 12:31:30.883" endtime="20220113 12:31:30.918"/>
</kw>
<kw name="Alert Span Should Be" library="_SharedActions">
<arg>Informe uma senha com pelo menos 6 caracteres</arg>
<kw name="Wait For Elements State" library="Browser">
<arg>css=span[class=error] &gt;&gt; text=${expected_notice}</arg>
<arg>visible</arg>
<arg>5</arg>
<tag>PageContent</tag>
<tag>Wait</tag>
<doc>Waits for the element found by ``selector`` to satisfy state option.</doc>
<msg timestamp="20220113 12:31:30.922" level="INFO">Waited for Element with selector css=span[class=error] &gt;&gt; text=Informe uma senha com pelo menos 6 caracteres at state visible</msg>
<status status="PASS" starttime="20220113 12:31:30.918" endtime="20220113 12:31:30.922"/>
</kw>
<status status="PASS" starttime="20220113 12:31:30.918" endtime="20220113 12:31:30.922"/>
</kw>
<status status="PASS" starttime="20220113 12:31:30.323" endtime="20220113 12:31:30.922"/>
</kw>
<kw name="Finish Session" library="Base" type="TEARDOWN">
<kw name="Take Screenshot" library="Browser">
<arg>fullPage=True</arg>
<tag>PageContent</tag>
<doc>Takes a screenshot of the current window or element and saves it to disk.</doc>
<msg timestamp="20220113 12:31:31.069" level="INFO" html="true">&lt;/td&gt;&lt;/tr&gt;&lt;tr&gt;&lt;td colspan="3"&gt;&lt;a href="browser/screenshot/robotframework-browser-screenshot-5.png"&gt;&lt;img src="browser/screenshot/robotframework-browser-screenshot-5.png" width="800px"&gt;&lt;/a&gt;</msg>
<status status="PASS" starttime="20220113 12:31:30.922" endtime="20220113 12:31:31.069"/>
</kw>
<status status="PASS" starttime="20220113 12:31:30.922" endtime="20220113 12:31:31.069"/>
</kw>
<tag>attempt_signup</tag>
<tag>short_pass</tag>
<status status="PASS" starttime="20220113 12:31:20.879" endtime="20220113 12:31:31.069"/>
</test>
<doc>Signup Test Suite</doc>
<status status="FAIL" starttime="20220113 12:30:47.657" endtime="20220113 12:31:31.079"/>
</suite>
<doc>[https://pabot.org/?ref=log|Pabot] result from 4 executions.</doc>
<status status="FAIL" starttime="20220113 12:30:47.645" endtime="20220113 12:31:31.082"/>
</suite>
<statistics>
<total>
<stat pass="8" fail="15" skip="0">All Tests</stat>
</total>
<tag>
<stat pass="3" fail="1" skip="0">attempt_signup</stat>
<stat pass="3" fail="0" skip="0">empty</stat>
<stat pass="1" fail="0" skip="0">inv_email</stat>
<stat pass="0" fail="1" skip="0">inv_pass</stat>
<stat pass="1" fail="0" skip="0">req_f</stat>
<stat pass="1" fail="0" skip="0">short_pass</stat>
<stat pass="0" fail="3" skip="0">smoke</stat>
<stat pass="1" fail="0" skip="0">user_404</stat>
</tag>
<suite>
<stat pass="8" fail="15" skip="0" id="s1" name="Tests">Tests</stat>
<stat pass="0" fail="10" skip="0" id="s1-s1" name="AttempBeGeek">Tests.AttempBeGeek</stat>
<stat pass="0" fail="1" skip="0" id="s1-s2" name="BeGeek">Tests.BeGeek</stat>
<stat pass="5" fail="2" skip="0" id="s1-s3" name="Login">Tests.Login</stat>
<stat pass="3" fail="2" skip="0" id="s1-s4" name="Signup">Tests.Signup</stat>
</suite>
</statistics>
<errors>
</errors>
</robot>
