<?xml version="1.0" encoding="UTF-8"?>
<robot generator="Rebot 4.1.2 (Python 3.10.0 on win32)" generated="20220112 16:20:39.617" rpa="false" schemaversion="2">
<suite id="s1" name="Tests" source="C:\GravidadeZERO\getgeeks\project\tests">
<suite id="s1-s1" name="BeGeek" source="C:\GravidadeZERO\getgeeks\project\tests\BeGeek.robot">
<test id="s1-s1-t1" name="Be a Geek">
<kw name="Start Session" library="Base" type="SETUP">
<kw name="New Browser" library="Browser">
<arg>chromium</arg>
<arg>headless=False</arg>
<arg>slowMo=00:00:00</arg>
<tag>BrowserControl</tag>
<tag>Setter</tag>
<doc>Create a new playwright Browser with specified options.</doc>
<msg timestamp="20220112 16:20:08.909" level="INFO">{"browser": "chromium", "headless": false, "handleSIGINT": true, "handleSIGTERM": true, "handleSIGHUP": true, "timeout": 30000.0, "devtools": false, "slowMo": 0.0, "tracesDir": "C:\\GravidadeZERO\\getgeeks\\project\\pabot_results\\0\\browser\\traces\\98968c44-df02-4a6a-a067-f5553685eaf6"}</msg>
<msg timestamp="20220112 16:20:10.015" level="INFO">Successfully created browser with options: {"browser":"chromium","headless":false,"handleSIGINT":true,"handleSIGTERM":true,"handleSIGHUP":true,"timeout":30000,"devtools":false,"slowMo":0,"tracesDir":"C:\\GravidadeZERO\\getgeeks\\project\\pabot_results\\0\\browser\\traces\\98968c44-df02-4a6a-a067-f5553685eaf6"}</msg>
<status status="PASS" starttime="20220112 16:20:08.908" endtime="20220112 16:20:10.015"/>
</kw>
<kw name="New Page" library="Browser">
<arg>${BASE_URL}</arg>
<tag>BrowserControl</tag>
<tag>Setter</tag>
<doc>Open a new Page. A Page is the Playwright equivalent to a tab.
See `Browser, Context and Page` for more information about Page concept.
Returns a stable identifier for the created page.</doc>
<msg timestamp="20220112 16:20:12.394" level="INFO">Successfully initialized new page object and opened url: https://getgeeks-renato.herokuapp.com</msg>
<msg timestamp="20220112 16:20:12.395" level="INFO">No context was open. New context was automatically opened when this page is created.</msg>
<status status="PASS" starttime="20220112 16:20:10.016" endtime="20220112 16:20:12.395"/>
</kw>
<status status="PASS" starttime="20220112 16:20:08.908" endtime="20220112 16:20:12.395"/>
</kw>
<kw name="Factory User" library="Users">
<var>${user}</var>
<arg>be_geek</arg>
<msg timestamp="20220112 16:20:12.396" level="INFO">${user} = {'name': 'Kim', 'lastname': 'Dotcom', 'email': 'kim@dot.com', 'password': 'pwd123', 'geek_profile': {'whats': '11999999999', 'desc': 'Seu computador está lento? Reiniciando do nada? Talvez seja um vír...</msg>
<status status="PASS" starttime="20220112 16:20:12.395" endtime="20220112 16:20:12.396"/>
</kw>
<kw name="Do Login" library="Helpers">
<arg>${user}</arg>
<kw name="Go To Login Page" library="AuthActions">
<kw name="Go To" library="Browser">
<arg>${BASE_URL}</arg>
<tag>BrowserControl</tag>
<tag>Setter</tag>
<doc>Navigates to the given ``url``.</doc>
<msg timestamp="20220112 16:20:12.933" level="INFO">Successfully opened URL https://getgeeks-renato.herokuapp.com</msg>
<status status="PASS" starttime="20220112 16:20:12.397" endtime="20220112 16:20:12.933"/>
</kw>
<kw name="Wait For Elements State" library="Browser">
<arg>css=.login-form</arg>
<arg>visible</arg>
<arg>5</arg>
<tag>PageContent</tag>
<tag>Wait</tag>
<doc>Waits for the element found by ``selector`` to satisfy state option.</doc>
<msg timestamp="20220112 16:20:12.950" level="INFO">Waited for Element with selector css=.login-form at state visible</msg>
<status status="PASS" starttime="20220112 16:20:12.934" endtime="20220112 16:20:12.950"/>
</kw>
<status status="PASS" starttime="20220112 16:20:12.396" endtime="20220112 16:20:12.950"/>
</kw>
<kw name="Fill Credentials" library="AuthActions">
<arg>${user}</arg>
<kw name="Fill Text" library="Browser">
<arg>${INPUT_EMAIL}</arg>
<arg>${user}[email]</arg>
<tag>PageContent</tag>
<tag>Setter</tag>
<doc>Clears and fills the given ``txt`` into the text field found by ``selector``.</doc>
<msg timestamp="20220112 16:20:12.951" level="INFO">Fills the text 'kim@dot.com' in the given field.</msg>
<status status="PASS" starttime="20220112 16:20:12.951" endtime="20220112 16:20:12.965"/>
</kw>
<kw name="Fill Text" library="Browser">
<arg>${INPUT_PASS}</arg>
<arg>${user}[password]</arg>
<tag>PageContent</tag>
<tag>Setter</tag>
<doc>Clears and fills the given ``txt`` into the text field found by ``selector``.</doc>
<msg timestamp="20220112 16:20:12.966" level="INFO">Fills the text 'pwd123' in the given field.</msg>
<status status="PASS" starttime="20220112 16:20:12.965" endtime="20220112 16:20:12.976"/>
</kw>
<status status="PASS" starttime="20220112 16:20:12.950" endtime="20220112 16:20:12.976"/>
</kw>
<kw name="Submit Credentials" library="AuthActions">
<kw name="Click" library="Browser">
<arg>css=.submit-button &gt;&gt; text=Entrar</arg>
<tag>PageContent</tag>
<tag>Setter</tag>
<doc>Simulates mouse click on the element found by ``selector``.</doc>
<status status="PASS" starttime="20220112 16:20:12.977" endtime="20220112 16:20:13.039"/>
</kw>
<status status="PASS" starttime="20220112 16:20:12.976" endtime="20220112 16:20:13.039"/>
</kw>
<kw name="User Should Be Logged In" library="AuthActions">
<arg>${user}</arg>
<kw name="Set Variable" library="BuiltIn">
<var>${element}</var>
<arg>css=a[href="/profile"]</arg>
<doc>Returns the given values which can then be assigned to a variables.</doc>
<msg timestamp="20220112 16:20:13.040" level="INFO">${element} = css=a[href="/profile"]</msg>
<status status="PASS" starttime="20220112 16:20:13.040" endtime="20220112 16:20:13.040"/>
</kw>
<kw name="Set Variable" library="BuiltIn">
<var>${expected_fullname}</var>
<arg>${user}[name] ${user}[lastname]</arg>
<doc>Returns the given values which can then be assigned to a variables.</doc>
<msg timestamp="20220112 16:20:13.041" level="INFO">${expected_fullname} = Kim Dotcom</msg>
<status status="PASS" starttime="20220112 16:20:13.040" endtime="20220112 16:20:13.041"/>
</kw>
<kw name="Wait For Elements State" library="Browser">
<arg>${element}</arg>
<arg>visible</arg>
<arg>5</arg>
<tag>PageContent</tag>
<tag>Wait</tag>
<doc>Waits for the element found by ``selector`` to satisfy state option.</doc>
<msg timestamp="20220112 16:20:13.899" level="INFO">Waited for Element with selector css=a[href="/profile"] at state visible</msg>
<status status="PASS" starttime="20220112 16:20:13.041" endtime="20220112 16:20:13.899"/>
</kw>
<kw name="Get Text" library="Browser">
<arg>${element}</arg>
<arg>equal</arg>
<arg>${expected_fullname}</arg>
<tag>Assertion</tag>
<tag>Getter</tag>
<tag>PageContent</tag>
<doc>Returns text attribute of the element found by ``selector``.</doc>
<status status="PASS" starttime="20220112 16:20:13.899" endtime="20220112 16:20:13.912"/>
</kw>
<status status="PASS" starttime="20220112 16:20:13.040" endtime="20220112 16:20:13.912"/>
</kw>
<status status="PASS" starttime="20220112 16:20:12.396" endtime="20220112 16:20:13.912"/>
</kw>
<kw name="Go To Geek Form" library="GeekActions">
<kw name="Click" library="Browser">
<arg>css=a[href="/be-geek"] &gt;&gt; text=Seja um Geek</arg>
<tag>PageContent</tag>
<tag>Setter</tag>
<doc>Simulates mouse click on the element found by ``selector``.</doc>
<status status="PASS" starttime="20220112 16:20:13.913" endtime="20220112 16:20:13.958"/>
</kw>
<kw name="Wait For Elements State" library="Browser">
<arg>css=.be-geek-form</arg>
<arg>visible</arg>
<arg>5</arg>
<tag>PageContent</tag>
<tag>Wait</tag>
<doc>Waits for the element found by ``selector`` to satisfy state option.</doc>
<msg timestamp="20220112 16:20:13.964" level="INFO">Waited for Element with selector css=.be-geek-form at state visible</msg>
<status status="PASS" starttime="20220112 16:20:13.958" endtime="20220112 16:20:13.964"/>
</kw>
<status status="PASS" starttime="20220112 16:20:13.913" endtime="20220112 16:20:13.964"/>
</kw>
<kw name="Fill Geek Form" library="GeekActions">
<arg>${user}[geek_profile]</arg>
<kw name="Fill Text" library="Browser">
<arg>id=whatsapp</arg>
<arg>${geek_profile}[whats]</arg>
<tag>PageContent</tag>
<tag>Setter</tag>
<doc>Clears and fills the given ``txt`` into the text field found by ``selector``.</doc>
<msg timestamp="20220112 16:20:13.965" level="INFO">Fills the text '11999999999' in the given field.</msg>
<status status="PASS" starttime="20220112 16:20:13.965" endtime="20220112 16:20:13.978"/>
</kw>
<kw name="Fill Text" library="Browser">
<arg>id=desc</arg>
<arg>${geek_profile}[desc]</arg>
<tag>PageContent</tag>
<tag>Setter</tag>
<doc>Clears and fills the given ``txt`` into the text field found by ``selector``.</doc>
<msg timestamp="20220112 16:20:13.978" level="INFO">Fills the text 'Seu computador está lento? Reiniciando do nada? Talvez seja um vírus, ou algum hardware com defeito. Posso fazer a manutenção no seu PC, formando, reinstalando o SO, trocando algum componente físico e porque não remover o baidu ou qualquer outro malware.' in the given field.</msg>
<status status="PASS" starttime="20220112 16:20:13.978" endtime="20220112 16:20:13.988"/>
</kw>
<kw name="Select Options By" library="Browser">
<arg>id=printer_repair</arg>
<arg>text</arg>
<arg>${geek_profile}[printer_repair]</arg>
<tag>PageContent</tag>
<tag>Setter</tag>
<doc>Selects options from select element found by ``selector``.</doc>
<status status="PASS" starttime="20220112 16:20:13.988" endtime="20220112 16:20:13.996"/>
</kw>
<kw name="Select Options By" library="Browser">
<arg>id=work</arg>
<arg>text</arg>
<arg>${geek_profile}[work]</arg>
<tag>PageContent</tag>
<tag>Setter</tag>
<doc>Selects options from select element found by ``selector``.</doc>
<status status="PASS" starttime="20220112 16:20:13.996" endtime="20220112 16:20:14.002"/>
</kw>
<kw name="Fill Text" library="Browser">
<arg>id=cost</arg>
<arg>${geek_profile}[cost]</arg>
<tag>PageContent</tag>
<tag>Setter</tag>
<doc>Clears and fills the given ``txt`` into the text field found by ``selector``.</doc>
<msg timestamp="20220112 16:20:14.003" level="INFO">Fills the text '100' in the given field.</msg>
<status status="PASS" starttime="20220112 16:20:14.003" endtime="20220112 16:20:14.012"/>
</kw>
<status status="PASS" starttime="20220112 16:20:13.964" endtime="20220112 16:20:14.012"/>
</kw>
<kw name="Submit Geek Form" library="GeekActions">
<kw name="Click" library="Browser">
<arg>css=button &gt;&gt; text=Quero ser um Geek</arg>
<tag>PageContent</tag>
<tag>Setter</tag>
<doc>Simulates mouse click on the element found by ``selector``.</doc>
<status status="PASS" starttime="20220112 16:20:14.013" endtime="20220112 16:20:14.127"/>
</kw>
<status status="PASS" starttime="20220112 16:20:14.013" endtime="20220112 16:20:14.127"/>
</kw>
<kw name="Geek Form Should Be Success" library="GeekActions">
<kw name="Set Variable" library="BuiltIn">
<var>${expected_message}</var>
<arg>Seu cadastro está na nossa lista de geeks. Agora é só ficar de olho no seu WhatsApp.</arg>
<doc>Returns the given values which can then be assigned to a variables.</doc>
<msg timestamp="20220112 16:20:14.128" level="INFO">${expected_message} = Seu cadastro está na nossa lista de geeks. Agora é só ficar de olho no seu WhatsApp.</msg>
<status status="PASS" starttime="20220112 16:20:14.128" endtime="20220112 16:20:14.128"/>
</kw>
<kw name="Wait For Elements State" library="Browser">
<arg>css=p &gt;&gt; text=${expected_message}</arg>
<arg>visible</arg>
<arg>5</arg>
<tag>PageContent</tag>
<tag>Wait</tag>
<doc>Waits for the element found by ``selector`` to satisfy state option.</doc>
<msg timestamp="20220112 16:20:14.671" level="INFO">Waited for Element with selector css=p &gt;&gt; text=Seu cadastro está na nossa lista de geeks. Agora é só ficar de olho no seu WhatsApp. at state visible</msg>
<status status="PASS" starttime="20220112 16:20:14.129" endtime="20220112 16:20:14.671"/>
</kw>
<status status="PASS" starttime="20220112 16:20:14.128" endtime="20220112 16:20:14.671"/>
</kw>
<kw name="Finish Session" library="Base" type="TEARDOWN">
<kw name="Take Screenshot" library="Browser">
<tag>PageContent</tag>
<doc>Takes a screenshot of the current window or element and saves it to disk.</doc>
<msg timestamp="20220112 16:20:14.772" level="INFO" html="true">&lt;/td&gt;&lt;/tr&gt;&lt;tr&gt;&lt;td colspan="3"&gt;&lt;a href="browser/screenshot/robotframework-browser-screenshot-1.png"&gt;&lt;img src="browser/screenshot/robotframework-browser-screenshot-1.png" width="800px"&gt;&lt;/a&gt;</msg>
<status status="PASS" starttime="20220112 16:20:14.672" endtime="20220112 16:20:14.772"/>
</kw>
<status status="PASS" starttime="20220112 16:20:14.672" endtime="20220112 16:20:14.773"/>
</kw>
<status status="PASS" starttime="20220112 16:20:08.906" endtime="20220112 16:20:14.773"/>
</test>
<doc>BeGeek test suite</doc>
<status status="PASS" starttime="20220112 16:20:08.004" endtime="20220112 16:20:14.811"/>
</suite>
<suite id="s1-s2" name="Login" source="C:\GravidadeZERO\getgeeks\project\tests\Login.robot">
<test id="s1-s2-t1" name="User Login">
<kw name="Start Session" library="Base" type="SETUP">
<kw name="New Browser" library="Browser">
<arg>chromium</arg>
<arg>headless=False</arg>
<arg>slowMo=00:00:00</arg>
<tag>BrowserControl</tag>
<tag>Setter</tag>
<doc>Create a new playwright Browser with specified options.</doc>
<msg timestamp="20220112 16:20:08.908" level="INFO">{"browser": "chromium", "headless": false, "handleSIGINT": true, "handleSIGTERM": true, "handleSIGHUP": true, "timeout": 30000.0, "devtools": false, "slowMo": 0.0, "tracesDir": "C:\\GravidadeZERO\\getgeeks\\project\\pabot_results\\1\\browser\\traces\\cb739070-13b2-4e3d-89db-9a581d7c665b"}</msg>
<msg timestamp="20220112 16:20:09.846" level="INFO">Successfully created browser with options: {"browser":"chromium","headless":false,"handleSIGINT":true,"handleSIGTERM":true,"handleSIGHUP":true,"timeout":30000,"devtools":false,"slowMo":0,"tracesDir":"C:\\GravidadeZERO\\getgeeks\\project\\pabot_results\\1\\browser\\traces\\cb739070-13b2-4e3d-89db-9a581d7c665b"}</msg>
<status status="PASS" starttime="20220112 16:20:08.908" endtime="20220112 16:20:09.846"/>
</kw>
<kw name="New Page" library="Browser">
<arg>${BASE_URL}</arg>
<tag>BrowserControl</tag>
<tag>Setter</tag>
<doc>Open a new Page. A Page is the Playwright equivalent to a tab.
See `Browser, Context and Page` for more information about Page concept.
Returns a stable identifier for the created page.</doc>
<msg timestamp="20220112 16:20:12.115" level="INFO">Successfully initialized new page object and opened url: https://getgeeks-renato.herokuapp.com</msg>
<msg timestamp="20220112 16:20:12.115" level="INFO">No context was open. New context was automatically opened when this page is created.</msg>
<status status="PASS" starttime="20220112 16:20:09.846" endtime="20220112 16:20:12.116"/>
</kw>
<status status="PASS" starttime="20220112 16:20:08.908" endtime="20220112 16:20:12.116"/>
</kw>
<kw name="Factory User" library="Users">
<var>${user}</var>
<arg>login</arg>
<msg timestamp="20220112 16:20:12.117" level="INFO">${user} = {'name': 'Fernando', 'lastname': 'Papito', 'email': 'papito@hotmail.com', 'password': 'pwd123'}</msg>
<status status="PASS" starttime="20220112 16:20:12.116" endtime="20220112 16:20:12.117"/>
</kw>
<kw name="Go To Login Page" library="AuthActions">
<kw name="Go To" library="Browser">
<arg>${BASE_URL}</arg>
<tag>BrowserControl</tag>
<tag>Setter</tag>
<doc>Navigates to the given ``url``.</doc>
<msg timestamp="20220112 16:20:12.649" level="INFO">Successfully opened URL https://getgeeks-renato.herokuapp.com</msg>
<status status="PASS" starttime="20220112 16:20:12.117" endtime="20220112 16:20:12.649"/>
</kw>
<kw name="Wait For Elements State" library="Browser">
<arg>css=.login-form</arg>
<arg>visible</arg>
<arg>5</arg>
<tag>PageContent</tag>
<tag>Wait</tag>
<doc>Waits for the element found by ``selector`` to satisfy state option.</doc>
<msg timestamp="20220112 16:20:12.668" level="INFO">Waited for Element with selector css=.login-form at state visible</msg>
<status status="PASS" starttime="20220112 16:20:12.650" endtime="20220112 16:20:12.668"/>
</kw>
<status status="PASS" starttime="20220112 16:20:12.117" endtime="20220112 16:20:12.668"/>
</kw>
<kw name="Fill Credentials" library="AuthActions">
<arg>${user}</arg>
<kw name="Fill Text" library="Browser">
<arg>${INPUT_EMAIL}</arg>
<arg>${user}[email]</arg>
<tag>PageContent</tag>
<tag>Setter</tag>
<doc>Clears and fills the given ``txt`` into the text field found by ``selector``.</doc>
<msg timestamp="20220112 16:20:12.669" level="INFO">Fills the text 'papito@hotmail.com' in the given field.</msg>
<status status="PASS" starttime="20220112 16:20:12.669" endtime="20220112 16:20:12.682"/>
</kw>
<kw name="Fill Text" library="Browser">
<arg>${INPUT_PASS}</arg>
<arg>${user}[password]</arg>
<tag>PageContent</tag>
<tag>Setter</tag>
<doc>Clears and fills the given ``txt`` into the text field found by ``selector``.</doc>
<msg timestamp="20220112 16:20:12.683" level="INFO">Fills the text 'pwd123' in the given field.</msg>
<status status="PASS" starttime="20220112 16:20:12.682" endtime="20220112 16:20:12.694"/>
</kw>
<status status="PASS" starttime="20220112 16:20:12.668" endtime="20220112 16:20:12.694"/>
</kw>
<kw name="Submit Credentials" library="AuthActions">
<kw name="Click" library="Browser">
<arg>css=.submit-button &gt;&gt; text=Entrar</arg>
<tag>PageContent</tag>
<tag>Setter</tag>
<doc>Simulates mouse click on the element found by ``selector``.</doc>
<status status="PASS" starttime="20220112 16:20:12.695" endtime="20220112 16:20:12.745"/>
</kw>
<status status="PASS" starttime="20220112 16:20:12.694" endtime="20220112 16:20:12.745"/>
</kw>
<kw name="User Should Be Logged In" library="AuthActions">
<arg>${user}</arg>
<kw name="Set Variable" library="BuiltIn">
<var>${element}</var>
<arg>css=a[href="/profile"]</arg>
<doc>Returns the given values which can then be assigned to a variables.</doc>
<msg timestamp="20220112 16:20:12.746" level="INFO">${element} = css=a[href="/profile"]</msg>
<status status="PASS" starttime="20220112 16:20:12.746" endtime="20220112 16:20:12.746"/>
</kw>
<kw name="Set Variable" library="BuiltIn">
<var>${expected_fullname}</var>
<arg>${user}[name] ${user}[lastname]</arg>
<doc>Returns the given values which can then be assigned to a variables.</doc>
<msg timestamp="20220112 16:20:12.746" level="INFO">${expected_fullname} = Fernando Papito</msg>
<status status="PASS" starttime="20220112 16:20:12.746" endtime="20220112 16:20:12.746"/>
</kw>
<kw name="Wait For Elements State" library="Browser">
<arg>${element}</arg>
<arg>visible</arg>
<arg>5</arg>
<tag>PageContent</tag>
<tag>Wait</tag>
<doc>Waits for the element found by ``selector`` to satisfy state option.</doc>
<msg timestamp="20220112 16:20:13.728" level="INFO">Waited for Element with selector css=a[href="/profile"] at state visible</msg>
<status status="PASS" starttime="20220112 16:20:12.747" endtime="20220112 16:20:13.728"/>
</kw>
<kw name="Get Text" library="Browser">
<arg>${element}</arg>
<arg>equal</arg>
<arg>${expected_fullname}</arg>
<tag>Assertion</tag>
<tag>Getter</tag>
<tag>PageContent</tag>
<doc>Returns text attribute of the element found by ``selector``.</doc>
<status status="PASS" starttime="20220112 16:20:13.728" endtime="20220112 16:20:13.740"/>
</kw>
<status status="PASS" starttime="20220112 16:20:12.745" endtime="20220112 16:20:13.741"/>
</kw>
<kw name="Finish Session" library="Base" type="TEARDOWN">
<kw name="Take Screenshot" library="Browser">
<tag>PageContent</tag>
<doc>Takes a screenshot of the current window or element and saves it to disk.</doc>
<msg timestamp="20220112 16:20:13.856" level="INFO" html="true">&lt;/td&gt;&lt;/tr&gt;&lt;tr&gt;&lt;td colspan="3"&gt;&lt;a href="browser/screenshot/robotframework-browser-screenshot-1.png"&gt;&lt;img src="browser/screenshot/robotframework-browser-screenshot-1.png" width="800px"&gt;&lt;/a&gt;</msg>
<status status="PASS" starttime="20220112 16:20:13.741" endtime="20220112 16:20:13.856"/>
</kw>
<status status="PASS" starttime="20220112 16:20:13.741" endtime="20220112 16:20:13.856"/>
</kw>
<status status="PASS" starttime="20220112 16:20:08.906" endtime="20220112 16:20:13.856"/>
</test>
<test id="s1-s2-t2" name="Incorrect Pass">
<kw name="Start Session" library="Base" type="SETUP">
<kw name="New Browser" library="Browser">
<arg>chromium</arg>
<arg>headless=False</arg>
<arg>slowMo=00:00:00</arg>
<tag>BrowserControl</tag>
<tag>Setter</tag>
<doc>Create a new playwright Browser with specified options.</doc>
<msg timestamp="20220112 16:20:13.890" level="INFO">{"browser": "chromium", "headless": false, "handleSIGINT": true, "handleSIGTERM": true, "handleSIGHUP": true, "timeout": 30000.0, "devtools": false, "slowMo": 0.0, "tracesDir": "C:\\GravidadeZERO\\getgeeks\\project\\pabot_results\\1\\browser\\traces\\62dc0a4c-236f-4c47-8bdd-ec3ee5b6e8d4"}</msg>
<msg timestamp="20220112 16:20:14.611" level="INFO">Successfully created browser with options: {"browser":"chromium","headless":false,"handleSIGINT":true,"handleSIGTERM":true,"handleSIGHUP":true,"timeout":30000,"devtools":false,"slowMo":0,"tracesDir":"C:\\GravidadeZERO\\getgeeks\\project\\pabot_results\\1\\browser\\traces\\62dc0a4c-236f-4c47-8bdd-ec3ee5b6e8d4"}</msg>
<status status="PASS" starttime="20220112 16:20:13.889" endtime="20220112 16:20:14.612"/>
</kw>
<kw name="New Page" library="Browser">
<arg>${BASE_URL}</arg>
<tag>BrowserControl</tag>
<tag>Setter</tag>
<doc>Open a new Page. A Page is the Playwright equivalent to a tab.
See `Browser, Context and Page` for more information about Page concept.
Returns a stable identifier for the created page.</doc>
<msg timestamp="20220112 16:20:16.806" level="INFO">Successfully initialized new page object and opened url: https://getgeeks-renato.herokuapp.com</msg>
<msg timestamp="20220112 16:20:16.806" level="INFO">No context was open. New context was automatically opened when this page is created.</msg>
<status status="PASS" starttime="20220112 16:20:14.612" endtime="20220112 16:20:16.806"/>
</kw>
<status status="PASS" starttime="20220112 16:20:13.889" endtime="20220112 16:20:16.806"/>
</kw>
<kw name="Create Dictionary" library="BuiltIn">
<var>${user}</var>
<arg>email=renato@hotmail.com</arg>
<arg>password=abc123</arg>
<doc>Creates and returns a dictionary based on the given ``items``.</doc>
<msg timestamp="20220112 16:20:16.807" level="INFO">${user} = {'email': 'renato@hotmail.com', 'password': 'abc123'}</msg>
<status status="PASS" starttime="20220112 16:20:16.806" endtime="20220112 16:20:16.807"/>
</kw>
<kw name="Go To Login Page" library="AuthActions">
<kw name="Go To" library="Browser">
<arg>${BASE_URL}</arg>
<tag>BrowserControl</tag>
<tag>Setter</tag>
<doc>Navigates to the given ``url``.</doc>
<msg timestamp="20220112 16:20:17.343" level="INFO">Successfully opened URL https://getgeeks-renato.herokuapp.com</msg>
<status status="PASS" starttime="20220112 16:20:16.807" endtime="20220112 16:20:17.343"/>
</kw>
<kw name="Wait For Elements State" library="Browser">
<arg>css=.login-form</arg>
<arg>visible</arg>
<arg>5</arg>
<tag>PageContent</tag>
<tag>Wait</tag>
<doc>Waits for the element found by ``selector`` to satisfy state option.</doc>
<msg timestamp="20220112 16:20:17.357" level="INFO">Waited for Element with selector css=.login-form at state visible</msg>
<status status="PASS" starttime="20220112 16:20:17.343" endtime="20220112 16:20:17.357"/>
</kw>
<status status="PASS" starttime="20220112 16:20:16.807" endtime="20220112 16:20:17.358"/>
</kw>
<kw name="Fill Credentials" library="AuthActions">
<arg>${user}</arg>
<kw name="Fill Text" library="Browser">
<arg>${INPUT_EMAIL}</arg>
<arg>${user}[email]</arg>
<tag>PageContent</tag>
<tag>Setter</tag>
<doc>Clears and fills the given ``txt`` into the text field found by ``selector``.</doc>
<msg timestamp="20220112 16:20:17.358" level="INFO">Fills the text 'renato@hotmail.com' in the given field.</msg>
<status status="PASS" starttime="20220112 16:20:17.358" endtime="20220112 16:20:17.369"/>
</kw>
<kw name="Fill Text" library="Browser">
<arg>${INPUT_PASS}</arg>
<arg>${user}[password]</arg>
<tag>PageContent</tag>
<tag>Setter</tag>
<doc>Clears and fills the given ``txt`` into the text field found by ``selector``.</doc>
<msg timestamp="20220112 16:20:17.370" level="INFO">Fills the text 'abc123' in the given field.</msg>
<status status="PASS" starttime="20220112 16:20:17.369" endtime="20220112 16:20:17.379"/>
</kw>
<status status="PASS" starttime="20220112 16:20:17.358" endtime="20220112 16:20:17.379"/>
</kw>
<kw name="Submit Credentials" library="AuthActions">
<kw name="Click" library="Browser">
<arg>css=.submit-button &gt;&gt; text=Entrar</arg>
<tag>PageContent</tag>
<tag>Setter</tag>
<doc>Simulates mouse click on the element found by ``selector``.</doc>
<status status="PASS" starttime="20220112 16:20:17.380" endtime="20220112 16:20:17.438"/>
</kw>
<status status="PASS" starttime="20220112 16:20:17.379" endtime="20220112 16:20:17.438"/>
</kw>
<kw name="Modal Content Should Be" library="_SharedActions">
<arg>Usuário e/ou senha inválidos.</arg>
<kw name="Set Variable" library="BuiltIn">
<var>${title}</var>
<arg>css=.swal2-title</arg>
<doc>Returns the given values which can then be assigned to a variables.</doc>
<msg timestamp="20220112 16:20:17.439" level="INFO">${title} = css=.swal2-title</msg>
<status status="PASS" starttime="20220112 16:20:17.439" endtime="20220112 16:20:17.439"/>
</kw>
<kw name="Set Variable" library="BuiltIn">
<var>${content}</var>
<arg>css=.swal2-html-container</arg>
<doc>Returns the given values which can then be assigned to a variables.</doc>
<msg timestamp="20220112 16:20:17.439" level="INFO">${content} = css=.swal2-html-container</msg>
<status status="PASS" starttime="20220112 16:20:17.439" endtime="20220112 16:20:17.439"/>
</kw>
<kw name="Wait For Elements State" library="Browser">
<arg>${title}</arg>
<arg>visible</arg>
<arg>5</arg>
<tag>PageContent</tag>
<tag>Wait</tag>
<doc>Waits for the element found by ``selector`` to satisfy state option.</doc>
<msg timestamp="20220112 16:20:18.296" level="INFO">Waited for Element with selector css=.swal2-title at state visible</msg>
<status status="PASS" starttime="20220112 16:20:17.439" endtime="20220112 16:20:18.297"/>
</kw>
<kw name="Get Text" library="Browser">
<arg>${title}</arg>
<arg>equal</arg>
<arg>Oops...</arg>
<tag>Assertion</tag>
<tag>Getter</tag>
<tag>PageContent</tag>
<doc>Returns text attribute of the element found by ``selector``.</doc>
<status status="PASS" starttime="20220112 16:20:18.297" endtime="20220112 16:20:18.307"/>
</kw>
<kw name="Wait For Elements State" library="Browser">
<arg>${content}</arg>
<arg>visible</arg>
<arg>5</arg>
<tag>PageContent</tag>
<tag>Wait</tag>
<doc>Waits for the element found by ``selector`` to satisfy state option.</doc>
<msg timestamp="20220112 16:20:18.313" level="INFO">Waited for Element with selector css=.swal2-html-container at state visible</msg>
<status status="PASS" starttime="20220112 16:20:18.308" endtime="20220112 16:20:18.313"/>
</kw>
<kw name="Get Text" library="Browser">
<arg>${content}</arg>
<arg>equal</arg>
<arg>${expected_text}</arg>
<tag>Assertion</tag>
<tag>Getter</tag>
<tag>PageContent</tag>
<doc>Returns text attribute of the element found by ``selector``.</doc>
<status status="PASS" starttime="20220112 16:20:18.313" endtime="20220112 16:20:18.320"/>
</kw>
<status status="PASS" starttime="20220112 16:20:17.438" endtime="20220112 16:20:18.321"/>
</kw>
<kw name="Finish Session" library="Base" type="TEARDOWN">
<kw name="Take Screenshot" library="Browser">
<tag>PageContent</tag>
<doc>Takes a screenshot of the current window or element and saves it to disk.</doc>
<msg timestamp="20220112 16:20:18.470" level="INFO" html="true">&lt;/td&gt;&lt;/tr&gt;&lt;tr&gt;&lt;td colspan="3"&gt;&lt;a href="browser/screenshot/robotframework-browser-screenshot-2.png"&gt;&lt;img src="browser/screenshot/robotframework-browser-screenshot-2.png" width="800px"&gt;&lt;/a&gt;</msg>
<status status="PASS" starttime="20220112 16:20:18.321" endtime="20220112 16:20:18.470"/>
</kw>
<status status="PASS" starttime="20220112 16:20:18.321" endtime="20220112 16:20:18.470"/>
</kw>
<tag>inv_pass</tag>
<status status="PASS" starttime="20220112 16:20:13.887" endtime="20220112 16:20:18.470"/>
</test>
<test id="s1-s2-t3" name="User not found">
<kw name="Start Session" library="Base" type="SETUP">
<kw name="New Browser" library="Browser">
<arg>chromium</arg>
<arg>headless=False</arg>
<arg>slowMo=00:00:00</arg>
<tag>BrowserControl</tag>
<tag>Setter</tag>
<doc>Create a new playwright Browser with specified options.</doc>
<msg timestamp="20220112 16:20:18.501" level="INFO">{"browser": "chromium", "headless": false, "handleSIGINT": true, "handleSIGTERM": true, "handleSIGHUP": true, "timeout": 30000.0, "devtools": false, "slowMo": 0.0, "tracesDir": "C:\\GravidadeZERO\\getgeeks\\project\\pabot_results\\1\\browser\\traces\\a04ba92e-273d-4f50-a855-dda5b91a7ddb"}</msg>
<msg timestamp="20220112 16:20:19.253" level="INFO">Successfully created browser with options: {"browser":"chromium","headless":false,"handleSIGINT":true,"handleSIGTERM":true,"handleSIGHUP":true,"timeout":30000,"devtools":false,"slowMo":0,"tracesDir":"C:\\GravidadeZERO\\getgeeks\\project\\pabot_results\\1\\browser\\traces\\a04ba92e-273d-4f50-a855-dda5b91a7ddb"}</msg>
<status status="PASS" starttime="20220112 16:20:18.500" endtime="20220112 16:20:19.254"/>
</kw>
<kw name="New Page" library="Browser">
<arg>${BASE_URL}</arg>
<tag>BrowserControl</tag>
<tag>Setter</tag>
<doc>Open a new Page. A Page is the Playwright equivalent to a tab.
See `Browser, Context and Page` for more information about Page concept.
Returns a stable identifier for the created page.</doc>
<msg timestamp="20220112 16:20:21.384" level="INFO">Successfully initialized new page object and opened url: https://getgeeks-renato.herokuapp.com</msg>
<msg timestamp="20220112 16:20:21.384" level="INFO">No context was open. New context was automatically opened when this page is created.</msg>
<status status="PASS" starttime="20220112 16:20:19.254" endtime="20220112 16:20:21.384"/>
</kw>
<status status="PASS" starttime="20220112 16:20:18.500" endtime="20220112 16:20:21.384"/>
</kw>
<kw name="Create Dictionary" library="BuiltIn">
<var>${user}</var>
<arg>email=renato@404.net</arg>
<arg>password=abc123</arg>
<doc>Creates and returns a dictionary based on the given ``items``.</doc>
<msg timestamp="20220112 16:20:21.385" level="INFO">${user} = {'email': 'renato@404.net', 'password': 'abc123'}</msg>
<status status="PASS" starttime="20220112 16:20:21.385" endtime="20220112 16:20:21.385"/>
</kw>
<kw name="Go To Login Page" library="AuthActions">
<kw name="Go To" library="Browser">
<arg>${BASE_URL}</arg>
<tag>BrowserControl</tag>
<tag>Setter</tag>
<doc>Navigates to the given ``url``.</doc>
<msg timestamp="20220112 16:20:21.913" level="INFO">Successfully opened URL https://getgeeks-renato.herokuapp.com</msg>
<status status="PASS" starttime="20220112 16:20:21.386" endtime="20220112 16:20:21.913"/>
</kw>
<kw name="Wait For Elements State" library="Browser">
<arg>css=.login-form</arg>
<arg>visible</arg>
<arg>5</arg>
<tag>PageContent</tag>
<tag>Wait</tag>
<doc>Waits for the element found by ``selector`` to satisfy state option.</doc>
<msg timestamp="20220112 16:20:21.925" level="INFO">Waited for Element with selector css=.login-form at state visible</msg>
<status status="PASS" starttime="20220112 16:20:21.913" endtime="20220112 16:20:21.925"/>
</kw>
<status status="PASS" starttime="20220112 16:20:21.386" endtime="20220112 16:20:21.925"/>
</kw>
<kw name="Fill Credentials" library="AuthActions">
<arg>${user}</arg>
<kw name="Fill Text" library="Browser">
<arg>${INPUT_EMAIL}</arg>
<arg>${user}[email]</arg>
<tag>PageContent</tag>
<tag>Setter</tag>
<doc>Clears and fills the given ``txt`` into the text field found by ``selector``.</doc>
<msg timestamp="20220112 16:20:21.926" level="INFO">Fills the text 'renato@404.net' in the given field.</msg>
<status status="PASS" starttime="20220112 16:20:21.926" endtime="20220112 16:20:21.936"/>
</kw>
<kw name="Fill Text" library="Browser">
<arg>${INPUT_PASS}</arg>
<arg>${user}[password]</arg>
<tag>PageContent</tag>
<tag>Setter</tag>
<doc>Clears and fills the given ``txt`` into the text field found by ``selector``.</doc>
<msg timestamp="20220112 16:20:21.937" level="INFO">Fills the text 'abc123' in the given field.</msg>
<status status="PASS" starttime="20220112 16:20:21.937" endtime="20220112 16:20:21.946"/>
</kw>
<status status="PASS" starttime="20220112 16:20:21.925" endtime="20220112 16:20:21.946"/>
</kw>
<kw name="Submit Credentials" library="AuthActions">
<kw name="Click" library="Browser">
<arg>css=.submit-button &gt;&gt; text=Entrar</arg>
<tag>PageContent</tag>
<tag>Setter</tag>
<doc>Simulates mouse click on the element found by ``selector``.</doc>
<status status="PASS" starttime="20220112 16:20:21.947" endtime="20220112 16:20:21.992"/>
</kw>
<status status="PASS" starttime="20220112 16:20:21.947" endtime="20220112 16:20:21.993"/>
</kw>
<kw name="Modal Content Should Be" library="_SharedActions">
<arg>Usuário e/ou senha inválidos.</arg>
<kw name="Set Variable" library="BuiltIn">
<var>${title}</var>
<arg>css=.swal2-title</arg>
<doc>Returns the given values which can then be assigned to a variables.</doc>
<msg timestamp="20220112 16:20:21.993" level="INFO">${title} = css=.swal2-title</msg>
<status status="PASS" starttime="20220112 16:20:21.993" endtime="20220112 16:20:21.993"/>
</kw>
<kw name="Set Variable" library="BuiltIn">
<var>${content}</var>
<arg>css=.swal2-html-container</arg>
<doc>Returns the given values which can then be assigned to a variables.</doc>
<msg timestamp="20220112 16:20:21.994" level="INFO">${content} = css=.swal2-html-container</msg>
<status status="PASS" starttime="20220112 16:20:21.993" endtime="20220112 16:20:21.994"/>
</kw>
<kw name="Wait For Elements State" library="Browser">
<arg>${title}</arg>
<arg>visible</arg>
<arg>5</arg>
<tag>PageContent</tag>
<tag>Wait</tag>
<doc>Waits for the element found by ``selector`` to satisfy state option.</doc>
<msg timestamp="20220112 16:20:22.832" level="INFO">Waited for Element with selector css=.swal2-title at state visible</msg>
<status status="PASS" starttime="20220112 16:20:21.994" endtime="20220112 16:20:22.832"/>
</kw>
<kw name="Get Text" library="Browser">
<arg>${title}</arg>
<arg>equal</arg>
<arg>Oops...</arg>
<tag>Assertion</tag>
<tag>Getter</tag>
<tag>PageContent</tag>
<doc>Returns text attribute of the element found by ``selector``.</doc>
<status status="PASS" starttime="20220112 16:20:22.832" endtime="20220112 16:20:22.842"/>
</kw>
<kw name="Wait For Elements State" library="Browser">
<arg>${content}</arg>
<arg>visible</arg>
<arg>5</arg>
<tag>PageContent</tag>
<tag>Wait</tag>
<doc>Waits for the element found by ``selector`` to satisfy state option.</doc>
<msg timestamp="20220112 16:20:22.846" level="INFO">Waited for Element with selector css=.swal2-html-container at state visible</msg>
<status status="PASS" starttime="20220112 16:20:22.842" endtime="20220112 16:20:22.846"/>
</kw>
<kw name="Get Text" library="Browser">
<arg>${content}</arg>
<arg>equal</arg>
<arg>${expected_text}</arg>
<tag>Assertion</tag>
<tag>Getter</tag>
<tag>PageContent</tag>
<doc>Returns text attribute of the element found by ``selector``.</doc>
<status status="PASS" starttime="20220112 16:20:22.846" endtime="20220112 16:20:22.853"/>
</kw>
<status status="PASS" starttime="20220112 16:20:21.993" endtime="20220112 16:20:22.853"/>
</kw>
<kw name="Finish Session" library="Base" type="TEARDOWN">
<kw name="Take Screenshot" library="Browser">
<tag>PageContent</tag>
<doc>Takes a screenshot of the current window or element and saves it to disk.</doc>
<msg timestamp="20220112 16:20:23.000" level="INFO" html="true">&lt;/td&gt;&lt;/tr&gt;&lt;tr&gt;&lt;td colspan="3"&gt;&lt;a href="browser/screenshot/robotframework-browser-screenshot-3.png"&gt;&lt;img src="browser/screenshot/robotframework-browser-screenshot-3.png" width="800px"&gt;&lt;/a&gt;</msg>
<status status="PASS" starttime="20220112 16:20:22.854" endtime="20220112 16:20:23.000"/>
</kw>
<status status="PASS" starttime="20220112 16:20:22.853" endtime="20220112 16:20:23.000"/>
</kw>
<tag>user_404</tag>
<status status="PASS" starttime="20220112 16:20:18.498" endtime="20220112 16:20:23.001"/>
</test>
<test id="s1-s2-t4" name="Incorrect Email">
<kw name="Start Session" library="Base" type="SETUP">
<kw name="New Browser" library="Browser">
<arg>chromium</arg>
<arg>headless=False</arg>
<arg>slowMo=00:00:00</arg>
<tag>BrowserControl</tag>
<tag>Setter</tag>
<doc>Create a new playwright Browser with specified options.</doc>
<msg timestamp="20220112 16:20:23.035" level="INFO">{"browser": "chromium", "headless": false, "handleSIGINT": true, "handleSIGTERM": true, "handleSIGHUP": true, "timeout": 30000.0, "devtools": false, "slowMo": 0.0, "tracesDir": "C:\\GravidadeZERO\\getgeeks\\project\\pabot_results\\1\\browser\\traces\\bb9c3386-0b94-477a-b4d9-d3941f9751bf"}</msg>
<msg timestamp="20220112 16:20:23.694" level="INFO">Successfully created browser with options: {"browser":"chromium","headless":false,"handleSIGINT":true,"handleSIGTERM":true,"handleSIGHUP":true,"timeout":30000,"devtools":false,"slowMo":0,"tracesDir":"C:\\GravidadeZERO\\getgeeks\\project\\pabot_results\\1\\browser\\traces\\bb9c3386-0b94-477a-b4d9-d3941f9751bf"}</msg>
<status status="PASS" starttime="20220112 16:20:23.035" endtime="20220112 16:20:23.695"/>
</kw>
<kw name="New Page" library="Browser">
<arg>${BASE_URL}</arg>
<tag>BrowserControl</tag>
<tag>Setter</tag>
<doc>Open a new Page. A Page is the Playwright equivalent to a tab.
See `Browser, Context and Page` for more information about Page concept.
Returns a stable identifier for the created page.</doc>
<msg timestamp="20220112 16:20:25.800" level="INFO">Successfully initialized new page object and opened url: https://getgeeks-renato.herokuapp.com</msg>
<msg timestamp="20220112 16:20:25.800" level="INFO">No context was open. New context was automatically opened when this page is created.</msg>
<status status="PASS" starttime="20220112 16:20:23.695" endtime="20220112 16:20:25.800"/>
</kw>
<status status="PASS" starttime="20220112 16:20:23.034" endtime="20220112 16:20:25.800"/>
</kw>
<kw name="Create Dictionary" library="BuiltIn">
<var>${user}</var>
<arg>email=renato.com.br</arg>
<arg>password=abc123</arg>
<doc>Creates and returns a dictionary based on the given ``items``.</doc>
<msg timestamp="20220112 16:20:25.801" level="INFO">${user} = {'email': 'renato.com.br', 'password': 'abc123'}</msg>
<status status="PASS" starttime="20220112 16:20:25.800" endtime="20220112 16:20:25.801"/>
</kw>
<kw name="Go To Login Page" library="AuthActions">
<kw name="Go To" library="Browser">
<arg>${BASE_URL}</arg>
<tag>BrowserControl</tag>
<tag>Setter</tag>
<doc>Navigates to the given ``url``.</doc>
<msg timestamp="20220112 16:20:26.329" level="INFO">Successfully opened URL https://getgeeks-renato.herokuapp.com</msg>
<status status="PASS" starttime="20220112 16:20:25.801" endtime="20220112 16:20:26.329"/>
</kw>
<kw name="Wait For Elements State" library="Browser">
<arg>css=.login-form</arg>
<arg>visible</arg>
<arg>5</arg>
<tag>PageContent</tag>
<tag>Wait</tag>
<doc>Waits for the element found by ``selector`` to satisfy state option.</doc>
<msg timestamp="20220112 16:20:26.343" level="INFO">Waited for Element with selector css=.login-form at state visible</msg>
<status status="PASS" starttime="20220112 16:20:26.329" endtime="20220112 16:20:26.344"/>
</kw>
<status status="PASS" starttime="20220112 16:20:25.801" endtime="20220112 16:20:26.344"/>
</kw>
<kw name="Fill Credentials" library="AuthActions">
<arg>${user}</arg>
<kw name="Fill Text" library="Browser">
<arg>${INPUT_EMAIL}</arg>
<arg>${user}[email]</arg>
<tag>PageContent</tag>
<tag>Setter</tag>
<doc>Clears and fills the given ``txt`` into the text field found by ``selector``.</doc>
<msg timestamp="20220112 16:20:26.345" level="INFO">Fills the text 'renato.com.br' in the given field.</msg>
<status status="PASS" starttime="20220112 16:20:26.344" endtime="20220112 16:20:26.355"/>
</kw>
<kw name="Fill Text" library="Browser">
<arg>${INPUT_PASS}</arg>
<arg>${user}[password]</arg>
<tag>PageContent</tag>
<tag>Setter</tag>
<doc>Clears and fills the given ``txt`` into the text field found by ``selector``.</doc>
<msg timestamp="20220112 16:20:26.356" level="INFO">Fills the text 'abc123' in the given field.</msg>
<status status="PASS" starttime="20220112 16:20:26.356" endtime="20220112 16:20:26.366"/>
</kw>
<status status="PASS" starttime="20220112 16:20:26.344" endtime="20220112 16:20:26.366"/>
</kw>
<kw name="Submit Credentials" library="AuthActions">
<kw name="Click" library="Browser">
<arg>css=.submit-button &gt;&gt; text=Entrar</arg>
<tag>PageContent</tag>
<tag>Setter</tag>
<doc>Simulates mouse click on the element found by ``selector``.</doc>
<status status="PASS" starttime="20220112 16:20:26.367" endtime="20220112 16:20:26.405"/>
</kw>
<status status="PASS" starttime="20220112 16:20:26.366" endtime="20220112 16:20:26.406"/>
</kw>
<kw name="Should Be Type Email" library="AuthActions">
<kw name="Get Property" library="Browser">
<arg>${INPUT_EMAIL}</arg>
<arg>type</arg>
<arg>equal</arg>
<arg>email</arg>
<tag>Assertion</tag>
<tag>Getter</tag>
<tag>PageContent</tag>
<doc>Returns the ``property`` of the element found by ``selector``.</doc>
<status status="PASS" starttime="20220112 16:20:26.406" endtime="20220112 16:20:26.425"/>
</kw>
<status status="PASS" starttime="20220112 16:20:26.406" endtime="20220112 16:20:26.426"/>
</kw>
<kw name="Finish Session" library="Base" type="TEARDOWN">
<kw name="Take Screenshot" library="Browser">
<tag>PageContent</tag>
<doc>Takes a screenshot of the current window or element and saves it to disk.</doc>
<msg timestamp="20220112 16:20:26.714" level="INFO" html="true">&lt;/td&gt;&lt;/tr&gt;&lt;tr&gt;&lt;td colspan="3"&gt;&lt;a href="browser/screenshot/robotframework-browser-screenshot-4.png"&gt;&lt;img src="browser/screenshot/robotframework-browser-screenshot-4.png" width="800px"&gt;&lt;/a&gt;</msg>
<status status="PASS" starttime="20220112 16:20:26.426" endtime="20220112 16:20:26.714"/>
</kw>
<status status="PASS" starttime="20220112 16:20:26.426" endtime="20220112 16:20:26.715"/>
</kw>
<tag>inv_email</tag>
<status status="PASS" starttime="20220112 16:20:23.033" endtime="20220112 16:20:26.715"/>
</test>
<test id="s1-s2-t5" name="Validating empty field email">
<kw name="Start Session" library="Base" type="SETUP">
<kw name="New Browser" library="Browser">
<arg>chromium</arg>
<arg>headless=False</arg>
<arg>slowMo=00:00:00</arg>
<tag>BrowserControl</tag>
<tag>Setter</tag>
<doc>Create a new playwright Browser with specified options.</doc>
<msg timestamp="20220112 16:20:26.742" level="INFO">{"browser": "chromium", "headless": false, "handleSIGINT": true, "handleSIGTERM": true, "handleSIGHUP": true, "timeout": 30000.0, "devtools": false, "slowMo": 0.0, "tracesDir": "C:\\GravidadeZERO\\getgeeks\\project\\pabot_results\\1\\browser\\traces\\6a172db7-5e3c-4902-ae3f-8ca59087dd42"}</msg>
<msg timestamp="20220112 16:20:27.415" level="INFO">Successfully created browser with options: {"browser":"chromium","headless":false,"handleSIGINT":true,"handleSIGTERM":true,"handleSIGHUP":true,"timeout":30000,"devtools":false,"slowMo":0,"tracesDir":"C:\\GravidadeZERO\\getgeeks\\project\\pabot_results\\1\\browser\\traces\\6a172db7-5e3c-4902-ae3f-8ca59087dd42"}</msg>
<status status="PASS" starttime="20220112 16:20:26.742" endtime="20220112 16:20:27.415"/>
</kw>
<kw name="New Page" library="Browser">
<arg>${BASE_URL}</arg>
<tag>BrowserControl</tag>
<tag>Setter</tag>
<doc>Open a new Page. A Page is the Playwright equivalent to a tab.
See `Browser, Context and Page` for more information about Page concept.
Returns a stable identifier for the created page.</doc>
<msg timestamp="20220112 16:20:29.507" level="INFO">Successfully initialized new page object and opened url: https://getgeeks-renato.herokuapp.com</msg>
<msg timestamp="20220112 16:20:29.507" level="INFO">No context was open. New context was automatically opened when this page is created.</msg>
<status status="PASS" starttime="20220112 16:20:27.416" endtime="20220112 16:20:29.507"/>
</kw>
<status status="PASS" starttime="20220112 16:20:26.741" endtime="20220112 16:20:29.508"/>
</kw>
<kw name="Create Dictionary" library="BuiltIn">
<var>${user}</var>
<arg>email=${EMPTY}</arg>
<arg>password=123456</arg>
<doc>Creates and returns a dictionary based on the given ``items``.</doc>
<msg timestamp="20220112 16:20:29.508" level="INFO">${user} = {'email': '', 'password': '123456'}</msg>
<status status="PASS" starttime="20220112 16:20:29.508" endtime="20220112 16:20:29.508"/>
</kw>
<kw name="Go To Login Page" library="AuthActions">
<kw name="Go To" library="Browser">
<arg>${BASE_URL}</arg>
<tag>BrowserControl</tag>
<tag>Setter</tag>
<doc>Navigates to the given ``url``.</doc>
<msg timestamp="20220112 16:20:30.041" level="INFO">Successfully opened URL https://getgeeks-renato.herokuapp.com</msg>
<status status="PASS" starttime="20220112 16:20:29.509" endtime="20220112 16:20:30.042"/>
</kw>
<kw name="Wait For Elements State" library="Browser">
<arg>css=.login-form</arg>
<arg>visible</arg>
<arg>5</arg>
<tag>PageContent</tag>
<tag>Wait</tag>
<doc>Waits for the element found by ``selector`` to satisfy state option.</doc>
<msg timestamp="20220112 16:20:30.054" level="INFO">Waited for Element with selector css=.login-form at state visible</msg>
<status status="PASS" starttime="20220112 16:20:30.042" endtime="20220112 16:20:30.054"/>
</kw>
<status status="PASS" starttime="20220112 16:20:29.509" endtime="20220112 16:20:30.054"/>
</kw>
<kw name="Fill Credentials" library="AuthActions">
<arg>${user}</arg>
<kw name="Fill Text" library="Browser">
<arg>${INPUT_EMAIL}</arg>
<arg>${user}[email]</arg>
<tag>PageContent</tag>
<tag>Setter</tag>
<doc>Clears and fills the given ``txt`` into the text field found by ``selector``.</doc>
<msg timestamp="20220112 16:20:30.055" level="INFO">Fills the text '' in the given field.</msg>
<status status="PASS" starttime="20220112 16:20:30.055" endtime="20220112 16:20:30.064"/>
</kw>
<kw name="Fill Text" library="Browser">
<arg>${INPUT_PASS}</arg>
<arg>${user}[password]</arg>
<tag>PageContent</tag>
<tag>Setter</tag>
<doc>Clears and fills the given ``txt`` into the text field found by ``selector``.</doc>
<msg timestamp="20220112 16:20:30.065" level="INFO">Fills the text '123456' in the given field.</msg>
<status status="PASS" starttime="20220112 16:20:30.065" endtime="20220112 16:20:30.074"/>
</kw>
<status status="PASS" starttime="20220112 16:20:30.054" endtime="20220112 16:20:30.074"/>
</kw>
<kw name="Submit Credentials" library="AuthActions">
<kw name="Click" library="Browser">
<arg>css=.submit-button &gt;&gt; text=Entrar</arg>
<tag>PageContent</tag>
<tag>Setter</tag>
<doc>Simulates mouse click on the element found by ``selector``.</doc>
<status status="PASS" starttime="20220112 16:20:30.075" endtime="20220112 16:20:30.125"/>
</kw>
<status status="PASS" starttime="20220112 16:20:30.074" endtime="20220112 16:20:30.125"/>
</kw>
<kw name="Alert Span Should Be" library="_SharedActions">
<arg>E-mail obrigatório</arg>
<kw name="Wait For Elements State" library="Browser">
<arg>css=span[class=error] &gt;&gt; text=${expected_notice}</arg>
<arg>visible</arg>
<arg>5</arg>
<tag>PageContent</tag>
<tag>Wait</tag>
<doc>Waits for the element found by ``selector`` to satisfy state option.</doc>
<msg timestamp="20220112 16:20:30.139" level="INFO">Waited for Element with selector css=span[class=error] &gt;&gt; text=E-mail obrigatório at state visible</msg>
<status status="PASS" starttime="20220112 16:20:30.125" endtime="20220112 16:20:30.140"/>
</kw>
<status status="PASS" starttime="20220112 16:20:30.125" endtime="20220112 16:20:30.140"/>
</kw>
<kw name="Finish Session" library="Base" type="TEARDOWN">
<kw name="Take Screenshot" library="Browser">
<tag>PageContent</tag>
<doc>Takes a screenshot of the current window or element and saves it to disk.</doc>
<msg timestamp="20220112 16:20:30.315" level="INFO" html="true">&lt;/td&gt;&lt;/tr&gt;&lt;tr&gt;&lt;td colspan="3"&gt;&lt;a href="browser/screenshot/robotframework-browser-screenshot-5.png"&gt;&lt;img src="browser/screenshot/robotframework-browser-screenshot-5.png" width="800px"&gt;&lt;/a&gt;</msg>
<status status="PASS" starttime="20220112 16:20:30.140" endtime="20220112 16:20:30.315"/>
</kw>
<status status="PASS" starttime="20220112 16:20:30.140" endtime="20220112 16:20:30.316"/>
</kw>
<tag>empty</tag>
<status status="PASS" starttime="20220112 16:20:26.740" endtime="20220112 16:20:30.316"/>
</test>
<test id="s1-s2-t6" name="Validating empty field password">
<kw name="Start Session" library="Base" type="SETUP">
<kw name="New Browser" library="Browser">
<arg>chromium</arg>
<arg>headless=False</arg>
<arg>slowMo=00:00:00</arg>
<tag>BrowserControl</tag>
<tag>Setter</tag>
<doc>Create a new playwright Browser with specified options.</doc>
<msg timestamp="20220112 16:20:30.346" level="INFO">{"browser": "chromium", "headless": false, "handleSIGINT": true, "handleSIGTERM": true, "handleSIGHUP": true, "timeout": 30000.0, "devtools": false, "slowMo": 0.0, "tracesDir": "C:\\GravidadeZERO\\getgeeks\\project\\pabot_results\\1\\browser\\traces\\3034640d-0890-4227-8f49-bf76488e94fc"}</msg>
<msg timestamp="20220112 16:20:30.953" level="INFO">Successfully created browser with options: {"browser":"chromium","headless":false,"handleSIGINT":true,"handleSIGTERM":true,"handleSIGHUP":true,"timeout":30000,"devtools":false,"slowMo":0,"tracesDir":"C:\\GravidadeZERO\\getgeeks\\project\\pabot_results\\1\\browser\\traces\\3034640d-0890-4227-8f49-bf76488e94fc"}</msg>
<status status="PASS" starttime="20220112 16:20:30.346" endtime="20220112 16:20:30.953"/>
</kw>
<kw name="New Page" library="Browser">
<arg>${BASE_URL}</arg>
<tag>BrowserControl</tag>
<tag>Setter</tag>
<doc>Open a new Page. A Page is the Playwright equivalent to a tab.
See `Browser, Context and Page` for more information about Page concept.
Returns a stable identifier for the created page.</doc>
<msg timestamp="20220112 16:20:33.205" level="INFO">Successfully initialized new page object and opened url: https://getgeeks-renato.herokuapp.com</msg>
<msg timestamp="20220112 16:20:33.205" level="INFO">No context was open. New context was automatically opened when this page is created.</msg>
<status status="PASS" starttime="20220112 16:20:30.954" endtime="20220112 16:20:33.205"/>
</kw>
<status status="PASS" starttime="20220112 16:20:30.346" endtime="20220112 16:20:33.205"/>
</kw>
<kw name="Create Dictionary" library="BuiltIn">
<var>${user}</var>
<arg>email=renatoreis@live.com</arg>
<arg>password=${EMPTY}</arg>
<doc>Creates and returns a dictionary based on the given ``items``.</doc>
<msg timestamp="20220112 16:20:33.206" level="INFO">${user} = {'email': 'renatoreis@live.com', 'password': ''}</msg>
<status status="PASS" starttime="20220112 16:20:33.205" endtime="20220112 16:20:33.206"/>
</kw>
<kw name="Go To Login Page" library="AuthActions">
<kw name="Go To" library="Browser">
<arg>${BASE_URL}</arg>
<tag>BrowserControl</tag>
<tag>Setter</tag>
<doc>Navigates to the given ``url``.</doc>
<msg timestamp="20220112 16:20:33.730" level="INFO">Successfully opened URL https://getgeeks-renato.herokuapp.com</msg>
<status status="PASS" starttime="20220112 16:20:33.206" endtime="20220112 16:20:33.731"/>
</kw>
<kw name="Wait For Elements State" library="Browser">
<arg>css=.login-form</arg>
<arg>visible</arg>
<arg>5</arg>
<tag>PageContent</tag>
<tag>Wait</tag>
<doc>Waits for the element found by ``selector`` to satisfy state option.</doc>
<msg timestamp="20220112 16:20:33.742" level="INFO">Waited for Element with selector css=.login-form at state visible</msg>
<status status="PASS" starttime="20220112 16:20:33.731" endtime="20220112 16:20:33.742"/>
</kw>
<status status="PASS" starttime="20220112 16:20:33.206" endtime="20220112 16:20:33.742"/>
</kw>
<kw name="Fill Credentials" library="AuthActions">
<arg>${user}</arg>
<kw name="Fill Text" library="Browser">
<arg>${INPUT_EMAIL}</arg>
<arg>${user}[email]</arg>
<tag>PageContent</tag>
<tag>Setter</tag>
<doc>Clears and fills the given ``txt`` into the text field found by ``selector``.</doc>
<msg timestamp="20220112 16:20:33.743" level="INFO">Fills the text 'renatoreis@live.com' in the given field.</msg>
<status status="PASS" starttime="20220112 16:20:33.743" endtime="20220112 16:20:33.754"/>
</kw>
<kw name="Fill Text" library="Browser">
<arg>${INPUT_PASS}</arg>
<arg>${user}[password]</arg>
<tag>PageContent</tag>
<tag>Setter</tag>
<doc>Clears and fills the given ``txt`` into the text field found by ``selector``.</doc>
<msg timestamp="20220112 16:20:33.754" level="INFO">Fills the text '' in the given field.</msg>
<status status="PASS" starttime="20220112 16:20:33.754" endtime="20220112 16:20:33.762"/>
</kw>
<status status="PASS" starttime="20220112 16:20:33.743" endtime="20220112 16:20:33.762"/>
</kw>
<kw name="Submit Credentials" library="AuthActions">
<kw name="Click" library="Browser">
<arg>css=.submit-button &gt;&gt; text=Entrar</arg>
<tag>PageContent</tag>
<tag>Setter</tag>
<doc>Simulates mouse click on the element found by ``selector``.</doc>
<status status="PASS" starttime="20220112 16:20:33.763" endtime="20220112 16:20:33.809"/>
</kw>
<status status="PASS" starttime="20220112 16:20:33.762" endtime="20220112 16:20:33.809"/>
</kw>
<kw name="Alert Span Should Be" library="_SharedActions">
<arg>Senha obrigatória</arg>
<kw name="Wait For Elements State" library="Browser">
<arg>css=span[class=error] &gt;&gt; text=${expected_notice}</arg>
<arg>visible</arg>
<arg>5</arg>
<tag>PageContent</tag>
<tag>Wait</tag>
<doc>Waits for the element found by ``selector`` to satisfy state option.</doc>
<msg timestamp="20220112 16:20:33.822" level="INFO">Waited for Element with selector css=span[class=error] &gt;&gt; text=Senha obrigatória at state visible</msg>
<status status="PASS" starttime="20220112 16:20:33.810" endtime="20220112 16:20:33.822"/>
</kw>
<status status="PASS" starttime="20220112 16:20:33.809" endtime="20220112 16:20:33.822"/>
</kw>
<kw name="Finish Session" library="Base" type="TEARDOWN">
<kw name="Take Screenshot" library="Browser">
<tag>PageContent</tag>
<doc>Takes a screenshot of the current window or element and saves it to disk.</doc>
<msg timestamp="20220112 16:20:33.986" level="INFO" html="true">&lt;/td&gt;&lt;/tr&gt;&lt;tr&gt;&lt;td colspan="3"&gt;&lt;a href="browser/screenshot/robotframework-browser-screenshot-6.png"&gt;&lt;img src="browser/screenshot/robotframework-browser-screenshot-6.png" width="800px"&gt;&lt;/a&gt;</msg>
<status status="PASS" starttime="20220112 16:20:33.823" endtime="20220112 16:20:33.986"/>
</kw>
<status status="PASS" starttime="20220112 16:20:33.823" endtime="20220112 16:20:33.986"/>
</kw>
<tag>empty</tag>
<status status="PASS" starttime="20220112 16:20:30.343" endtime="20220112 16:20:33.986"/>
</test>
<test id="s1-s2-t7" name="Validating empty fields">
<kw name="Start Session" library="Base" type="SETUP">
<kw name="New Browser" library="Browser">
<arg>chromium</arg>
<arg>headless=False</arg>
<arg>slowMo=00:00:00</arg>
<tag>BrowserControl</tag>
<tag>Setter</tag>
<doc>Create a new playwright Browser with specified options.</doc>
<msg timestamp="20220112 16:20:34.021" level="INFO">{"browser": "chromium", "headless": false, "handleSIGINT": true, "handleSIGTERM": true, "handleSIGHUP": true, "timeout": 30000.0, "devtools": false, "slowMo": 0.0, "tracesDir": "C:\\GravidadeZERO\\getgeeks\\project\\pabot_results\\1\\browser\\traces\\1e332080-4b91-45a9-b3cf-59cad189d68b"}</msg>
<msg timestamp="20220112 16:20:34.751" level="INFO">Successfully created browser with options: {"browser":"chromium","headless":false,"handleSIGINT":true,"handleSIGTERM":true,"handleSIGHUP":true,"timeout":30000,"devtools":false,"slowMo":0,"tracesDir":"C:\\GravidadeZERO\\getgeeks\\project\\pabot_results\\1\\browser\\traces\\1e332080-4b91-45a9-b3cf-59cad189d68b"}</msg>
<status status="PASS" starttime="20220112 16:20:34.020" endtime="20220112 16:20:34.751"/>
</kw>
<kw name="New Page" library="Browser">
<arg>${BASE_URL}</arg>
<tag>BrowserControl</tag>
<tag>Setter</tag>
<doc>Open a new Page. A Page is the Playwright equivalent to a tab.
See `Browser, Context and Page` for more information about Page concept.
Returns a stable identifier for the created page.</doc>
<msg timestamp="20220112 16:20:37.063" level="INFO">Successfully initialized new page object and opened url: https://getgeeks-renato.herokuapp.com</msg>
<msg timestamp="20220112 16:20:37.063" level="INFO">No context was open. New context was automatically opened when this page is created.</msg>
<status status="PASS" starttime="20220112 16:20:34.752" endtime="20220112 16:20:37.063"/>
</kw>
<status status="PASS" starttime="20220112 16:20:34.020" endtime="20220112 16:20:37.063"/>
</kw>
<kw name="Create List" library="BuiltIn">
<var>${expected_alerts}</var>
<arg>E-mail obrigatório</arg>
<arg>Senha obrigatória</arg>
<doc>Returns a list containing given items.</doc>
<msg timestamp="20220112 16:20:37.064" level="INFO">${expected_alerts} = ['E-mail obrigatório', 'Senha obrigatória']</msg>
<status status="PASS" starttime="20220112 16:20:37.063" endtime="20220112 16:20:37.064"/>
</kw>
<kw name="Go To Login Page" library="AuthActions">
<kw name="Go To" library="Browser">
<arg>${BASE_URL}</arg>
<tag>BrowserControl</tag>
<tag>Setter</tag>
<doc>Navigates to the given ``url``.</doc>
<msg timestamp="20220112 16:20:37.589" level="INFO">Successfully opened URL https://getgeeks-renato.herokuapp.com</msg>
<status status="PASS" starttime="20220112 16:20:37.064" endtime="20220112 16:20:37.589"/>
</kw>
<kw name="Wait For Elements State" library="Browser">
<arg>css=.login-form</arg>
<arg>visible</arg>
<arg>5</arg>
<tag>PageContent</tag>
<tag>Wait</tag>
<doc>Waits for the element found by ``selector`` to satisfy state option.</doc>
<msg timestamp="20220112 16:20:37.604" level="INFO">Waited for Element with selector css=.login-form at state visible</msg>
<status status="PASS" starttime="20220112 16:20:37.589" endtime="20220112 16:20:37.604"/>
</kw>
<status status="PASS" starttime="20220112 16:20:37.064" endtime="20220112 16:20:37.604"/>
</kw>
<kw name="Submit Credentials" library="AuthActions">
<kw name="Click" library="Browser">
<arg>css=.submit-button &gt;&gt; text=Entrar</arg>
<tag>PageContent</tag>
<tag>Setter</tag>
<doc>Simulates mouse click on the element found by ``selector``.</doc>
<status status="PASS" starttime="20220112 16:20:37.605" endtime="20220112 16:20:37.641"/>
</kw>
<status status="PASS" starttime="20220112 16:20:37.604" endtime="20220112 16:20:37.641"/>
</kw>
<kw name="Alert Spans Should Be" library="_SharedActions">
<arg>${expected_alerts}</arg>
<kw name="Create List" library="BuiltIn">
<var>@{got_alerts}</var>
<doc>Returns a list containing given items.</doc>
<msg timestamp="20220112 16:20:37.642" level="INFO">@{got_alerts} = [ ]</msg>
<status status="PASS" starttime="20220112 16:20:37.642" endtime="20220112 16:20:37.642"/>
</kw>
<kw name="Get Elements" library="Browser">
<var>${spans}</var>
<arg>xpath=//span[@class="error"]</arg>
<tag>Getter</tag>
<tag>PageContent</tag>
<doc>Returns a reference to playwright element handle for all matched elements by ``selector``.</doc>
<msg timestamp="20220112 16:20:37.661" level="INFO">Found 2 Locators successfully.</msg>
<msg timestamp="20220112 16:20:37.661" level="INFO">${spans} = ['element=a19d1518-788e-449b-89d1-6962f18858c8', 'element=9c6ab7ca-aeaa-43cb-a567-ac1d2d793e5d']</msg>
<status status="PASS" starttime="20220112 16:20:37.642" endtime="20220112 16:20:37.661"/>
</kw>
<for flavor="IN">
<var>${span}</var>
<value>@{spans}</value>
<iter>
<var name="${span}">element=a19d1518-788e-449b-89d1-6962f18858c8</var>
<kw name="Get Text" library="Browser">
<var>${text}</var>
<arg>${span}</arg>
<tag>Assertion</tag>
<tag>Getter</tag>
<tag>PageContent</tag>
<doc>Returns text attribute of the element found by ``selector``.</doc>
<msg timestamp="20220112 16:20:37.669" level="INFO">${text} = E-mail obrigatório</msg>
<status status="PASS" starttime="20220112 16:20:37.662" endtime="20220112 16:20:37.670"/>
</kw>
<kw name="Append To List" library="Collections">
<arg>${got_alerts}</arg>
<arg>${text}</arg>
<doc>Adds ``values`` to the end of ``list``.</doc>
<status status="PASS" starttime="20220112 16:20:37.670" endtime="20220112 16:20:37.670"/>
</kw>
<status status="PASS" starttime="20220112 16:20:37.661" endtime="20220112 16:20:37.670"/>
</iter>
<iter>
<var name="${span}">element=9c6ab7ca-aeaa-43cb-a567-ac1d2d793e5d</var>
<kw name="Get Text" library="Browser">
<var>${text}</var>
<arg>${span}</arg>
<tag>Assertion</tag>
<tag>Getter</tag>
<tag>PageContent</tag>
<doc>Returns text attribute of the element found by ``selector``.</doc>
<msg timestamp="20220112 16:20:37.677" level="INFO">${text} = Senha obrigatória</msg>
<status status="PASS" starttime="20220112 16:20:37.670" endtime="20220112 16:20:37.677"/>
</kw>
<kw name="Append To List" library="Collections">
<arg>${got_alerts}</arg>
<arg>${text}</arg>
<doc>Adds ``values`` to the end of ``list``.</doc>
<status status="PASS" starttime="20220112 16:20:37.678" endtime="20220112 16:20:37.678"/>
</kw>
<status status="PASS" starttime="20220112 16:20:37.670" endtime="20220112 16:20:37.678"/>
</iter>
<status status="PASS" starttime="20220112 16:20:37.661" endtime="20220112 16:20:37.678"/>
</for>
<kw name="Lists Should Be Equal" library="Collections">
<arg>${expected_alerts}</arg>
<arg>${got_alerts}</arg>
<doc>Fails if given lists are unequal.</doc>
<status status="PASS" starttime="20220112 16:20:37.678" endtime="20220112 16:20:37.678"/>
</kw>
<status status="PASS" starttime="20220112 16:20:37.641" endtime="20220112 16:20:37.678"/>
</kw>
<kw name="Finish Session" library="Base" type="TEARDOWN">
<kw name="Take Screenshot" library="Browser">
<tag>PageContent</tag>
<doc>Takes a screenshot of the current window or element and saves it to disk.</doc>
<msg timestamp="20220112 16:20:37.853" level="INFO" html="true">&lt;/td&gt;&lt;/tr&gt;&lt;tr&gt;&lt;td colspan="3"&gt;&lt;a href="browser/screenshot/robotframework-browser-screenshot-7.png"&gt;&lt;img src="browser/screenshot/robotframework-browser-screenshot-7.png" width="800px"&gt;&lt;/a&gt;</msg>
<status status="PASS" starttime="20220112 16:20:37.679" endtime="20220112 16:20:37.853"/>
</kw>
<status status="PASS" starttime="20220112 16:20:37.679" endtime="20220112 16:20:37.854"/>
</kw>
<tag>empty</tag>
<status status="PASS" starttime="20220112 16:20:34.018" endtime="20220112 16:20:37.854"/>
</test>
<doc>Login test suite</doc>
<status status="PASS" starttime="20220112 16:20:08.006" endtime="20220112 16:20:37.879"/>
</suite>
<suite id="s1-s3" name="Signup" source="C:\GravidadeZERO\getgeeks\project\tests\Signup.robot">
<test id="s1-s3-t1" name="Register a new user">
<kw name="Start Session" library="Base" type="SETUP">
<kw name="New Browser" library="Browser">
<arg>chromium</arg>
<arg>headless=False</arg>
<arg>slowMo=00:00:00</arg>
<tag>BrowserControl</tag>
<tag>Setter</tag>
<doc>Create a new playwright Browser with specified options.</doc>
<msg timestamp="20220112 16:20:08.908" level="INFO">{"browser": "chromium", "headless": false, "handleSIGINT": true, "handleSIGTERM": true, "handleSIGHUP": true, "timeout": 30000.0, "devtools": false, "slowMo": 0.0, "tracesDir": "C:\\GravidadeZERO\\getgeeks\\project\\pabot_results\\2\\browser\\traces\\e777c762-b2f7-4287-9d17-53d448c1aba5"}</msg>
<msg timestamp="20220112 16:20:10.015" level="INFO">Successfully created browser with options: {"browser":"chromium","headless":false,"handleSIGINT":true,"handleSIGTERM":true,"handleSIGHUP":true,"timeout":30000,"devtools":false,"slowMo":0,"tracesDir":"C:\\GravidadeZERO\\getgeeks\\project\\pabot_results\\2\\browser\\traces\\e777c762-b2f7-4287-9d17-53d448c1aba5"}</msg>
<status status="PASS" starttime="20220112 16:20:08.908" endtime="20220112 16:20:10.015"/>
</kw>
<kw name="New Page" library="Browser">
<arg>${BASE_URL}</arg>
<tag>BrowserControl</tag>
<tag>Setter</tag>
<doc>Open a new Page. A Page is the Playwright equivalent to a tab.
See `Browser, Context and Page` for more information about Page concept.
Returns a stable identifier for the created page.</doc>
<msg timestamp="20220112 16:20:12.340" level="INFO">Successfully initialized new page object and opened url: https://getgeeks-renato.herokuapp.com</msg>
<msg timestamp="20220112 16:20:12.340" level="INFO">No context was open. New context was automatically opened when this page is created.</msg>
<status status="PASS" starttime="20220112 16:20:10.016" endtime="20220112 16:20:12.341"/>
</kw>
<status status="PASS" starttime="20220112 16:20:08.908" endtime="20220112 16:20:12.341"/>
</kw>
<kw name="Factory User" library="Users">
<var>${user}</var>
<arg>faker</arg>
<msg timestamp="20220112 16:20:12.342" level="INFO">${user} = {'name': 'Laura', 'lastname': 'Reed', 'email': 'jessica32@hotmail.com', 'password': 'pwd123'}</msg>
<status status="PASS" starttime="20220112 16:20:12.341" endtime="20220112 16:20:12.342"/>
</kw>
<kw name="Go To Signup Form" library="SignupActions">
<kw name="Go To" library="Browser">
<arg>${BASE_URL}/signup</arg>
<tag>BrowserControl</tag>
<tag>Setter</tag>
<doc>Navigates to the given ``url``.</doc>
<msg timestamp="20220112 16:20:13.187" level="INFO">Successfully opened URL https://getgeeks-renato.herokuapp.com/signup</msg>
<status status="PASS" starttime="20220112 16:20:12.342" endtime="20220112 16:20:13.187"/>
</kw>
<kw name="Wait For Elements State" library="Browser">
<arg>css=.signup-form</arg>
<arg>visible</arg>
<arg>5</arg>
<tag>PageContent</tag>
<tag>Wait</tag>
<doc>Waits for the element found by ``selector`` to satisfy state option.</doc>
<msg timestamp="20220112 16:20:13.204" level="INFO">Waited for Element with selector css=.signup-form at state visible</msg>
<status status="PASS" starttime="20220112 16:20:13.188" endtime="20220112 16:20:13.204"/>
</kw>
<status status="PASS" starttime="20220112 16:20:12.342" endtime="20220112 16:20:13.204"/>
</kw>
<kw name="Fill Signup Form" library="SignupActions">
<arg>${user}</arg>
<kw name="Fill Text" library="Browser">
<arg>id=name</arg>
<arg>${user}[name]</arg>
<tag>PageContent</tag>
<tag>Setter</tag>
<doc>Clears and fills the given ``txt`` into the text field found by ``selector``.</doc>
<msg timestamp="20220112 16:20:13.205" level="INFO">Fills the text 'Laura' in the given field.</msg>
<status status="PASS" starttime="20220112 16:20:13.205" endtime="20220112 16:20:13.218"/>
</kw>
<kw name="Fill Text" library="Browser">
<arg>id=lastname</arg>
<arg>${user}[lastname]</arg>
<tag>PageContent</tag>
<tag>Setter</tag>
<doc>Clears and fills the given ``txt`` into the text field found by ``selector``.</doc>
<msg timestamp="20220112 16:20:13.219" level="INFO">Fills the text 'Reed' in the given field.</msg>
<status status="PASS" starttime="20220112 16:20:13.218" endtime="20220112 16:20:13.230"/>
</kw>
<kw name="Fill Text" library="Browser">
<arg>id=email</arg>
<arg>${user}[email]</arg>
<tag>PageContent</tag>
<tag>Setter</tag>
<doc>Clears and fills the given ``txt`` into the text field found by ``selector``.</doc>
<msg timestamp="20220112 16:20:13.231" level="INFO">Fills the text 'jessica32@hotmail.com' in the given field.</msg>
<status status="PASS" starttime="20220112 16:20:13.231" endtime="20220112 16:20:13.240"/>
</kw>
<kw name="Fill Text" library="Browser">
<arg>id=password</arg>
<arg>${user}[password]</arg>
<tag>PageContent</tag>
<tag>Setter</tag>
<doc>Clears and fills the given ``txt`` into the text field found by ``selector``.</doc>
<msg timestamp="20220112 16:20:13.240" level="INFO">Fills the text 'pwd123' in the given field.</msg>
<status status="PASS" starttime="20220112 16:20:13.240" endtime="20220112 16:20:13.249"/>
</kw>
<status status="PASS" starttime="20220112 16:20:13.205" endtime="20220112 16:20:13.249"/>
</kw>
<kw name="Submit Signup Form" library="SignupActions">
<kw name="Click" library="Browser">
<arg>css=.submit-button &gt;&gt; text=Cadastrar</arg>
<tag>PageContent</tag>
<tag>Setter</tag>
<doc>Simulates mouse click on the element found by ``selector``.</doc>
<status status="PASS" starttime="20220112 16:20:13.250" endtime="20220112 16:20:13.304"/>
</kw>
<status status="PASS" starttime="20220112 16:20:13.250" endtime="20220112 16:20:13.305"/>
</kw>
<kw name="User Should Be Registered" library="SignupActions">
<kw name="Set Variable" library="BuiltIn">
<var>${expected_message}</var>
<arg>css=p &gt;&gt; text=Agora você faz parte da Getgeeks. Tenha uma ótima experiência.</arg>
<doc>Returns the given values which can then be assigned to a variables.</doc>
<msg timestamp="20220112 16:20:13.305" level="INFO">${expected_message} = css=p &gt;&gt; text=Agora você faz parte da Getgeeks. Tenha uma ótima experiência.</msg>
<status status="PASS" starttime="20220112 16:20:13.305" endtime="20220112 16:20:13.305"/>
</kw>
<kw name="Wait For Elements State" library="Browser">
<arg>${expected_message}</arg>
<arg>visible</arg>
<arg>5</arg>
<tag>PageContent</tag>
<tag>Wait</tag>
<doc>Waits for the element found by ``selector`` to satisfy state option.</doc>
<msg timestamp="20220112 16:20:14.235" level="INFO">Waited for Element with selector css=p &gt;&gt; text=Agora você faz parte da Getgeeks. Tenha uma ótima experiência. at state visible</msg>
<status status="PASS" starttime="20220112 16:20:13.305" endtime="20220112 16:20:14.235"/>
</kw>
<status status="PASS" starttime="20220112 16:20:13.305" endtime="20220112 16:20:14.235"/>
</kw>
<kw name="Finish Session" library="Base" type="TEARDOWN">
<kw name="Take Screenshot" library="Browser">
<tag>PageContent</tag>
<doc>Takes a screenshot of the current window or element and saves it to disk.</doc>
<msg timestamp="20220112 16:20:14.326" level="INFO" html="true">&lt;/td&gt;&lt;/tr&gt;&lt;tr&gt;&lt;td colspan="3"&gt;&lt;a href="browser/screenshot/robotframework-browser-screenshot-1.png"&gt;&lt;img src="browser/screenshot/robotframework-browser-screenshot-1.png" width="800px"&gt;&lt;/a&gt;</msg>
<status status="PASS" starttime="20220112 16:20:14.236" endtime="20220112 16:20:14.326"/>
</kw>
<status status="PASS" starttime="20220112 16:20:14.235" endtime="20220112 16:20:14.326"/>
</kw>
<status status="PASS" starttime="20220112 16:20:08.906" endtime="20220112 16:20:14.326"/>
</test>
<test id="s1-s3-t2" name="Duplicate User">
<kw name="Start Session" library="Base" type="SETUP">
<kw name="New Browser" library="Browser">
<arg>chromium</arg>
<arg>headless=False</arg>
<arg>slowMo=00:00:00</arg>
<tag>BrowserControl</tag>
<tag>Setter</tag>
<doc>Create a new playwright Browser with specified options.</doc>
<msg timestamp="20220112 16:20:14.362" level="INFO">{"browser": "chromium", "headless": false, "handleSIGINT": true, "handleSIGTERM": true, "handleSIGHUP": true, "timeout": 30000.0, "devtools": false, "slowMo": 0.0, "tracesDir": "C:\\GravidadeZERO\\getgeeks\\project\\pabot_results\\2\\browser\\traces\\c15f6621-b1db-4011-a805-33404c27172c"}</msg>
<msg timestamp="20220112 16:20:15.044" level="INFO">Successfully created browser with options: {"browser":"chromium","headless":false,"handleSIGINT":true,"handleSIGTERM":true,"handleSIGHUP":true,"timeout":30000,"devtools":false,"slowMo":0,"tracesDir":"C:\\GravidadeZERO\\getgeeks\\project\\pabot_results\\2\\browser\\traces\\c15f6621-b1db-4011-a805-33404c27172c"}</msg>
<status status="PASS" starttime="20220112 16:20:14.361" endtime="20220112 16:20:15.044"/>
</kw>
<kw name="New Page" library="Browser">
<arg>${BASE_URL}</arg>
<tag>BrowserControl</tag>
<tag>Setter</tag>
<doc>Open a new Page. A Page is the Playwright equivalent to a tab.
See `Browser, Context and Page` for more information about Page concept.
Returns a stable identifier for the created page.</doc>
<msg timestamp="20220112 16:20:17.266" level="INFO">Successfully initialized new page object and opened url: https://getgeeks-renato.herokuapp.com</msg>
<msg timestamp="20220112 16:20:17.266" level="INFO">No context was open. New context was automatically opened when this page is created.</msg>
<status status="PASS" starttime="20220112 16:20:15.044" endtime="20220112 16:20:17.266"/>
</kw>
<status status="PASS" starttime="20220112 16:20:14.360" endtime="20220112 16:20:17.267"/>
</kw>
<kw name="Factory User" library="Users">
<var>${user}</var>
<arg>faker</arg>
<msg timestamp="20220112 16:20:17.267" level="INFO">${user} = {'name': 'Aaron', 'lastname': 'Wilson', 'email': 'james69@gmail.com', 'password': 'pwd123'}</msg>
<status status="PASS" starttime="20220112 16:20:17.267" endtime="20220112 16:20:17.267"/>
</kw>
<kw name="Add User From Database" library="Helpers">
<arg>${user}</arg>
<kw name="Connect to Postgres" library="Database">
<kw name="Connect To Database" library="DatabaseLibrary">
<arg>psycopg2</arg>
<arg>rhrraswh</arg>
<arg>rhrraswh</arg>
<arg>03_cHojyAAf4lmZzW4D61qXcAjqkLbjf</arg>
<arg>castor.db.elephantsql.com</arg>
<arg>5432</arg>
<doc>Loads the DB API 2.0 module given `dbapiModuleName` then uses it to
connect to the database using `dbName`, `dbUsername`, and `dbPassword`.</doc>
<msg timestamp="20220112 16:20:17.275" level="INFO">Connecting using : psycopg2.connect(database=rhrraswh, user=rhrraswh, password=03_cHojyAAf4lmZzW4D61qXcAjqkLbjf, host=castor.db.elephantsql.com, port=5432) </msg>
<status status="PASS" starttime="20220112 16:20:17.268" endtime="20220112 16:20:18.233"/>
</kw>
<status status="PASS" starttime="20220112 16:20:17.268" endtime="20220112 16:20:18.233"/>
</kw>
<kw name="Insert User" library="Database">
<arg>${user}</arg>
<kw name="Get Hashed Pass" library="Users">
<var>${hashed_pass}</var>
<arg>${u}[password]</arg>
<msg timestamp="20220112 16:20:18.247" level="INFO">${hashed_pass} = $2b$08$HKAs/Scq3zEsdM1BEnRScOeJ9.Vd.HqjZT04RBnceHyp.HSzydL0q</msg>
<status status="PASS" starttime="20220112 16:20:18.234" endtime="20220112 16:20:18.247"/>
</kw>
<kw name="Set Variable" library="BuiltIn">
<var>${q}</var>
<arg>INSERT INTO public.users (name, email, password_hash, is_geek) values ('${u}[name] ${u}[lastname]', '${u}[email]', '${hashed_pass}', false)</arg>
<doc>Returns the given values which can then be assigned to a variables.</doc>
<msg timestamp="20220112 16:20:18.248" level="INFO">${q} = INSERT INTO public.users (name, email, password_hash, is_geek) values ('Aaron Wilson', 'james69@gmail.com', '$2b$08$HKAs/Scq3zEsdM1BEnRScOeJ9.Vd.HqjZT04RBnceHyp.HSzydL0q', false)</msg>
<status status="PASS" starttime="20220112 16:20:18.247" endtime="20220112 16:20:18.248"/>
</kw>
<kw name="Execute Sql String" library="DatabaseLibrary">
<arg>${q}</arg>
<doc>Executes the sqlString as SQL commands. Useful to pass arguments to your sql. Set optional input `sansTran` to
True to run command without an explicit transaction commit or rollback.</doc>
<msg timestamp="20220112 16:20:18.248" level="INFO">Executing : Execute SQL String  |  INSERT INTO public.users (name, email, password_hash, is_geek) values ('Aaron Wilson', 'james69@gmail.com', '$2b$08$HKAs/Scq3zEsdM1BEnRScOeJ9.Vd.HqjZT04RBnceHyp.HSzydL0q', false) </msg>
<status status="PASS" starttime="20220112 16:20:18.248" endtime="20220112 16:20:18.696"/>
</kw>
<status status="PASS" starttime="20220112 16:20:18.233" endtime="20220112 16:20:18.696"/>
</kw>
<kw name="Disconnect From Database" library="DatabaseLibrary">
<doc>Disconnects from the database.</doc>
<msg timestamp="20220112 16:20:18.697" level="INFO">Executing : Disconnect From Database</msg>
<status status="PASS" starttime="20220112 16:20:18.696" endtime="20220112 16:20:18.697"/>
</kw>
<status status="PASS" starttime="20220112 16:20:17.267" endtime="20220112 16:20:18.697"/>
</kw>
<kw name="Go To Signup Form" library="SignupActions">
<kw name="Go To" library="Browser">
<arg>${BASE_URL}/signup</arg>
<tag>BrowserControl</tag>
<tag>Setter</tag>
<doc>Navigates to the given ``url``.</doc>
<msg timestamp="20220112 16:20:19.565" level="INFO">Successfully opened URL https://getgeeks-renato.herokuapp.com/signup</msg>
<status status="PASS" starttime="20220112 16:20:18.698" endtime="20220112 16:20:19.565"/>
</kw>
<kw name="Wait For Elements State" library="Browser">
<arg>css=.signup-form</arg>
<arg>visible</arg>
<arg>5</arg>
<tag>PageContent</tag>
<tag>Wait</tag>
<doc>Waits for the element found by ``selector`` to satisfy state option.</doc>
<msg timestamp="20220112 16:20:19.581" level="INFO">Waited for Element with selector css=.signup-form at state visible</msg>
<status status="PASS" starttime="20220112 16:20:19.565" endtime="20220112 16:20:19.581"/>
</kw>
<status status="PASS" starttime="20220112 16:20:18.698" endtime="20220112 16:20:19.581"/>
</kw>
<kw name="Fill Signup Form" library="SignupActions">
<arg>${user}</arg>
<kw name="Fill Text" library="Browser">
<arg>id=name</arg>
<arg>${user}[name]</arg>
<tag>PageContent</tag>
<tag>Setter</tag>
<doc>Clears and fills the given ``txt`` into the text field found by ``selector``.</doc>
<msg timestamp="20220112 16:20:19.582" level="INFO">Fills the text 'Aaron' in the given field.</msg>
<status status="PASS" starttime="20220112 16:20:19.582" endtime="20220112 16:20:19.594"/>
</kw>
<kw name="Fill Text" library="Browser">
<arg>id=lastname</arg>
<arg>${user}[lastname]</arg>
<tag>PageContent</tag>
<tag>Setter</tag>
<doc>Clears and fills the given ``txt`` into the text field found by ``selector``.</doc>
<msg timestamp="20220112 16:20:19.595" level="INFO">Fills the text 'Wilson' in the given field.</msg>
<status status="PASS" starttime="20220112 16:20:19.594" endtime="20220112 16:20:19.604"/>
</kw>
<kw name="Fill Text" library="Browser">
<arg>id=email</arg>
<arg>${user}[email]</arg>
<tag>PageContent</tag>
<tag>Setter</tag>
<doc>Clears and fills the given ``txt`` into the text field found by ``selector``.</doc>
<msg timestamp="20220112 16:20:19.605" level="INFO">Fills the text 'james69@gmail.com' in the given field.</msg>
<status status="PASS" starttime="20220112 16:20:19.604" endtime="20220112 16:20:19.614"/>
</kw>
<kw name="Fill Text" library="Browser">
<arg>id=password</arg>
<arg>${user}[password]</arg>
<tag>PageContent</tag>
<tag>Setter</tag>
<doc>Clears and fills the given ``txt`` into the text field found by ``selector``.</doc>
<msg timestamp="20220112 16:20:19.615" level="INFO">Fills the text 'pwd123' in the given field.</msg>
<status status="PASS" starttime="20220112 16:20:19.614" endtime="20220112 16:20:19.623"/>
</kw>
<status status="PASS" starttime="20220112 16:20:19.581" endtime="20220112 16:20:19.624"/>
</kw>
<kw name="Submit Signup Form" library="SignupActions">
<kw name="Click" library="Browser">
<arg>css=.submit-button &gt;&gt; text=Cadastrar</arg>
<tag>PageContent</tag>
<tag>Setter</tag>
<doc>Simulates mouse click on the element found by ``selector``.</doc>
<status status="PASS" starttime="20220112 16:20:19.624" endtime="20220112 16:20:19.687"/>
</kw>
<status status="PASS" starttime="20220112 16:20:19.624" endtime="20220112 16:20:19.687"/>
</kw>
<kw name="Modal Content Should Be" library="_SharedActions">
<arg>Já temos um usuário com o e-mail informado.</arg>
<kw name="Set Variable" library="BuiltIn">
<var>${title}</var>
<arg>css=.swal2-title</arg>
<doc>Returns the given values which can then be assigned to a variables.</doc>
<msg timestamp="20220112 16:20:19.689" level="INFO">${title} = css=.swal2-title</msg>
<status status="PASS" starttime="20220112 16:20:19.688" endtime="20220112 16:20:19.689"/>
</kw>
<kw name="Set Variable" library="BuiltIn">
<var>${content}</var>
<arg>css=.swal2-html-container</arg>
<doc>Returns the given values which can then be assigned to a variables.</doc>
<msg timestamp="20220112 16:20:19.689" level="INFO">${content} = css=.swal2-html-container</msg>
<status status="PASS" starttime="20220112 16:20:19.689" endtime="20220112 16:20:19.689"/>
</kw>
<kw name="Wait For Elements State" library="Browser">
<arg>${title}</arg>
<arg>visible</arg>
<arg>5</arg>
<tag>PageContent</tag>
<tag>Wait</tag>
[...]
<msg timestamp="20220112 16:20:36.913" level="INFO">Successfully opened URL https://getgeeks-renato.herokuapp.com/signup</msg>
<status status="PASS" starttime="20220112 16:20:36.397" endtime="20220112 16:20:36.913"/>
</kw>
<kw name="Wait For Elements State" library="Browser">
<arg>css=.signup-form</arg>
<arg>visible</arg>
<arg>5</arg>
<tag>PageContent</tag>
<tag>Wait</tag>
<doc>Waits for the element found by ``selector`` to satisfy state option.</doc>
<msg timestamp="20220112 16:20:36.920" level="INFO">Waited for Element with selector css=.signup-form at state visible</msg>
<status status="PASS" starttime="20220112 16:20:36.914" endtime="20220112 16:20:36.920"/>
</kw>
<status status="PASS" starttime="20220112 16:20:36.397" endtime="20220112 16:20:36.921"/>
</kw>
<kw name="Fill Signup Form" library="SignupActions">
<arg>${user}</arg>
<kw name="Fill Text" library="Browser">
<arg>id=name</arg>
<arg>${user}[name]</arg>
<tag>PageContent</tag>
<tag>Setter</tag>
<doc>Clears and fills the given ``txt`` into the text field found by ``selector``.</doc>
<msg timestamp="20220112 16:20:36.921" level="INFO">Fills the text 'Renato' in the given field.</msg>
<status status="PASS" starttime="20220112 16:20:36.921" endtime="20220112 16:20:36.930"/>
</kw>
<kw name="Fill Text" library="Browser">
<arg>id=lastname</arg>
<arg>${user}[lastname]</arg>
<tag>PageContent</tag>
<tag>Setter</tag>
<doc>Clears and fills the given ``txt`` into the text field found by ``selector``.</doc>
<msg timestamp="20220112 16:20:36.931" level="INFO">Fills the text 'Reis' in the given field.</msg>
<status status="PASS" starttime="20220112 16:20:36.930" endtime="20220112 16:20:36.938"/>
</kw>
<kw name="Fill Text" library="Browser">
<arg>id=email</arg>
<arg>${user}[email]</arg>
<tag>PageContent</tag>
<tag>Setter</tag>
<doc>Clears and fills the given ``txt`` into the text field found by ``selector``.</doc>
<msg timestamp="20220112 16:20:36.938" level="INFO">Fills the text 'renato@reis.com.br' in the given field.</msg>
<status status="PASS" starttime="20220112 16:20:36.938" endtime="20220112 16:20:36.946"/>
</kw>
<kw name="Fill Text" library="Browser">
<arg>id=password</arg>
<arg>${user}[password]</arg>
<tag>PageContent</tag>
<tag>Setter</tag>
<doc>Clears and fills the given ``txt`` into the text field found by ``selector``.</doc>
<msg timestamp="20220112 16:20:36.947" level="INFO">Fills the text 'ab3c' in the given field.</msg>
<status status="PASS" starttime="20220112 16:20:36.946" endtime="20220112 16:20:36.954"/>
</kw>
<status status="PASS" starttime="20220112 16:20:36.921" endtime="20220112 16:20:36.954"/>
</kw>
<kw name="Submit Signup Form" library="SignupActions">
<kw name="Click" library="Browser">
<arg>css=.submit-button &gt;&gt; text=Cadastrar</arg>
<tag>PageContent</tag>
<tag>Setter</tag>
<doc>Simulates mouse click on the element found by ``selector``.</doc>
<status status="PASS" starttime="20220112 16:20:36.955" endtime="20220112 16:20:36.988"/>
</kw>
<status status="PASS" starttime="20220112 16:20:36.954" endtime="20220112 16:20:36.988"/>
</kw>
<kw name="Alert Span Should Be" library="_SharedActions">
<arg>Informe uma senha com pelo menos 6 caracteres</arg>
<kw name="Wait For Elements State" library="Browser">
<arg>css=span[class=error] &gt;&gt; text=${expected_notice}</arg>
<arg>visible</arg>
<arg>5</arg>
<tag>PageContent</tag>
<tag>Wait</tag>
<doc>Waits for the element found by ``selector`` to satisfy state option.</doc>
<msg timestamp="20220112 16:20:36.993" level="INFO">Waited for Element with selector css=span[class=error] &gt;&gt; text=Informe uma senha com pelo menos 6 caracteres at state visible</msg>
<status status="PASS" starttime="20220112 16:20:36.989" endtime="20220112 16:20:36.993"/>
</kw>
<status status="PASS" starttime="20220112 16:20:36.988" endtime="20220112 16:20:36.993"/>
</kw>
<status status="PASS" starttime="20220112 16:20:36.396" endtime="20220112 16:20:36.994"/>
</kw>
<kw name="Signup With Short Pass">
<arg>a23bc</arg>
<kw name="Create Dictionary" library="BuiltIn">
<var>${user}</var>
<arg>name=Renato</arg>
<arg>lastname=Reis</arg>
<arg>email=renato@reis.com.br</arg>
<arg>password=${short_pass}</arg>
<doc>Creates and returns a dictionary based on the given ``items``.</doc>
<msg timestamp="20220112 16:20:36.994" level="INFO">${user} = {'name': 'Renato', 'lastname': 'Reis', 'email': 'renato@reis.com.br', 'password': 'a23bc'}</msg>
<status status="PASS" starttime="20220112 16:20:36.994" endtime="20220112 16:20:36.994"/>
</kw>
<kw name="Go To Signup Form" library="SignupActions">
<kw name="Go To" library="Browser">
<arg>${BASE_URL}/signup</arg>
<tag>BrowserControl</tag>
<tag>Setter</tag>
<doc>Navigates to the given ``url``.</doc>
<msg timestamp="20220112 16:20:37.509" level="INFO">Successfully opened URL https://getgeeks-renato.herokuapp.com/signup</msg>
<status status="PASS" starttime="20220112 16:20:36.995" endtime="20220112 16:20:37.509"/>
</kw>
<kw name="Wait For Elements State" library="Browser">
<arg>css=.signup-form</arg>
<arg>visible</arg>
<arg>5</arg>
<tag>PageContent</tag>
<tag>Wait</tag>
<doc>Waits for the element found by ``selector`` to satisfy state option.</doc>
<msg timestamp="20220112 16:20:37.516" level="INFO">Waited for Element with selector css=.signup-form at state visible</msg>
<status status="PASS" starttime="20220112 16:20:37.509" endtime="20220112 16:20:37.516"/>
</kw>
<status status="PASS" starttime="20220112 16:20:36.994" endtime="20220112 16:20:37.516"/>
</kw>
<kw name="Fill Signup Form" library="SignupActions">
<arg>${user}</arg>
<kw name="Fill Text" library="Browser">
<arg>id=name</arg>
<arg>${user}[name]</arg>
<tag>PageContent</tag>
<tag>Setter</tag>
<doc>Clears and fills the given ``txt`` into the text field found by ``selector``.</doc>
<msg timestamp="20220112 16:20:37.517" level="INFO">Fills the text 'Renato' in the given field.</msg>
<status status="PASS" starttime="20220112 16:20:37.516" endtime="20220112 16:20:37.523"/>
</kw>
<kw name="Fill Text" library="Browser">
<arg>id=lastname</arg>
<arg>${user}[lastname]</arg>
<tag>PageContent</tag>
<tag>Setter</tag>
<doc>Clears and fills the given ``txt`` into the text field found by ``selector``.</doc>
<msg timestamp="20220112 16:20:37.524" level="INFO">Fills the text 'Reis' in the given field.</msg>
<status status="PASS" starttime="20220112 16:20:37.524" endtime="20220112 16:20:37.531"/>
</kw>
<kw name="Fill Text" library="Browser">
<arg>id=email</arg>
<arg>${user}[email]</arg>
<tag>PageContent</tag>
<tag>Setter</tag>
<doc>Clears and fills the given ``txt`` into the text field found by ``selector``.</doc>
<msg timestamp="20220112 16:20:37.532" level="INFO">Fills the text 'renato@reis.com.br' in the given field.</msg>
<status status="PASS" starttime="20220112 16:20:37.531" endtime="20220112 16:20:37.538"/>
</kw>
<kw name="Fill Text" library="Browser">
<arg>id=password</arg>
<arg>${user}[password]</arg>
<tag>PageContent</tag>
<tag>Setter</tag>
<doc>Clears and fills the given ``txt`` into the text field found by ``selector``.</doc>
<msg timestamp="20220112 16:20:37.538" level="INFO">Fills the text 'a23bc' in the given field.</msg>
<status status="PASS" starttime="20220112 16:20:37.538" endtime="20220112 16:20:37.545"/>
</kw>
<status status="PASS" starttime="20220112 16:20:37.516" endtime="20220112 16:20:37.545"/>
</kw>
<kw name="Submit Signup Form" library="SignupActions">
<kw name="Click" library="Browser">
<arg>css=.submit-button &gt;&gt; text=Cadastrar</arg>
<tag>PageContent</tag>
<tag>Setter</tag>
<doc>Simulates mouse click on the element found by ``selector``.</doc>
<status status="PASS" starttime="20220112 16:20:37.546" endtime="20220112 16:20:37.587"/>
</kw>
<status status="PASS" starttime="20220112 16:20:37.545" endtime="20220112 16:20:37.587"/>
</kw>
<kw name="Alert Span Should Be" library="_SharedActions">
<arg>Informe uma senha com pelo menos 6 caracteres</arg>
<kw name="Wait For Elements State" library="Browser">
<arg>css=span[class=error] &gt;&gt; text=${expected_notice}</arg>
<arg>visible</arg>
<arg>5</arg>
<tag>PageContent</tag>
<tag>Wait</tag>
<doc>Waits for the element found by ``selector`` to satisfy state option.</doc>
<msg timestamp="20220112 16:20:37.593" level="INFO">Waited for Element with selector css=span[class=error] &gt;&gt; text=Informe uma senha com pelo menos 6 caracteres at state visible</msg>
<status status="PASS" starttime="20220112 16:20:37.587" endtime="20220112 16:20:37.593"/>
</kw>
<status status="PASS" starttime="20220112 16:20:37.587" endtime="20220112 16:20:37.593"/>
</kw>
<status status="PASS" starttime="20220112 16:20:36.994" endtime="20220112 16:20:37.594"/>
</kw>
<kw name="Signup With Short Pass">
<arg>-1</arg>
<kw name="Create Dictionary" library="BuiltIn">
<var>${user}</var>
<arg>name=Renato</arg>
<arg>lastname=Reis</arg>
<arg>email=renato@reis.com.br</arg>
<arg>password=${short_pass}</arg>
<doc>Creates and returns a dictionary based on the given ``items``.</doc>
<msg timestamp="20220112 16:20:37.595" level="INFO">${user} = {'name': 'Renato', 'lastname': 'Reis', 'email': 'renato@reis.com.br', 'password': '-1'}</msg>
<status status="PASS" starttime="20220112 16:20:37.594" endtime="20220112 16:20:37.595"/>
</kw>
<kw name="Go To Signup Form" library="SignupActions">
<kw name="Go To" library="Browser">
<arg>${BASE_URL}/signup</arg>
<tag>BrowserControl</tag>
<tag>Setter</tag>
<doc>Navigates to the given ``url``.</doc>
<msg timestamp="20220112 16:20:38.115" level="INFO">Successfully opened URL https://getgeeks-renato.herokuapp.com/signup</msg>
<status status="PASS" starttime="20220112 16:20:37.595" endtime="20220112 16:20:38.115"/>
</kw>
<kw name="Wait For Elements State" library="Browser">
<arg>css=.signup-form</arg>
<arg>visible</arg>
<arg>5</arg>
<tag>PageContent</tag>
<tag>Wait</tag>
<doc>Waits for the element found by ``selector`` to satisfy state option.</doc>
<msg timestamp="20220112 16:20:38.122" level="INFO">Waited for Element with selector css=.signup-form at state visible</msg>
<status status="PASS" starttime="20220112 16:20:38.115" endtime="20220112 16:20:38.122"/>
</kw>
<status status="PASS" starttime="20220112 16:20:37.595" endtime="20220112 16:20:38.123"/>
</kw>
<kw name="Fill Signup Form" library="SignupActions">
<arg>${user}</arg>
<kw name="Fill Text" library="Browser">
<arg>id=name</arg>
<arg>${user}[name]</arg>
<tag>PageContent</tag>
<tag>Setter</tag>
<doc>Clears and fills the given ``txt`` into the text field found by ``selector``.</doc>
<msg timestamp="20220112 16:20:38.124" level="INFO">Fills the text 'Renato' in the given field.</msg>
<status status="PASS" starttime="20220112 16:20:38.123" endtime="20220112 16:20:38.133"/>
</kw>
<kw name="Fill Text" library="Browser">
<arg>id=lastname</arg>
<arg>${user}[lastname]</arg>
<tag>PageContent</tag>
<tag>Setter</tag>
<doc>Clears and fills the given ``txt`` into the text field found by ``selector``.</doc>
<msg timestamp="20220112 16:20:38.134" level="INFO">Fills the text 'Reis' in the given field.</msg>
<status status="PASS" starttime="20220112 16:20:38.134" endtime="20220112 16:20:38.142"/>
</kw>
<kw name="Fill Text" library="Browser">
<arg>id=email</arg>
<arg>${user}[email]</arg>
<tag>PageContent</tag>
<tag>Setter</tag>
<doc>Clears and fills the given ``txt`` into the text field found by ``selector``.</doc>
<msg timestamp="20220112 16:20:38.142" level="INFO">Fills the text 'renato@reis.com.br' in the given field.</msg>
<status status="PASS" starttime="20220112 16:20:38.142" endtime="20220112 16:20:38.150"/>
</kw>
<kw name="Fill Text" library="Browser">
<arg>id=password</arg>
<arg>${user}[password]</arg>
<tag>PageContent</tag>
<tag>Setter</tag>
<doc>Clears and fills the given ``txt`` into the text field found by ``selector``.</doc>
<msg timestamp="20220112 16:20:38.150" level="INFO">Fills the text '-1' in the given field.</msg>
<status status="PASS" starttime="20220112 16:20:38.150" endtime="20220112 16:20:38.158"/>
</kw>
<status status="PASS" starttime="20220112 16:20:38.123" endtime="20220112 16:20:38.159"/>
</kw>
<kw name="Submit Signup Form" library="SignupActions">
<kw name="Click" library="Browser">
<arg>css=.submit-button &gt;&gt; text=Cadastrar</arg>
<tag>PageContent</tag>
<tag>Setter</tag>
<doc>Simulates mouse click on the element found by ``selector``.</doc>
<status status="PASS" starttime="20220112 16:20:38.159" endtime="20220112 16:20:38.203"/>
</kw>
<status status="PASS" starttime="20220112 16:20:38.159" endtime="20220112 16:20:38.204"/>
</kw>
<kw name="Alert Span Should Be" library="_SharedActions">
<arg>Informe uma senha com pelo menos 6 caracteres</arg>
<kw name="Wait For Elements State" library="Browser">
<arg>css=span[class=error] &gt;&gt; text=${expected_notice}</arg>
<arg>visible</arg>
<arg>5</arg>
<tag>PageContent</tag>
<tag>Wait</tag>
<doc>Waits for the element found by ``selector`` to satisfy state option.</doc>
<msg timestamp="20220112 16:20:38.207" level="INFO">Waited for Element with selector css=span[class=error] &gt;&gt; text=Informe uma senha com pelo menos 6 caracteres at state visible</msg>
<status status="PASS" starttime="20220112 16:20:38.204" endtime="20220112 16:20:38.207"/>
</kw>
<status status="PASS" starttime="20220112 16:20:38.204" endtime="20220112 16:20:38.208"/>
</kw>
<status status="PASS" starttime="20220112 16:20:37.594" endtime="20220112 16:20:38.208"/>
</kw>
<kw name="Signup With Short Pass">
<arg>abc#1</arg>
<kw name="Create Dictionary" library="BuiltIn">
<var>${user}</var>
<arg>name=Renato</arg>
<arg>lastname=Reis</arg>
<arg>email=renato@reis.com.br</arg>
<arg>password=${short_pass}</arg>
<doc>Creates and returns a dictionary based on the given ``items``.</doc>
<msg timestamp="20220112 16:20:38.209" level="INFO">${user} = {'name': 'Renato', 'lastname': 'Reis', 'email': 'renato@reis.com.br', 'password': 'abc#1'}</msg>
<status status="PASS" starttime="20220112 16:20:38.208" endtime="20220112 16:20:38.209"/>
</kw>
<kw name="Go To Signup Form" library="SignupActions">
<kw name="Go To" library="Browser">
<arg>${BASE_URL}/signup</arg>
<tag>BrowserControl</tag>
<tag>Setter</tag>
<doc>Navigates to the given ``url``.</doc>
<msg timestamp="20220112 16:20:38.728" level="INFO">Successfully opened URL https://getgeeks-renato.herokuapp.com/signup</msg>
<status status="PASS" starttime="20220112 16:20:38.209" endtime="20220112 16:20:38.728"/>
</kw>
<kw name="Wait For Elements State" library="Browser">
<arg>css=.signup-form</arg>
<arg>visible</arg>
<arg>5</arg>
<tag>PageContent</tag>
<tag>Wait</tag>
<doc>Waits for the element found by ``selector`` to satisfy state option.</doc>
<msg timestamp="20220112 16:20:38.734" level="INFO">Waited for Element with selector css=.signup-form at state visible</msg>
<status status="PASS" starttime="20220112 16:20:38.728" endtime="20220112 16:20:38.734"/>
</kw>
<status status="PASS" starttime="20220112 16:20:38.209" endtime="20220112 16:20:38.735"/>
</kw>
<kw name="Fill Signup Form" library="SignupActions">
<arg>${user}</arg>
<kw name="Fill Text" library="Browser">
<arg>id=name</arg>
<arg>${user}[name]</arg>
<tag>PageContent</tag>
<tag>Setter</tag>
<doc>Clears and fills the given ``txt`` into the text field found by ``selector``.</doc>
<msg timestamp="20220112 16:20:38.735" level="INFO">Fills the text 'Renato' in the given field.</msg>
<status status="PASS" starttime="20220112 16:20:38.735" endtime="20220112 16:20:38.742"/>
</kw>
<kw name="Fill Text" library="Browser">
<arg>id=lastname</arg>
<arg>${user}[lastname]</arg>
<tag>PageContent</tag>
<tag>Setter</tag>
<doc>Clears and fills the given ``txt`` into the text field found by ``selector``.</doc>
<msg timestamp="20220112 16:20:38.742" level="INFO">Fills the text 'Reis' in the given field.</msg>
<status status="PASS" starttime="20220112 16:20:38.742" endtime="20220112 16:20:38.749"/>
</kw>
<kw name="Fill Text" library="Browser">
<arg>id=email</arg>
<arg>${user}[email]</arg>
<tag>PageContent</tag>
<tag>Setter</tag>
<doc>Clears and fills the given ``txt`` into the text field found by ``selector``.</doc>
<msg timestamp="20220112 16:20:38.749" level="INFO">Fills the text 'renato@reis.com.br' in the given field.</msg>
<status status="PASS" starttime="20220112 16:20:38.749" endtime="20220112 16:20:38.756"/>
</kw>
<kw name="Fill Text" library="Browser">
<arg>id=password</arg>
<arg>${user}[password]</arg>
<tag>PageContent</tag>
<tag>Setter</tag>
<doc>Clears and fills the given ``txt`` into the text field found by ``selector``.</doc>
<msg timestamp="20220112 16:20:38.756" level="INFO">Fills the text 'abc#1' in the given field.</msg>
<status status="PASS" starttime="20220112 16:20:38.756" endtime="20220112 16:20:38.763"/>
</kw>
<status status="PASS" starttime="20220112 16:20:38.735" endtime="20220112 16:20:38.763"/>
</kw>
<kw name="Submit Signup Form" library="SignupActions">
<kw name="Click" library="Browser">
<arg>css=.submit-button &gt;&gt; text=Cadastrar</arg>
<tag>PageContent</tag>
<tag>Setter</tag>
<doc>Simulates mouse click on the element found by ``selector``.</doc>
<status status="PASS" starttime="20220112 16:20:38.764" endtime="20220112 16:20:38.803"/>
</kw>
<status status="PASS" starttime="20220112 16:20:38.763" endtime="20220112 16:20:38.804"/>
</kw>
<kw name="Alert Span Should Be" library="_SharedActions">
<arg>Informe uma senha com pelo menos 6 caracteres</arg>
<kw name="Wait For Elements State" library="Browser">
<arg>css=span[class=error] &gt;&gt; text=${expected_notice}</arg>
<arg>visible</arg>
<arg>5</arg>
<tag>PageContent</tag>
<tag>Wait</tag>
<doc>Waits for the element found by ``selector`` to satisfy state option.</doc>
<msg timestamp="20220112 16:20:38.810" level="INFO">Waited for Element with selector css=span[class=error] &gt;&gt; text=Informe uma senha com pelo menos 6 caracteres at state visible</msg>
<status status="PASS" starttime="20220112 16:20:38.805" endtime="20220112 16:20:38.810"/>
</kw>
<status status="PASS" starttime="20220112 16:20:38.804" endtime="20220112 16:20:38.810"/>
</kw>
<status status="PASS" starttime="20220112 16:20:38.208" endtime="20220112 16:20:38.810"/>
</kw>
<kw name="Finish Session" library="Base" type="TEARDOWN">
<kw name="Take Screenshot" library="Browser">
<tag>PageContent</tag>
<doc>Takes a screenshot of the current window or element and saves it to disk.</doc>
<msg timestamp="20220112 16:20:38.992" level="INFO" html="true">&lt;/td&gt;&lt;/tr&gt;&lt;tr&gt;&lt;td colspan="3"&gt;&lt;a href="browser/screenshot/robotframework-browser-screenshot-5.png"&gt;&lt;img src="browser/screenshot/robotframework-browser-screenshot-5.png" width="800px"&gt;&lt;/a&gt;</msg>
<status status="PASS" starttime="20220112 16:20:38.810" endtime="20220112 16:20:38.992"/>
</kw>
<status status="PASS" starttime="20220112 16:20:38.810" endtime="20220112 16:20:38.993"/>
</kw>
<tag>attempt_signup</tag>
<tag>short_pass</tag>
<status status="PASS" starttime="20220112 16:20:28.934" endtime="20220112 16:20:38.993"/>
</test>
<doc>Signup Test Suite</doc>
<status status="PASS" starttime="20220112 16:20:08.005" endtime="20220112 16:20:39.022"/>
</suite>
<doc>[https://pabot.org/?ref=log|Pabot] result from 3 executions.</doc>
<status status="PASS" starttime="20220112 16:20:07.992" endtime="20220112 16:20:39.024"/>
</suite>
<statistics>
<total>
<stat pass="13" fail="0" skip="0">All Tests</stat>
</total>
<tag>
<stat pass="4" fail="0" skip="0">attempt_signup</stat>
<stat pass="3" fail="0" skip="0">empty</stat>
<stat pass="1" fail="0" skip="0">inv_email</stat>
<stat pass="1" fail="0" skip="0">inv_pass</stat>
<stat pass="1" fail="0" skip="0">req_f</stat>
<stat pass="1" fail="0" skip="0">short_pass</stat>
<stat pass="1" fail="0" skip="0">user_404</stat>
</tag>
<suite>
<stat pass="13" fail="0" skip="0" id="s1" name="Tests">Tests</stat>
<stat pass="1" fail="0" skip="0" id="s1-s1" name="BeGeek">Tests.BeGeek</stat>
<stat pass="7" fail="0" skip="0" id="s1-s2" name="Login">Tests.Login</stat>
<stat pass="5" fail="0" skip="0" id="s1-s3" name="Signup">Tests.Signup</stat>
</suite>
</statistics>
<errors>
</errors>
</robot>
