<?xml version="1.0" encoding="UTF-8"?>
<robot generator="Robot 4.1.2 (Python 3.10.0 on win32)" generated="20220125 20:08:54.385" rpa="false" schemaversion="2">
<suite id="s1" name="Tests" source="C:\GravidadeZERO\getgeeks\project\backend\tests">
<suite id="s1-s1" name="Geeks" source="C:\GravidadeZERO\getgeeks\project\backend\tests\Geeks.robot">
<test id="s1-s1-t1" name="Be a geek">
<kw name="Factory Be Geek" library="Users">
<var>${user}</var>
<msg timestamp="20220125 20:08:54.457" level="INFO">${user} = {'name': 'João Lucas', 'email': 'joao@qaninja.com.br', 'password': 'pwd123', 'geek_profile': {'whatsapp': '11999999999', 'desc': 'Seu computador está lento? Reiniciando do nada? Talvez seja um vírus, ...</msg>
<status status="PASS" starttime="20220125 20:08:54.456" endtime="20220125 20:08:54.457"/>
</kw>
<kw name="Remove User" library="Helpers">
<arg>${user}</arg>
<kw name="Get Token" library="Helpers">
<var>${token}</var>
<arg>${user}</arg>
<kw name="Create Dictionary" library="BuiltIn">
<var>${payload}</var>
<arg>email=${user}[email]</arg>
<arg>password=${user}[password]</arg>
<doc>Creates and returns a dictionary based on the given ``items``.</doc>
<msg timestamp="20220125 20:08:54.458" level="INFO">${payload} = {'email': 'joao@qaninja.com.br', 'password': 'pwd123'}</msg>
<status status="PASS" starttime="20220125 20:08:54.457" endtime="20220125 20:08:54.458"/>
</kw>
<kw name="POST Session" library="SessionsRoute">
<var>${response}</var>
<arg>${payload}</arg>
<kw name="POST" library="RequestsLibrary">
<var>${response}</var>
<arg>${API_USERS}/sessions</arg>
<arg>json=${payload}</arg>
<arg>expected_status=any</arg>
<doc>Sends a POST request.</doc>
<msg timestamp="20220125 20:08:55.261" level="INFO">POST Request : url=https://getgeeks-users-renatoll.herokuapp.com/sessions 
 path_url=/sessions 
 headers={'User-Agent': 'python-requests/2.27.1', 'Accept-Encoding': 'gzip, deflate', 'Accept': '*/*', 'Connection': 'keep-alive', 'Content-Length': '54', 'Content-Type': 'application/json'} 
 body=b'{"email": "joao@qaninja.com.br", "password": "pwd123"}' 
 </msg>
<msg timestamp="20220125 20:08:55.261" level="INFO">POST Response : url=https://getgeeks-users-renatoll.herokuapp.com/sessions 
 status=401, reason=Unauthorized 
 headers={'Server': 'Cowboy', 'Connection': 'keep-alive', 'X-Powered-By': 'Express', 'Access-Control-Allow-Origin': '*', 'Content-Type': 'application/json; charset=utf-8', 'Content-Length': '24', 'Etag': 'W/"18-XPDV80vbMk4yY1/PADG4jYM4rSI"', 'Date': 'Wed, 26 Jan 2022 00:08:03 GMT', 'Via': '1.1 vegur'} 
 body={"error":"Unauthorized"} 
 </msg>
<msg timestamp="20220125 20:08:55.261" level="INFO">${response} = &lt;Response [401]&gt;</msg>
<status status="PASS" starttime="20220125 20:08:54.458" endtime="20220125 20:08:55.261"/>
</kw>
<msg timestamp="20220125 20:08:55.262" level="INFO">${response} = &lt;Response [401]&gt;</msg>
<status status="PASS" starttime="20220125 20:08:54.458" endtime="20220125 20:08:55.262"/>
</kw>
<kw name="Set Variable" library="BuiltIn">
<var>${result}</var>
<arg>${EMPTY}</arg>
<doc>Returns the given values which can then be assigned to a variables.</doc>
<msg timestamp="20220125 20:08:55.262" level="INFO">${result} = </msg>
<status status="PASS" starttime="20220125 20:08:55.262" endtime="20220125 20:08:55.262"/>
</kw>
<if>
<branch type="IF" condition="&quot;200&quot; in &quot;${response}&quot;">
<kw name="Set Variable" library="BuiltIn">
<var>${result}</var>
<arg>Bearer ${response.json()}[token]</arg>
<doc>Returns the given values which can then be assigned to a variables.</doc>
<status status="NOT RUN" starttime="20220125 20:08:55.262" endtime="20220125 20:08:55.262"/>
</kw>
<status status="NOT RUN" starttime="20220125 20:08:55.262" endtime="20220125 20:08:55.262"/>
</branch>
<status status="PASS" starttime="20220125 20:08:55.262" endtime="20220125 20:08:55.262"/>
</if>
<msg timestamp="20220125 20:08:55.262" level="INFO">${token} = </msg>
<status status="PASS" starttime="20220125 20:08:54.457" endtime="20220125 20:08:55.262"/>
</kw>
<if>
<branch type="IF" condition="&quot;${token}&quot;">
<kw name="DELETE User" library="UsersRoute">
<arg>${token}</arg>
<status status="NOT RUN" starttime="20220125 20:08:55.263" endtime="20220125 20:08:55.263"/>
</kw>
<status status="NOT RUN" starttime="20220125 20:08:55.263" endtime="20220125 20:08:55.263"/>
</branch>
<status status="PASS" starttime="20220125 20:08:55.262" endtime="20220125 20:08:55.263"/>
</if>
<status status="PASS" starttime="20220125 20:08:54.457" endtime="20220125 20:08:55.263"/>
</kw>
<kw name="POST User" library="UsersRoute">
<arg>${user}</arg>
<kw name="POST" library="RequestsLibrary">
<var>${response}</var>
<arg>${API_USERS}/users</arg>
<arg>json=${payload}</arg>
<arg>expected_status=any</arg>
<doc>Sends a POST request.</doc>
<msg timestamp="20220125 20:08:55.940" level="INFO">POST Request : url=https://getgeeks-users-renatoll.herokuapp.com/users 
 path_url=/users 
 headers={'User-Agent': 'python-requests/2.27.1', 'Accept-Encoding': 'gzip, deflate', 'Accept': '*/*', 'Connection': 'keep-alive', 'Content-Length': '487', 'Content-Type': 'application/json'} 
 body=b'{"name": "Jo\\u00e3o Lucas", "email": "joao@qaninja.com.br", "password": "pwd123", "geek_profile": {"whatsapp": "11999999999", "desc": "Seu computador est\\u00e1 lento? Reiniciando do nada? Talvez seja um v\\u00edrus, ou algum hardware com defeito. Posso fazer a manuten\\u00e7\\u00e3o no seu PC, formando, reinstalando o SO, trocando algum componente f\\u00edsico e porque n\\u00e3o remover o baidu ou qualquer outro malware.", "printer_repair": "Sim", "work": "Presencial", "cost": "150.99"}}' 
 </msg>
<msg timestamp="20220125 20:08:55.940" level="INFO">POST Response : url=https://getgeeks-users-renatoll.herokuapp.com/users 
 status=201, reason=Created 
 headers={'Server': 'Cowboy', 'Connection': 'keep-alive', 'X-Powered-By': 'Express', 'Access-Control-Allow-Origin': '*', 'Content-Type': 'application/json; charset=utf-8', 'Content-Length': '10', 'Etag': 'W/"a-GY+t90bdpoed2xq1ZOFT9arHe/A"', 'Date': 'Wed, 26 Jan 2022 00:08:04 GMT', 'Via': '1.1 vegur'} 
 body={"id":373} 
 </msg>
<msg timestamp="20220125 20:08:55.940" level="INFO">${response} = &lt;Response [201]&gt;</msg>
<status status="PASS" starttime="20220125 20:08:55.263" endtime="20220125 20:08:55.940"/>
</kw>
<status status="PASS" starttime="20220125 20:08:55.263" endtime="20220125 20:08:55.940"/>
</kw>
<kw name="Get Token" library="Helpers">
<var>${token}</var>
<arg>${user}</arg>
<kw name="Create Dictionary" library="BuiltIn">
<var>${payload}</var>
<arg>email=${user}[email]</arg>
<arg>password=${user}[password]</arg>
<doc>Creates and returns a dictionary based on the given ``items``.</doc>
<msg timestamp="20220125 20:08:55.941" level="INFO">${payload} = {'email': 'joao@qaninja.com.br', 'password': 'pwd123'}</msg>
<status status="PASS" starttime="20220125 20:08:55.941" endtime="20220125 20:08:55.941"/>
</kw>
<kw name="POST Session" library="SessionsRoute">
<var>${response}</var>
<arg>${payload}</arg>
<kw name="POST" library="RequestsLibrary">
<var>${response}</var>
<arg>${API_USERS}/sessions</arg>
<arg>json=${payload}</arg>
<arg>expected_status=any</arg>
<doc>Sends a POST request.</doc>
<msg timestamp="20220125 20:08:56.618" level="INFO">POST Request : url=https://getgeeks-users-renatoll.herokuapp.com/sessions 
 path_url=/sessions 
 headers={'User-Agent': 'python-requests/2.27.1', 'Accept-Encoding': 'gzip, deflate', 'Accept': '*/*', 'Connection': 'keep-alive', 'Content-Length': '54', 'Content-Type': 'application/json'} 
 body=b'{"email": "joao@qaninja.com.br", "password": "pwd123"}' 
 </msg>
<msg timestamp="20220125 20:08:56.618" level="INFO">POST Response : url=https://getgeeks-users-renatoll.herokuapp.com/sessions 
 status=200, reason=OK 
 headers={'Server': 'Cowboy', 'Connection': 'keep-alive', 'X-Powered-By': 'Express', 'Access-Control-Allow-Origin': '*', 'Content-Type': 'application/json; charset=utf-8', 'Content-Length': '365', 'Etag': 'W/"16d-RU8GJczG7J1KCxOFglT/a1TnN0A"', 'Date': 'Wed, 26 Jan 2022 00:08:05 GMT', 'Via': '1.1 vegur'} 
 body={"user":{"id":373,"email":"joao@qaninja.com.br","password_hash":"$2b$08$cS2BMhURc8rrX9PcRGF3E.dXKfg94FwIfxWJEhL5ZGSpwAky4fvIK","name":"João Lucas","avatar":null,"whatsapp":null,"is_geek":false},"token":"eyJhbGciOiJIUzI1NiIsInR5cCI6IkpXVCJ9.eyJpZCI6MzczLCJpYXQiOjE2NDMxNTU2ODUsImV4cCI6MTY0NDAxOTY4NX0.lNpjO_zHDinrQlF-4EloHy_2GzzRx8Nv0wBz07Hh-2A","expires_in":"10d"} 
 </msg>
<msg timestamp="20220125 20:08:56.618" level="INFO">${response} = &lt;Response [200]&gt;</msg>
<status status="PASS" starttime="20220125 20:08:55.941" endtime="20220125 20:08:56.618"/>
</kw>
<msg timestamp="20220125 20:08:56.619" level="INFO">${response} = &lt;Response [200]&gt;</msg>
<status status="PASS" starttime="20220125 20:08:55.941" endtime="20220125 20:08:56.619"/>
</kw>
<kw name="Set Variable" library="BuiltIn">
<var>${result}</var>
<arg>${EMPTY}</arg>
<doc>Returns the given values which can then be assigned to a variables.</doc>
<msg timestamp="20220125 20:08:56.619" level="INFO">${result} = </msg>
<status status="PASS" starttime="20220125 20:08:56.619" endtime="20220125 20:08:56.619"/>
</kw>
<if>
<branch type="IF" condition="&quot;200&quot; in &quot;${response}&quot;">
<kw name="Set Variable" library="BuiltIn">
<var>${result}</var>
<arg>Bearer ${response.json()}[token]</arg>
<doc>Returns the given values which can then be assigned to a variables.</doc>
<msg timestamp="20220125 20:08:56.620" level="INFO">${result} = Bearer eyJhbGciOiJIUzI1NiIsInR5cCI6IkpXVCJ9.eyJpZCI6MzczLCJpYXQiOjE2NDMxNTU2ODUsImV4cCI6MTY0NDAxOTY4NX0.lNpjO_zHDinrQlF-4EloHy_2GzzRx8Nv0wBz07Hh-2A</msg>
<status status="PASS" starttime="20220125 20:08:56.619" endtime="20220125 20:08:56.620"/>
</kw>
<status status="PASS" starttime="20220125 20:08:56.619" endtime="20220125 20:08:56.620"/>
</branch>
<status status="PASS" starttime="20220125 20:08:56.619" endtime="20220125 20:08:56.620"/>
</if>
<msg timestamp="20220125 20:08:56.620" level="INFO">${token} = Bearer eyJhbGciOiJIUzI1NiIsInR5cCI6IkpXVCJ9.eyJpZCI6MzczLCJpYXQiOjE2NDMxNTU2ODUsImV4cCI6MTY0NDAxOTY4NX0.lNpjO_zHDinrQlF-4EloHy_2GzzRx8Nv0wBz07Hh-2A</msg>
<status status="PASS" starttime="20220125 20:08:55.941" endtime="20220125 20:08:56.620"/>
</kw>
<kw name="POST Geek" library="GeeksRoute">
<var>${response}</var>
<arg>${token}</arg>
<arg>${user}[geek_profile]</arg>
<kw name="Create Dictionary" library="BuiltIn">
<var>${headers}</var>
<arg>Authorization=${token}</arg>
<doc>Creates and returns a dictionary based on the given ``items``.</doc>
<msg timestamp="20220125 20:08:56.621" level="INFO">${headers} = {'Authorization': 'Bearer eyJhbGciOiJIUzI1NiIsInR5cCI6IkpXVCJ9.eyJpZCI6MzczLCJpYXQiOjE2NDMxNTU2ODUsImV4cCI6MTY0NDAxOTY4NX0.lNpjO_zHDinrQlF-4EloHy_2GzzRx8Nv0wBz07Hh-2A'}</msg>
<status status="PASS" starttime="20220125 20:08:56.621" endtime="20220125 20:08:56.621"/>
</kw>
<kw name="POST" library="RequestsLibrary">
<var>${response}</var>
<arg>${API_GEEKS}/geeks</arg>
<arg>json=${payload}</arg>
<arg>headers=${headers}</arg>
<arg>expected_status=any</arg>
<doc>Sends a POST request.</doc>
<msg timestamp="20220125 20:08:57.336" level="INFO">POST Request : url=https://getgeeks-geeks-renatoll.herokuapp.com/geeks 
 path_url=/geeks 
 headers={'User-Agent': 'python-requests/2.27.1', 'Accept-Encoding': 'gzip, deflate', 'Accept': '*/*', 'Connection': 'keep-alive', 'Authorization': 'Bearer eyJhbGciOiJIUzI1NiIsInR5cCI6IkpXVCJ9.eyJpZCI6MzczLCJpYXQiOjE2NDMxNTU2ODUsImV4cCI6MTY0NDAxOTY4NX0.lNpjO_zHDinrQlF-4EloHy_2GzzRx8Nv0wBz07Hh-2A', 'Content-Length': '388', 'Content-Type': 'application/json'} 
 body=b'{"whatsapp": "11999999999", "desc": "Seu computador est\\u00e1 lento? Reiniciando do nada? Talvez seja um v\\u00edrus, ou algum hardware com defeito. Posso fazer a manuten\\u00e7\\u00e3o no seu PC, formando, reinstalando o SO, trocando algum componente f\\u00edsico e porque n\\u00e3o remover o baidu ou qualquer outro malware.", "printer_repair": "Sim", "work": "Presencial", "cost": "150.99"}' 
 </msg>
<msg timestamp="20220125 20:08:57.336" level="INFO">POST Response : url=https://getgeeks-geeks-renatoll.herokuapp.com/geeks 
 status=201, reason=Created 
 headers={'Server': 'Cowboy', 'Connection': 'keep-alive', 'X-Powered-By': 'Express', 'Access-Control-Allow-Origin': '*', 'Date': 'Wed, 26 Jan 2022 00:08:05 GMT', 'Content-Length': '0', 'Via': '1.1 vegur'} 
 body=None 
 </msg>
<msg timestamp="20220125 20:08:57.336" level="INFO">${response} = &lt;Response [201]&gt;</msg>
<status status="PASS" starttime="20220125 20:08:56.621" endtime="20220125 20:08:57.336"/>
</kw>
<msg timestamp="20220125 20:08:57.336" level="INFO">${response} = &lt;Response [201]&gt;</msg>
<status status="PASS" starttime="20220125 20:08:56.620" endtime="20220125 20:08:57.336"/>
</kw>
<kw name="Status Should Be" library="RequestsLibrary">
<arg>201</arg>
<arg>${response}</arg>
<doc>Fails if response status code is different than the expected.</doc>
<status status="PASS" starttime="20220125 20:08:57.336" endtime="20220125 20:08:57.336"/>
</kw>
<kw name="GET User" library="UsersRoute">
<var>${response}</var>
<arg>${token}</arg>
<kw name="Create Dictionary" library="BuiltIn">
<var>${headers}</var>
<arg>Authorization=${token}</arg>
<doc>Creates and returns a dictionary based on the given ``items``.</doc>
<msg timestamp="20220125 20:08:57.337" level="INFO">${headers} = {'Authorization': 'Bearer eyJhbGciOiJIUzI1NiIsInR5cCI6IkpXVCJ9.eyJpZCI6MzczLCJpYXQiOjE2NDMxNTU2ODUsImV4cCI6MTY0NDAxOTY4NX0.lNpjO_zHDinrQlF-4EloHy_2GzzRx8Nv0wBz07Hh-2A'}</msg>
<status status="PASS" starttime="20220125 20:08:57.337" endtime="20220125 20:08:57.337"/>
</kw>
<kw name="GET" library="RequestsLibrary">
<var>${response}</var>
<arg>${API_USERS}/users</arg>
<arg>headers=${headers}</arg>
<arg>expected_status=any</arg>
<doc>Sends a GET request.</doc>
<msg timestamp="20220125 20:08:57.976" level="INFO">GET Request : url=https://getgeeks-users-renatoll.herokuapp.com/users 
 path_url=/users 
 headers={'User-Agent': 'python-requests/2.27.1', 'Accept-Encoding': 'gzip, deflate', 'Accept': '*/*', 'Connection': 'keep-alive', 'Authorization': 'Bearer eyJhbGciOiJIUzI1NiIsInR5cCI6IkpXVCJ9.eyJpZCI6MzczLCJpYXQiOjE2NDMxNTU2ODUsImV4cCI6MTY0NDAxOTY4NX0.lNpjO_zHDinrQlF-4EloHy_2GzzRx8Nv0wBz07Hh-2A'} 
 body=None 
 </msg>
<msg timestamp="20220125 20:08:57.976" level="INFO">GET Response : url=https://getgeeks-users-renatoll.herokuapp.com/users 
 status=200, reason=OK 
 headers={'Server': 'Cowboy', 'Connection': 'keep-alive', 'X-Powered-By': 'Express', 'Access-Control-Allow-Origin': '*', 'Content-Type': 'application/json; charset=utf-8', 'Content-Length': '536', 'Etag': 'W/"218-AZaQytaP+4fRldBiHBR745AHHa8"', 'Date': 'Wed, 26 Jan 2022 00:08:06 GMT', 'Via': '1.1 vegur'} 
 body={"id":61,"email":"joao@qaninja.com.br","password_hash":"$2b$08$cS2BMhURc8rrX9PcRGF3E.dXKfg94FwIfxWJEhL5ZGSpwAky4fvIK","name":"João Lucas","avatar":null,"whatsapp":"11999999999","is_geek":true,"desc":"Seu computador está lento? Reiniciando do nada? Talvez seja um vírus, ou algum hardware com defeito. Posso fazer a manutenção no seu PC, formando, reinstalando o SO, trocando algum componente físico e porque não remover o baidu ou qualquer outro malware.","printer_repair":"Sim","work":"Presencial","cost":"150.99","user_id":373} 
 </msg>
<msg timestamp="20220125 20:08:57.977" level="INFO">${response} = &lt;Response [200]&gt;</msg>
<status status="PASS" starttime="20220125 20:08:57.337" endtime="20220125 20:08:57.977"/>
</kw>
<msg timestamp="20220125 20:08:57.977" level="INFO">${response} = &lt;Response [200]&gt;</msg>
<status status="PASS" starttime="20220125 20:08:57.337" endtime="20220125 20:08:57.977"/>
</kw>
<kw name="Should Be Equal As Strings" library="BuiltIn">
<arg>${user}[name]</arg>
<arg>${response.json()}[name]</arg>
<doc>Fails if objects are unequal after converting them to strings.</doc>
<status status="PASS" starttime="20220125 20:08:57.977" endtime="20220125 20:08:57.978"/>
</kw>
<kw name="Should Be Equal As Strings" library="BuiltIn">
<arg>${user}[email]</arg>
<arg>${response.json()}[email]</arg>
<doc>Fails if objects are unequal after converting them to strings.</doc>
<status status="PASS" starttime="20220125 20:08:57.978" endtime="20220125 20:08:57.978"/>
</kw>
<kw name="Should Be Equal As Strings" library="BuiltIn">
<arg>${user}[geek_profile][whatsapp]</arg>
<arg>${response.json()}[whatsapp]</arg>
<doc>Fails if objects are unequal after converting them to strings.</doc>
<status status="PASS" starttime="20220125 20:08:57.978" endtime="20220125 20:08:57.979"/>
</kw>
<kw name="Should Be Equal As Strings" library="BuiltIn">
<arg>${user}[geek_profile][desc]</arg>
<arg>${response.json()}[desc]</arg>
<doc>Fails if objects are unequal after converting them to strings.</doc>
<status status="PASS" starttime="20220125 20:08:57.979" endtime="20220125 20:08:57.979"/>
</kw>
<kw name="Convert To Number" library="BuiltIn">
<var>${expected_float}</var>
<arg>${user}[geek_profile][cost]</arg>
<doc>Converts the given item to a floating point number.</doc>
<msg timestamp="20220125 20:08:57.980" level="INFO">${expected_float} = 150.99</msg>
<status status="PASS" starttime="20220125 20:08:57.980" endtime="20220125 20:08:57.980"/>
</kw>
<kw name="Convert To Number" library="BuiltIn">
<var>${got_float}</var>
<arg>${response.json()}[cost]</arg>
<doc>Converts the given item to a floating point number.</doc>
<msg timestamp="20220125 20:08:57.980" level="INFO">${got_float} = 150.99</msg>
<status status="PASS" starttime="20220125 20:08:57.980" endtime="20220125 20:08:57.980"/>
</kw>
<kw name="Should Be Equal As Strings" library="BuiltIn">
<arg>${expected_float}</arg>
<arg>${got_float}</arg>
<doc>Fails if objects are unequal after converting them to strings.</doc>
<status status="PASS" starttime="20220125 20:08:57.981" endtime="20220125 20:08:57.981"/>
</kw>
<kw name="Should Be Equal As Strings" library="BuiltIn">
<arg>${user}[geek_profile][printer_repair]</arg>
<arg>${response.json()}[printer_repair]</arg>
<doc>Fails if objects are unequal after converting them to strings.</doc>
<status status="PASS" starttime="20220125 20:08:57.981" endtime="20220125 20:08:57.981"/>
</kw>
<kw name="Should Be Equal As Strings" library="BuiltIn">
<arg>${user}[geek_profile][work]</arg>
<arg>${response.json()}[work]</arg>
<doc>Fails if objects are unequal after converting them to strings.</doc>
<status status="PASS" starttime="20220125 20:08:57.981" endtime="20220125 20:08:57.982"/>
</kw>
<kw name="Should Be Equal As Strings" library="BuiltIn">
<arg>None</arg>
<arg>${response.json()}[avatar]</arg>
<doc>Fails if objects are unequal after converting them to strings.</doc>
<msg timestamp="20220125 20:08:57.982" level="INFO">Argument types are:
&lt;type 'unicode'&gt;
&lt;class 'NoneType'&gt;</msg>
<status status="PASS" starttime="20220125 20:08:57.982" endtime="20220125 20:08:57.982"/>
</kw>
<kw name="Should Be Equal As Strings" library="BuiltIn">
<arg>True</arg>
<arg>${response.json()}[is_geek]</arg>
<doc>Fails if objects are unequal after converting them to strings.</doc>
<msg timestamp="20220125 20:08:57.983" level="INFO">Argument types are:
&lt;type 'unicode'&gt;
&lt;class 'bool'&gt;</msg>
<status status="PASS" starttime="20220125 20:08:57.982" endtime="20220125 20:08:57.983"/>
</kw>
<status status="PASS" starttime="20220125 20:08:54.456" endtime="20220125 20:08:57.983"/>
</test>
<test id="s1-s1-t2" name="GET Geek List">
<kw name="Factory Search For Geeks" library="Users">
<var>${data}</var>
<msg timestamp="20220125 20:08:57.984" level="INFO">${data} = {'user': {'name': 'Peter Quill', 'email': 'quill@marvel.com', 'password': 'pwd123'}, 'geeks': [{'name': 'Riri Willians', 'email': 'riri@marvel.com', 'password': 'pwd123', 'geek_profile': {'whatsapp': ...</msg>
<status status="PASS" starttime="20220125 20:08:57.984" endtime="20220125 20:08:57.984"/>
</kw>
<for flavor="IN">
<var>${geek}</var>
<value>@{data}[geeks]</value>
<iter>
<var name="${geek}">{'name': 'Riri Willians', 'email': 'riri@marvel.com', 'password': 'pwd123', 'geek_profile': {'whatsapp': '11999999999', 'desc': 'Seu computador está lento? Reiniciando do nada? Talvez seja um vírus, o...</var>
<kw name="POST User" library="UsersRoute">
<arg>${geek}</arg>
<kw name="POST" library="RequestsLibrary">
<var>${response}</var>
<arg>${API_USERS}/users</arg>
<arg>json=${payload}</arg>
<arg>expected_status=any</arg>
<doc>Sends a POST request.</doc>
<msg timestamp="20220125 20:08:58.595" level="INFO">POST Request : url=https://getgeeks-users-renatoll.herokuapp.com/users 
 path_url=/users 
 headers={'User-Agent': 'python-requests/2.27.1', 'Accept-Encoding': 'gzip, deflate', 'Accept': '*/*', 'Connection': 'keep-alive', 'Content-Length': '483', 'Content-Type': 'application/json'} 
 body=b'{"name": "Riri Willians", "email": "riri@marvel.com", "password": "pwd123", "geek_profile": {"whatsapp": "11999999999", "desc": "Seu computador est\\u00e1 lento? Reiniciando do nada? Talvez seja um v\\u00edrus, ou algum hardware com defeito. Posso fazer a manuten\\u00e7\\u00e3o no seu PC, formando, reinstalando o SO, trocando algum componente f\\u00edsico e porque n\\u00e3o remover o baidu ou qualquer outro malware.", "printer_repair": "N\\u00e3o", "work": "Presencial", "cost": "100"}}' 
 </msg>
<msg timestamp="20220125 20:08:58.595" level="INFO">POST Response : url=https://getgeeks-users-renatoll.herokuapp.com/users 
 status=400, reason=Bad Request 
 headers={'Server': 'Cowboy', 'Connection': 'keep-alive', 'X-Powered-By': 'Express', 'Access-Control-Allow-Origin': '*', 'Content-Type': 'application/json; charset=utf-8', 'Content-Length': '31', 'Etag': 'W/"1f-lFUySNKwX3L5eGEwGcNcUoVKWhE"', 'Date': 'Wed, 26 Jan 2022 00:08:07 GMT', 'Via': '1.1 vegur'} 
 body={"error":"User already exists"} 
 </msg>
<msg timestamp="20220125 20:08:58.595" level="INFO">${response} = &lt;Response [400]&gt;</msg>
<status status="PASS" starttime="20220125 20:08:57.984" endtime="20220125 20:08:58.595"/>
</kw>
<status status="PASS" starttime="20220125 20:08:57.984" endtime="20220125 20:08:58.595"/>
</kw>
<kw name="Get Token" library="Helpers">
<var>${token}</var>
<arg>${geek}</arg>
<kw name="Create Dictionary" library="BuiltIn">
<var>${payload}</var>
<arg>email=${user}[email]</arg>
<arg>password=${user}[password]</arg>
<doc>Creates and returns a dictionary based on the given ``items``.</doc>
<msg timestamp="20220125 20:08:58.596" level="INFO">${payload} = {'email': 'riri@marvel.com', 'password': 'pwd123'}</msg>
<status status="PASS" starttime="20220125 20:08:58.595" endtime="20220125 20:08:58.596"/>
</kw>
<kw name="POST Session" library="SessionsRoute">
<var>${response}</var>
<arg>${payload}</arg>
<kw name="POST" library="RequestsLibrary">
<var>${response}</var>
<arg>${API_USERS}/sessions</arg>
<arg>json=${payload}</arg>
<arg>expected_status=any</arg>
<doc>Sends a POST request.</doc>
<msg timestamp="20220125 20:08:59.250" level="INFO">POST Request : url=https://getgeeks-users-renatoll.herokuapp.com/sessions 
 path_url=/sessions 
 headers={'User-Agent': 'python-requests/2.27.1', 'Accept-Encoding': 'gzip, deflate', 'Accept': '*/*', 'Connection': 'keep-alive', 'Content-Length': '50', 'Content-Type': 'application/json'} 
 body=b'{"email": "riri@marvel.com", "password": "pwd123"}' 
 </msg>
<msg timestamp="20220125 20:08:59.250" level="INFO">POST Response : url=https://getgeeks-users-renatoll.herokuapp.com/sessions 
 status=200, reason=OK 
 headers={'Server': 'Cowboy', 'Connection': 'keep-alive', 'X-Powered-By': 'Express', 'Access-Control-Allow-Origin': '*', 'Content-Type': 'application/json; charset=utf-8', 'Content-Length': '371', 'Etag': 'W/"173-VEWKEj+DmexxRAe60vWGlwknnFE"', 'Date': 'Wed, 26 Jan 2022 00:08:07 GMT', 'Via': '1.1 vegur'} 
 body={"user":{"id":369,"email":"riri@marvel.com","password_hash":"$2b$08$Djhz2IMS3TFSsyPA2GdPs.NcI05hLExurT7BiW59W/nSG9cct5Nre","name":"Riri Willians","avatar":null,"whatsapp":"11999999999","is_geek":true},"token":"eyJhbGciOiJIUzI1NiIsInR5cCI6IkpXVCJ9.eyJpZCI6MzY5LCJpYXQiOjE2NDMxNTU2ODcsImV4cCI6MTY0NDAxOTY4N30.Mzm1dJ1hjIAHAjqHP1QriW0isKjS654RYyyxkbS1NsM","expires_in":"10d"} 
 </msg>
<msg timestamp="20220125 20:08:59.250" level="INFO">${response} = &lt;Response [200]&gt;</msg>
<status status="PASS" starttime="20220125 20:08:58.596" endtime="20220125 20:08:59.250"/>
</kw>
<msg timestamp="20220125 20:08:59.251" level="INFO">${response} = &lt;Response [200]&gt;</msg>
<status status="PASS" starttime="20220125 20:08:58.596" endtime="20220125 20:08:59.251"/>
</kw>
<kw name="Set Variable" library="BuiltIn">
<var>${result}</var>
<arg>${EMPTY}</arg>
<doc>Returns the given values which can then be assigned to a variables.</doc>
<msg timestamp="20220125 20:08:59.251" level="INFO">${result} = </msg>
<status status="PASS" starttime="20220125 20:08:59.251" endtime="20220125 20:08:59.251"/>
</kw>
<if>
<branch type="IF" condition="&quot;200&quot; in &quot;${response}&quot;">
<kw name="Set Variable" library="BuiltIn">
<var>${result}</var>
<arg>Bearer ${response.json()}[token]</arg>
<doc>Returns the given values which can then be assigned to a variables.</doc>
<msg timestamp="20220125 20:08:59.252" level="INFO">${result} = Bearer eyJhbGciOiJIUzI1NiIsInR5cCI6IkpXVCJ9.eyJpZCI6MzY5LCJpYXQiOjE2NDMxNTU2ODcsImV4cCI6MTY0NDAxOTY4N30.Mzm1dJ1hjIAHAjqHP1QriW0isKjS654RYyyxkbS1NsM</msg>
<status status="PASS" starttime="20220125 20:08:59.251" endtime="20220125 20:08:59.252"/>
</kw>
<status status="PASS" starttime="20220125 20:08:59.251" endtime="20220125 20:08:59.252"/>
</branch>
<status status="PASS" starttime="20220125 20:08:59.251" endtime="20220125 20:08:59.252"/>
</if>
<msg timestamp="20220125 20:08:59.252" level="INFO">${token} = Bearer eyJhbGciOiJIUzI1NiIsInR5cCI6IkpXVCJ9.eyJpZCI6MzY5LCJpYXQiOjE2NDMxNTU2ODcsImV4cCI6MTY0NDAxOTY4N30.Mzm1dJ1hjIAHAjqHP1QriW0isKjS654RYyyxkbS1NsM</msg>
<status status="PASS" starttime="20220125 20:08:58.595" endtime="20220125 20:08:59.252"/>
</kw>
<kw name="POST Geek" library="GeeksRoute">
<arg>${token}</arg>
<arg>${geek}[geek_profile]</arg>
<kw name="Create Dictionary" library="BuiltIn">
<var>${headers}</var>
<arg>Authorization=${token}</arg>
<doc>Creates and returns a dictionary based on the given ``items``.</doc>
<msg timestamp="20220125 20:08:59.252" level="INFO">${headers} = {'Authorization': 'Bearer eyJhbGciOiJIUzI1NiIsInR5cCI6IkpXVCJ9.eyJpZCI6MzY5LCJpYXQiOjE2NDMxNTU2ODcsImV4cCI6MTY0NDAxOTY4N30.Mzm1dJ1hjIAHAjqHP1QriW0isKjS654RYyyxkbS1NsM'}</msg>
<status status="PASS" starttime="20220125 20:08:59.252" endtime="20220125 20:08:59.252"/>
</kw>
<kw name="POST" library="RequestsLibrary">
<var>${response}</var>
<arg>${API_GEEKS}/geeks</arg>
<arg>json=${payload}</arg>
<arg>headers=${headers}</arg>
<arg>expected_status=any</arg>
<doc>Sends a POST request.</doc>
<msg timestamp="20220125 20:08:59.909" level="INFO">POST Request : url=https://getgeeks-geeks-renatoll.herokuapp.com/geeks 
 path_url=/geeks 
 headers={'User-Agent': 'python-requests/2.27.1', 'Accept-Encoding': 'gzip, deflate', 'Accept': '*/*', 'Connection': 'keep-alive', 'Authorization': 'Bearer eyJhbGciOiJIUzI1NiIsInR5cCI6IkpXVCJ9.eyJpZCI6MzY5LCJpYXQiOjE2NDMxNTU2ODcsImV4cCI6MTY0NDAxOTY4N30.Mzm1dJ1hjIAHAjqHP1QriW0isKjS654RYyyxkbS1NsM', 'Content-Length': '390', 'Content-Type': 'application/json'} 
 body=b'{"whatsapp": "11999999999", "desc": "Seu computador est\\u00e1 lento? Reiniciando do nada? Talvez seja um v\\u00edrus, ou algum hardware com defeito. Posso fazer a manuten\\u00e7\\u00e3o no seu PC, formando, reinstalando o SO, trocando algum componente f\\u00edsico e porque n\\u00e3o remover o baidu ou qualquer outro malware.", "printer_repair": "N\\u00e3o", "work": "Presencial", "cost": "100"}' 
 </msg>
<msg timestamp="20220125 20:08:59.909" level="INFO">POST Response : url=https://getgeeks-geeks-renatoll.herokuapp.com/geeks 
 status=201, reason=Created 
 headers={'Server': 'Cowboy', 'Connection': 'keep-alive', 'X-Powered-By': 'Express', 'Access-Control-Allow-Origin': '*', 'Date': 'Wed, 26 Jan 2022 00:08:08 GMT', 'Content-Length': '0', 'Via': '1.1 vegur'} 
 body=None 
 </msg>
<msg timestamp="20220125 20:08:59.909" level="INFO">${response} = &lt;Response [201]&gt;</msg>
<status status="PASS" starttime="20220125 20:08:59.252" endtime="20220125 20:08:59.909"/>
</kw>
<status status="PASS" starttime="20220125 20:08:59.252" endtime="20220125 20:08:59.909"/>
</kw>
<status status="PASS" starttime="20220125 20:08:57.984" endtime="20220125 20:08:59.909"/>
</iter>
<iter>
<var name="${geek}">{'name': 'Arnim Zola', 'email': 'zola@hidra.com', 'password': 'pwd123', 'geek_profile': {'whatsapp': '21999999999', 'desc': 'Instalo Distros Ubuntu, Debian, ElementaryOS, PopOS, Linux Mint, Kurumin, M...</var>
<kw name="POST User" library="UsersRoute">
<arg>${geek}</arg>
<kw name="POST" library="RequestsLibrary">
<var>${response}</var>
<arg>${API_USERS}/users</arg>
<arg>json=${payload}</arg>
<arg>expected_status=any</arg>
<doc>Sends a POST request.</doc>
<msg timestamp="20220125 20:09:00.576" level="INFO">POST Request : url=https://getgeeks-users-renatoll.herokuapp.com/users 
 path_url=/users 
 headers={'User-Agent': 'python-requests/2.27.1', 'Accept-Encoding': 'gzip, deflate', 'Accept': '*/*', 'Connection': 'keep-alive', 'Content-Length': '445', 'Content-Type': 'application/json'} 
 body=b'{"name": "Arnim Zola", "email": "zola@hidra.com", "password": "pwd123", "geek_profile": {"whatsapp": "21999999999", "desc": "Instalo Distros Ubuntu, Debian, ElementaryOS, PopOS, Linux Mint, Kurumin, Mandrake, Connectiva, Fedora, RedHat, CentOS, Slackware, Gentoo, Archlinux, Kubuntu, Xubuntu, Suze, Mandriva, Edubuntu, KateOS, Sabayon Linux, Manjaro Linux, BigLinux, ZorinOS, Unit", "printer_repair": "N\\u00e3o", "work": "Ambos", "cost": "110"}}' 
 </msg>
<msg timestamp="20220125 20:09:00.576" level="INFO">POST Response : url=https://getgeeks-users-renatoll.herokuapp.com/users 
 status=400, reason=Bad Request 
 headers={'Server': 'Cowboy', 'Connection': 'keep-alive', 'X-Powered-By': 'Express', 'Access-Control-Allow-Origin': '*', 'Content-Type': 'application/json; charset=utf-8', 'Content-Length': '31', 'Etag': 'W/"1f-lFUySNKwX3L5eGEwGcNcUoVKWhE"', 'Date': 'Wed, 26 Jan 2022 00:08:09 GMT', 'Via': '1.1 vegur'} 
 body={"error":"User already exists"} 
 </msg>
<msg timestamp="20220125 20:09:00.576" level="INFO">${response} = &lt;Response [400]&gt;</msg>
<status status="PASS" starttime="20220125 20:08:59.910" endtime="20220125 20:09:00.576"/>
</kw>
<status status="PASS" starttime="20220125 20:08:59.910" endtime="20220125 20:09:00.576"/>
</kw>
<kw name="Get Token" library="Helpers">
<var>${token}</var>
<arg>${geek}</arg>
<kw name="Create Dictionary" library="BuiltIn">
<var>${payload}</var>
<arg>email=${user}[email]</arg>
<arg>password=${user}[password]</arg>
<doc>Creates and returns a dictionary based on the given ``items``.</doc>
<msg timestamp="20220125 20:09:00.577" level="INFO">${payload} = {'email': 'zola@hidra.com', 'password': 'pwd123'}</msg>
<status status="PASS" starttime="20220125 20:09:00.576" endtime="20220125 20:09:00.577"/>
</kw>
<kw name="POST Session" library="SessionsRoute">
<var>${response}</var>
<arg>${payload}</arg>
<kw name="POST" library="RequestsLibrary">
<var>${response}</var>
<arg>${API_USERS}/sessions</arg>
<arg>json=${payload}</arg>
<arg>expected_status=any</arg>
<doc>Sends a POST request.</doc>
<msg timestamp="20220125 20:09:01.262" level="INFO">POST Request : url=https://getgeeks-users-renatoll.herokuapp.com/sessions 
 path_url=/sessions 
 headers={'User-Agent': 'python-requests/2.27.1', 'Accept-Encoding': 'gzip, deflate', 'Accept': '*/*', 'Connection': 'keep-alive', 'Content-Length': '49', 'Content-Type': 'application/json'} 
 body=b'{"email": "zola@hidra.com", "password": "pwd123"}' 
 </msg>
<msg timestamp="20220125 20:09:01.262" level="INFO">POST Response : url=https://getgeeks-users-renatoll.herokuapp.com/sessions 
 status=200, reason=OK 
 headers={'Server': 'Cowboy', 'Connection': 'keep-alive', 'X-Powered-By': 'Express', 'Access-Control-Allow-Origin': '*', 'Content-Type': 'application/json; charset=utf-8', 'Content-Length': '367', 'Etag': 'W/"16f-zX7bVsIDpi0lU44o4IackiZXPPY"', 'Date': 'Wed, 26 Jan 2022 00:08:09 GMT', 'Via': '1.1 vegur'} 
 body={"user":{"id":370,"email":"zola@hidra.com","password_hash":"$2b$08$J.6qzrgzQmVfzNAfw.dFW.ec1jOyxooCzDD4R3SKtomS4o2baD2mu","name":"Arnim Zola","avatar":null,"whatsapp":"21999999999","is_geek":true},"token":"eyJhbGciOiJIUzI1NiIsInR5cCI6IkpXVCJ9.eyJpZCI6MzcwLCJpYXQiOjE2NDMxNTU2ODksImV4cCI6MTY0NDAxOTY4OX0.gfq-aNno9cfyhELSmzK9CXOIu6dR_oLQNtJ8EpGynbY","expires_in":"10d"} 
 </msg>
<msg timestamp="20220125 20:09:01.262" level="INFO">${response} = &lt;Response [200]&gt;</msg>
<status status="PASS" starttime="20220125 20:09:00.577" endtime="20220125 20:09:01.262"/>
</kw>
<msg timestamp="20220125 20:09:01.263" level="INFO">${response} = &lt;Response [200]&gt;</msg>
<status status="PASS" starttime="20220125 20:09:00.577" endtime="20220125 20:09:01.263"/>
</kw>
<kw name="Set Variable" library="BuiltIn">
<var>${result}</var>
<arg>${EMPTY}</arg>
<doc>Returns the given values which can then be assigned to a variables.</doc>
<msg timestamp="20220125 20:09:01.263" level="INFO">${result} = </msg>
<status status="PASS" starttime="20220125 20:09:01.263" endtime="20220125 20:09:01.263"/>
</kw>
<if>
<branch type="IF" condition="&quot;200&quot; in &quot;${response}&quot;">
<kw name="Set Variable" library="BuiltIn">
<var>${result}</var>
<arg>Bearer ${response.json()}[token]</arg>
<doc>Returns the given values which can then be assigned to a variables.</doc>
<msg timestamp="20220125 20:09:01.264" level="INFO">${result} = Bearer eyJhbGciOiJIUzI1NiIsInR5cCI6IkpXVCJ9.eyJpZCI6MzcwLCJpYXQiOjE2NDMxNTU2ODksImV4cCI6MTY0NDAxOTY4OX0.gfq-aNno9cfyhELSmzK9CXOIu6dR_oLQNtJ8EpGynbY</msg>
<status status="PASS" starttime="20220125 20:09:01.263" endtime="20220125 20:09:01.264"/>
</kw>
<status status="PASS" starttime="20220125 20:09:01.263" endtime="20220125 20:09:01.264"/>
</branch>
<status status="PASS" starttime="20220125 20:09:01.263" endtime="20220125 20:09:01.264"/>
</if>
<msg timestamp="20220125 20:09:01.264" level="INFO">${token} = Bearer eyJhbGciOiJIUzI1NiIsInR5cCI6IkpXVCJ9.eyJpZCI6MzcwLCJpYXQiOjE2NDMxNTU2ODksImV4cCI6MTY0NDAxOTY4OX0.gfq-aNno9cfyhELSmzK9CXOIu6dR_oLQNtJ8EpGynbY</msg>
<status status="PASS" starttime="20220125 20:09:00.576" endtime="20220125 20:09:01.264"/>
</kw>
<kw name="POST Geek" library="GeeksRoute">
<arg>${token}</arg>
<arg>${geek}[geek_profile]</arg>
<kw name="Create Dictionary" library="BuiltIn">
<var>${headers}</var>
<arg>Authorization=${token}</arg>
<doc>Creates and returns a dictionary based on the given ``items``.</doc>
<msg timestamp="20220125 20:09:01.264" level="INFO">${headers} = {'Authorization': 'Bearer eyJhbGciOiJIUzI1NiIsInR5cCI6IkpXVCJ9.eyJpZCI6MzcwLCJpYXQiOjE2NDMxNTU2ODksImV4cCI6MTY0NDAxOTY4OX0.gfq-aNno9cfyhELSmzK9CXOIu6dR_oLQNtJ8EpGynbY'}</msg>
<status status="PASS" starttime="20220125 20:09:01.264" endtime="20220125 20:09:01.264"/>
</kw>
<kw name="POST" library="RequestsLibrary">
<var>${response}</var>
<arg>${API_GEEKS}/geeks</arg>
<arg>json=${payload}</arg>
<arg>headers=${headers}</arg>
<arg>expected_status=any</arg>
<doc>Sends a POST request.</doc>
<msg timestamp="20220125 20:09:01.923" level="INFO">POST Request : url=https://getgeeks-geeks-renatoll.herokuapp.com/geeks 
 path_url=/geeks 
 headers={'User-Agent': 'python-requests/2.27.1', 'Accept-Encoding': 'gzip, deflate', 'Accept': '*/*', 'Connection': 'keep-alive', 'Authorization': 'Bearer eyJhbGciOiJIUzI1NiIsInR5cCI6IkpXVCJ9.eyJpZCI6MzcwLCJpYXQiOjE2NDMxNTU2ODksImV4cCI6MTY0NDAxOTY4OX0.gfq-aNno9cfyhELSmzK9CXOIu6dR_oLQNtJ8EpGynbY', 'Content-Length': '356', 'Content-Type': 'application/json'} 
 body=b'{"whatsapp": "21999999999", "desc": "Instalo Distros Ubuntu, Debian, ElementaryOS, PopOS, Linux Mint, Kurumin, Mandrake, Connectiva, Fedora, RedHat, CentOS, Slackware, Gentoo, Archlinux, Kubuntu, Xubuntu, Suze, Mandriva, Edubuntu, KateOS, Sabayon Linux, Manjaro Linux, BigLinux, ZorinOS, Unit", "printer_repair": "N\\u00e3o", "work": "Ambos", "cost": "110"}' 
 </msg>
<msg timestamp="20220125 20:09:01.923" level="INFO">POST Response : url=https://getgeeks-geeks-renatoll.herokuapp.com/geeks 
 status=201, reason=Created 
 headers={'Server': 'Cowboy', 'Connection': 'keep-alive', 'X-Powered-By': 'Express', 'Access-Control-Allow-Origin': '*', 'Date': 'Wed, 26 Jan 2022 00:08:10 GMT', 'Content-Length': '0', 'Via': '1.1 vegur'} 
 body=None 
 </msg>
<msg timestamp="20220125 20:09:01.923" level="INFO">${response} = &lt;Response [201]&gt;</msg>
<status status="PASS" starttime="20220125 20:09:01.264" endtime="20220125 20:09:01.923"/>
</kw>
<status status="PASS" starttime="20220125 20:09:01.264" endtime="20220125 20:09:01.924"/>
</kw>
<status status="PASS" starttime="20220125 20:08:59.910" endtime="20220125 20:09:01.924"/>
</iter>
<iter>
<var name="${geek}">{'name': 'Reed Richards', 'email': 'reed@fantastic4.com', 'password': 'pwd123', 'geek_profile': {'whatsapp': '31999999999', 'desc': 'Instalado e faço manutenção em qualquer tipo de impressora, matrici...</var>
<kw name="POST User" library="UsersRoute">
<arg>${geek}</arg>
<kw name="POST" library="RequestsLibrary">
<var>${response}</var>
<arg>${API_USERS}/users</arg>
<arg>json=${payload}</arg>
<arg>expected_status=any</arg>
<doc>Sends a POST request.</doc>
<msg timestamp="20220125 20:09:02.570" level="INFO">POST Request : url=https://getgeeks-users-renatoll.herokuapp.com/users 
 path_url=/users 
 headers={'User-Agent': 'python-requests/2.27.1', 'Accept-Encoding': 'gzip, deflate', 'Accept': '*/*', 'Connection': 'keep-alive', 'Content-Length': '415', 'Content-Type': 'application/json'} 
 body=b'{"name": "Reed Richards", "email": "reed@fantastic4.com", "password": "pwd123", "geek_profile": {"whatsapp": "31999999999", "desc": "Instalado e fa\\u00e7o manuten\\u00e7\\u00e3o em qualquer tipo de impressora, matricial padr\\u00e3o, matricial fiscal, a jato, a cera, a laser e at\\u00e9 3D. Tamb\\u00e9m fa\\u00e7o remold de fitas coloridas para Epson LX300. ", "printer_repair": "Sim", "work": "Remoto", "cost": "120"}}' 
 </msg>
<msg timestamp="20220125 20:09:02.570" level="INFO">POST Response : url=https://getgeeks-users-renatoll.herokuapp.com/users 
 status=400, reason=Bad Request 
 headers={'Server': 'Cowboy', 'Connection': 'keep-alive', 'X-Powered-By': 'Express', 'Access-Control-Allow-Origin': '*', 'Content-Type': 'application/json; charset=utf-8', 'Content-Length': '31', 'Etag': 'W/"1f-lFUySNKwX3L5eGEwGcNcUoVKWhE"', 'Date': 'Wed, 26 Jan 2022 00:08:11 GMT', 'Via': '1.1 vegur'} 
 body={"error":"User already exists"} 
 </msg>
<msg timestamp="20220125 20:09:02.570" level="INFO">${response} = &lt;Response [400]&gt;</msg>
<status status="PASS" starttime="20220125 20:09:01.924" endtime="20220125 20:09:02.570"/>
</kw>
<status status="PASS" starttime="20220125 20:09:01.924" endtime="20220125 20:09:02.570"/>
</kw>
<kw name="Get Token" library="Helpers">
<var>${token}</var>
<arg>${geek}</arg>
<kw name="Create Dictionary" library="BuiltIn">
<var>${payload}</var>
<arg>email=${user}[email]</arg>
<arg>password=${user}[password]</arg>
<doc>Creates and returns a dictionary based on the given ``items``.</doc>
<msg timestamp="20220125 20:09:02.571" level="INFO">${payload} = {'email': 'reed@fantastic4.com', 'password': 'pwd123'}</msg>
<status status="PASS" starttime="20220125 20:09:02.571" endtime="20220125 20:09:02.571"/>
</kw>
<kw name="POST Session" library="SessionsRoute">
<var>${response}</var>
<arg>${payload}</arg>
<kw name="POST" library="RequestsLibrary">
<var>${response}</var>
<arg>${API_USERS}/sessions</arg>
<arg>json=${payload}</arg>
<arg>expected_status=any</arg>
<doc>Sends a POST request.</doc>
<msg timestamp="20220125 20:09:03.255" level="INFO">POST Request : url=https://getgeeks-users-renatoll.herokuapp.com/sessions 
 path_url=/sessions 
 headers={'User-Agent': 'python-requests/2.27.1', 'Accept-Encoding': 'gzip, deflate', 'Accept': '*/*', 'Connection': 'keep-alive', 'Content-Length': '54', 'Content-Type': 'application/json'} 
 body=b'{"email": "reed@fantastic4.com", "password": "pwd123"}' 
 </msg>
<msg timestamp="20220125 20:09:03.255" level="INFO">POST Response : url=https://getgeeks-users-renatoll.herokuapp.com/sessions 
 status=200, reason=OK 
 headers={'Server': 'Cowboy', 'Connection': 'keep-alive', 'X-Powered-By': 'Express', 'Access-Control-Allow-Origin': '*', 'Content-Type': 'application/json; charset=utf-8', 'Content-Length': '375', 'Etag': 'W/"177-kqWdbnnRVIGHpKHYwpQftVBaw9M"', 'Date': 'Wed, 26 Jan 2022 00:08:11 GMT', 'Via': '1.1 vegur'} 
 body={"user":{"id":371,"email":"reed@fantastic4.com","password_hash":"$2b$08$S8EyalTzVyixdFBllyZ9feckSP6inI66x/FvaxdrqDkpL6exxM4OG","name":"Reed Richards","avatar":null,"whatsapp":"31999999999","is_geek":true},"token":"eyJhbGciOiJIUzI1NiIsInR5cCI6IkpXVCJ9.eyJpZCI6MzcxLCJpYXQiOjE2NDMxNTU2OTEsImV4cCI6MTY0NDAxOTY5MX0.VSEJJZMcFTUDUScpZLAcCNsv4wQAbnnl3HyeYpN8MBI","expires_in":"10d"} 
 </msg>
<msg timestamp="20220125 20:09:03.255" level="INFO">${response} = &lt;Response [200]&gt;</msg>
<status status="PASS" starttime="20220125 20:09:02.572" endtime="20220125 20:09:03.255"/>
</kw>
<msg timestamp="20220125 20:09:03.256" level="INFO">${response} = &lt;Response [200]&gt;</msg>
<status status="PASS" starttime="20220125 20:09:02.571" endtime="20220125 20:09:03.256"/>
</kw>
<kw name="Set Variable" library="BuiltIn">
<var>${result}</var>
<arg>${EMPTY}</arg>
<doc>Returns the given values which can then be assigned to a variables.</doc>
<msg timestamp="20220125 20:09:03.256" level="INFO">${result} = </msg>
<status status="PASS" starttime="20220125 20:09:03.256" endtime="20220125 20:09:03.256"/>
</kw>
<if>
<branch type="IF" condition="&quot;200&quot; in &quot;${response}&quot;">
<kw name="Set Variable" library="BuiltIn">
<var>${result}</var>
<arg>Bearer ${response.json()}[token]</arg>
<doc>Returns the given values which can then be assigned to a variables.</doc>
<msg timestamp="20220125 20:09:03.257" level="INFO">${result} = Bearer eyJhbGciOiJIUzI1NiIsInR5cCI6IkpXVCJ9.eyJpZCI6MzcxLCJpYXQiOjE2NDMxNTU2OTEsImV4cCI6MTY0NDAxOTY5MX0.VSEJJZMcFTUDUScpZLAcCNsv4wQAbnnl3HyeYpN8MBI</msg>
<status status="PASS" starttime="20220125 20:09:03.256" endtime="20220125 20:09:03.257"/>
</kw>
<status status="PASS" starttime="20220125 20:09:03.256" endtime="20220125 20:09:03.257"/>
</branch>
<status status="PASS" starttime="20220125 20:09:03.256" endtime="20220125 20:09:03.257"/>
</if>
<msg timestamp="20220125 20:09:03.257" level="INFO">${token} = Bearer eyJhbGciOiJIUzI1NiIsInR5cCI6IkpXVCJ9.eyJpZCI6MzcxLCJpYXQiOjE2NDMxNTU2OTEsImV4cCI6MTY0NDAxOTY5MX0.VSEJJZMcFTUDUScpZLAcCNsv4wQAbnnl3HyeYpN8MBI</msg>
<status status="PASS" starttime="20220125 20:09:02.571" endtime="20220125 20:09:03.257"/>
</kw>
<kw name="POST Geek" library="GeeksRoute">
<arg>${token}</arg>
<arg>${geek}[geek_profile]</arg>
<kw name="Create Dictionary" library="BuiltIn">
<var>${headers}</var>
<arg>Authorization=${token}</arg>
<doc>Creates and returns a dictionary based on the given ``items``.</doc>
<msg timestamp="20220125 20:09:03.257" level="INFO">${headers} = {'Authorization': 'Bearer eyJhbGciOiJIUzI1NiIsInR5cCI6IkpXVCJ9.eyJpZCI6MzcxLCJpYXQiOjE2NDMxNTU2OTEsImV4cCI6MTY0NDAxOTY5MX0.VSEJJZMcFTUDUScpZLAcCNsv4wQAbnnl3HyeYpN8MBI'}</msg>
<status status="PASS" starttime="20220125 20:09:03.257" endtime="20220125 20:09:03.257"/>
</kw>
<kw name="POST" library="RequestsLibrary">
<var>${response}</var>
<arg>${API_GEEKS}/geeks</arg>
<arg>json=${payload}</arg>
<arg>headers=${headers}</arg>
<arg>expected_status=any</arg>
<doc>Sends a POST request.</doc>
<msg timestamp="20220125 20:09:03.957" level="INFO">POST Request : url=https://getgeeks-geeks-renatoll.herokuapp.com/geeks 
 path_url=/geeks 
 headers={'User-Agent': 'python-requests/2.27.1', 'Accept-Encoding': 'gzip, deflate', 'Accept': '*/*', 'Connection': 'keep-alive', 'Authorization': 'Bearer eyJhbGciOiJIUzI1NiIsInR5cCI6IkpXVCJ9.eyJpZCI6MzcxLCJpYXQiOjE2NDMxNTU2OTEsImV4cCI6MTY0NDAxOTY5MX0.VSEJJZMcFTUDUScpZLAcCNsv4wQAbnnl3HyeYpN8MBI', 'Content-Length': '318', 'Content-Type': 'application/json'} 
 body=b'{"whatsapp": "31999999999", "desc": "Instalado e fa\\u00e7o manuten\\u00e7\\u00e3o em qualquer tipo de impressora, matricial padr\\u00e3o, matricial fiscal, a jato, a cera, a laser e at\\u00e9 3D. Tamb\\u00e9m fa\\u00e7o remold de fitas coloridas para Epson LX300. ", "printer_repair": "Sim", "work": "Remoto", "cost": "120"}' 
 </msg>
<msg timestamp="20220125 20:09:03.957" level="INFO">POST Response : url=https://getgeeks-geeks-renatoll.herokuapp.com/geeks 
 status=201, reason=Created 
 headers={'Server': 'Cowboy', 'Connection': 'keep-alive', 'X-Powered-By': 'Express', 'Access-Control-Allow-Origin': '*', 'Date': 'Wed, 26 Jan 2022 00:08:12 GMT', 'Content-Length': '0', 'Via': '1.1 vegur'} 
 body=None 
 </msg>
<msg timestamp="20220125 20:09:03.957" level="INFO">${response} = &lt;Response [201]&gt;</msg>
<status status="PASS" starttime="20220125 20:09:03.257" endtime="20220125 20:09:03.957"/>
</kw>
<status status="PASS" starttime="20220125 20:09:03.257" endtime="20220125 20:09:03.957"/>
</kw>
<status status="PASS" starttime="20220125 20:09:01.924" endtime="20220125 20:09:03.957"/>
</iter>
<status status="PASS" starttime="20220125 20:08:57.984" endtime="20220125 20:09:03.957"/>
</for>
<kw name="POST User" library="UsersRoute">
<arg>${data}[user]</arg>
<kw name="POST" library="RequestsLibrary">
<var>${response}</var>
<arg>${API_USERS}/users</arg>
<arg>json=${payload}</arg>
<arg>expected_status=any</arg>
<doc>Sends a POST request.</doc>
<msg timestamp="20220125 20:09:04.610" level="INFO">POST Request : url=https://getgeeks-users-renatoll.herokuapp.com/users 
 path_url=/users 
 headers={'User-Agent': 'python-requests/2.27.1', 'Accept-Encoding': 'gzip, deflate', 'Accept': '*/*', 'Connection': 'keep-alive', 'Content-Length': '74', 'Content-Type': 'application/json'} 
 body=b'{"name": "Peter Quill", "email": "quill@marvel.com", "password": "pwd123"}' 
 </msg>
<msg timestamp="20220125 20:09:04.610" level="INFO">POST Response : url=https://getgeeks-users-renatoll.herokuapp.com/users 
 status=400, reason=Bad Request 
 headers={'Server': 'Cowboy', 'Connection': 'keep-alive', 'X-Powered-By': 'Express', 'Access-Control-Allow-Origin': '*', 'Content-Type': 'application/json; charset=utf-8', 'Content-Length': '31', 'Etag': 'W/"1f-lFUySNKwX3L5eGEwGcNcUoVKWhE"', 'Date': 'Wed, 26 Jan 2022 00:08:13 GMT', 'Via': '1.1 vegur'} 
 body={"error":"User already exists"} 
 </msg>
<msg timestamp="20220125 20:09:04.610" level="INFO">${response} = &lt;Response [400]&gt;</msg>
<status status="PASS" starttime="20220125 20:09:03.958" endtime="20220125 20:09:04.610"/>
</kw>
<status status="PASS" starttime="20220125 20:09:03.958" endtime="20220125 20:09:04.611"/>
</kw>
<kw name="Get Token" library="Helpers">
<var>${token}</var>
<arg>${data}[user]</arg>
<kw name="Create Dictionary" library="BuiltIn">
<var>${payload}</var>
<arg>email=${user}[email]</arg>
<arg>password=${user}[password]</arg>
<doc>Creates and returns a dictionary based on the given ``items``.</doc>
<msg timestamp="20220125 20:09:04.611" level="INFO">${payload} = {'email': 'quill@marvel.com', 'password': 'pwd123'}</msg>
<status status="PASS" starttime="20220125 20:09:04.611" endtime="20220125 20:09:04.611"/>
</kw>
<kw name="POST Session" library="SessionsRoute">
<var>${response}</var>
<arg>${payload}</arg>
<kw name="POST" library="RequestsLibrary">
<var>${response}</var>
<arg>${API_USERS}/sessions</arg>
<arg>json=${payload}</arg>
<arg>expected_status=any</arg>
<doc>Sends a POST request.</doc>
<msg timestamp="20220125 20:09:05.284" level="INFO">POST Request : url=https://getgeeks-users-renatoll.herokuapp.com/sessions 
 path_url=/sessions 
 headers={'User-Agent': 'python-requests/2.27.1', 'Accept-Encoding': 'gzip, deflate', 'Accept': '*/*', 'Connection': 'keep-alive', 'Content-Length': '51', 'Content-Type': 'application/json'} 
 body=b'{"email": "quill@marvel.com", "password": "pwd123"}' 
 </msg>
<msg timestamp="20220125 20:09:05.284" level="INFO">POST Response : url=https://getgeeks-users-renatoll.herokuapp.com/sessions 
 status=200, reason=OK 
 headers={'Server': 'Cowboy', 'Connection': 'keep-alive', 'X-Powered-By': 'Express', 'Access-Control-Allow-Origin': '*', 'Content-Type': 'application/json; charset=utf-8', 'Content-Length': '362', 'Etag': 'W/"16a-omZfYMRXB9VAoQR1atVoEfn0P2o"', 'Date': 'Wed, 26 Jan 2022 00:08:13 GMT', 'Via': '1.1 vegur'} 
 body={"user":{"id":372,"email":"quill@marvel.com","password_hash":"$2b$08$wDPHu74viW/QfPlMY4QJou4YQth.qGuSrc9fYD6wDuwvfhvTTLdV6","name":"Peter Quill","avatar":null,"whatsapp":null,"is_geek":false},"token":"eyJhbGciOiJIUzI1NiIsInR5cCI6IkpXVCJ9.eyJpZCI6MzcyLCJpYXQiOjE2NDMxNTU2OTMsImV4cCI6MTY0NDAxOTY5M30.OcYUtsLSbyxTO5PejIeJcIO9P8e1YgNnUwcsDVh_Ei0","expires_in":"10d"} 
 </msg>
<msg timestamp="20220125 20:09:05.284" level="INFO">${response} = &lt;Response [200]&gt;</msg>
<status status="PASS" starttime="20220125 20:09:04.612" endtime="20220125 20:09:05.284"/>
</kw>
<msg timestamp="20220125 20:09:05.285" level="INFO">${response} = &lt;Response [200]&gt;</msg>
<status status="PASS" starttime="20220125 20:09:04.611" endtime="20220125 20:09:05.285"/>
</kw>
<kw name="Set Variable" library="BuiltIn">
<var>${result}</var>
<arg>${EMPTY}</arg>
<doc>Returns the given values which can then be assigned to a variables.</doc>
<msg timestamp="20220125 20:09:05.285" level="INFO">${result} = </msg>
<status status="PASS" starttime="20220125 20:09:05.285" endtime="20220125 20:09:05.285"/>
</kw>
<if>
<branch type="IF" condition="&quot;200&quot; in &quot;${response}&quot;">
<kw name="Set Variable" library="BuiltIn">
<var>${result}</var>
<arg>Bearer ${response.json()}[token]</arg>
<doc>Returns the given values which can then be assigned to a variables.</doc>
<msg timestamp="20220125 20:09:05.286" level="INFO">${result} = Bearer eyJhbGciOiJIUzI1NiIsInR5cCI6IkpXVCJ9.eyJpZCI6MzcyLCJpYXQiOjE2NDMxNTU2OTMsImV4cCI6MTY0NDAxOTY5M30.OcYUtsLSbyxTO5PejIeJcIO9P8e1YgNnUwcsDVh_Ei0</msg>
<status status="PASS" starttime="20220125 20:09:05.285" endtime="20220125 20:09:05.286"/>
</kw>
<status status="PASS" starttime="20220125 20:09:05.285" endtime="20220125 20:09:05.286"/>
</branch>
<status status="PASS" starttime="20220125 20:09:05.285" endtime="20220125 20:09:05.286"/>
</if>
<msg timestamp="20220125 20:09:05.286" level="INFO">${token} = Bearer eyJhbGciOiJIUzI1NiIsInR5cCI6IkpXVCJ9.eyJpZCI6MzcyLCJpYXQiOjE2NDMxNTU2OTMsImV4cCI6MTY0NDAxOTY5M30.OcYUtsLSbyxTO5PejIeJcIO9P8e1YgNnUwcsDVh_Ei0</msg>
<status status="PASS" starttime="20220125 20:09:04.611" endtime="20220125 20:09:05.286"/>
</kw>
<kw name="GET Geeks" library="GeeksRoute">
<var>${response}</var>
<arg>${token}</arg>
<kw name="Create Dictionary" library="BuiltIn">
<var>${headers}</var>
<arg>Authorization=${token}</arg>
<doc>Creates and returns a dictionary based on the given ``items``.</doc>
<msg timestamp="20220125 20:09:05.287" level="INFO">${headers} = {'Authorization': 'Bearer eyJhbGciOiJIUzI1NiIsInR5cCI6IkpXVCJ9.eyJpZCI6MzcyLCJpYXQiOjE2NDMxNTU2OTMsImV4cCI6MTY0NDAxOTY5M30.OcYUtsLSbyxTO5PejIeJcIO9P8e1YgNnUwcsDVh_Ei0'}</msg>
<status status="PASS" starttime="20220125 20:09:05.286" endtime="20220125 20:09:05.287"/>
</kw>
<kw name="GET" library="RequestsLibrary">
<var>${response}</var>
<arg>${API_GEEKS}/geeks</arg>
<arg>headers=${headers}</arg>
<arg>expected_status=any</arg>
<doc>Sends a GET request.</doc>
<msg timestamp="20220125 20:09:05.935" level="INFO">GET Request : url=https://getgeeks-geeks-renatoll.herokuapp.com/geeks 
 path_url=/geeks 
 headers={'User-Agent': 'python-requests/2.27.1', 'Accept-Encoding': 'gzip, deflate', 'Accept': '*/*', 'Connection': 'keep-alive', 'Authorization': 'Bearer eyJhbGciOiJIUzI1NiIsInR5cCI6IkpXVCJ9.eyJpZCI6MzcyLCJpYXQiOjE2NDMxNTU2OTMsImV4cCI6MTY0NDAxOTY5M30.OcYUtsLSbyxTO5PejIeJcIO9P8e1YgNnUwcsDVh_Ei0'} 
 body=None 
 </msg>
<msg timestamp="20220125 20:09:05.935" level="INFO">GET Response : url=https://getgeeks-geeks-renatoll.herokuapp.com/geeks 
 status=200, reason=OK 
 headers={'Server': 'Cowboy', 'Connection': 'keep-alive', 'X-Powered-By': 'Express', 'Access-Control-Allow-Origin': '*', 'Content-Type': 'application/json; charset=utf-8', 'Content-Length': '2090', 'Etag': 'W/"82a-mNqD4DISpf75Mp2MTVSMHYDcIF8"', 'Date': 'Wed, 26 Jan 2022 00:08:14 GMT', 'Via': '1.1 vegur'} 
 body={"Geeks":[{"id":373,"desc":"Seu computador está lento? Reiniciando do nada? Talvez seja um vírus, ou algum hardware com defeito. Posso fazer a manutenção no seu PC, formando, reinstalando o SO, trocando algum componente físico e porque não remover o baidu ou qualquer outro malware.","printer_repair":"Sim","work":"Presencial","cost":"150.99","user_id":373,"email":"joao@qaninja.com.br","password_hash":"$2b$08$cS2BMhURc8rrX9PcRGF3E.dXKfg94FwIfxWJEhL5ZGSpwAky4fvIK","name":"João Lucas","avatar":null,"whatsapp":"11999999999","is_geek":true},{"id":369,"desc":"Seu computador está lento? Reiniciando do nada? Talvez seja um vírus, ou algum hardware com defeito. Posso fazer a manutenção no seu PC, formando, reinstalando o SO, trocando algum componente físico e porque não remover o baidu ou qualquer outro malware.","printer_repair":"Não","work":"Presencial","cost":"100.00","user_id":369,"email":"riri@marvel.com","password_hash":"$2b$08$Djhz2IMS3TFSsyPA2GdPs.NcI05hLExurT7BiW59W/nSG9cct5Nre","name":"Riri Willians","avatar":null,"whatsapp":"11999999999","is_geek":true},{"id":370,"desc":"Instalo Distros Ubuntu, Debian, ElementaryOS, PopOS, Linux Mint, Kurumin, Mandrake, Connectiva, Fedora, RedHat, CentOS, Slackware, Gentoo, Archlinux, Kubuntu, Xubuntu, Suze, Mandriva, Edubuntu, KateOS, Sabayon Linux, Manjaro Linux, BigLinux, ZorinOS, Unit","printer_repair":"Não","work":"Ambos","cost":"110.00","user_id":370,"email":"zola@hidra.com","password_hash":"$2b$08$J.6qzrgzQmVfzNAfw.dFW.ec1jOyxooCzDD4R3SKtomS4o2baD2mu","name":"Arnim Zola","avatar":null,"whatsapp":"21999999999","is_geek":true},{"id":371,"desc":"Instalado e faço manutenção em qualquer tipo de impressora, matricial padrão, matricial fiscal, a jato, a cera, a laser e até 3D. Também faço remold de fitas coloridas para Epson LX300. ","printer_repair":"Sim","work":"Remoto","cost":"120.00","user_id":371,"email":"reed@fantastic4.com","password_hash":"$2b$08$S8EyalTzVyixdFBllyZ9feckSP6inI66x/FvaxdrqDkpL6exxM4OG","name":"Reed Richards","avatar":null,"whatsapp":"31999999999","is_geek":true}],"Count":"4"} 
 </msg>
<msg timestamp="20220125 20:09:05.935" level="INFO">${response} = &lt;Response [200]&gt;</msg>
<status status="PASS" starttime="20220125 20:09:05.287" endtime="20220125 20:09:05.935"/>
</kw>
<msg timestamp="20220125 20:09:05.935" level="INFO">${response} = &lt;Response [200]&gt;</msg>
<status status="PASS" starttime="20220125 20:09:05.286" endtime="20220125 20:09:05.935"/>
</kw>
<kw name="Status Should Be" library="RequestsLibrary">
<arg>200</arg>
<arg>${response}</arg>
<doc>Fails if response status code is different than the expected.</doc>
<status status="PASS" starttime="20220125 20:09:05.935" endtime="20220125 20:09:05.936"/>
</kw>
<kw name="Log" library="BuiltIn">
<arg>${response.json()}[Geeks]</arg>
<doc>Logs the given message with the given level.</doc>
<msg timestamp="20220125 20:09:05.936" level="INFO">[{'id': 373, 'desc': 'Seu computador está lento? Reiniciando do nada? Talvez seja um vírus, ou algum hardware com defeito. Posso fazer a manutenção no seu PC, formando, reinstalando o SO, trocando algum componente físico e porque não remover o baidu ou qualquer outro malware.', 'printer_repair': 'Sim', 'work': 'Presencial', 'cost': '150.99', 'user_id': 373, 'email': 'joao@qaninja.com.br', 'password_hash': '$2b$08$cS2BMhURc8rrX9PcRGF3E.dXKfg94FwIfxWJEhL5ZGSpwAky4fvIK', 'name': 'João Lucas', 'avatar': None, 'whatsapp': '11999999999', 'is_geek': True}, {'id': 369, 'desc': 'Seu computador está lento? Reiniciando do nada? Talvez seja um vírus, ou algum hardware com defeito. Posso fazer a manutenção no seu PC, formando, reinstalando o SO, trocando algum componente físico e porque não remover o baidu ou qualquer outro malware.', 'printer_repair': 'Não', 'work': 'Presencial', 'cost': '100.00', 'user_id': 369, 'email': 'riri@marvel.com', 'password_hash': '$2b$08$Djhz2IMS3TFSsyPA2GdPs.NcI05hLExurT7BiW59W/nSG9cct5Nre', 'name': 'Riri Willians', 'avatar': None, 'whatsapp': '11999999999', 'is_geek': True}, {'id': 370, 'desc': 'Instalo Distros Ubuntu, Debian, ElementaryOS, PopOS, Linux Mint, Kurumin, Mandrake, Connectiva, Fedora, RedHat, CentOS, Slackware, Gentoo, Archlinux, Kubuntu, Xubuntu, Suze, Mandriva, Edubuntu, KateOS, Sabayon Linux, Manjaro Linux, BigLinux, ZorinOS, Unit', 'printer_repair': 'Não', 'work': 'Ambos', 'cost': '110.00', 'user_id': 370, 'email': 'zola@hidra.com', 'password_hash': '$2b$08$J.6qzrgzQmVfzNAfw.dFW.ec1jOyxooCzDD4R3SKtomS4o2baD2mu', 'name': 'Arnim Zola', 'avatar': None, 'whatsapp': '21999999999', 'is_geek': True}, {'id': 371, 'desc': 'Instalado e faço manutenção em qualquer tipo de impressora, matricial padrão, matricial fiscal, a jato, a cera, a laser e até 3D. Também faço remold de fitas coloridas para Epson LX300. ', 'printer_repair': 'Sim', 'work': 'Remoto', 'cost': '120.00', 'user_id': 371, 'email': 'reed@fantastic4.com', 'password_hash': '$2b$08$S8EyalTzVyixdFBllyZ9feckSP6inI66x/FvaxdrqDkpL6exxM4OG', 'name': 'Reed Richards', 'avatar': None, 'whatsapp': '31999999999', 'is_geek': True}]</msg>
<status status="PASS" starttime="20220125 20:09:05.936" endtime="20220125 20:09:05.936"/>
</kw>
<kw name="Get Length" library="BuiltIn">
<var>${total}</var>
<arg>${response.json()}[Geeks]</arg>
<doc>Returns and logs the length of the given item as an integer.</doc>
<msg timestamp="20220125 20:09:05.937" level="INFO">Length is 4</msg>
<msg timestamp="20220125 20:09:05.937" level="INFO">${total} = 4</msg>
<status status="PASS" starttime="20220125 20:09:05.936" endtime="20220125 20:09:05.937"/>
</kw>
<kw name="Should Be True" library="BuiltIn">
<arg>${total} &gt; 0</arg>
<doc>Fails if the given condition is not true.</doc>
<status status="PASS" starttime="20220125 20:09:05.937" endtime="20220125 20:09:05.937"/>
</kw>
<tag>temp</tag>
<status status="PASS" starttime="20220125 20:08:57.983" endtime="20220125 20:09:05.937"/>
</test>
<doc>Geek route test suite</doc>
<status status="PASS" starttime="20220125 20:08:54.399" endtime="20220125 20:09:05.938"/>
</suite>
<suite id="s1-s2" name="Sessions" source="C:\GravidadeZERO\getgeeks\project\backend\tests\Sessions.robot">
<test id="s1-s2-t1" name="User session">
<kw name="Factory User Session" library="Users">
<var>${payload}</var>
<arg>signup</arg>
<msg timestamp="20220125 20:09:05.945" level="INFO">${payload} = {'name': 'Kate Bishop', 'email': 'kate@hotmail.com', 'password': 'pwd123'}</msg>
<status status="PASS" starttime="20220125 20:09:05.945" endtime="20220125 20:09:05.945"/>
</kw>
<kw name="POST User" library="UsersRoute">
<arg>${payload}</arg>
<kw name="POST" library="RequestsLibrary">
<var>${response}</var>
<arg>${API_USERS}/users</arg>
<arg>json=${payload}</arg>
<arg>expected_status=any</arg>
<doc>Sends a POST request.</doc>
<msg timestamp="20220125 20:09:06.751" level="INFO">POST Request : url=https://getgeeks-users-renatoll.herokuapp.com/users 
 path_url=/users 
 headers={'User-Agent': 'python-requests/2.27.1', 'Accept-Encoding': 'gzip, deflate', 'Accept': '*/*', 'Connection': 'keep-alive', 'Content-Length': '74', 'Content-Type': 'application/json'} 
 body=b'{"name": "Kate Bishop", "email": "kate@hotmail.com", "password": "pwd123"}' 
 </msg>
<msg timestamp="20220125 20:09:06.751" level="INFO">POST Response : url=https://getgeeks-users-renatoll.herokuapp.com/users 
 status=201, reason=Created 
 headers={'Server': 'Cowboy', 'Connection': 'keep-alive', 'X-Powered-By': 'Express', 'Access-Control-Allow-Origin': '*', 'Content-Type': 'application/json; charset=utf-8', 'Content-Length': '10', 'Etag': 'W/"a-sw2/ZSh0hm4ezNmCr61e0EeTz2o"', 'Date': 'Wed, 26 Jan 2022 00:08:15 GMT', 'Via': '1.1 vegur'} 
 body={"id":374} 
 </msg>
<msg timestamp="20220125 20:09:06.751" level="INFO">${response} = &lt;Response [201]&gt;</msg>
<status status="PASS" starttime="20220125 20:09:05.946" endtime="20220125 20:09:06.751"/>
</kw>
<status status="PASS" starttime="20220125 20:09:05.946" endtime="20220125 20:09:06.751"/>
</kw>
<kw name="Factory User Session" library="Users">
<var>${payload}</var>
<arg>login</arg>
<msg timestamp="20220125 20:09:06.751" level="INFO">${payload} = {'email': 'kate@hotmail.com', 'password': 'pwd123'}</msg>
<status status="PASS" starttime="20220125 20:09:06.751" endtime="20220125 20:09:06.751"/>
</kw>
<kw name="POST Session" library="SessionsRoute">
<var>${response}</var>
<arg>${payload}</arg>
<kw name="POST" library="RequestsLibrary">
<var>${response}</var>
<arg>${API_USERS}/sessions</arg>
<arg>json=${payload}</arg>
<arg>expected_status=any</arg>
<doc>Sends a POST request.</doc>
<msg timestamp="20220125 20:09:07.444" level="INFO">POST Request : url=https://getgeeks-users-renatoll.herokuapp.com/sessions 
 path_url=/sessions 
 headers={'User-Agent': 'python-requests/2.27.1', 'Accept-Encoding': 'gzip, deflate', 'Accept': '*/*', 'Connection': 'keep-alive', 'Content-Length': '51', 'Content-Type': 'application/json'} 
 body=b'{"email": "kate@hotmail.com", "password": "pwd123"}' 
 </msg>
<msg timestamp="20220125 20:09:07.444" level="INFO">POST Response : url=https://getgeeks-users-renatoll.herokuapp.com/sessions 
 status=200, reason=OK 
 headers={'Server': 'Cowboy', 'Connection': 'keep-alive', 'X-Powered-By': 'Express', 'Access-Control-Allow-Origin': '*', 'Content-Type': 'application/json; charset=utf-8', 'Content-Length': '362', 'Etag': 'W/"16a-HLEMXh7uODHDoSV21JHFLoskUx0"', 'Date': 'Wed, 26 Jan 2022 00:08:16 GMT', 'Via': '1.1 vegur'} 
 body={"user":{"id":374,"email":"kate@hotmail.com","password_hash":"$2b$08$InCoFXRfqlyWzgVNCyHI2.fWDnlbZa3B5OZCvflWYRcEua7El2Pzi","name":"Kate Bishop","avatar":null,"whatsapp":null,"is_geek":false},"token":"eyJhbGciOiJIUzI1NiIsInR5cCI6IkpXVCJ9.eyJpZCI6Mzc0LCJpYXQiOjE2NDMxNTU2OTYsImV4cCI6MTY0NDAxOTY5Nn0.Z62_eikqQtUumNC4lkIrL6_d0F_I1zzKlCFHYDEwzxY","expires_in":"10d"} 
 </msg>
<msg timestamp="20220125 20:09:07.444" level="INFO">${response} = &lt;Response [200]&gt;</msg>
<status status="PASS" starttime="20220125 20:09:06.752" endtime="20220125 20:09:07.444"/>
</kw>
<msg timestamp="20220125 20:09:07.445" level="INFO">${response} = &lt;Response [200]&gt;</msg>
<status status="PASS" starttime="20220125 20:09:06.752" endtime="20220125 20:09:07.445"/>
</kw>
<kw name="Status Should Be" library="RequestsLibrary">
<arg>200</arg>
<arg>${response}</arg>
<doc>Fails if response status code is different than the expected.</doc>
<status status="PASS" starttime="20220125 20:09:07.445" endtime="20220125 20:09:07.445"/>
</kw>
<kw name="Get Length" library="BuiltIn">
<var>${size}</var>
<arg>${response.json()}[token]</arg>
<doc>Returns and logs the length of the given item as an integer.</doc>
<msg timestamp="20220125 20:09:07.446" level="INFO">Length is 140</msg>
<msg timestamp="20220125 20:09:07.446" level="INFO">${size} = 140</msg>
<status status="PASS" starttime="20220125 20:09:07.445" endtime="20220125 20:09:07.446"/>
</kw>
<kw name="Convert To Integer" library="BuiltIn">
<var>${expected_size}</var>
<arg>140</arg>
<doc>Converts the given item to an integer number.</doc>
<msg timestamp="20220125 20:09:07.446" level="INFO">${expected_size} = 140</msg>
<status status="PASS" starttime="20220125 20:09:07.446" endtime="20220125 20:09:07.446"/>
</kw>
<kw name="Should Be Equal" library="BuiltIn">
<arg>${expected_size}</arg>
<arg>${size}</arg>
<doc>Fails if the given objects are unequal.</doc>
<status status="PASS" starttime="20220125 20:09:07.446" endtime="20220125 20:09:07.446"/>
</kw>
<kw name="Should Be Equal" library="BuiltIn">
<arg>10d</arg>
<arg>${response.json()}[expires_in]</arg>
<doc>Fails if the given objects are unequal.</doc>
<status status="PASS" starttime="20220125 20:09:07.446" endtime="20220125 20:09:07.447"/>
</kw>
<status status="PASS" starttime="20220125 20:09:05.945" endtime="20220125 20:09:07.447"/>
</test>
<test id="s1-s2-t2" name="Should Not Get Token">
<kw name="Attempt POST Session">
<arg>${inv_pass}</arg>
<arg>401</arg>
<arg>Unauthorized</arg>
<kw name="POST Session" library="SessionsRoute">
<var>${response}</var>
<arg>${payload}</arg>
<kw name="POST" library="RequestsLibrary">
<var>${response}</var>
<arg>${API_USERS}/sessions</arg>
<arg>json=${payload}</arg>
<arg>expected_status=any</arg>
<doc>Sends a POST request.</doc>
<msg timestamp="20220125 20:09:08.077" level="INFO">POST Request : url=https://getgeeks-users-renatoll.herokuapp.com/sessions 
 path_url=/sessions 
 headers={'User-Agent': 'python-requests/2.27.1', 'Accept-Encoding': 'gzip, deflate', 'Accept': '*/*', 'Connection': 'keep-alive', 'Content-Length': '51', 'Content-Type': 'application/json'} 
 body=b'{"email": "kate@hotmail.com", "password": "abc123"}' 
 </msg>
<msg timestamp="20220125 20:09:08.077" level="INFO">POST Response : url=https://getgeeks-users-renatoll.herokuapp.com/sessions 
 status=401, reason=Unauthorized 
 headers={'Server': 'Cowboy', 'Connection': 'keep-alive', 'X-Powered-By': 'Express', 'Access-Control-Allow-Origin': '*', 'Content-Type': 'application/json; charset=utf-8', 'Content-Length': '24', 'Etag': 'W/"18-XPDV80vbMk4yY1/PADG4jYM4rSI"', 'Date': 'Wed, 26 Jan 2022 00:08:16 GMT', 'Via': '1.1 vegur'} 
 body={"error":"Unauthorized"} 
 </msg>
<msg timestamp="20220125 20:09:08.077" level="INFO">${response} = &lt;Response [401]&gt;</msg>
<status status="PASS" starttime="20220125 20:09:07.448" endtime="20220125 20:09:08.077"/>
</kw>
<msg timestamp="20220125 20:09:08.077" level="INFO">${response} = &lt;Response [401]&gt;</msg>
<status status="PASS" starttime="20220125 20:09:07.448" endtime="20220125 20:09:08.077"/>
</kw>
<kw name="Status Should Be" library="RequestsLibrary">
<arg>${status_code}</arg>
<arg>${response}</arg>
<doc>Fails if response status code is different than the expected.</doc>
<status status="PASS" starttime="20220125 20:09:08.078" endtime="20220125 20:09:08.078"/>
</kw>
<kw name="Should Be Equal" library="BuiltIn">
<arg>${error_message}</arg>
<arg>${response.json()}[error]</arg>
<doc>Fails if the given objects are unequal.</doc>
<status status="PASS" starttime="20220125 20:09:08.078" endtime="20220125 20:09:08.078"/>
</kw>
<status status="PASS" starttime="20220125 20:09:07.448" endtime="20220125 20:09:08.078"/>
</kw>
<kw name="Attempt POST Session">
<arg>${inv_email}</arg>
<arg>400</arg>
<arg>Incorrect email</arg>
<kw name="POST Session" library="SessionsRoute">
<var>${response}</var>
<arg>${payload}</arg>
<kw name="POST" library="RequestsLibrary">
<var>${response}</var>
<arg>${API_USERS}/sessions</arg>
<arg>json=${payload}</arg>
<arg>expected_status=any</arg>
<doc>Sends a POST request.</doc>
<msg timestamp="20220125 20:09:08.735" level="INFO">POST Request : url=https://getgeeks-users-renatoll.herokuapp.com/sessions 
 path_url=/sessions 
 headers={'User-Agent': 'python-requests/2.27.1', 'Accept-Encoding': 'gzip, deflate', 'Accept': '*/*', 'Connection': 'keep-alive', 'Content-Length': '47', 'Content-Type': 'application/json'} 
 body=b'{"email": "kate.com.com", "password": "abc123"}' 
 </msg>
<msg timestamp="20220125 20:09:08.735" level="INFO">POST Response : url=https://getgeeks-users-renatoll.herokuapp.com/sessions 
 status=400, reason=Bad Request 
 headers={'Server': 'Cowboy', 'Connection': 'keep-alive', 'X-Powered-By': 'Express', 'Access-Control-Allow-Origin': '*', 'Content-Type': 'application/json; charset=utf-8', 'Content-Length': '27', 'Etag': 'W/"1b-/TOfJuE8lwSWEXvBl7o6iRstTo0"', 'Date': 'Wed, 26 Jan 2022 00:08:17 GMT', 'Via': '1.1 vegur'} 
 body={"error":"Incorrect email"} 
 </msg>
<msg timestamp="20220125 20:09:08.735" level="INFO">${response} = &lt;Response [400]&gt;</msg>
<status status="PASS" starttime="20220125 20:09:08.079" endtime="20220125 20:09:08.735"/>
</kw>
<msg timestamp="20220125 20:09:08.735" level="INFO">${response} = &lt;Response [400]&gt;</msg>
<status status="PASS" starttime="20220125 20:09:08.079" endtime="20220125 20:09:08.735"/>
</kw>
<kw name="Status Should Be" library="RequestsLibrary">
<arg>${status_code}</arg>
<arg>${response}</arg>
<doc>Fails if response status code is different than the expected.</doc>
<status status="PASS" starttime="20220125 20:09:08.736" endtime="20220125 20:09:08.736"/>
</kw>
<kw name="Should Be Equal" library="BuiltIn">
<arg>${error_message}</arg>
<arg>${response.json()}[error]</arg>
<doc>Fails if the given objects are unequal.</doc>
<status status="PASS" starttime="20220125 20:09:08.736" endtime="20220125 20:09:08.736"/>
</kw>
<status status="PASS" starttime="20220125 20:09:08.079" endtime="20220125 20:09:08.736"/>
</kw>
<kw name="Attempt POST Session">
<arg>${email_404}</arg>
<arg>401</arg>
<arg>Unauthorized</arg>
<kw name="POST Session" library="SessionsRoute">
<var>${response}</var>
<arg>${payload}</arg>
<kw name="POST" library="RequestsLibrary">
<var>${response}</var>
<arg>${API_USERS}/sessions</arg>
<arg>json=${payload}</arg>
<arg>expected_status=any</arg>
<doc>Sends a POST request.</doc>
<msg timestamp="20220125 20:09:09.348" level="INFO">POST Request : url=https://getgeeks-users-renatoll.herokuapp.com/sessions 
 path_url=/sessions 
 headers={'User-Agent': 'python-requests/2.27.1', 'Accept-Encoding': 'gzip, deflate', 'Accept': '*/*', 'Connection': 'keep-alive', 'Content-Length': '47', 'Content-Type': 'application/json'} 
 body=b'{"email": "kate@404.com", "password": "abc123"}' 
 </msg>
<msg timestamp="20220125 20:09:09.348" level="INFO">POST Response : url=https://getgeeks-users-renatoll.herokuapp.com/sessions 
 status=401, reason=Unauthorized 
 headers={'Server': 'Cowboy', 'Connection': 'keep-alive', 'X-Powered-By': 'Express', 'Access-Control-Allow-Origin': '*', 'Content-Type': 'application/json; charset=utf-8', 'Content-Length': '24', 'Etag': 'W/"18-XPDV80vbMk4yY1/PADG4jYM4rSI"', 'Date': 'Wed, 26 Jan 2022 00:08:17 GMT', 'Via': '1.1 vegur'} 
 body={"error":"Unauthorized"} 
 </msg>
<msg timestamp="20220125 20:09:09.348" level="INFO">${response} = &lt;Response [401]&gt;</msg>
<status status="PASS" starttime="20220125 20:09:08.737" endtime="20220125 20:09:09.348"/>
</kw>
<msg timestamp="20220125 20:09:09.348" level="INFO">${response} = &lt;Response [401]&gt;</msg>
<status status="PASS" starttime="20220125 20:09:08.737" endtime="20220125 20:09:09.348"/>
</kw>
<kw name="Status Should Be" library="RequestsLibrary">
<arg>${status_code}</arg>
<arg>${response}</arg>
<doc>Fails if response status code is different than the expected.</doc>
<status status="PASS" starttime="20220125 20:09:09.349" endtime="20220125 20:09:09.349"/>
</kw>
<kw name="Should Be Equal" library="BuiltIn">
<arg>${error_message}</arg>
<arg>${response.json()}[error]</arg>
<doc>Fails if the given objects are unequal.</doc>
<status status="PASS" starttime="20220125 20:09:09.349" endtime="20220125 20:09:09.349"/>
</kw>
<status status="PASS" starttime="20220125 20:09:08.737" endtime="20220125 20:09:09.349"/>
</kw>
<kw name="Attempt POST Session">
<arg>${empty_email}</arg>
<arg>400</arg>
<arg>Required email</arg>
<kw name="POST Session" library="SessionsRoute">
<var>${response}</var>
<arg>${payload}</arg>
<kw name="POST" library="RequestsLibrary">
<var>${response}</var>
<arg>${API_USERS}/sessions</arg>
<arg>json=${payload}</arg>
<arg>expected_status=any</arg>
<doc>Sends a POST request.</doc>
<msg timestamp="20220125 20:09:09.958" level="INFO">POST Request : url=https://getgeeks-users-renatoll.herokuapp.com/sessions 
 path_url=/sessions 
 headers={'User-Agent': 'python-requests/2.27.1', 'Accept-Encoding': 'gzip, deflate', 'Accept': '*/*', 'Connection': 'keep-alive', 'Content-Length': '35', 'Content-Type': 'application/json'} 
 body=b'{"email": "", "password": "abc123"}' 
 </msg>
<msg timestamp="20220125 20:09:09.958" level="INFO">POST Response : url=https://getgeeks-users-renatoll.herokuapp.com/sessions 
 status=400, reason=Bad Request 
 headers={'Server': 'Cowboy', 'Connection': 'keep-alive', 'X-Powered-By': 'Express', 'Access-Control-Allow-Origin': '*', 'Content-Type': 'application/json; charset=utf-8', 'Content-Length': '26', 'Etag': 'W/"1a-ztWLEO5pP/4DOQYYgf8vh7rMmRI"', 'Date': 'Wed, 26 Jan 2022 00:08:18 GMT', 'Via': '1.1 vegur'} 
 body={"error":"Required email"} 
 </msg>
<msg timestamp="20220125 20:09:09.958" level="INFO">${response} = &lt;Response [400]&gt;</msg>
<status status="PASS" starttime="20220125 20:09:09.350" endtime="20220125 20:09:09.958"/>
</kw>
<msg timestamp="20220125 20:09:09.958" level="INFO">${response} = &lt;Response [400]&gt;</msg>
<status status="PASS" starttime="20220125 20:09:09.350" endtime="20220125 20:09:09.958"/>
</kw>
<kw name="Status Should Be" library="RequestsLibrary">
<arg>${status_code}</arg>
<arg>${response}</arg>
<doc>Fails if response status code is different than the expected.</doc>
<status status="PASS" starttime="20220125 20:09:09.958" endtime="20220125 20:09:09.959"/>
</kw>
<kw name="Should Be Equal" library="BuiltIn">
<arg>${error_message}</arg>
<arg>${response.json()}[error]</arg>
<doc>Fails if the given objects are unequal.</doc>
<status status="PASS" starttime="20220125 20:09:09.959" endtime="20220125 20:09:09.959"/>
</kw>
<status status="PASS" starttime="20220125 20:09:09.350" endtime="20220125 20:09:09.959"/>
</kw>
<kw name="Attempt POST Session">
<arg>${wo_email}</arg>
<arg>400</arg>
<arg>Required email</arg>
<kw name="POST Session" library="SessionsRoute">
<var>${response}</var>
<arg>${payload}</arg>
<kw name="POST" library="RequestsLibrary">
<var>${response}</var>
<arg>${API_USERS}/sessions</arg>
<arg>json=${payload}</arg>
<arg>expected_status=any</arg>
<doc>Sends a POST request.</doc>
<msg timestamp="20220125 20:09:10.667" level="INFO">POST Request : url=https://getgeeks-users-renatoll.herokuapp.com/sessions 
 path_url=/sessions 
 headers={'User-Agent': 'python-requests/2.27.1', 'Accept-Encoding': 'gzip, deflate', 'Accept': '*/*', 'Connection': 'keep-alive', 'Content-Length': '22', 'Content-Type': 'application/json'} 
 body=b'{"password": "abc123"}' 
 </msg>
<msg timestamp="20220125 20:09:10.668" level="INFO">POST Response : url=https://getgeeks-users-renatoll.herokuapp.com/sessions 
 status=400, reason=Bad Request 
 headers={'Server': 'Cowboy', 'Connection': 'keep-alive', 'X-Powered-By': 'Express', 'Access-Control-Allow-Origin': '*', 'Content-Type': 'application/json; charset=utf-8', 'Content-Length': '26', 'Etag': 'W/"1a-ztWLEO5pP/4DOQYYgf8vh7rMmRI"', 'Date': 'Wed, 26 Jan 2022 00:08:19 GMT', 'Via': '1.1 vegur'} 
 body={"error":"Required email"} 
 </msg>
<msg timestamp="20220125 20:09:10.668" level="INFO">${response} = &lt;Response [400]&gt;</msg>
<status status="PASS" starttime="20220125 20:09:09.960" endtime="20220125 20:09:10.668"/>
</kw>
<msg timestamp="20220125 20:09:10.668" level="INFO">${response} = &lt;Response [400]&gt;</msg>
<status status="PASS" starttime="20220125 20:09:09.960" endtime="20220125 20:09:10.668"/>
</kw>
<kw name="Status Should Be" library="RequestsLibrary">
<arg>${status_code}</arg>
<arg>${response}</arg>
<doc>Fails if response status code is different than the expected.</doc>
<status status="PASS" starttime="20220125 20:09:10.668" endtime="20220125 20:09:10.668"/>
</kw>
<kw name="Should Be Equal" library="BuiltIn">
<arg>${error_message}</arg>
<arg>${response.json()}[error]</arg>
<doc>Fails if the given objects are unequal.</doc>
<status status="PASS" starttime="20220125 20:09:10.668" endtime="20220125 20:09:10.669"/>
</kw>
<status status="PASS" starttime="20220125 20:09:09.960" endtime="20220125 20:09:10.669"/>
</kw>
<kw name="Attempt POST Session">
<arg>${empty_pass}</arg>
<arg>400</arg>
<arg>Required pass</arg>
<kw name="POST Session" library="SessionsRoute">
<var>${response}</var>
<arg>${payload}</arg>
<kw name="POST" library="RequestsLibrary">
<var>${response}</var>
<arg>${API_USERS}/sessions</arg>
<arg>json=${payload}</arg>
<arg>expected_status=any</arg>
<doc>Sends a POST request.</doc>
<msg timestamp="20220125 20:09:11.336" level="INFO">POST Request : url=https://getgeeks-users-renatoll.herokuapp.com/sessions 
 path_url=/sessions 
 headers={'User-Agent': 'python-requests/2.27.1', 'Accept-Encoding': 'gzip, deflate', 'Accept': '*/*', 'Connection': 'keep-alive', 'Content-Length': '45', 'Content-Type': 'application/json'} 
 body=b'{"email": "kate@hotmail.com", "password": ""}' 
 </msg>
<msg timestamp="20220125 20:09:11.336" level="INFO">POST Response : url=https://getgeeks-users-renatoll.herokuapp.com/sessions 
 status=400, reason=Bad Request 
 headers={'Server': 'Cowboy', 'Connection': 'keep-alive', 'X-Powered-By': 'Express', 'Access-Control-Allow-Origin': '*', 'Content-Type': 'application/json; charset=utf-8', 'Content-Length': '25', 'Etag': 'W/"19-XQPKZGB2rC+TLudFQKbwFLPwbR0"', 'Date': 'Wed, 26 Jan 2022 00:08:19 GMT', 'Via': '1.1 vegur'} 
 body={"error":"Required pass"} 
 </msg>
<msg timestamp="20220125 20:09:11.336" level="INFO">${response} = &lt;Response [400]&gt;</msg>
<status status="PASS" starttime="20220125 20:09:10.669" endtime="20220125 20:09:11.336"/>
</kw>
<msg timestamp="20220125 20:09:11.336" level="INFO">${response} = &lt;Response [400]&gt;</msg>
<status status="PASS" starttime="20220125 20:09:10.669" endtime="20220125 20:09:11.337"/>
</kw>
<kw name="Status Should Be" library="RequestsLibrary">
<arg>${status_code}</arg>
<arg>${response}</arg>
<doc>Fails if response status code is different than the expected.</doc>
<status status="PASS" starttime="20220125 20:09:11.337" endtime="20220125 20:09:11.337"/>
</kw>
<kw name="Should Be Equal" library="BuiltIn">
<arg>${error_message}</arg>
<arg>${response.json()}[error]</arg>
<doc>Fails if the given objects are unequal.</doc>
<status status="PASS" starttime="20220125 20:09:11.337" endtime="20220125 20:09:11.338"/>
</kw>
<status status="PASS" starttime="20220125 20:09:10.669" endtime="20220125 20:09:11.338"/>
</kw>
<kw name="Attempt POST Session">
<arg>${wo_pass}</arg>
<arg>400</arg>
<arg>Required pass</arg>
<kw name="POST Session" library="SessionsRoute">
<var>${response}</var>
<arg>${payload}</arg>
<kw name="POST" library="RequestsLibrary">
<var>${response}</var>
<arg>${API_USERS}/sessions</arg>
<arg>json=${payload}</arg>
<arg>expected_status=any</arg>
<doc>Sends a POST request.</doc>
<msg timestamp="20220125 20:09:11.998" level="INFO">POST Request : url=https://getgeeks-users-renatoll.herokuapp.com/sessions 
 path_url=/sessions 
 headers={'User-Agent': 'python-requests/2.27.1', 'Accept-Encoding': 'gzip, deflate', 'Accept': '*/*', 'Connection': 'keep-alive', 'Content-Length': '29', 'Content-Type': 'application/json'} 
 body=b'{"email": "kate@hotmail.com"}' 
 </msg>
<msg timestamp="20220125 20:09:11.998" level="INFO">POST Response : url=https://getgeeks-users-renatoll.herokuapp.com/sessions 
 status=400, reason=Bad Request 
 headers={'Server': 'Cowboy', 'Connection': 'keep-alive', 'X-Powered-By': 'Express', 'Access-Control-Allow-Origin': '*', 'Content-Type': 'application/json; charset=utf-8', 'Content-Length': '25', 'Etag': 'W/"19-XQPKZGB2rC+TLudFQKbwFLPwbR0"', 'Date': 'Wed, 26 Jan 2022 00:08:20 GMT', 'Via': '1.1 vegur'} 
 body={"error":"Required pass"} 
 </msg>
<msg timestamp="20220125 20:09:11.998" level="INFO">${response} = &lt;Response [400]&gt;</msg>
<status status="PASS" starttime="20220125 20:09:11.338" endtime="20220125 20:09:11.998"/>
</kw>
<msg timestamp="20220125 20:09:11.998" level="INFO">${response} = &lt;Response [400]&gt;</msg>
<status status="PASS" starttime="20220125 20:09:11.338" endtime="20220125 20:09:11.998"/>
</kw>
<kw name="Status Should Be" library="RequestsLibrary">
<arg>${status_code}</arg>
<arg>${response}</arg>
<doc>Fails if response status code is different than the expected.</doc>
<status status="PASS" starttime="20220125 20:09:11.998" endtime="20220125 20:09:11.998"/>
</kw>
<kw name="Should Be Equal" library="BuiltIn">
<arg>${error_message}</arg>
<arg>${response.json()}[error]</arg>
<doc>Fails if the given objects are unequal.</doc>
[...]
 body={"user":{"id":377,"email":"ross@gmail.com","password_hash":"$2b$08$rC4Wxo0kp57k8dsdeSxcsu6Uhzpy2xO2SdVkIYHgU4ntUHpOCGMgK","name":"Thaddeus Ross","avatar":null,"whatsapp":null,"is_geek":false},"token":"eyJhbGciOiJIUzI1NiIsInR5cCI6IkpXVCJ9.eyJpZCI6Mzc3LCJpYXQiOjE2NDMxNTU3MDUsImV4cCI6MTY0NDAxOTcwNX0.KaPgW4ZVqV2To4KuqYyerUrK_XTY8DK74YEgqeYFxh4","expires_in":"10d"} 
 </msg>
<msg timestamp="20220125 20:09:16.737" level="INFO">${response} = &lt;Response [200]&gt;</msg>
<status status="PASS" starttime="20220125 20:09:16.067" endtime="20220125 20:09:16.737"/>
</kw>
<msg timestamp="20220125 20:09:16.737" level="INFO">${response} = &lt;Response [200]&gt;</msg>
<status status="PASS" starttime="20220125 20:09:16.067" endtime="20220125 20:09:16.737"/>
</kw>
<kw name="Set Variable" library="BuiltIn">
<var>${result}</var>
<arg>${EMPTY}</arg>
<doc>Returns the given values which can then be assigned to a variables.</doc>
<msg timestamp="20220125 20:09:16.738" level="INFO">${result} = </msg>
<status status="PASS" starttime="20220125 20:09:16.738" endtime="20220125 20:09:16.738"/>
</kw>
<if>
<branch type="IF" condition="&quot;200&quot; in &quot;${response}&quot;">
<kw name="Set Variable" library="BuiltIn">
<var>${result}</var>
<arg>Bearer ${response.json()}[token]</arg>
<doc>Returns the given values which can then be assigned to a variables.</doc>
<msg timestamp="20220125 20:09:16.739" level="INFO">${result} = Bearer eyJhbGciOiJIUzI1NiIsInR5cCI6IkpXVCJ9.eyJpZCI6Mzc3LCJpYXQiOjE2NDMxNTU3MDUsImV4cCI6MTY0NDAxOTcwNX0.KaPgW4ZVqV2To4KuqYyerUrK_XTY8DK74YEgqeYFxh4</msg>
<status status="PASS" starttime="20220125 20:09:16.738" endtime="20220125 20:09:16.739"/>
</kw>
<status status="PASS" starttime="20220125 20:09:16.738" endtime="20220125 20:09:16.739"/>
</branch>
<status status="PASS" starttime="20220125 20:09:16.738" endtime="20220125 20:09:16.739"/>
</if>
<msg timestamp="20220125 20:09:16.739" level="INFO">${token} = Bearer eyJhbGciOiJIUzI1NiIsInR5cCI6IkpXVCJ9.eyJpZCI6Mzc3LCJpYXQiOjE2NDMxNTU3MDUsImV4cCI6MTY0NDAxOTcwNX0.KaPgW4ZVqV2To4KuqYyerUrK_XTY8DK74YEgqeYFxh4</msg>
<status status="PASS" starttime="20220125 20:09:16.066" endtime="20220125 20:09:16.739"/>
</kw>
<kw name="DELETE User" library="UsersRoute">
<var>${response}</var>
<arg>${token}</arg>
<kw name="Create Dictionary" library="BuiltIn">
<var>${headers}</var>
<arg>Authorization=${token}</arg>
<doc>Creates and returns a dictionary based on the given ``items``.</doc>
<msg timestamp="20220125 20:09:16.739" level="INFO">${headers} = {'Authorization': 'Bearer eyJhbGciOiJIUzI1NiIsInR5cCI6IkpXVCJ9.eyJpZCI6Mzc3LCJpYXQiOjE2NDMxNTU3MDUsImV4cCI6MTY0NDAxOTcwNX0.KaPgW4ZVqV2To4KuqYyerUrK_XTY8DK74YEgqeYFxh4'}</msg>
<status status="PASS" starttime="20220125 20:09:16.739" endtime="20220125 20:09:16.739"/>
</kw>
<kw name="DELETE" library="RequestsLibrary">
<var>${response}</var>
<arg>${API_USERS}/users</arg>
<arg>headers=${headers}</arg>
<arg>expected_status=any</arg>
<doc>Sends a DELETE request.</doc>
<msg timestamp="20220125 20:09:17.552" level="INFO">DELETE Request : url=https://getgeeks-users-renatoll.herokuapp.com/users 
 path_url=/users 
 headers={'User-Agent': 'python-requests/2.27.1', 'Accept-Encoding': 'gzip, deflate', 'Accept': '*/*', 'Connection': 'keep-alive', 'Authorization': 'Bearer eyJhbGciOiJIUzI1NiIsInR5cCI6IkpXVCJ9.eyJpZCI6Mzc3LCJpYXQiOjE2NDMxNTU3MDUsImV4cCI6MTY0NDAxOTcwNX0.KaPgW4ZVqV2To4KuqYyerUrK_XTY8DK74YEgqeYFxh4', 'Content-Length': '0'} 
 body=None 
 </msg>
<msg timestamp="20220125 20:09:17.552" level="INFO">DELETE Response : url=https://getgeeks-users-renatoll.herokuapp.com/users 
 status=204, reason=No Content 
 headers={'Server': 'Cowboy', 'Content-Length': '0', 'Connection': 'keep-alive', 'X-Powered-By': 'Express', 'Access-Control-Allow-Origin': '*', 'Date': 'Wed, 26 Jan 2022 00:08:26 GMT', 'Via': '1.1 vegur'} 
 body=None 
 </msg>
<msg timestamp="20220125 20:09:17.552" level="INFO">${response} = &lt;Response [204]&gt;</msg>
<status status="PASS" starttime="20220125 20:09:16.739" endtime="20220125 20:09:17.552"/>
</kw>
<msg timestamp="20220125 20:09:17.552" level="INFO">${response} = &lt;Response [204]&gt;</msg>
<status status="PASS" starttime="20220125 20:09:16.739" endtime="20220125 20:09:17.552"/>
</kw>
<kw name="Status Should Be" library="RequestsLibrary">
<arg>204</arg>
<arg>${response}</arg>
<doc>Fails if response status code is different than the expected.</doc>
<status status="PASS" starttime="20220125 20:09:17.553" endtime="20220125 20:09:17.553"/>
</kw>
<kw name="GET User" library="UsersRoute">
<var>${response}</var>
<arg>${token}</arg>
<kw name="Create Dictionary" library="BuiltIn">
<var>${headers}</var>
<arg>Authorization=${token}</arg>
<doc>Creates and returns a dictionary based on the given ``items``.</doc>
<msg timestamp="20220125 20:09:17.554" level="INFO">${headers} = {'Authorization': 'Bearer eyJhbGciOiJIUzI1NiIsInR5cCI6IkpXVCJ9.eyJpZCI6Mzc3LCJpYXQiOjE2NDMxNTU3MDUsImV4cCI6MTY0NDAxOTcwNX0.KaPgW4ZVqV2To4KuqYyerUrK_XTY8DK74YEgqeYFxh4'}</msg>
<status status="PASS" starttime="20220125 20:09:17.553" endtime="20220125 20:09:17.554"/>
</kw>
<kw name="GET" library="RequestsLibrary">
<var>${response}</var>
<arg>${API_USERS}/users</arg>
<arg>headers=${headers}</arg>
<arg>expected_status=any</arg>
<doc>Sends a GET request.</doc>
<msg timestamp="20220125 20:09:18.202" level="INFO">GET Request : url=https://getgeeks-users-renatoll.herokuapp.com/users 
 path_url=/users 
 headers={'User-Agent': 'python-requests/2.27.1', 'Accept-Encoding': 'gzip, deflate', 'Accept': '*/*', 'Connection': 'keep-alive', 'Authorization': 'Bearer eyJhbGciOiJIUzI1NiIsInR5cCI6IkpXVCJ9.eyJpZCI6Mzc3LCJpYXQiOjE2NDMxNTU3MDUsImV4cCI6MTY0NDAxOTcwNX0.KaPgW4ZVqV2To4KuqYyerUrK_XTY8DK74YEgqeYFxh4'} 
 body=None 
 </msg>
<msg timestamp="20220125 20:09:18.202" level="INFO">GET Response : url=https://getgeeks-users-renatoll.herokuapp.com/users 
 status=404, reason=Not Found 
 headers={'Server': 'Cowboy', 'Connection': 'keep-alive', 'X-Powered-By': 'Express', 'Access-Control-Allow-Origin': '*', 'Date': 'Wed, 26 Jan 2022 00:08:26 GMT', 'Content-Length': '0', 'Via': '1.1 vegur'} 
 body=None 
 </msg>
<msg timestamp="20220125 20:09:18.202" level="INFO">${response} = &lt;Response [404]&gt;</msg>
<status status="PASS" starttime="20220125 20:09:17.554" endtime="20220125 20:09:18.202"/>
</kw>
<msg timestamp="20220125 20:09:18.203" level="INFO">${response} = &lt;Response [404]&gt;</msg>
<status status="PASS" starttime="20220125 20:09:17.553" endtime="20220125 20:09:18.203"/>
</kw>
<kw name="Status Should Be" library="RequestsLibrary">
<arg>404</arg>
<arg>${response}</arg>
<doc>Fails if response status code is different than the expected.</doc>
<status status="PASS" starttime="20220125 20:09:18.203" endtime="20220125 20:09:18.203"/>
</kw>
<status status="PASS" starttime="20220125 20:09:15.384" endtime="20220125 20:09:18.203"/>
</test>
<test id="s1-s3-t4" name="Update a user">
<kw name="Factory Update User" library="Users">
<var>${user}</var>
<msg timestamp="20220125 20:09:18.204" level="INFO">${user} = {'before': {'name': 'Reis Renato', 'email': 'renato@msn.com', 'password': 'pwd123'}, 'after': {'name': 'Renato Reis', 'email': 'renato@msn.com', 'whatsapp': '11999999999', 'avatar': 'https://avatars.g...</msg>
<status status="PASS" starttime="20220125 20:09:18.204" endtime="20220125 20:09:18.204"/>
</kw>
<kw name="POST User" library="UsersRoute">
<arg>${user}[before]</arg>
<kw name="POST" library="RequestsLibrary">
<var>${response}</var>
<arg>${API_USERS}/users</arg>
<arg>json=${payload}</arg>
<arg>expected_status=any</arg>
<doc>Sends a POST request.</doc>
<msg timestamp="20220125 20:09:18.892" level="INFO">POST Request : url=https://getgeeks-users-renatoll.herokuapp.com/users 
 path_url=/users 
 headers={'User-Agent': 'python-requests/2.27.1', 'Accept-Encoding': 'gzip, deflate', 'Accept': '*/*', 'Connection': 'keep-alive', 'Content-Length': '72', 'Content-Type': 'application/json'} 
 body=b'{"name": "Reis Renato", "email": "renato@msn.com", "password": "pwd123"}' 
 </msg>
<msg timestamp="20220125 20:09:18.892" level="INFO">POST Response : url=https://getgeeks-users-renatoll.herokuapp.com/users 
 status=201, reason=Created 
 headers={'Server': 'Cowboy', 'Connection': 'keep-alive', 'X-Powered-By': 'Express', 'Access-Control-Allow-Origin': '*', 'Content-Type': 'application/json; charset=utf-8', 'Content-Length': '10', 'Etag': 'W/"a-ic1rHzP1Wq4UGAnpfuwOOz6/rsE"', 'Date': 'Wed, 26 Jan 2022 00:08:27 GMT', 'Via': '1.1 vegur'} 
 body={"id":378} 
 </msg>
<msg timestamp="20220125 20:09:18.892" level="INFO">${response} = &lt;Response [201]&gt;</msg>
<status status="PASS" starttime="20220125 20:09:18.205" endtime="20220125 20:09:18.892"/>
</kw>
<status status="PASS" starttime="20220125 20:09:18.204" endtime="20220125 20:09:18.892"/>
</kw>
<kw name="Get Token" library="Helpers">
<var>${token}</var>
<arg>${user}[before]</arg>
<kw name="Create Dictionary" library="BuiltIn">
<var>${payload}</var>
<arg>email=${user}[email]</arg>
<arg>password=${user}[password]</arg>
<doc>Creates and returns a dictionary based on the given ``items``.</doc>
<msg timestamp="20220125 20:09:18.893" level="INFO">${payload} = {'email': 'renato@msn.com', 'password': 'pwd123'}</msg>
<status status="PASS" starttime="20220125 20:09:18.893" endtime="20220125 20:09:18.893"/>
</kw>
<kw name="POST Session" library="SessionsRoute">
<var>${response}</var>
<arg>${payload}</arg>
<kw name="POST" library="RequestsLibrary">
<var>${response}</var>
<arg>${API_USERS}/sessions</arg>
<arg>json=${payload}</arg>
<arg>expected_status=any</arg>
<doc>Sends a POST request.</doc>
<msg timestamp="20220125 20:09:19.578" level="INFO">POST Request : url=https://getgeeks-users-renatoll.herokuapp.com/sessions 
 path_url=/sessions 
 headers={'User-Agent': 'python-requests/2.27.1', 'Accept-Encoding': 'gzip, deflate', 'Accept': '*/*', 'Connection': 'keep-alive', 'Content-Length': '49', 'Content-Type': 'application/json'} 
 body=b'{"email": "renato@msn.com", "password": "pwd123"}' 
 </msg>
<msg timestamp="20220125 20:09:19.578" level="INFO">POST Response : url=https://getgeeks-users-renatoll.herokuapp.com/sessions 
 status=200, reason=OK 
 headers={'Server': 'Cowboy', 'Connection': 'keep-alive', 'X-Powered-By': 'Express', 'Access-Control-Allow-Origin': '*', 'Content-Type': 'application/json; charset=utf-8', 'Content-Length': '360', 'Etag': 'W/"168-Rg6rGMYOPOkCsfEcqLLj+YD12dI"', 'Date': 'Wed, 26 Jan 2022 00:08:28 GMT', 'Via': '1.1 vegur'} 
 body={"user":{"id":378,"email":"renato@msn.com","password_hash":"$2b$08$g.y4G8eyrUpzqOvjYyv8ze9dxaGnt/4QgYCPD3XpsauGSnesTWHXe","name":"Reis Renato","avatar":null,"whatsapp":null,"is_geek":false},"token":"eyJhbGciOiJIUzI1NiIsInR5cCI6IkpXVCJ9.eyJpZCI6Mzc4LCJpYXQiOjE2NDMxNTU3MDgsImV4cCI6MTY0NDAxOTcwOH0.YwFuT7A8vzLu9drjfvcfG0s3Fn4Z55rSM_2pwb_45-w","expires_in":"10d"} 
 </msg>
<msg timestamp="20220125 20:09:19.578" level="INFO">${response} = &lt;Response [200]&gt;</msg>
<status status="PASS" starttime="20220125 20:09:18.893" endtime="20220125 20:09:19.578"/>
</kw>
<msg timestamp="20220125 20:09:19.578" level="INFO">${response} = &lt;Response [200]&gt;</msg>
<status status="PASS" starttime="20220125 20:09:18.893" endtime="20220125 20:09:19.578"/>
</kw>
<kw name="Set Variable" library="BuiltIn">
<var>${result}</var>
<arg>${EMPTY}</arg>
<doc>Returns the given values which can then be assigned to a variables.</doc>
<msg timestamp="20220125 20:09:19.579" level="INFO">${result} = </msg>
<status status="PASS" starttime="20220125 20:09:19.578" endtime="20220125 20:09:19.579"/>
</kw>
<if>
<branch type="IF" condition="&quot;200&quot; in &quot;${response}&quot;">
<kw name="Set Variable" library="BuiltIn">
<var>${result}</var>
<arg>Bearer ${response.json()}[token]</arg>
<doc>Returns the given values which can then be assigned to a variables.</doc>
<msg timestamp="20220125 20:09:19.579" level="INFO">${result} = Bearer eyJhbGciOiJIUzI1NiIsInR5cCI6IkpXVCJ9.eyJpZCI6Mzc4LCJpYXQiOjE2NDMxNTU3MDgsImV4cCI6MTY0NDAxOTcwOH0.YwFuT7A8vzLu9drjfvcfG0s3Fn4Z55rSM_2pwb_45-w</msg>
<status status="PASS" starttime="20220125 20:09:19.579" endtime="20220125 20:09:19.579"/>
</kw>
<status status="PASS" starttime="20220125 20:09:19.579" endtime="20220125 20:09:19.579"/>
</branch>
<status status="PASS" starttime="20220125 20:09:19.579" endtime="20220125 20:09:19.579"/>
</if>
<msg timestamp="20220125 20:09:19.579" level="INFO">${token} = Bearer eyJhbGciOiJIUzI1NiIsInR5cCI6IkpXVCJ9.eyJpZCI6Mzc4LCJpYXQiOjE2NDMxNTU3MDgsImV4cCI6MTY0NDAxOTcwOH0.YwFuT7A8vzLu9drjfvcfG0s3Fn4Z55rSM_2pwb_45-w</msg>
<status status="PASS" starttime="20220125 20:09:18.892" endtime="20220125 20:09:19.579"/>
</kw>
<kw name="PUT User" library="UsersRoute">
<var>${response}</var>
<arg>${token}</arg>
<arg>${user}[after]</arg>
<kw name="Create Dictionary" library="BuiltIn">
<var>${headers}</var>
<arg>Authorization=${token}</arg>
<doc>Creates and returns a dictionary based on the given ``items``.</doc>
<msg timestamp="20220125 20:09:19.580" level="INFO">${headers} = {'Authorization': 'Bearer eyJhbGciOiJIUzI1NiIsInR5cCI6IkpXVCJ9.eyJpZCI6Mzc4LCJpYXQiOjE2NDMxNTU3MDgsImV4cCI6MTY0NDAxOTcwOH0.YwFuT7A8vzLu9drjfvcfG0s3Fn4Z55rSM_2pwb_45-w'}</msg>
<status status="PASS" starttime="20220125 20:09:19.580" endtime="20220125 20:09:19.580"/>
</kw>
<kw name="PUT" library="RequestsLibrary">
<var>${response}</var>
<arg>${API_USERS}/users</arg>
<arg>json=${payload}</arg>
<arg>headers=${headers}</arg>
<arg>expected_status=any</arg>
<doc>Sends a PUT request.</doc>
<msg timestamp="20220125 20:09:20.267" level="INFO">PUT Request : url=https://getgeeks-users-renatoll.herokuapp.com/users 
 path_url=/users 
 headers={'User-Agent': 'python-requests/2.27.1', 'Accept-Encoding': 'gzip, deflate', 'Accept': '*/*', 'Connection': 'keep-alive', 'Authorization': 'Bearer eyJhbGciOiJIUzI1NiIsInR5cCI6IkpXVCJ9.eyJpZCI6Mzc4LCJpYXQiOjE2NDMxNTU3MDgsImV4cCI6MTY0NDAxOTcwOH0.YwFuT7A8vzLu9drjfvcfG0s3Fn4Z55rSM_2pwb_45-w', 'Content-Length': '139', 'Content-Type': 'application/json'} 
 body=b'{"name": "Renato Reis", "email": "renato@msn.com", "whatsapp": "11999999999", "avatar": "https://avatars.githubusercontent.com/u/61764257"}' 
 </msg>
<msg timestamp="20220125 20:09:20.267" level="INFO">PUT Response : url=https://getgeeks-users-renatoll.herokuapp.com/users 
 status=200, reason=OK 
 headers={'Server': 'Cowboy', 'Connection': 'keep-alive', 'X-Powered-By': 'Express', 'Access-Control-Allow-Origin': '*', 'Date': 'Wed, 26 Jan 2022 00:08:28 GMT', 'Content-Length': '0', 'Via': '1.1 vegur'} 
 body=None 
 </msg>
<msg timestamp="20220125 20:09:20.267" level="INFO">${response} = &lt;Response [200]&gt;</msg>
<status status="PASS" starttime="20220125 20:09:19.580" endtime="20220125 20:09:20.267"/>
</kw>
<msg timestamp="20220125 20:09:20.267" level="INFO">${response} = &lt;Response [200]&gt;</msg>
<status status="PASS" starttime="20220125 20:09:19.580" endtime="20220125 20:09:20.267"/>
</kw>
<kw name="Status Should Be" library="RequestsLibrary">
<arg>200</arg>
<arg>${response}</arg>
<doc>Fails if response status code is different than the expected.</doc>
<status status="PASS" starttime="20220125 20:09:20.267" endtime="20220125 20:09:20.268"/>
</kw>
<kw name="GET User" library="UsersRoute">
<var>${response}</var>
<arg>${token}</arg>
<kw name="Create Dictionary" library="BuiltIn">
<var>${headers}</var>
<arg>Authorization=${token}</arg>
<doc>Creates and returns a dictionary based on the given ``items``.</doc>
<msg timestamp="20220125 20:09:20.268" level="INFO">${headers} = {'Authorization': 'Bearer eyJhbGciOiJIUzI1NiIsInR5cCI6IkpXVCJ9.eyJpZCI6Mzc4LCJpYXQiOjE2NDMxNTU3MDgsImV4cCI6MTY0NDAxOTcwOH0.YwFuT7A8vzLu9drjfvcfG0s3Fn4Z55rSM_2pwb_45-w'}</msg>
<status status="PASS" starttime="20220125 20:09:20.268" endtime="20220125 20:09:20.268"/>
</kw>
<kw name="GET" library="RequestsLibrary">
<var>${response}</var>
<arg>${API_USERS}/users</arg>
<arg>headers=${headers}</arg>
<arg>expected_status=any</arg>
<doc>Sends a GET request.</doc>
<msg timestamp="20220125 20:09:20.925" level="INFO">GET Request : url=https://getgeeks-users-renatoll.herokuapp.com/users 
 path_url=/users 
 headers={'User-Agent': 'python-requests/2.27.1', 'Accept-Encoding': 'gzip, deflate', 'Accept': '*/*', 'Connection': 'keep-alive', 'Authorization': 'Bearer eyJhbGciOiJIUzI1NiIsInR5cCI6IkpXVCJ9.eyJpZCI6Mzc4LCJpYXQiOjE2NDMxNTU3MDgsImV4cCI6MTY0NDAxOTcwOH0.YwFuT7A8vzLu9drjfvcfG0s3Fn4Z55rSM_2pwb_45-w'} 
 body=None 
 </msg>
<msg timestamp="20220125 20:09:20.925" level="INFO">GET Response : url=https://getgeeks-users-renatoll.herokuapp.com/users 
 status=200, reason=OK 
 headers={'Server': 'Cowboy', 'Connection': 'keep-alive', 'X-Powered-By': 'Express', 'Access-Control-Allow-Origin': '*', 'Content-Type': 'application/json; charset=utf-8', 'Content-Length': '236', 'Etag': 'W/"ec-58YBZKPPjNASL2wbh7HO0unhqb8"', 'Date': 'Wed, 26 Jan 2022 00:08:29 GMT', 'Via': '1.1 vegur'} 
 body={"id":378,"email":"renato@msn.com","password_hash":"$2b$08$g.y4G8eyrUpzqOvjYyv8ze9dxaGnt/4QgYCPD3XpsauGSnesTWHXe","name":"Renato Reis","avatar":"https://avatars.githubusercontent.com/u/61764257","whatsapp":"11999999999","is_geek":false} 
 </msg>
<msg timestamp="20220125 20:09:20.925" level="INFO">${response} = &lt;Response [200]&gt;</msg>
<status status="PASS" starttime="20220125 20:09:20.268" endtime="20220125 20:09:20.925"/>
</kw>
<msg timestamp="20220125 20:09:20.925" level="INFO">${response} = &lt;Response [200]&gt;</msg>
<status status="PASS" starttime="20220125 20:09:20.268" endtime="20220125 20:09:20.925"/>
</kw>
<kw name="Should Be Equal As Strings" library="BuiltIn">
<arg>${user}[after][name]</arg>
<arg>${response.json()}[name]</arg>
<doc>Fails if objects are unequal after converting them to strings.</doc>
<status status="PASS" starttime="20220125 20:09:20.926" endtime="20220125 20:09:20.926"/>
</kw>
<kw name="Should Be Equal As Strings" library="BuiltIn">
<arg>${user}[after][email]</arg>
<arg>${response.json()}[email]</arg>
<doc>Fails if objects are unequal after converting them to strings.</doc>
<status status="PASS" starttime="20220125 20:09:20.926" endtime="20220125 20:09:20.927"/>
</kw>
<kw name="Should Be Equal As Strings" library="BuiltIn">
<arg>${user}[after][whatsapp]</arg>
<arg>${response.json()}[whatsapp]</arg>
<doc>Fails if objects are unequal after converting them to strings.</doc>
<status status="PASS" starttime="20220125 20:09:20.927" endtime="20220125 20:09:20.927"/>
</kw>
<kw name="Should Be Equal As Strings" library="BuiltIn">
<arg>${user}[after][avatar]</arg>
<arg>${response.json()}[avatar]</arg>
<doc>Fails if objects are unequal after converting them to strings.</doc>
<status status="PASS" starttime="20220125 20:09:20.928" endtime="20220125 20:09:20.928"/>
</kw>
<kw name="Should Be Equal As Strings" library="BuiltIn">
<arg>False</arg>
<arg>${response.json()}[is_geek]</arg>
<doc>Fails if objects are unequal after converting them to strings.</doc>
<msg timestamp="20220125 20:09:20.928" level="INFO">Argument types are:
&lt;type 'unicode'&gt;
&lt;class 'bool'&gt;</msg>
<status status="PASS" starttime="20220125 20:09:20.928" endtime="20220125 20:09:20.928"/>
</kw>
<status status="PASS" starttime="20220125 20:09:18.204" endtime="20220125 20:09:20.929"/>
</test>
<doc>Users route test suite</doc>
<status status="PASS" starttime="20220125 20:09:12.001" endtime="20220125 20:09:20.929"/>
</suite>
<status status="PASS" starttime="20220125 20:08:54.386" endtime="20220125 20:09:20.930"/>
</suite>
<statistics>
<total>
<stat pass="8" fail="0" skip="0">All Tests</stat>
</total>
<tag>
<stat pass="1" fail="0" skip="0">temp</stat>
</tag>
<suite>
<stat pass="8" fail="0" skip="0" id="s1" name="Tests">Tests</stat>
<stat pass="2" fail="0" skip="0" id="s1-s1" name="Geeks">Tests.Geeks</stat>
<stat pass="2" fail="0" skip="0" id="s1-s2" name="Sessions">Tests.Sessions</stat>
<stat pass="4" fail="0" skip="0" id="s1-s3" name="Users">Tests.Users</stat>
</suite>
</statistics>
<errors>
</errors>
</robot>
