<?xml version="1.0" encoding="UTF-8"?>
<robot generator="Robot 4.1.2 (Python 3.10.0 on win32)" generated="20220123 18:34:18.553" rpa="false" schemaversion="2">
<suite id="s1" name="Users" source="C:\GravidadeZERO\getgeeks\project\backend\users\tests\Users.robot">
<test id="s1-t1" name="Add new user">
<kw name="Factory New User" library="Users">
<var>${user}</var>
<msg timestamp="20220123 18:34:18.663" level="INFO">${user} = {'name': 'Clint Barton', 'email': 'barton@shield.com', 'password': 'pwd123'}</msg>
<status status="PASS" starttime="20220123 18:34:18.663" endtime="20220123 18:34:18.663"/>
</kw>
<kw name="Remove User" library="Helpers">
<arg>${user}</arg>
<kw name="Get Token" library="Helpers">
<var>${token}</var>
<arg>${user}</arg>
<kw name="Create Dictionary" library="BuiltIn">
<var>${payload}</var>
<arg>email=${user}[email]</arg>
<arg>password=${user}[password]</arg>
<doc>Creates and returns a dictionary based on the given ``items``.</doc>
<msg timestamp="20220123 18:34:18.664" level="INFO">${payload} = {'email': 'barton@shield.com', 'password': 'pwd123'}</msg>
<status status="PASS" starttime="20220123 18:34:18.664" endtime="20220123 18:34:18.664"/>
</kw>
<kw name="POST Session" library="SessionsRoute">
<var>${response}</var>
<arg>${payload}</arg>
<kw name="POST" library="RequestsLibrary">
<var>${response}</var>
<arg>${API_USERS}/sessions</arg>
<arg>json=${payload}</arg>
<arg>expected_status=any</arg>
<doc>Sends a POST request.</doc>
<msg timestamp="20220123 18:34:19.374" level="INFO">POST Request : url=https://getgeeks-users-renatoll.herokuapp.com/sessions 
 path_url=/sessions 
 headers={'User-Agent': 'python-requests/2.27.1', 'Accept-Encoding': 'gzip, deflate', 'Accept': '*/*', 'Connection': 'keep-alive', 'Content-Length': '52', 'Content-Type': 'application/json'} 
 body=b'{"email": "barton@shield.com", "password": "pwd123"}' 
 </msg>
<msg timestamp="20220123 18:34:19.374" level="INFO">POST Response : url=https://getgeeks-users-renatoll.herokuapp.com/sessions 
 status=200, reason=OK 
 headers={'Server': 'Cowboy', 'Connection': 'keep-alive', 'X-Powered-By': 'Express', 'Access-Control-Allow-Origin': '*', 'Content-Type': 'application/json; charset=utf-8', 'Content-Length': '364', 'Etag': 'W/"16c-zG8xU2LDJg3GRdCemVBAGmjWHv4"', 'Date': 'Sun, 23 Jan 2022 22:33:29 GMT', 'Via': '1.1 vegur'} 
 body={"user":{"id":341,"email":"barton@shield.com","password_hash":"$2b$08$jQwqj34wKZey4c4Jia2W9OKssHtCxyfNzhdiE.KWbVvsGKto0OUAq","name":"Clint Barton","avatar":null,"whatsapp":null,"is_geek":false},"token":"eyJhbGciOiJIUzI1NiIsInR5cCI6IkpXVCJ9.eyJpZCI6MzQxLCJpYXQiOjE2NDI5NzcyMDksImV4cCI6MTY0Mzg0MTIwOX0.F5WRTc_HbgdiInhD0S2shDFyNZEWLQWelxIsNHHON8g","expires_in":"10d"} 
 </msg>
<msg timestamp="20220123 18:34:19.375" level="INFO">${response} = &lt;Response [200]&gt;</msg>
<status status="PASS" starttime="20220123 18:34:18.664" endtime="20220123 18:34:19.375"/>
</kw>
<msg timestamp="20220123 18:34:19.375" level="INFO">${response} = &lt;Response [200]&gt;</msg>
<status status="PASS" starttime="20220123 18:34:18.664" endtime="20220123 18:34:19.375"/>
</kw>
<kw name="Set Variable" library="BuiltIn">
<var>${result}</var>
<arg>${EMPTY}</arg>
<doc>Returns the given values which can then be assigned to a variables.</doc>
<msg timestamp="20220123 18:34:19.375" level="INFO">${result} = </msg>
<status status="PASS" starttime="20220123 18:34:19.375" endtime="20220123 18:34:19.375"/>
</kw>
<if>
<branch type="IF" condition="&quot;200&quot; in &quot;${response}&quot;">
<kw name="Set Variable" library="BuiltIn">
<var>${result}</var>
<arg>Bearer ${response.json()}[token]</arg>
<doc>Returns the given values which can then be assigned to a variables.</doc>
<msg timestamp="20220123 18:34:19.376" level="INFO">${result} = Bearer eyJhbGciOiJIUzI1NiIsInR5cCI6IkpXVCJ9.eyJpZCI6MzQxLCJpYXQiOjE2NDI5NzcyMDksImV4cCI6MTY0Mzg0MTIwOX0.F5WRTc_HbgdiInhD0S2shDFyNZEWLQWelxIsNHHON8g</msg>
<status status="PASS" starttime="20220123 18:34:19.376" endtime="20220123 18:34:19.376"/>
</kw>
<status status="PASS" starttime="20220123 18:34:19.375" endtime="20220123 18:34:19.376"/>
</branch>
<status status="PASS" starttime="20220123 18:34:19.375" endtime="20220123 18:34:19.376"/>
</if>
<msg timestamp="20220123 18:34:19.376" level="INFO">${token} = Bearer eyJhbGciOiJIUzI1NiIsInR5cCI6IkpXVCJ9.eyJpZCI6MzQxLCJpYXQiOjE2NDI5NzcyMDksImV4cCI6MTY0Mzg0MTIwOX0.F5WRTc_HbgdiInhD0S2shDFyNZEWLQWelxIsNHHON8g</msg>
<status status="PASS" starttime="20220123 18:34:18.663" endtime="20220123 18:34:19.376"/>
</kw>
<if>
<branch type="IF" condition="&quot;${token}&quot;">
<kw name="DELETE User" library="UsersRoute">
<arg>${token}</arg>
<kw name="Create Dictionary" library="BuiltIn">
<var>${headers}</var>
<arg>Authorization=${token}</arg>
<doc>Creates and returns a dictionary based on the given ``items``.</doc>
<msg timestamp="20220123 18:34:19.377" level="INFO">${headers} = {'Authorization': 'Bearer eyJhbGciOiJIUzI1NiIsInR5cCI6IkpXVCJ9.eyJpZCI6MzQxLCJpYXQiOjE2NDI5NzcyMDksImV4cCI6MTY0Mzg0MTIwOX0.F5WRTc_HbgdiInhD0S2shDFyNZEWLQWelxIsNHHON8g'}</msg>
<status status="PASS" starttime="20220123 18:34:19.377" endtime="20220123 18:34:19.377"/>
</kw>
<kw name="DELETE" library="RequestsLibrary">
<var>${response}</var>
<arg>${API_USERS}/users</arg>
<arg>headers=${headers}</arg>
<arg>expected_status=any</arg>
<doc>Sends a DELETE request.</doc>
<msg timestamp="20220123 18:34:20.026" level="INFO">DELETE Request : url=https://getgeeks-users-renatoll.herokuapp.com/users 
 path_url=/users 
 headers={'User-Agent': 'python-requests/2.27.1', 'Accept-Encoding': 'gzip, deflate', 'Accept': '*/*', 'Connection': 'keep-alive', 'Authorization': 'Bearer eyJhbGciOiJIUzI1NiIsInR5cCI6IkpXVCJ9.eyJpZCI6MzQxLCJpYXQiOjE2NDI5NzcyMDksImV4cCI6MTY0Mzg0MTIwOX0.F5WRTc_HbgdiInhD0S2shDFyNZEWLQWelxIsNHHON8g', 'Content-Length': '0'} 
 body=None 
 </msg>
<msg timestamp="20220123 18:34:20.026" level="INFO">DELETE Response : url=https://getgeeks-users-renatoll.herokuapp.com/users 
 status=204, reason=No Content 
 headers={'Server': 'Cowboy', 'Content-Length': '0', 'Connection': 'keep-alive', 'X-Powered-By': 'Express', 'Access-Control-Allow-Origin': '*', 'Date': 'Sun, 23 Jan 2022 22:33:29 GMT', 'Via': '1.1 vegur'} 
 body=None 
 </msg>
<msg timestamp="20220123 18:34:20.027" level="INFO">${response} = &lt;Response [204]&gt;</msg>
<status status="PASS" starttime="20220123 18:34:19.377" endtime="20220123 18:34:20.027"/>
</kw>
<status status="PASS" starttime="20220123 18:34:19.376" endtime="20220123 18:34:20.027"/>
</kw>
<status status="PASS" starttime="20220123 18:34:19.376" endtime="20220123 18:34:20.027"/>
</branch>
<status status="PASS" starttime="20220123 18:34:19.376" endtime="20220123 18:34:20.027"/>
</if>
<status status="PASS" starttime="20220123 18:34:18.663" endtime="20220123 18:34:20.027"/>
</kw>
<kw name="POST User" library="UsersRoute">
<var>${response}</var>
<arg>${user}</arg>
<kw name="POST" library="RequestsLibrary">
<var>${response}</var>
<arg>${API_USERS}/users</arg>
<arg>json=${payload}</arg>
<arg>expected_status=any</arg>
<doc>Sends a POST request.</doc>
<msg timestamp="20220123 18:34:20.694" level="INFO">POST Request : url=https://getgeeks-users-renatoll.herokuapp.com/users 
 path_url=/users 
 headers={'User-Agent': 'python-requests/2.27.1', 'Accept-Encoding': 'gzip, deflate', 'Accept': '*/*', 'Connection': 'keep-alive', 'Content-Length': '76', 'Content-Type': 'application/json'} 
 body=b'{"name": "Clint Barton", "email": "barton@shield.com", "password": "pwd123"}' 
 </msg>
<msg timestamp="20220123 18:34:20.694" level="INFO">POST Response : url=https://getgeeks-users-renatoll.herokuapp.com/users 
 status=201, reason=Created 
 headers={'Server': 'Cowboy', 'Connection': 'keep-alive', 'X-Powered-By': 'Express', 'Access-Control-Allow-Origin': '*', 'Content-Type': 'application/json; charset=utf-8', 'Content-Length': '10', 'Etag': 'W/"a-mk/FsTpimiiHnIqNcFRUe4paUVk"', 'Date': 'Sun, 23 Jan 2022 22:33:30 GMT', 'Via': '1.1 vegur'} 
 body={"id":344} 
 </msg>
<msg timestamp="20220123 18:34:20.694" level="INFO">${response} = &lt;Response [201]&gt;</msg>
<status status="PASS" starttime="20220123 18:34:20.027" endtime="20220123 18:34:20.694"/>
</kw>
<msg timestamp="20220123 18:34:20.695" level="INFO">${response} = &lt;Response [201]&gt;</msg>
<status status="PASS" starttime="20220123 18:34:20.027" endtime="20220123 18:34:20.695"/>
</kw>
<kw name="Status Should Be" library="RequestsLibrary">
<arg>201</arg>
<arg>${response}</arg>
<doc>Fails if response status code is different than the expected.</doc>
<status status="PASS" starttime="20220123 18:34:20.695" endtime="20220123 18:34:20.695"/>
</kw>
<kw name="Set Variable" library="BuiltIn">
<var>${user_id}</var>
<arg>${response.json()}[id]</arg>
<doc>Returns the given values which can then be assigned to a variables.</doc>
<msg timestamp="20220123 18:34:20.696" level="INFO">${user_id} = 344</msg>
<status status="PASS" starttime="20220123 18:34:20.695" endtime="20220123 18:34:20.696"/>
</kw>
<kw name="Should Be True" library="BuiltIn">
<arg>${user_id} &gt; 0</arg>
<doc>Fails if the given condition is not true.</doc>
<status status="PASS" starttime="20220123 18:34:20.696" endtime="20220123 18:34:20.696"/>
</kw>
<status status="PASS" starttime="20220123 18:34:18.663" endtime="20220123 18:34:20.696"/>
</test>
<test id="s1-t2" name="Get user data">
<kw name="Factory Get User" library="Users">
<var>${user}</var>
<msg timestamp="20220123 18:34:20.697" level="INFO">${user} = {'name': 'Gwen Stacy', 'email': 'stacy@ozcorp.com', 'password': 'pwd123'}</msg>
<status status="PASS" starttime="20220123 18:34:20.697" endtime="20220123 18:34:20.697"/>
</kw>
<kw name="POST User" library="UsersRoute">
<arg>${user}</arg>
<kw name="POST" library="RequestsLibrary">
<var>${response}</var>
<arg>${API_USERS}/users</arg>
<arg>json=${payload}</arg>
<arg>expected_status=any</arg>
<doc>Sends a POST request.</doc>
<msg timestamp="20220123 18:34:21.342" level="INFO">POST Request : url=https://getgeeks-users-renatoll.herokuapp.com/users 
 path_url=/users 
 headers={'User-Agent': 'python-requests/2.27.1', 'Accept-Encoding': 'gzip, deflate', 'Accept': '*/*', 'Connection': 'keep-alive', 'Content-Length': '73', 'Content-Type': 'application/json'} 
 body=b'{"name": "Gwen Stacy", "email": "stacy@ozcorp.com", "password": "pwd123"}' 
 </msg>
<msg timestamp="20220123 18:34:21.342" level="INFO">POST Response : url=https://getgeeks-users-renatoll.herokuapp.com/users 
 status=400, reason=Bad Request 
 headers={'Server': 'Cowboy', 'Connection': 'keep-alive', 'X-Powered-By': 'Express', 'Access-Control-Allow-Origin': '*', 'Content-Type': 'application/json; charset=utf-8', 'Content-Length': '31', 'Etag': 'W/"1f-lFUySNKwX3L5eGEwGcNcUoVKWhE"', 'Date': 'Sun, 23 Jan 2022 22:33:31 GMT', 'Via': '1.1 vegur'} 
 body={"error":"User already exists"} 
 </msg>
<msg timestamp="20220123 18:34:21.342" level="INFO">${response} = &lt;Response [400]&gt;</msg>
<status status="PASS" starttime="20220123 18:34:20.697" endtime="20220123 18:34:21.342"/>
</kw>
<status status="PASS" starttime="20220123 18:34:20.697" endtime="20220123 18:34:21.342"/>
</kw>
<kw name="Get Token" library="Helpers">
<var>${token}</var>
<arg>${user}</arg>
<kw name="Create Dictionary" library="BuiltIn">
<var>${payload}</var>
<arg>email=${user}[email]</arg>
<arg>password=${user}[password]</arg>
<doc>Creates and returns a dictionary based on the given ``items``.</doc>
<msg timestamp="20220123 18:34:21.343" level="INFO">${payload} = {'email': 'stacy@ozcorp.com', 'password': 'pwd123'}</msg>
<status status="PASS" starttime="20220123 18:34:21.343" endtime="20220123 18:34:21.343"/>
</kw>
<kw name="POST Session" library="SessionsRoute">
<var>${response}</var>
<arg>${payload}</arg>
<kw name="POST" library="RequestsLibrary">
<var>${response}</var>
<arg>${API_USERS}/sessions</arg>
<arg>json=${payload}</arg>
<arg>expected_status=any</arg>
<doc>Sends a POST request.</doc>
<msg timestamp="20220123 18:34:22.003" level="INFO">POST Request : url=https://getgeeks-users-renatoll.herokuapp.com/sessions 
 path_url=/sessions 
 headers={'User-Agent': 'python-requests/2.27.1', 'Accept-Encoding': 'gzip, deflate', 'Accept': '*/*', 'Connection': 'keep-alive', 'Content-Length': '51', 'Content-Type': 'application/json'} 
 body=b'{"email": "stacy@ozcorp.com", "password": "pwd123"}' 
 </msg>
<msg timestamp="20220123 18:34:22.003" level="INFO">POST Response : url=https://getgeeks-users-renatoll.herokuapp.com/sessions 
 status=200, reason=OK 
 headers={'Server': 'Cowboy', 'Connection': 'keep-alive', 'X-Powered-By': 'Express', 'Access-Control-Allow-Origin': '*', 'Content-Type': 'application/json; charset=utf-8', 'Content-Length': '361', 'Etag': 'W/"169-LiwbWXz7UTCvxCerLHQzNbFw8bU"', 'Date': 'Sun, 23 Jan 2022 22:33:31 GMT', 'Via': '1.1 vegur'} 
 body={"user":{"id":330,"email":"stacy@ozcorp.com","password_hash":"$2b$08$oTQK1J1TMdG4PnadpNAHNe37PNwcrY9wSXEnlmqx6q65KrYjZt4iK","name":"Gwen Stacy","avatar":null,"whatsapp":null,"is_geek":false},"token":"eyJhbGciOiJIUzI1NiIsInR5cCI6IkpXVCJ9.eyJpZCI6MzMwLCJpYXQiOjE2NDI5NzcyMTEsImV4cCI6MTY0Mzg0MTIxMX0.XGoWv4KZA0IrMgdt4QDjy3AbR1rptQUcTmSNjDtWksI","expires_in":"10d"} 
 </msg>
<msg timestamp="20220123 18:34:22.003" level="INFO">${response} = &lt;Response [200]&gt;</msg>
<status status="PASS" starttime="20220123 18:34:21.343" endtime="20220123 18:34:22.003"/>
</kw>
<msg timestamp="20220123 18:34:22.004" level="INFO">${response} = &lt;Response [200]&gt;</msg>
<status status="PASS" starttime="20220123 18:34:21.343" endtime="20220123 18:34:22.004"/>
</kw>
<kw name="Set Variable" library="BuiltIn">
<var>${result}</var>
<arg>${EMPTY}</arg>
<doc>Returns the given values which can then be assigned to a variables.</doc>
<msg timestamp="20220123 18:34:22.004" level="INFO">${result} = </msg>
<status status="PASS" starttime="20220123 18:34:22.004" endtime="20220123 18:34:22.004"/>
</kw>
<if>
<branch type="IF" condition="&quot;200&quot; in &quot;${response}&quot;">
<kw name="Set Variable" library="BuiltIn">
<var>${result}</var>
<arg>Bearer ${response.json()}[token]</arg>
<doc>Returns the given values which can then be assigned to a variables.</doc>
<msg timestamp="20220123 18:34:22.005" level="INFO">${result} = Bearer eyJhbGciOiJIUzI1NiIsInR5cCI6IkpXVCJ9.eyJpZCI6MzMwLCJpYXQiOjE2NDI5NzcyMTEsImV4cCI6MTY0Mzg0MTIxMX0.XGoWv4KZA0IrMgdt4QDjy3AbR1rptQUcTmSNjDtWksI</msg>
<status status="PASS" starttime="20220123 18:34:22.004" endtime="20220123 18:34:22.005"/>
</kw>
<status status="PASS" starttime="20220123 18:34:22.004" endtime="20220123 18:34:22.005"/>
</branch>
<status status="PASS" starttime="20220123 18:34:22.004" endtime="20220123 18:34:22.005"/>
</if>
<msg timestamp="20220123 18:34:22.005" level="INFO">${token} = Bearer eyJhbGciOiJIUzI1NiIsInR5cCI6IkpXVCJ9.eyJpZCI6MzMwLCJpYXQiOjE2NDI5NzcyMTEsImV4cCI6MTY0Mzg0MTIxMX0.XGoWv4KZA0IrMgdt4QDjy3AbR1rptQUcTmSNjDtWksI</msg>
<status status="PASS" starttime="20220123 18:34:21.342" endtime="20220123 18:34:22.005"/>
</kw>
<kw name="GET User" library="UsersRoute">
<var>${response}</var>
<arg>${token}</arg>
<kw name="Create Dictionary" library="BuiltIn">
<var>${headers}</var>
<arg>Authorization=${token}</arg>
<doc>Creates and returns a dictionary based on the given ``items``.</doc>
<msg timestamp="20220123 18:34:22.006" level="INFO">${headers} = {'Authorization': 'Bearer eyJhbGciOiJIUzI1NiIsInR5cCI6IkpXVCJ9.eyJpZCI6MzMwLCJpYXQiOjE2NDI5NzcyMTEsImV4cCI6MTY0Mzg0MTIxMX0.XGoWv4KZA0IrMgdt4QDjy3AbR1rptQUcTmSNjDtWksI'}</msg>
<status status="PASS" starttime="20220123 18:34:22.006" endtime="20220123 18:34:22.006"/>
</kw>
<kw name="GET" library="RequestsLibrary">
<var>${response}</var>
<arg>${API_USERS}/users</arg>
<arg>headers=${headers}</arg>
<arg>expected_status=any</arg>
<doc>Sends a GET request.</doc>
<msg timestamp="20220123 18:34:22.652" level="INFO">GET Request : url=https://getgeeks-users-renatoll.herokuapp.com/users 
 path_url=/users 
 headers={'User-Agent': 'python-requests/2.27.1', 'Accept-Encoding': 'gzip, deflate', 'Accept': '*/*', 'Connection': 'keep-alive', 'Authorization': 'Bearer eyJhbGciOiJIUzI1NiIsInR5cCI6IkpXVCJ9.eyJpZCI6MzMwLCJpYXQiOjE2NDI5NzcyMTEsImV4cCI6MTY0Mzg0MTIxMX0.XGoWv4KZA0IrMgdt4QDjy3AbR1rptQUcTmSNjDtWksI'} 
 body=None 
 </msg>
<msg timestamp="20220123 18:34:22.653" level="INFO">GET Response : url=https://getgeeks-users-renatoll.herokuapp.com/users 
 status=200, reason=OK 
 headers={'Server': 'Cowboy', 'Connection': 'keep-alive', 'X-Powered-By': 'Express', 'Access-Control-Allow-Origin': '*', 'Content-Type': 'application/json; charset=utf-8', 'Content-Length': '182', 'Etag': 'W/"b6-BZhZvv/Dpqq29ggnltRYyRiXoRM"', 'Date': 'Sun, 23 Jan 2022 22:33:32 GMT', 'Via': '1.1 vegur'} 
 body={"id":330,"email":"stacy@ozcorp.com","password_hash":"$2b$08$oTQK1J1TMdG4PnadpNAHNe37PNwcrY9wSXEnlmqx6q65KrYjZt4iK","name":"Gwen Stacy","avatar":null,"whatsapp":null,"is_geek":false} 
 </msg>
<msg timestamp="20220123 18:34:22.653" level="INFO">${response} = &lt;Response [200]&gt;</msg>
<status status="PASS" starttime="20220123 18:34:22.006" endtime="20220123 18:34:22.653"/>
</kw>
<msg timestamp="20220123 18:34:22.653" level="INFO">${response} = &lt;Response [200]&gt;</msg>
<status status="PASS" starttime="20220123 18:34:22.005" endtime="20220123 18:34:22.653"/>
</kw>
<kw name="Status Should Be" library="RequestsLibrary">
<arg>200</arg>
<arg>${response}</arg>
<doc>Fails if response status code is different than the expected.</doc>
<status status="PASS" starttime="20220123 18:34:22.653" endtime="20220123 18:34:22.653"/>
</kw>
<kw name="Should Be Equal As Strings" library="BuiltIn">
<arg>${user}[name]</arg>
<arg>${response.json()}[name]</arg>
<doc>Fails if objects are unequal after converting them to strings.</doc>
<status status="PASS" starttime="20220123 18:34:22.654" endtime="20220123 18:34:22.654"/>
</kw>
<kw name="Should Be Equal As Strings" library="BuiltIn">
<arg>${user}[email]</arg>
<arg>${response.json()}[email]</arg>
<doc>Fails if objects are unequal after converting them to strings.</doc>
<status status="PASS" starttime="20220123 18:34:22.654" endtime="20220123 18:34:22.655"/>
</kw>
<kw name="Should Be Equal As Strings" library="BuiltIn">
<arg>None</arg>
<arg>${response.json()}[whatsapp]</arg>
<doc>Fails if objects are unequal after converting them to strings.</doc>
<msg timestamp="20220123 18:34:22.655" level="INFO">Argument types are:
&lt;type 'unicode'&gt;
&lt;class 'NoneType'&gt;</msg>
<status status="PASS" starttime="20220123 18:34:22.655" endtime="20220123 18:34:22.655"/>
</kw>
<kw name="Should Be Equal As Strings" library="BuiltIn">
<arg>None</arg>
<arg>${response.json()}[avatar]</arg>
<doc>Fails if objects are unequal after converting them to strings.</doc>
<msg timestamp="20220123 18:34:22.656" level="INFO">Argument types are:
&lt;type 'unicode'&gt;
&lt;class 'NoneType'&gt;</msg>
<status status="PASS" starttime="20220123 18:34:22.655" endtime="20220123 18:34:22.656"/>
</kw>
<kw name="Should Be Equal As Strings" library="BuiltIn">
<arg>False</arg>
<arg>${response.json()}[is_geek]</arg>
<doc>Fails if objects are unequal after converting them to strings.</doc>
<msg timestamp="20220123 18:34:22.657" level="INFO">Argument types are:
&lt;type 'unicode'&gt;
&lt;class 'bool'&gt;</msg>
<status status="PASS" starttime="20220123 18:34:22.656" endtime="20220123 18:34:22.657"/>
</kw>
<status status="PASS" starttime="20220123 18:34:20.696" endtime="20220123 18:34:22.657"/>
</test>
<test id="s1-t3" name="Remove user">
<kw name="Factory Remove User" library="Users">
<var>${user}</var>
<msg timestamp="20220123 18:34:22.658" level="INFO">${user} = {'name': 'Thaddeus Ross', 'email': 'ross@gmail.com', 'password': 'pwd123'}</msg>
<status status="PASS" starttime="20220123 18:34:22.657" endtime="20220123 18:34:22.658"/>
</kw>
<kw name="POST User" library="UsersRoute">
<arg>${user}</arg>
<kw name="POST" library="RequestsLibrary">
<var>${response}</var>
<arg>${API_USERS}/users</arg>
<arg>json=${payload}</arg>
<arg>expected_status=any</arg>
<doc>Sends a POST request.</doc>
<msg timestamp="20220123 18:34:23.324" level="INFO">POST Request : url=https://getgeeks-users-renatoll.herokuapp.com/users 
 path_url=/users 
 headers={'User-Agent': 'python-requests/2.27.1', 'Accept-Encoding': 'gzip, deflate', 'Accept': '*/*', 'Connection': 'keep-alive', 'Content-Length': '74', 'Content-Type': 'application/json'} 
 body=b'{"name": "Thaddeus Ross", "email": "ross@gmail.com", "password": "pwd123"}' 
 </msg>
<msg timestamp="20220123 18:34:23.324" level="INFO">POST Response : url=https://getgeeks-users-renatoll.herokuapp.com/users 
 status=201, reason=Created 
 headers={'Server': 'Cowboy', 'Connection': 'keep-alive', 'X-Powered-By': 'Express', 'Access-Control-Allow-Origin': '*', 'Content-Type': 'application/json; charset=utf-8', 'Content-Length': '10', 'Etag': 'W/"a-MvViRt1TvzYs+ztWtfD0wPHnXa0"', 'Date': 'Sun, 23 Jan 2022 22:33:33 GMT', 'Via': '1.1 vegur'} 
 body={"id":345} 
 </msg>
<msg timestamp="20220123 18:34:23.324" level="INFO">${response} = &lt;Response [201]&gt;</msg>
<status status="PASS" starttime="20220123 18:34:22.658" endtime="20220123 18:34:23.324"/>
</kw>
<status status="PASS" starttime="20220123 18:34:22.658" endtime="20220123 18:34:23.324"/>
</kw>
<kw name="Get Token" library="Helpers">
<var>${token}</var>
<arg>${user}</arg>
<kw name="Create Dictionary" library="BuiltIn">
<var>${payload}</var>
<arg>email=${user}[email]</arg>
<arg>password=${user}[password]</arg>
<doc>Creates and returns a dictionary based on the given ``items``.</doc>
<msg timestamp="20220123 18:34:23.325" level="INFO">${payload} = {'email': 'ross@gmail.com', 'password': 'pwd123'}</msg>
<status status="PASS" starttime="20220123 18:34:23.325" endtime="20220123 18:34:23.325"/>
</kw>
<kw name="POST Session" library="SessionsRoute">
<var>${response}</var>
<arg>${payload}</arg>
<kw name="POST" library="RequestsLibrary">
<var>${response}</var>
<arg>${API_USERS}/sessions</arg>
<arg>json=${payload}</arg>
<arg>expected_status=any</arg>
<doc>Sends a POST request.</doc>
<msg timestamp="20220123 18:34:23.987" level="INFO">POST Request : url=https://getgeeks-users-renatoll.herokuapp.com/sessions 
 path_url=/sessions 
 headers={'User-Agent': 'python-requests/2.27.1', 'Accept-Encoding': 'gzip, deflate', 'Accept': '*/*', 'Connection': 'keep-alive', 'Content-Length': '49', 'Content-Type': 'application/json'} 
 body=b'{"email": "ross@gmail.com", "password": "pwd123"}' 
 </msg>
<msg timestamp="20220123 18:34:23.987" level="INFO">POST Response : url=https://getgeeks-users-renatoll.herokuapp.com/sessions 
 status=200, reason=OK 
 headers={'Server': 'Cowboy', 'Connection': 'keep-alive', 'X-Powered-By': 'Express', 'Access-Control-Allow-Origin': '*', 'Content-Type': 'application/json; charset=utf-8', 'Content-Length': '362', 'Etag': 'W/"16a-l8VsnqaHk5I1Y2v15432WrxOkDE"', 'Date': 'Sun, 23 Jan 2022 22:33:33 GMT', 'Via': '1.1 vegur'} 
 body={"user":{"id":345,"email":"ross@gmail.com","password_hash":"$2b$08$lCfG4C6nCp/WzaayramWQeF9Gbc77p0bGdokJ7SRdhd0yHPGPHLZW","name":"Thaddeus Ross","avatar":null,"whatsapp":null,"is_geek":false},"token":"eyJhbGciOiJIUzI1NiIsInR5cCI6IkpXVCJ9.eyJpZCI6MzQ1LCJpYXQiOjE2NDI5NzcyMTMsImV4cCI6MTY0Mzg0MTIxM30.k8uqdze511TrSvicrgpAEiPZrPT9RwBt0JOR0pHAIac","expires_in":"10d"} 
 </msg>
<msg timestamp="20220123 18:34:23.987" level="INFO">${response} = &lt;Response [200]&gt;</msg>
<status status="PASS" starttime="20220123 18:34:23.326" endtime="20220123 18:34:23.987"/>
</kw>
<msg timestamp="20220123 18:34:23.987" level="INFO">${response} = &lt;Response [200]&gt;</msg>
<status status="PASS" starttime="20220123 18:34:23.325" endtime="20220123 18:34:23.987"/>
</kw>
<kw name="Set Variable" library="BuiltIn">
<var>${result}</var>
<arg>${EMPTY}</arg>
<doc>Returns the given values which can then be assigned to a variables.</doc>
<msg timestamp="20220123 18:34:23.988" level="INFO">${result} = </msg>
<status status="PASS" starttime="20220123 18:34:23.987" endtime="20220123 18:34:23.988"/>
</kw>
<if>
<branch type="IF" condition="&quot;200&quot; in &quot;${response}&quot;">
<kw name="Set Variable" library="BuiltIn">
<var>${result}</var>
<arg>Bearer ${response.json()}[token]</arg>
<doc>Returns the given values which can then be assigned to a variables.</doc>
<msg timestamp="20220123 18:34:23.989" level="INFO">${result} = Bearer eyJhbGciOiJIUzI1NiIsInR5cCI6IkpXVCJ9.eyJpZCI6MzQ1LCJpYXQiOjE2NDI5NzcyMTMsImV4cCI6MTY0Mzg0MTIxM30.k8uqdze511TrSvicrgpAEiPZrPT9RwBt0JOR0pHAIac</msg>
<status status="PASS" starttime="20220123 18:34:23.988" endtime="20220123 18:34:23.989"/>
</kw>
<status status="PASS" starttime="20220123 18:34:23.988" endtime="20220123 18:34:23.989"/>
</branch>
<status status="PASS" starttime="20220123 18:34:23.988" endtime="20220123 18:34:23.989"/>
</if>
<msg timestamp="20220123 18:34:23.989" level="INFO">${token} = Bearer eyJhbGciOiJIUzI1NiIsInR5cCI6IkpXVCJ9.eyJpZCI6MzQ1LCJpYXQiOjE2NDI5NzcyMTMsImV4cCI6MTY0Mzg0MTIxM30.k8uqdze511TrSvicrgpAEiPZrPT9RwBt0JOR0pHAIac</msg>
<status status="PASS" starttime="20220123 18:34:23.325" endtime="20220123 18:34:23.989"/>
</kw>
<kw name="DELETE User" library="UsersRoute">
<var>${response}</var>
<arg>${token}</arg>
<kw name="Create Dictionary" library="BuiltIn">
<var>${headers}</var>
<arg>Authorization=${token}</arg>
<doc>Creates and returns a dictionary based on the given ``items``.</doc>
<msg timestamp="20220123 18:34:23.990" level="INFO">${headers} = {'Authorization': 'Bearer eyJhbGciOiJIUzI1NiIsInR5cCI6IkpXVCJ9.eyJpZCI6MzQ1LCJpYXQiOjE2NDI5NzcyMTMsImV4cCI6MTY0Mzg0MTIxM30.k8uqdze511TrSvicrgpAEiPZrPT9RwBt0JOR0pHAIac'}</msg>
<status status="PASS" starttime="20220123 18:34:23.989" endtime="20220123 18:34:23.990"/>
</kw>
<kw name="DELETE" library="RequestsLibrary">
<var>${response}</var>
<arg>${API_USERS}/users</arg>
<arg>headers=${headers}</arg>
<arg>expected_status=any</arg>
<doc>Sends a DELETE request.</doc>
<msg timestamp="20220123 18:34:24.684" level="INFO">DELETE Request : url=https://getgeeks-users-renatoll.herokuapp.com/users 
 path_url=/users 
 headers={'User-Agent': 'python-requests/2.27.1', 'Accept-Encoding': 'gzip, deflate', 'Accept': '*/*', 'Connection': 'keep-alive', 'Authorization': 'Bearer eyJhbGciOiJIUzI1NiIsInR5cCI6IkpXVCJ9.eyJpZCI6MzQ1LCJpYXQiOjE2NDI5NzcyMTMsImV4cCI6MTY0Mzg0MTIxM30.k8uqdze511TrSvicrgpAEiPZrPT9RwBt0JOR0pHAIac', 'Content-Length': '0'} 
 body=None 
 </msg>
<msg timestamp="20220123 18:34:24.685" level="INFO">DELETE Response : url=https://getgeeks-users-renatoll.herokuapp.com/users 
 status=204, reason=No Content 
 headers={'Server': 'Cowboy', 'Content-Length': '0', 'Connection': 'keep-alive', 'X-Powered-By': 'Express', 'Access-Control-Allow-Origin': '*', 'Date': 'Sun, 23 Jan 2022 22:33:34 GMT', 'Via': '1.1 vegur'} 
 body=None 
 </msg>
<msg timestamp="20220123 18:34:24.685" level="INFO">${response} = &lt;Response [204]&gt;</msg>
<status status="PASS" starttime="20220123 18:34:23.990" endtime="20220123 18:34:24.685"/>
</kw>
<msg timestamp="20220123 18:34:24.685" level="INFO">${response} = &lt;Response [204]&gt;</msg>
<status status="PASS" starttime="20220123 18:34:23.989" endtime="20220123 18:34:24.685"/>
</kw>
<kw name="Status Should Be" library="RequestsLibrary">
<arg>204</arg>
<arg>${response}</arg>
<doc>Fails if response status code is different than the expected.</doc>
<status status="PASS" starttime="20220123 18:34:24.685" endtime="20220123 18:34:24.685"/>
</kw>
<kw name="GET User" library="UsersRoute">
<var>${response}</var>
<arg>${token}</arg>
<kw name="Create Dictionary" library="BuiltIn">
<var>${headers}</var>
<arg>Authorization=${token}</arg>
<doc>Creates and returns a dictionary based on the given ``items``.</doc>
<msg timestamp="20220123 18:34:24.686" level="INFO">${headers} = {'Authorization': 'Bearer eyJhbGciOiJIUzI1NiIsInR5cCI6IkpXVCJ9.eyJpZCI6MzQ1LCJpYXQiOjE2NDI5NzcyMTMsImV4cCI6MTY0Mzg0MTIxM30.k8uqdze511TrSvicrgpAEiPZrPT9RwBt0JOR0pHAIac'}</msg>
<status status="PASS" starttime="20220123 18:34:24.686" endtime="20220123 18:34:24.686"/>
</kw>
<kw name="GET" library="RequestsLibrary">
<var>${response}</var>
<arg>${API_USERS}/users</arg>
<arg>headers=${headers}</arg>
<arg>expected_status=any</arg>
<doc>Sends a GET request.</doc>
<msg timestamp="20220123 18:34:25.332" level="INFO">GET Request : url=https://getgeeks-users-renatoll.herokuapp.com/users 
 path_url=/users 
 headers={'User-Agent': 'python-requests/2.27.1', 'Accept-Encoding': 'gzip, deflate', 'Accept': '*/*', 'Connection': 'keep-alive', 'Authorization': 'Bearer eyJhbGciOiJIUzI1NiIsInR5cCI6IkpXVCJ9.eyJpZCI6MzQ1LCJpYXQiOjE2NDI5NzcyMTMsImV4cCI6MTY0Mzg0MTIxM30.k8uqdze511TrSvicrgpAEiPZrPT9RwBt0JOR0pHAIac'} 
 body=None 
 </msg>
<msg timestamp="20220123 18:34:25.332" level="INFO">GET Response : url=https://getgeeks-users-renatoll.herokuapp.com/users 
 status=404, reason=Not Found 
 headers={'Server': 'Cowboy', 'Connection': 'keep-alive', 'X-Powered-By': 'Express', 'Access-Control-Allow-Origin': '*', 'Date': 'Sun, 23 Jan 2022 22:33:35 GMT', 'Content-Length': '0', 'Via': '1.1 vegur'} 
 body=None 
 </msg>
<msg timestamp="20220123 18:34:25.332" level="INFO">${response} = &lt;Response [404]&gt;</msg>
<status status="PASS" starttime="20220123 18:34:24.686" endtime="20220123 18:34:25.332"/>
</kw>
<msg timestamp="20220123 18:34:25.332" level="INFO">${response} = &lt;Response [404]&gt;</msg>
<status status="PASS" starttime="20220123 18:34:24.686" endtime="20220123 18:34:25.332"/>
</kw>
<kw name="Status Should Be" library="RequestsLibrary">
<arg>404</arg>
<arg>${response}</arg>
<doc>Fails if response status code is different than the expected.</doc>
<status status="PASS" starttime="20220123 18:34:25.333" endtime="20220123 18:34:25.333"/>
</kw>
<status status="PASS" starttime="20220123 18:34:22.657" endtime="20220123 18:34:25.333"/>
</test>
<test id="s1-t4" name="Update a user">
<kw name="Factory Update User" library="Users">
<var>${user}</var>
<msg timestamp="20220123 18:34:25.334" level="INFO">${user} = {'before': {'name': 'Reis Renato', 'email': 'renato@msn.com', 'password': 'pwd123'}, 'after': {'name': 'Renato Reis', 'email': 'renato@msn.com', 'whatsapp': '11999999999', 'avatar': 'https://avatars.g...</msg>
<status status="PASS" starttime="20220123 18:34:25.334" endtime="20220123 18:34:25.334"/>
</kw>
<kw name="POST User" library="UsersRoute">
<arg>${user}[before]</arg>
<kw name="POST" library="RequestsLibrary">
<var>${response}</var>
<arg>${API_USERS}/users</arg>
<arg>json=${payload}</arg>
<arg>expected_status=any</arg>
<doc>Sends a POST request.</doc>
<msg timestamp="20220123 18:34:25.984" level="INFO">POST Request : url=https://getgeeks-users-renatoll.herokuapp.com/users 
 path_url=/users 
 headers={'User-Agent': 'python-requests/2.27.1', 'Accept-Encoding': 'gzip, deflate', 'Accept': '*/*', 'Connection': 'keep-alive', 'Content-Length': '72', 'Content-Type': 'application/json'} 
 body=b'{"name": "Reis Renato", "email": "renato@msn.com", "password": "pwd123"}' 
 </msg>
<msg timestamp="20220123 18:34:25.984" level="INFO">POST Response : url=https://getgeeks-users-renatoll.herokuapp.com/users 
 status=400, reason=Bad Request 
 headers={'Server': 'Cowboy', 'Connection': 'keep-alive', 'X-Powered-By': 'Express', 'Access-Control-Allow-Origin': '*', 'Content-Type': 'application/json; charset=utf-8', 'Content-Length': '31', 'Etag': 'W/"1f-lFUySNKwX3L5eGEwGcNcUoVKWhE"', 'Date': 'Sun, 23 Jan 2022 22:33:35 GMT', 'Via': '1.1 vegur'} 
 body={"error":"User already exists"} 
 </msg>
<msg timestamp="20220123 18:34:25.984" level="INFO">${response} = &lt;Response [400]&gt;</msg>
<status status="PASS" starttime="20220123 18:34:25.334" endtime="20220123 18:34:25.984"/>
</kw>
<status status="PASS" starttime="20220123 18:34:25.334" endtime="20220123 18:34:25.984"/>
</kw>
<kw name="Get Token" library="Helpers">
<var>${token}</var>
<arg>${user}[before]</arg>
<kw name="Create Dictionary" library="BuiltIn">
<var>${payload}</var>
<arg>email=${user}[email]</arg>
<arg>password=${user}[password]</arg>
<doc>Creates and returns a dictionary based on the given ``items``.</doc>
<msg timestamp="20220123 18:34:25.985" level="INFO">${payload} = {'email': 'renato@msn.com', 'password': 'pwd123'}</msg>
<status status="PASS" starttime="20220123 18:34:25.985" endtime="20220123 18:34:25.985"/>
</kw>
<kw name="POST Session" library="SessionsRoute">
<var>${response}</var>
<arg>${payload}</arg>
<kw name="POST" library="RequestsLibrary">
<var>${response}</var>
<arg>${API_USERS}/sessions</arg>
<arg>json=${payload}</arg>
<arg>expected_status=any</arg>
<doc>Sends a POST request.</doc>
<msg timestamp="20220123 18:34:26.655" level="INFO">POST Request : url=https://getgeeks-users-renatoll.herokuapp.com/sessions 
 path_url=/sessions 
 headers={'User-Agent': 'python-requests/2.27.1', 'Accept-Encoding': 'gzip, deflate', 'Accept': '*/*', 'Connection': 'keep-alive', 'Content-Length': '49', 'Content-Type': 'application/json'} 
 body=b'{"email": "renato@msn.com", "password": "pwd123"}' 
 </msg>
<msg timestamp="20220123 18:34:26.655" level="INFO">POST Response : url=https://getgeeks-users-renatoll.herokuapp.com/sessions 
 status=200, reason=OK 
 headers={'Server': 'Cowboy', 'Connection': 'keep-alive', 'X-Powered-By': 'Express', 'Access-Control-Allow-Origin': '*', 'Content-Type': 'application/json; charset=utf-8', 'Content-Length': '360', 'Etag': 'W/"168-sostylHgB1eIof56L14YgDwKWP4"', 'Date': 'Sun, 23 Jan 2022 22:33:36 GMT', 'Via': '1.1 vegur'} 
 body={"user":{"id":343,"email":"renato@msn.com","password_hash":"$2b$08$YoPavKFl2qHPlrkW/0It/O4as1w4mx.zm1/rxlwRWFRVLOHHyG8u6","name":"Reis Renato","avatar":null,"whatsapp":null,"is_geek":false},"token":"eyJhbGciOiJIUzI1NiIsInR5cCI6IkpXVCJ9.eyJpZCI6MzQzLCJpYXQiOjE2NDI5NzcyMTYsImV4cCI6MTY0Mzg0MTIxNn0.MzczNbA5zRRmZQiz4W5XqK-sN89qk2j_LufHHLn0o8Q","expires_in":"10d"} 
 </msg>
<msg timestamp="20220123 18:34:26.655" level="INFO">${response} = &lt;Response [200]&gt;</msg>
<status status="PASS" starttime="20220123 18:34:25.986" endtime="20220123 18:34:26.655"/>
</kw>
<msg timestamp="20220123 18:34:26.656" level="INFO">${response} = &lt;Response [200]&gt;</msg>
<status status="PASS" starttime="20220123 18:34:25.985" endtime="20220123 18:34:26.656"/>
</kw>
<kw name="Set Variable" library="BuiltIn">
<var>${result}</var>
<arg>${EMPTY}</arg>
<doc>Returns the given values which can then be assigned to a variables.</doc>
<msg timestamp="20220123 18:34:26.656" level="INFO">${result} = </msg>
<status status="PASS" starttime="20220123 18:34:26.656" endtime="20220123 18:34:26.656"/>
</kw>
<if>
<branch type="IF" condition="&quot;200&quot; in &quot;${response}&quot;">
<kw name="Set Variable" library="BuiltIn">
<var>${result}</var>
<arg>Bearer ${response.json()}[token]</arg>
<doc>Returns the given values which can then be assigned to a variables.</doc>
<msg timestamp="20220123 18:34:26.657" level="INFO">${result} = Bearer eyJhbGciOiJIUzI1NiIsInR5cCI6IkpXVCJ9.eyJpZCI6MzQzLCJpYXQiOjE2NDI5NzcyMTYsImV4cCI6MTY0Mzg0MTIxNn0.MzczNbA5zRRmZQiz4W5XqK-sN89qk2j_LufHHLn0o8Q</msg>
<status status="PASS" starttime="20220123 18:34:26.656" endtime="20220123 18:34:26.657"/>
</kw>
<status status="PASS" starttime="20220123 18:34:26.656" endtime="20220123 18:34:26.657"/>
</branch>
<status status="PASS" starttime="20220123 18:34:26.656" endtime="20220123 18:34:26.657"/>
</if>
<msg timestamp="20220123 18:34:26.657" level="INFO">${token} = Bearer eyJhbGciOiJIUzI1NiIsInR5cCI6IkpXVCJ9.eyJpZCI6MzQzLCJpYXQiOjE2NDI5NzcyMTYsImV4cCI6MTY0Mzg0MTIxNn0.MzczNbA5zRRmZQiz4W5XqK-sN89qk2j_LufHHLn0o8Q</msg>
<status status="PASS" starttime="20220123 18:34:25.985" endtime="20220123 18:34:26.657"/>
</kw>
<kw name="PUT User" library="UsersRoute">
<var>${response}</var>
<arg>${token}</arg>
<arg>${user}[after]</arg>
<kw name="Create Dictionary" library="BuiltIn">
<var>${headers}</var>
<arg>Authorization=${token}</arg>
<doc>Creates and returns a dictionary based on the given ``items``.</doc>
<msg timestamp="20220123 18:34:26.658" level="INFO">${headers} = {'Authorization': 'Bearer eyJhbGciOiJIUzI1NiIsInR5cCI6IkpXVCJ9.eyJpZCI6MzQzLCJpYXQiOjE2NDI5NzcyMTYsImV4cCI6MTY0Mzg0MTIxNn0.MzczNbA5zRRmZQiz4W5XqK-sN89qk2j_LufHHLn0o8Q'}</msg>
<status status="PASS" starttime="20220123 18:34:26.657" endtime="20220123 18:34:26.658"/>
</kw>
<kw name="PUT" library="RequestsLibrary">
<var>${response}</var>
<arg>${API_USERS}/users</arg>
<arg>json=${payload}</arg>
<arg>headers=${headers}</arg>
<arg>expected_status=any</arg>
<doc>Sends a PUT request.</doc>
<msg timestamp="20220123 18:34:27.311" level="INFO">PUT Request : url=https://getgeeks-users-renatoll.herokuapp.com/users 
 path_url=/users 
 headers={'User-Agent': 'python-requests/2.27.1', 'Accept-Encoding': 'gzip, deflate', 'Accept': '*/*', 'Connection': 'keep-alive', 'Authorization': 'Bearer eyJhbGciOiJIUzI1NiIsInR5cCI6IkpXVCJ9.eyJpZCI6MzQzLCJpYXQiOjE2NDI5NzcyMTYsImV4cCI6MTY0Mzg0MTIxNn0.MzczNbA5zRRmZQiz4W5XqK-sN89qk2j_LufHHLn0o8Q', 'Content-Length': '139', 'Content-Type': 'application/json'} 
 body=b'{"name": "Renato Reis", "email": "renato@msn.com", "whatsapp": "11999999999", "avatar": "https://avatars.githubusercontent.com/u/61764257"}' 
 </msg>
<msg timestamp="20220123 18:34:27.311" level="INFO">PUT Response : url=https://getgeeks-users-renatoll.herokuapp.com/users 
 status=200, reason=OK 
 headers={'Server': 'Cowboy', 'Connection': 'keep-alive', 'X-Powered-By': 'Express', 'Access-Control-Allow-Origin': '*', 'Date': 'Sun, 23 Jan 2022 22:33:37 GMT', 'Content-Length': '0', 'Via': '1.1 vegur'} 
 body=None 
 </msg>
<msg timestamp="20220123 18:34:27.311" level="INFO">${response} = &lt;Response [200]&gt;</msg>
<status status="PASS" starttime="20220123 18:34:26.658" endtime="20220123 18:34:27.311"/>
</kw>
<msg timestamp="20220123 18:34:27.311" level="INFO">${response} = &lt;Response [200]&gt;</msg>
<status status="PASS" starttime="20220123 18:34:26.657" endtime="20220123 18:34:27.311"/>
</kw>
<kw name="Status Should Be" library="RequestsLibrary">
<arg>200</arg>
<arg>${response}</arg>
<doc>Fails if response status code is different than the expected.</doc>
<status status="PASS" starttime="20220123 18:34:27.311" endtime="20220123 18:34:27.311"/>
</kw>
<kw name="GET User" library="UsersRoute">
<var>${response}</var>
<arg>${token}</arg>
<kw name="Create Dictionary" library="BuiltIn">
<var>${headers}</var>
<arg>Authorization=${token}</arg>
<doc>Creates and returns a dictionary based on the given ``items``.</doc>
<msg timestamp="20220123 18:34:27.312" level="INFO">${headers} = {'Authorization': 'Bearer eyJhbGciOiJIUzI1NiIsInR5cCI6IkpXVCJ9.eyJpZCI6MzQzLCJpYXQiOjE2NDI5NzcyMTYsImV4cCI6MTY0Mzg0MTIxNn0.MzczNbA5zRRmZQiz4W5XqK-sN89qk2j_LufHHLn0o8Q'}</msg>
<status status="PASS" starttime="20220123 18:34:27.312" endtime="20220123 18:34:27.312"/>
</kw>
<kw name="GET" library="RequestsLibrary">
<var>${response}</var>
<arg>${API_USERS}/users</arg>
<arg>headers=${headers}</arg>
<arg>expected_status=any</arg>
<doc>Sends a GET request.</doc>
<msg timestamp="20220123 18:34:27.958" level="INFO">GET Request : url=https://getgeeks-users-renatoll.herokuapp.com/users 
 path_url=/users 
 headers={'User-Agent': 'python-requests/2.27.1', 'Accept-Encoding': 'gzip, deflate', 'Accept': '*/*', 'Connection': 'keep-alive', 'Authorization': 'Bearer eyJhbGciOiJIUzI1NiIsInR5cCI6IkpXVCJ9.eyJpZCI6MzQzLCJpYXQiOjE2NDI5NzcyMTYsImV4cCI6MTY0Mzg0MTIxNn0.MzczNbA5zRRmZQiz4W5XqK-sN89qk2j_LufHHLn0o8Q'} 
 body=None 
 </msg>
<msg timestamp="20220123 18:34:27.958" level="INFO">GET Response : url=https://getgeeks-users-renatoll.herokuapp.com/users 
 status=200, reason=OK 
 headers={'Server': 'Cowboy', 'Connection': 'keep-alive', 'X-Powered-By': 'Express', 'Access-Control-Allow-Origin': '*', 'Content-Type': 'application/json; charset=utf-8', 'Content-Length': '236', 'Etag': 'W/"ec-RGZ88NVyLLz3ejVk8vC+GqPDnVU"', 'Date': 'Sun, 23 Jan 2022 22:33:37 GMT', 'Via': '1.1 vegur'} 
 body={"id":343,"email":"renato@msn.com","password_hash":"$2b$08$YoPavKFl2qHPlrkW/0It/O4as1w4mx.zm1/rxlwRWFRVLOHHyG8u6","name":"Renato Reis","avatar":"https://avatars.githubusercontent.com/u/61764257","whatsapp":"11999999999","is_geek":false} 
 </msg>
<msg timestamp="20220123 18:34:27.959" level="INFO">${response} = &lt;Response [200]&gt;</msg>
<status status="PASS" starttime="20220123 18:34:27.312" endtime="20220123 18:34:27.959"/>
</kw>
<msg timestamp="20220123 18:34:27.959" level="INFO">${response} = &lt;Response [200]&gt;</msg>
<status status="PASS" starttime="20220123 18:34:27.312" endtime="20220123 18:34:27.959"/>
</kw>
<kw name="Should Be Equal As Strings" library="BuiltIn">
<arg>${user}[after][name]</arg>
<arg>${response.json()}[name]</arg>
<doc>Fails if objects are unequal after converting them to strings.</doc>
<status status="PASS" starttime="20220123 18:34:27.959" endtime="20220123 18:34:27.960"/>
</kw>
<kw name="Should Be Equal As Strings" library="BuiltIn">
<arg>${user}[after][email]</arg>
<arg>${response.json()}[email]</arg>
<doc>Fails if objects are unequal after converting them to strings.</doc>
<status status="PASS" starttime="20220123 18:34:27.960" endtime="20220123 18:34:27.960"/>
</kw>
<kw name="Should Be Equal As Strings" library="BuiltIn">
<arg>${user}[after][whatsapp]</arg>
<arg>${response.json()}[whatsapp]</arg>
<doc>Fails if objects are unequal after converting them to strings.</doc>
<status status="PASS" starttime="20220123 18:34:27.960" endtime="20220123 18:34:27.961"/>
</kw>
<kw name="Should Be Equal As Strings" library="BuiltIn">
<arg>${user}[after][avatar]</arg>
<arg>${response.json()}[avatar]</arg>
<doc>Fails if objects are unequal after converting them to strings.</doc>
<status status="PASS" starttime="20220123 18:34:27.961" endtime="20220123 18:34:27.961"/>
</kw>
<kw name="Should Be Equal As Strings" library="BuiltIn">
<arg>False</arg>
<arg>${response.json()}[is_geek]</arg>
<doc>Fails if objects are unequal after converting them to strings.</doc>
<msg timestamp="20220123 18:34:27.962" level="INFO">Argument types are:
&lt;type 'unicode'&gt;
&lt;class 'bool'&gt;</msg>
<status status="PASS" starttime="20220123 18:34:27.962" endtime="20220123 18:34:27.962"/>
</kw>
<status status="PASS" starttime="20220123 18:34:25.333" endtime="20220123 18:34:27.962"/>
</test>
<doc>Users route test suite</doc>
<status status="PASS" starttime="20220123 18:34:18.555" endtime="20220123 18:34:27.963"/>
</suite>
<statistics>
<total>
<stat pass="4" fail="0" skip="0">All Tests</stat>
</total>
<tag>
</tag>
<suite>
<stat pass="4" fail="0" skip="0" id="s1" name="Users">Users</stat>
</suite>
</statistics>
<errors>
</errors>
</robot>
